#
# There is insufficient memory for the Java Runtime Environment to continue.
# Native memory allocation (malloc) failed to allocate 1239584 bytes. Error detail: Chunk::new
# Possible reasons:
#   The system is out of physical RAM or swap space
#   This process is running with CompressedOops enabled, and the Java Heap may be blocking the growth of the native heap
# Possible solutions:
#   Reduce memory load on the system
#   Increase physical memory or swap space
#   Check if swap backing store is full
#   Decrease Java heap size (-Xmx/-Xms)
#   Decrease number of Java threads
#   Decrease Java thread stack sizes (-Xss)
#   Set larger code cache with -XX:ReservedCodeCacheSize=
#   JVM is running with Unscaled Compressed Oops mode in which the Java heap is
#     placed in the first 4GB address space. The Java Heap base address is the
#     maximum limit for the native heap growth. Please use -XX:HeapBaseMinAddress
#     to set the Java Heap base and to place the Java Heap above 4GB virtual address.
# This output file may be truncated or incomplete.
#
#  Out of Memory Error (arena.cpp:168), pid=13032, tid=18764
#
# JRE version: OpenJDK Runtime Environment Temurin-21.0.9+10 (21.0.9+10) (build 21.0.9+10-LTS)
# Java VM: OpenJDK 64-Bit Server VM Temurin-21.0.9+10 (21.0.9+10-LTS, mixed mode, sharing, tiered, compressed oops, compressed class ptrs, parallel gc, windows-amd64)
# No core dump will be written. Minidumps are not enabled by default on client versions of Windows
#

---------------  S U M M A R Y ------------

Command Line: --add-modules=ALL-SYSTEM --add-opens=java.base/java.util=ALL-UNNAMED --add-opens=java.base/java.lang=ALL-UNNAMED --add-opens=java.base/sun.nio.fs=ALL-UNNAMED -Declipse.application=org.eclipse.jdt.ls.core.id1 -Dosgi.bundles.defaultStartLevel=4 -Declipse.product=org.eclipse.jdt.ls.core.product -Djava.import.generatesMetadataFilesAtProjectRoot=false -DDetectVMInstallationsJob.disabled=true -Dfile.encoding=utf8 -XX:+UseParallelGC -XX:GCTimeRatio=4 -XX:AdaptiveSizePolicyWeight=90 -Dsun.zip.disableMemoryMapping=true -Xmx2G -Xms100m -Xlog:disable -javaagent:c:\Users\gabri\.vscode\extensions\redhat.java-1.51.0-win32-x64\lombok\lombok-1.18.39-4050.jar -XX:+HeapDumpOnOutOfMemoryError -XX:HeapDumpPath=c:\Users\gabri\AppData\Roaming\Code\User\workspaceStorage\e14d0158649c4a8f8b96c9572e09e2af\redhat.java -Daether.dependencyCollector.impl=bf c:\Users\gabri\.vscode\extensions\redhat.java-1.51.0-win32-x64\server\plugins\org.eclipse.equinox.launcher_1.7.100.v20251111-0406.jar -configuration c:\Users\gabri\AppData\Roaming\Code\User\globalStorage\redhat.java\1.51.0\config_win -data c:\Users\gabri\AppData\Roaming\Code\User\workspaceStorage\e14d0158649c4a8f8b96c9572e09e2af\redhat.java\jdt_ws --pipe=\\.\pipe\lsp-74b302b61d3dd275d1e78cea0544dc82-sock

Host: Intel(R) Core(TM) i5-9300H CPU @ 2.40GHz, 8 cores, 15G,  Windows 11 , 64 bit Build 26100 (10.0.26100.7309)
Time: Fri Jan  9 17:11:18 2026 Hora oficial do Brasil elapsed time: 4.325378 seconds (0d 0h 0m 4s)

---------------  T H R E A D  ---------------

Current thread (0x000002b607764e60):  JavaThread "C2 CompilerThread0" daemon [_thread_in_native, id=18764, stack(0x000000c871b00000,0x000000c871c00000) (1024K)]


Current CompileTask:
C2:4325 3098       4       java.lang.invoke.MethodType::makeImpl (109 bytes)

Stack: [0x000000c871b00000,0x000000c871c00000]
Native frames: (J=compiled Java code, j=interpreted, Vv=VM code, C=native code)
V  [jvm.dll+0x6d6e29]
V  [jvm.dll+0x8b4b76]
V  [jvm.dll+0x8b712e]
V  [jvm.dll+0x8b7813]
V  [jvm.dll+0x283d86]
V  [jvm.dll+0xc66ed]
V  [jvm.dll+0xc6c31]
V  [jvm.dll+0x3be53b]
V  [jvm.dll+0x1e3d59]
V  [jvm.dll+0x24c0f3]
V  [jvm.dll+0x24b580]
V  [jvm.dll+0x1cb13e]
V  [jvm.dll+0x25b29d]
V  [jvm.dll+0x25982a]
V  [jvm.dll+0x3f7ea6]
V  [jvm.dll+0x85e9ad]
V  [jvm.dll+0x6d565d]
C  [ucrtbase.dll+0x37b0]
C  [KERNEL32.DLL+0x2e8d7]
C  [ntdll.dll+0x8c53c]


---------------  P R O C E S S  ---------------

Threads class SMR info:
_java_thread_list=0x000002b665a29880, length=22, elements={
0x000002b6077cd7d0, 0x000002b60773d5b0, 0x000002b60773efc0, 0x000002b607742f10,
0x000002b6077442a0, 0x000002b60774a720, 0x000002b60774dd80, 0x000002b607764e60,
0x000002b6077696f0, 0x000002b660cbbf00, 0x000002b660d5f490, 0x000002b6657eb130,
0x000002b6659564a0, 0x000002b6657a3d20, 0x000002b665947190, 0x000002b665b44010,
0x000002b665b43420, 0x000002b665e7b650, 0x000002b665e7e440, 0x000002b665e7bce0,
0x000002b665e7afc0, 0x000002b667094fb0
}

Java Threads: ( => current thread )
  0x000002b6077cd7d0 JavaThread "main"                              [_thread_blocked, id=10140, stack(0x000000c871100000,0x000000c871200000) (1024K)]
  0x000002b60773d5b0 JavaThread "Reference Handler"          daemon [_thread_blocked, id=19108, stack(0x000000c871500000,0x000000c871600000) (1024K)]
  0x000002b60773efc0 JavaThread "Finalizer"                  daemon [_thread_blocked, id=17724, stack(0x000000c871600000,0x000000c871700000) (1024K)]
  0x000002b607742f10 JavaThread "Signal Dispatcher"          daemon [_thread_blocked, id=18560, stack(0x000000c871700000,0x000000c871800000) (1024K)]
  0x000002b6077442a0 JavaThread "Attach Listener"            daemon [_thread_blocked, id=5952, stack(0x000000c871800000,0x000000c871900000) (1024K)]
  0x000002b60774a720 JavaThread "Service Thread"             daemon [_thread_blocked, id=8660, stack(0x000000c871900000,0x000000c871a00000) (1024K)]
  0x000002b60774dd80 JavaThread "Monitor Deflation Thread"   daemon [_thread_blocked, id=10644, stack(0x000000c871a00000,0x000000c871b00000) (1024K)]
=>0x000002b607764e60 JavaThread "C2 CompilerThread0"         daemon [_thread_in_native, id=18764, stack(0x000000c871b00000,0x000000c871c00000) (1024K)]
  0x000002b6077696f0 JavaThread "C1 CompilerThread0"         daemon [_thread_in_vm, id=2876, stack(0x000000c871c00000,0x000000c871d00000) (1024K)]
  0x000002b660cbbf00 JavaThread "Common-Cleaner"             daemon [_thread_blocked, id=21020, stack(0x000000c871d00000,0x000000c871e00000) (1024K)]
  0x000002b660d5f490 JavaThread "Notification Thread"        daemon [_thread_blocked, id=11172, stack(0x000000c871f00000,0x000000c872000000) (1024K)]
  0x000002b6657eb130 JavaThread "Active Thread: Equinox Container: 61737ccd-18c0-4ace-809c-59f8265a5a5c"        [_thread_blocked, id=13548, stack(0x000000c872700000,0x000000c872800000) (1024K)]
  0x000002b6659564a0 JavaThread "Refresh Thread: Equinox Container: 61737ccd-18c0-4ace-809c-59f8265a5a5c" daemon [_thread_blocked, id=16584, stack(0x000000c872900000,0x000000c872a00000) (1024K)]
  0x000002b6657a3d20 JavaThread "Framework Event Dispatcher: Equinox Container: 61737ccd-18c0-4ace-809c-59f8265a5a5c" daemon [_thread_blocked, id=3264, stack(0x000000c872a00000,0x000000c872b00000) (1024K)]
  0x000002b665947190 JavaThread "Start Level: Equinox Container: 61737ccd-18c0-4ace-809c-59f8265a5a5c" daemon [_thread_in_native, id=8028, stack(0x000000c872b00000,0x000000c872c00000) (1024K)]
  0x000002b665b44010 JavaThread "Bundle File Closer"         daemon [_thread_blocked, id=18632, stack(0x000000c872c00000,0x000000c872d00000) (1024K)]
  0x000002b665b43420 JavaThread "SCR Component Actor"        daemon [_thread_blocked, id=12060, stack(0x000000c872d00000,0x000000c872e00000) (1024K)]
  0x000002b665e7b650 JavaThread "Worker-JM"                         [_thread_blocked, id=15656, stack(0x000000c872e00000,0x000000c872f00000) (1024K)]
  0x000002b665e7e440 JavaThread "JNA Cleaner"                daemon [_thread_blocked, id=14652, stack(0x000000c872000000,0x000000c872100000) (1024K)]
  0x000002b665e7bce0 JavaThread "Worker-0: Checking project encoding"        [_thread_blocked, id=16440, stack(0x000000c872f00000,0x000000c873000000) (1024K)]
  0x000002b665e7afc0 JavaThread "Worker-1"                          [_thread_blocked, id=13732, stack(0x000000c873000000,0x000000c873100000) (1024K)]
  0x000002b667094fb0 JavaThread "C2 CompilerThread1"         daemon [_thread_in_native, id=20104, stack(0x000000c871e00000,0x000000c871f00000) (1024K)]
Total: 22

Other Threads:
  0x000002b6077225f0 VMThread "VM Thread"                           [id=21496, stack(0x000000c871400000,0x000000c871500000) (1024K)]
  0x000002b60765ca00 WatcherThread "VM Periodic Task Thread"        [id=11660, stack(0x000000c871300000,0x000000c871400000) (1024K)]
  0x000002b6077ec880 WorkerThread "GC Thread#0"                     [id=2180, stack(0x000000c871200000,0x000000c871300000) (1024K)]
  0x000002b6658320c0 WorkerThread "GC Thread#1"                     [id=14640, stack(0x000000c872100000,0x000000c872200000) (1024K)]
  0x000002b665245ef0 WorkerThread "GC Thread#2"                     [id=19296, stack(0x000000c872200000,0x000000c872300000) (1024K)]
  0x000002b665246290 WorkerThread "GC Thread#3"                     [id=18936, stack(0x000000c872300000,0x000000c872400000) (1024K)]
  0x000002b665246e40 WorkerThread "GC Thread#4"                     [id=20812, stack(0x000000c872400000,0x000000c872500000) (1024K)]
  0x000002b66576cac0 WorkerThread "GC Thread#5"                     [id=21352, stack(0x000000c872500000,0x000000c872600000) (1024K)]
  0x000002b6656c99b0 WorkerThread "GC Thread#6"                     [id=14092, stack(0x000000c872600000,0x000000c872700000) (1024K)]
  0x000002b660e4f2f0 WorkerThread "GC Thread#7"                     [id=16880, stack(0x000000c872800000,0x000000c872900000) (1024K)]
Total: 10

Threads with active compile tasks:
C2 CompilerThread0  4355 3098       4       java.lang.invoke.MethodType::makeImpl (109 bytes)
C1 CompilerThread0  4356 3528       3       jdk.internal.reflect.ReflectionFactory::copyMethod (11 bytes)
C2 CompilerThread1  4356 3501       4       java.io.ByteArrayOutputStream::<init> (7 bytes)
Total: 3

VM state: not at safepoint (normal execution)

VM Mutex/Monitor currently owned by a thread: None

Heap address: 0x0000000080000000, size: 2048 MB, Compressed Oops mode: 32-bit

CDS archive(s) mapped at: [0x000002b61f000000-0x000002b61fba0000-0x000002b61fba0000), size 12189696, SharedBaseAddress: 0x000002b61f000000, ArchiveRelocationMode: 1.
Compressed class space mapped at: 0x000002b620000000-0x000002b660000000, reserved size: 1073741824
Narrow klass base: 0x000002b61f000000, Narrow klass shift: 0, Narrow klass range: 0x100000000

GC Precious Log:
 CardTable entry size: 512
 CPUs: 8 total, 8 available
 Memory: 16221M
 Large Page Support: Disabled
 NUMA Support: Disabled
 Compressed Oops: Enabled (32-bit)
 Alignments: Space 512K, Generation 512K, Heap 2M
 Heap Min Capacity: 100M
 Heap Initial Capacity: 100M
 Heap Max Capacity: 2G
 Pre-touch: Disabled
 Parallel Workers: 8

Heap:
 PSYoungGen      total 29696K, used 11667K [0x00000000d5580000, 0x00000000d7880000, 0x0000000100000000)
  eden space 24576K, 27% used [0x00000000d5580000,0x00000000d5c273b0,0x00000000d6d80000)
  from space 5120K, 94% used [0x00000000d7380000,0x00000000d783dab8,0x00000000d7880000)
  to   space 5120K, 0% used [0x00000000d6e80000,0x00000000d6e80000,0x00000000d7380000)
 ParOldGen       total 68608K, used 7961K [0x0000000080000000, 0x0000000084300000, 0x00000000d5580000)
  object space 68608K, 11% used [0x0000000080000000,0x00000000807c6578,0x0000000084300000)
 Metaspace       used 18994K, committed 19840K, reserved 1114112K
  class space    used 2009K, committed 2368K, reserved 1048576K

Card table byte_map: [0x000002b607170000,0x000002b607580000] _byte_map_base: 0x000002b606d70000

Marking Bits: (ParMarkBitMap*) 0x00007ffce2992460
 Begin Bits: [0x000002b619c80000, 0x000002b61bc80000)
 End Bits:   [0x000002b61bc80000, 0x000002b61dc80000)

Polling page: 0x000002b6055d0000

Metaspace:

Usage:
  Non-class:     16.59 MB used.
      Class:      1.96 MB used.
       Both:     18.55 MB used.

Virtual space:
  Non-class space:       64.00 MB reserved,      17.06 MB ( 27%) committed,  1 nodes.
      Class space:        1.00 GB reserved,       2.31 MB ( <1%) committed,  1 nodes.
             Both:        1.06 GB reserved,      19.38 MB (  2%) committed. 

Chunk freelists:
   Non-Class:  14.42 MB
       Class:  13.55 MB
        Both:  27.97 MB

MaxMetaspaceSize: unlimited
CompressedClassSpaceSize: 1.00 GB
Initial GC threshold: 21.00 MB
Current GC threshold: 21.00 MB
CDS: on
 - commit_granule_bytes: 65536.
 - commit_granule_words: 8192.
 - virtual_space_node_default_size: 8388608.
 - enlarge_chunks_in_place: 1.
 - use_allocation_guard: 0.


Internal statistics:

num_allocs_failed_limit: 0.
num_arena_births: 590.
num_arena_deaths: 0.
num_vsnodes_births: 2.
num_vsnodes_deaths: 0.
num_space_committed: 310.
num_space_uncommitted: 0.
num_chunks_returned_to_freelist: 0.
num_chunks_taken_from_freelist: 1322.
num_chunk_merges: 0.
num_chunk_splits: 847.
num_chunks_enlarged: 539.
num_inconsistent_stats: 0.

CodeHeap 'non-profiled nmethods': size=120000Kb used=1534Kb max_used=1534Kb free=118465Kb
 bounds [0x000002b6124a0000, 0x000002b612710000, 0x000002b6199d0000]
CodeHeap 'profiled nmethods': size=120000Kb used=7071Kb max_used=7071Kb free=112928Kb
 bounds [0x000002b60a9d0000, 0x000002b60b0c0000, 0x000002b611f00000]
CodeHeap 'non-nmethods': size=5760Kb used=1278Kb max_used=1298Kb free=4481Kb
 bounds [0x000002b611f00000, 0x000002b612170000, 0x000002b6124a0000]
CodeCache: size=245760Kb, used=9883Kb, max_used=9903Kb, free=235874Kb
 total_blobs=4080, nmethods=3525, adapters=461, full_count=0
Compilation: enabled, stopped_count=0, restarted_count=0

Compilation events (20 events):
Event: 3.217 Thread 0x000002b6077696f0 nmethod 3421 0x000002b60b074f10 code [0x000002b60b0750e0, 0x000002b60b075418]
Event: 3.217 Thread 0x000002b6077696f0 3422       3       org.eclipse.osgi.container.ModuleDatabase$1::apply (29 bytes)
Event: 3.218 Thread 0x000002b6077696f0 nmethod 3422 0x000002b60b075510 code [0x000002b60b075720, 0x000002b60b075dc0]
Event: 3.218 Thread 0x000002b6077696f0 3423       3       org.eclipse.osgi.container.ModuleRequirement::getResource (5 bytes)
Event: 3.218 Thread 0x000002b6077696f0 nmethod 3423 0x000002b60b076090 code [0x000002b60b076220, 0x000002b60b0763c8]
Event: 3.218 Thread 0x000002b6077696f0 3424       3       org.eclipse.osgi.container.ModuleWire::getCapability (5 bytes)
Event: 3.218 Thread 0x000002b6077696f0 nmethod 3424 0x000002b60b076490 code [0x000002b60b076620, 0x000002b60b076740]
Event: 3.218 Thread 0x000002b6077696f0 3425       3       org.eclipse.osgi.container.ModuleWire::getRequirer (5 bytes)
Event: 3.218 Thread 0x000002b6077696f0 nmethod 3425 0x000002b60b076810 code [0x000002b60b0769a0, 0x000002b60b076ac0]
Event: 3.218 Thread 0x000002b6077696f0 3426       3       org.apache.felix.resolver.WireCandidate::<init> (15 bytes)
Event: 3.218 Thread 0x000002b6077696f0 nmethod 3426 0x000002b60b076b90 code [0x000002b60b076d40, 0x000002b60b076ed8]
Event: 3.218 Thread 0x000002b6077696f0 3427       3       org.eclipse.osgi.container.ModuleWire::getProvider (5 bytes)
Event: 3.218 Thread 0x000002b6077696f0 nmethod 3427 0x000002b60b076f90 code [0x000002b60b077120, 0x000002b60b077240]
Event: 3.218 Thread 0x000002b6077696f0 3429       3       java.util.concurrent.ConcurrentLinkedQueue::updateHead (26 bytes)
Event: 3.219 Thread 0x000002b6077696f0 nmethod 3429 0x000002b60b077310 code [0x000002b60b077680, 0x000002b60b078ca0]
Event: 3.219 Thread 0x000002b660d5ae60 3433       4       java.util.Collections$SingletonMap::get (20 bytes)
Event: 3.219 Thread 0x000002b6077696f0 3430       3       org.apache.felix.resolver.util.OpenHashMap::nextPowerOfTwo (53 bytes)
Event: 3.219 Thread 0x000002b6077696f0 nmethod 3430 0x000002b60b079390 code [0x000002b60b079540, 0x000002b60b0796f8]
Event: 3.219 Thread 0x000002b6077696f0 3434       3       org.apache.felix.resolver.PackageSpaces::mergeCandidatePackages (436 bytes)
Event: 3.221 Thread 0x000002b660d5ae60 nmethod 3433 0x000002b612618110 code [0x000002b6126182a0, 0x000002b612618520]

GC Heap History (10 events):
Event: 0.766 GC heap before
{Heap before GC invocations=1 (full 0):
 PSYoungGen      total 29696K, used 25600K [0x00000000d5580000, 0x00000000d7680000, 0x0000000100000000)
  eden space 25600K, 100% used [0x00000000d5580000,0x00000000d6e80000,0x00000000d6e80000)
  from space 4096K, 0% used [0x00000000d7280000,0x00000000d7280000,0x00000000d7680000)
  to   space 4096K, 0% used [0x00000000d6e80000,0x00000000d6e80000,0x00000000d7280000)
 ParOldGen       total 68608K, used 0K [0x0000000080000000, 0x0000000084300000, 0x00000000d5580000)
  object space 68608K, 0% used [0x0000000080000000,0x0000000080000000,0x0000000084300000)
 Metaspace       used 4317K, committed 4544K, reserved 1114112K
  class space    used 472K, committed 576K, reserved 1048576K
}
Event: 0.771 GC heap after
{Heap after GC invocations=1 (full 0):
 PSYoungGen      total 29696K, used 3271K [0x00000000d5580000, 0x00000000d7680000, 0x0000000100000000)
  eden space 25600K, 0% used [0x00000000d5580000,0x00000000d5580000,0x00000000d6e80000)
  from space 4096K, 79% used [0x00000000d6e80000,0x00000000d71b1e98,0x00000000d7280000)
  to   space 4096K, 0% used [0x00000000d7280000,0x00000000d7280000,0x00000000d7680000)
 ParOldGen       total 68608K, used 16K [0x0000000080000000, 0x0000000084300000, 0x00000000d5580000)
  object space 68608K, 0% used [0x0000000080000000,0x0000000080004000,0x0000000084300000)
 Metaspace       used 4317K, committed 4544K, reserved 1114112K
  class space    used 472K, committed 576K, reserved 1048576K
}
Event: 1.500 GC heap before
{Heap before GC invocations=2 (full 0):
 PSYoungGen      total 29696K, used 28871K [0x00000000d5580000, 0x00000000d7680000, 0x0000000100000000)
  eden space 25600K, 100% used [0x00000000d5580000,0x00000000d6e80000,0x00000000d6e80000)
  from space 4096K, 79% used [0x00000000d6e80000,0x00000000d71b1e98,0x00000000d7280000)
  to   space 4096K, 0% used [0x00000000d7280000,0x00000000d7280000,0x00000000d7680000)
 ParOldGen       total 68608K, used 16K [0x0000000080000000, 0x0000000084300000, 0x00000000d5580000)
  object space 68608K, 0% used [0x0000000080000000,0x0000000080004000,0x0000000084300000)
 Metaspace       used 7959K, committed 8192K, reserved 1114112K
  class space    used 828K, committed 960K, reserved 1048576K
}
Event: 1.506 GC heap after
{Heap after GC invocations=2 (full 0):
 PSYoungGen      total 29696K, used 4070K [0x00000000d5580000, 0x00000000d7680000, 0x0000000100000000)
  eden space 25600K, 0% used [0x00000000d5580000,0x00000000d5580000,0x00000000d6e80000)
  from space 4096K, 99% used [0x00000000d7280000,0x00000000d7679800,0x00000000d7680000)
  to   space 4096K, 0% used [0x00000000d6e80000,0x00000000d6e80000,0x00000000d7280000)
 ParOldGen       total 68608K, used 2069K [0x0000000080000000, 0x0000000084300000, 0x00000000d5580000)
  object space 68608K, 3% used [0x0000000080000000,0x00000000802055f0,0x0000000084300000)
 Metaspace       used 7959K, committed 8192K, reserved 1114112K
  class space    used 828K, committed 960K, reserved 1048576K
}
Event: 1.892 GC heap before
{Heap before GC invocations=3 (full 0):
 PSYoungGen      total 29696K, used 29670K [0x00000000d5580000, 0x00000000d7680000, 0x0000000100000000)
  eden space 25600K, 100% used [0x00000000d5580000,0x00000000d6e80000,0x00000000d6e80000)
  from space 4096K, 99% used [0x00000000d7280000,0x00000000d7679800,0x00000000d7680000)
  to   space 4096K, 0% used [0x00000000d6e80000,0x00000000d6e80000,0x00000000d7280000)
 ParOldGen       total 68608K, used 2069K [0x0000000080000000, 0x0000000084300000, 0x00000000d5580000)
  object space 68608K, 3% used [0x0000000080000000,0x00000000802055f0,0x0000000084300000)
 Metaspace       used 9419K, committed 9728K, reserved 1114112K
  class space    used 1006K, committed 1152K, reserved 1048576K
}
Event: 1.898 GC heap after
{Heap after GC invocations=3 (full 0):
 PSYoungGen      total 29696K, used 4077K [0x00000000d5580000, 0x00000000d7680000, 0x0000000100000000)
  eden space 25600K, 0% used [0x00000000d5580000,0x00000000d5580000,0x00000000d6e80000)
  from space 4096K, 99% used [0x00000000d6e80000,0x00000000d727b5b0,0x00000000d7280000)
  to   space 4096K, 0% used [0x00000000d7280000,0x00000000d7280000,0x00000000d7680000)
 ParOldGen       total 68608K, used 4816K [0x0000000080000000, 0x0000000084300000, 0x00000000d5580000)
  object space 68608K, 7% used [0x0000000080000000,0x00000000804b4008,0x0000000084300000)
 Metaspace       used 9419K, committed 9728K, reserved 1114112K
  class space    used 1006K, committed 1152K, reserved 1048576K
}
Event: 2.397 GC heap before
{Heap before GC invocations=4 (full 0):
 PSYoungGen      total 29696K, used 29677K [0x00000000d5580000, 0x00000000d7680000, 0x0000000100000000)
  eden space 25600K, 100% used [0x00000000d5580000,0x00000000d6e80000,0x00000000d6e80000)
  from space 4096K, 99% used [0x00000000d6e80000,0x00000000d727b5b0,0x00000000d7280000)
  to   space 4096K, 0% used [0x00000000d7280000,0x00000000d7280000,0x00000000d7680000)
 ParOldGen       total 68608K, used 4816K [0x0000000080000000, 0x0000000084300000, 0x00000000d5580000)
  object space 68608K, 7% used [0x0000000080000000,0x00000000804b4008,0x0000000084300000)
 Metaspace       used 11609K, committed 12032K, reserved 1114112K
  class space    used 1227K, committed 1408K, reserved 1048576K
}
Event: 2.403 GC heap after
{Heap after GC invocations=4 (full 0):
 PSYoungGen      total 29696K, used 4094K [0x00000000d5580000, 0x00000000d7680000, 0x0000000100000000)
  eden space 25600K, 0% used [0x00000000d5580000,0x00000000d5580000,0x00000000d6e80000)
  from space 4096K, 99% used [0x00000000d7280000,0x00000000d767faa0,0x00000000d7680000)
  to   space 4096K, 0% used [0x00000000d6e80000,0x00000000d6e80000,0x00000000d7280000)
 ParOldGen       total 68608K, used 6793K [0x0000000080000000, 0x0000000084300000, 0x00000000d5580000)
  object space 68608K, 9% used [0x0000000080000000,0x00000000806a27f8,0x0000000084300000)
 Metaspace       used 11609K, committed 12032K, reserved 1114112K
  class space    used 1227K, committed 1408K, reserved 1048576K
}
Event: 2.838 GC heap before
{Heap before GC invocations=5 (full 0):
 PSYoungGen      total 29696K, used 29694K [0x00000000d5580000, 0x00000000d7680000, 0x0000000100000000)
  eden space 25600K, 100% used [0x00000000d5580000,0x00000000d6e80000,0x00000000d6e80000)
  from space 4096K, 99% used [0x00000000d7280000,0x00000000d767faa0,0x00000000d7680000)
  to   space 4096K, 0% used [0x00000000d6e80000,0x00000000d6e80000,0x00000000d7280000)
 ParOldGen       total 68608K, used 6793K [0x0000000080000000, 0x0000000084300000, 0x00000000d5580000)
  object space 68608K, 9% used [0x0000000080000000,0x00000000806a27f8,0x0000000084300000)
 Metaspace       used 15495K, committed 16128K, reserved 1114112K
  class space    used 1617K, committed 1920K, reserved 1048576K
}
Event: 2.842 GC heap after
{Heap after GC invocations=5 (full 0):
 PSYoungGen      total 29184K, used 4067K [0x00000000d5580000, 0x00000000d7900000, 0x0000000100000000)
  eden space 25088K, 0% used [0x00000000d5580000,0x00000000d5580000,0x00000000d6e00000)
  from space 4096K, 99% used [0x00000000d6e80000,0x00000000d7278fa0,0x00000000d7280000)
  to   space 5632K, 0% used [0x00000000d7380000,0x00000000d7380000,0x00000000d7900000)
 ParOldGen       total 68608K, used 7953K [0x0000000080000000, 0x0000000084300000, 0x00000000d5580000)
  object space 68608K, 11% used [0x0000000080000000,0x00000000807c4578,0x0000000084300000)
 Metaspace       used 15495K, committed 16128K, reserved 1114112K
  class space    used 1617K, committed 1920K, reserved 1048576K
}

Dll operation events (10 events):
Event: 0.012 Loaded shared library c:\Users\gabri\.vscode\extensions\redhat.java-1.51.0-win32-x64\jre\21.0.9-win32-x86_64\bin\java.dll
Event: 0.104 Loaded shared library c:\Users\gabri\.vscode\extensions\redhat.java-1.51.0-win32-x64\jre\21.0.9-win32-x86_64\bin\zip.dll
Event: 0.138 Loaded shared library C:\Users\gabri\.vscode\extensions\redhat.java-1.51.0-win32-x64\jre\21.0.9-win32-x86_64\bin\instrument.dll
Event: 0.143 Loaded shared library C:\Users\gabri\.vscode\extensions\redhat.java-1.51.0-win32-x64\jre\21.0.9-win32-x86_64\bin\net.dll
Event: 0.146 Loaded shared library C:\Users\gabri\.vscode\extensions\redhat.java-1.51.0-win32-x64\jre\21.0.9-win32-x86_64\bin\nio.dll
Event: 0.149 Loaded shared library C:\Users\gabri\.vscode\extensions\redhat.java-1.51.0-win32-x64\jre\21.0.9-win32-x86_64\bin\zip.dll
Event: 0.166 Loaded shared library C:\Users\gabri\.vscode\extensions\redhat.java-1.51.0-win32-x64\jre\21.0.9-win32-x86_64\bin\jimage.dll
Event: 0.243 Loaded shared library c:\Users\gabri\.vscode\extensions\redhat.java-1.51.0-win32-x64\jre\21.0.9-win32-x86_64\bin\verify.dll
Event: 1.520 Loaded shared library C:\Users\gabri\AppData\Roaming\Code\User\globalStorage\redhat.java\1.51.0\config_win\org.eclipse.equinox.launcher\org.eclipse.equinox.launcher.win32.win32.x86_64_1.2.1400.v20250801-0854\eclipse_11916.dll
Event: 2.942 Loaded shared library C:\Users\gabri\AppData\Local\Temp\jna-98110207\jna9731246542426922467.dll

Deoptimization events (20 events):
Event: 3.050 Thread 0x000002b665947190 Uncommon trap: trap_request=0xffffff45 fr.pc=0x000002b6125c2514 relative=0x0000000000000074
Event: 3.050 Thread 0x000002b665947190 Uncommon trap: reason=unstable_if action=reinterpret pc=0x000002b6125c2514 method=java.lang.ref.ReferenceQueue.poll()Ljava/lang/ref/Reference; @ 4 c2
Event: 3.050 Thread 0x000002b665947190 DEOPT PACKING pc=0x000002b6125c2514 sp=0x000000c872bf2e10
Event: 3.050 Thread 0x000002b665947190 DEOPT UNPACKING pc=0x000002b611f53aa2 sp=0x000000c872bf2d98 mode 2
Event: 3.172 Thread 0x000002b665947190 Uncommon trap: trap_request=0xffffffde fr.pc=0x000002b6125ee3f0 relative=0x0000000000000050
Event: 3.172 Thread 0x000002b665947190 Uncommon trap: reason=class_check action=maybe_recompile pc=0x000002b6125ee3f0 method=java.lang.invoke.DirectMethodHandle.internalMemberName(Ljava/lang/Object;)Ljava/lang/Object; @ 1 c2
Event: 3.172 Thread 0x000002b665947190 DEOPT PACKING pc=0x000002b6125ee3f0 sp=0x000000c872bf3490
Event: 3.172 Thread 0x000002b665947190 DEOPT UNPACKING pc=0x000002b611f53aa2 sp=0x000000c872bf3420 mode 2
Event: 3.173 Thread 0x000002b665947190 Uncommon trap: trap_request=0xffffffde fr.pc=0x000002b6125ee3f0 relative=0x0000000000000050
Event: 3.173 Thread 0x000002b665947190 Uncommon trap: reason=class_check action=maybe_recompile pc=0x000002b6125ee3f0 method=java.lang.invoke.DirectMethodHandle.internalMemberName(Ljava/lang/Object;)Ljava/lang/Object; @ 1 c2
Event: 3.173 Thread 0x000002b665947190 DEOPT PACKING pc=0x000002b6125ee3f0 sp=0x000000c872bf3530
Event: 3.173 Thread 0x000002b665947190 DEOPT UNPACKING pc=0x000002b611f53aa2 sp=0x000000c872bf34c0 mode 2
Event: 3.173 Thread 0x000002b665947190 Uncommon trap: trap_request=0xffffffde fr.pc=0x000002b6125ee3f0 relative=0x0000000000000050
Event: 3.173 Thread 0x000002b665947190 Uncommon trap: reason=class_check action=maybe_recompile pc=0x000002b6125ee3f0 method=java.lang.invoke.DirectMethodHandle.internalMemberName(Ljava/lang/Object;)Ljava/lang/Object; @ 1 c2
Event: 3.173 Thread 0x000002b665947190 DEOPT PACKING pc=0x000002b6125ee3f0 sp=0x000000c872bf3530
Event: 3.173 Thread 0x000002b665947190 DEOPT UNPACKING pc=0x000002b611f53aa2 sp=0x000000c872bf34c0 mode 2
Event: 3.173 Thread 0x000002b665947190 Uncommon trap: trap_request=0xffffff45 fr.pc=0x000002b6125d2744 relative=0x00000000000000a4
Event: 3.173 Thread 0x000002b665947190 Uncommon trap: reason=unstable_if action=reinterpret pc=0x000002b6125d2744 method=java.lang.ref.ReferenceQueue.poll()Ljava/lang/ref/Reference; @ 4 c2
Event: 3.173 Thread 0x000002b665947190 DEOPT PACKING pc=0x000002b6125d2744 sp=0x000000c872bf3600
Event: 3.173 Thread 0x000002b665947190 DEOPT UNPACKING pc=0x000002b611f53aa2 sp=0x000000c872bf34e8 mode 2

Classes loaded (20 events):
Event: 2.997 Loading class java/lang/ThreadDeath
Event: 2.997 Loading class java/lang/ThreadDeath done
Event: 3.005 Loading class java/util/stream/SortedOps$SizedRefSortingSink
Event: 3.005 Loading class java/util/stream/SortedOps$SizedRefSortingSink done
Event: 3.035 Loading class java/util/concurrent/atomic/Striped64$1
Event: 3.035 Loading class java/util/concurrent/atomic/Striped64$1 done
Event: 3.093 Loading class java/util/BitSet
Event: 3.093 Loading class java/util/BitSet done
Event: 3.097 Loading class sun/net/www/protocol/jrt/JavaRuntimeURLConnection
Event: 3.097 Loading class sun/net/www/protocol/jrt/JavaRuntimeURLConnection done
Event: 3.098 Loading class sun/net/www/protocol/jrt/JavaRuntimeURLConnection$1
Event: 3.098 Loading class sun/net/www/protocol/jrt/JavaRuntimeURLConnection$1 done
Event: 3.116 Loading class java/util/function/UnaryOperator
Event: 3.117 Loading class java/util/function/UnaryOperator done
Event: 3.118 Loading class java/util/ServiceConfigurationError
Event: 3.118 Loading class java/util/ServiceConfigurationError done
Event: 3.134 Loading class java/lang/InheritableThreadLocal
Event: 3.134 Loading class java/lang/InheritableThreadLocal done
Event: 3.169 Loading class java/security/AccessControlException
Event: 3.169 Loading class java/security/AccessControlException done

Classes unloaded (0 events):
No events

Classes redefined (0 events):
No events

Internal exceptions (20 events):
Event: 2.861 Thread 0x000002b665947190 Exception <a 'java/lang/NoSuchMethodError'{0x00000000d56ebf30}: 'java.lang.Object java.lang.invoke.DirectMethodHandle$Holder.invokeStaticInit(java.lang.Object, int)'> (0x00000000d56ebf30) 
thrown [s\src\hotspot\share\interpreter\linkResolver.cpp, line 773]
Event: 2.893 Thread 0x000002b665947190 Exception <a 'java/lang/NoSuchMethodError'{0x00000000d598cc88}: 'java.lang.Object java.lang.invoke.DirectMethodHandle$Holder.invokeStaticInit(java.lang.Object, int, int, int, int)'> (0x00000000d598cc88) 
thrown [s\src\hotspot\share\interpreter\linkResolver.cpp, line 773]
Event: 2.919 Thread 0x000002b665947190 Exception <a 'java/lang/NoSuchMethodError'{0x00000000d5a64f90}: 'java.lang.Object java.lang.invoke.DirectMethodHandle$Holder.invokeStaticInit(java.lang.Object, java.lang.Object, int, int, int, int)'> (0x00000000d5a64f90) 
thrown [s\src\hotspot\share\interpreter\linkResolver.cpp, line 773]
Event: 2.956 Thread 0x000002b665947190 Exception <a 'java/lang/NoSuchMethodError'{0x00000000d5b86ec8}: 'void java.lang.invoke.DirectMethodHandle$Holder.invokeSpecial(java.lang.Object, java.lang.Object, java.lang.Object, int)'> (0x00000000d5b86ec8) 
thrown [s\src\hotspot\share\interpreter\linkResolver.cpp, line 773]
Event: 2.956 Thread 0x000002b665947190 Exception <a 'java/lang/NoSuchMethodError'{0x00000000d5b8a858}: 'void java.lang.invoke.DelegatingMethodHandle$Holder.reinvoke_L(java.lang.Object, java.lang.Object, int)'> (0x00000000d5b8a858) 
thrown [s\src\hotspot\share\interpreter\linkResolver.cpp, line 773]
Event: 2.956 Thread 0x000002b665947190 Exception <a 'java/lang/NoSuchMethodError'{0x00000000d5b91540}: 'int java.lang.invoke.Invokers$Holder.invokeExact_MT(java.lang.Object, java.lang.Object, java.lang.Object)'> (0x00000000d5b91540) 
thrown [s\src\hotspot\share\interpreter\linkResolver.cpp, line 773]
Event: 2.971 Thread 0x000002b665947190 Exception <a 'java/lang/NoSuchMethodError'{0x00000000d5cb6328}: 'void java.lang.invoke.Invokers$Holder.invokeExact_MT(java.lang.Object, java.lang.Object, int, java.lang.Object)'> (0x00000000d5cb6328) 
thrown [s\src\hotspot\share\interpreter\linkResolver.cpp, line 773]
Event: 2.994 Thread 0x000002b665947190 Exception <a 'java/lang/NoSuchMethodError'{0x00000000d5dd3598}: 'java.lang.Object java.lang.invoke.DirectMethodHandle$Holder.invokeSpecial(java.lang.Object, java.lang.Object, java.lang.Object, long, java.lang.Object)'> (0x00000000d5dd3598) 
thrown [s\src\hotspot\share\interpreter\linkResolver.cpp, line 773]
Event: 2.995 Thread 0x000002b665947190 Exception <a 'java/lang/NoSuchMethodError'{0x00000000d5ddade0}: 'java.lang.Object java.lang.invoke.DirectMethodHandle$Holder.newInvokeSpecial(java.lang.Object, java.lang.Object, java.lang.Object, long)'> (0x00000000d5ddade0) 
thrown [s\src\hotspot\share\interpreter\linkResolver.cpp, line 773]
Event: 2.995 Thread 0x000002b665947190 Exception <a 'java/lang/NoSuchMethodError'{0x00000000d5ddf190}: 'java.lang.Object java.lang.invoke.DirectMethodHandle$Holder.invokeSpecial(java.lang.Object, java.lang.Object, java.lang.Object, java.lang.Object, long)'> (0x00000000d5ddf190) 
thrown [s\src\hotspot\share\interpreter\linkResolver.cpp, line 773]
Event: 2.996 Thread 0x000002b665947190 Exception <a 'java/lang/NoSuchMethodError'{0x00000000d5de2db0}: 'java.lang.Object java.lang.invoke.Invokers$Holder.linkToTargetMethod(java.lang.Object, java.lang.Object, long, java.lang.Object)'> (0x00000000d5de2db0) 
thrown [s\src\hotspot\share\interpreter\linkResolver.cpp, line 773]
Event: 3.003 Thread 0x000002b665947190 Exception <a 'java/lang/NoSuchMethodError'{0x00000000d5e5d3b8}: 'int java.lang.invoke.DirectMethodHandle$Holder.invokeStaticInit(java.lang.Object, java.lang.Object, java.lang.Object)'> (0x00000000d5e5d3b8) 
thrown [s\src\hotspot\share\interpreter\linkResolver.cpp, line 773]
Event: 3.015 Thread 0x000002b665947190 Exception <a 'java/lang/IncompatibleClassChangeError'{0x00000000d5f0c860}: Found class java.lang.Object, but interface was expected> (0x00000000d5f0c860) 
thrown [s\src\hotspot\share\interpreter\linkResolver.cpp, line 840]
Event: 3.020 Thread 0x000002b665947190 Exception <a 'java/lang/NoSuchMethodError'{0x00000000d5f24c18}: 'java.lang.Object java.lang.invoke.DirectMethodHandle$Holder.invokeSpecial(java.lang.Object, java.lang.Object, java.lang.Object, int, java.lang.Object, java.lang.Object)'> (0x00000000d5f24c18) 
thrown [s\src\hotspot\share\interpreter\linkResolver.cpp, line 773]
Event: 3.021 Thread 0x000002b665947190 Exception <a 'java/lang/NoSuchMethodError'{0x00000000d5f2c630}: 'java.lang.Object java.lang.invoke.DirectMethodHandle$Holder.newInvokeSpecial(java.lang.Object, java.lang.Object, java.lang.Object, int, java.lang.Object)'> (0x00000000d5f2c630) 
thrown [s\src\hotspot\share\interpreter\linkResolver.cpp, line 773]
Event: 3.021 Thread 0x000002b665947190 Exception <a 'java/lang/NoSuchMethodError'{0x00000000d5f305b0}: 'java.lang.Object java.lang.invoke.DirectMethodHandle$Holder.invokeSpecial(java.lang.Object, java.lang.Object, java.lang.Object, java.lang.Object, int, java.lang.Object)'> (0x00000000d5f305b0) 
thrown [s\src\hotspot\share\interpreter\linkResolver.cpp, line 773]
Event: 3.021 Thread 0x000002b665947190 Exception <a 'java/lang/NoSuchMethodError'{0x00000000d5f340f0}: 'java.lang.Object java.lang.invoke.Invokers$Holder.linkToTargetMethod(java.lang.Object, java.lang.Object, int, java.lang.Object, java.lang.Object)'> (0x00000000d5f340f0) 
thrown [s\src\hotspot\share\interpreter\linkResolver.cpp, line 773]
Event: 3.022 Thread 0x000002b665e7bce0 Exception <a 'java/lang/NoSuchMethodError'{0x00000000d5e341a0}: 'java.lang.Object java.lang.invoke.DirectMethodHandle$Holder.invokeSpecial(java.lang.Object, java.lang.Object, int, java.lang.Object, java.lang.Object)'> (0x00000000d5e341a0) 
thrown [s\src\hotspot\share\interpreter\linkResolver.cpp, line 773]
Event: 3.038 Thread 0x000002b665947190 Exception <a 'java/lang/NoSuchMethodError'{0x00000000d603c418}: 'void java.lang.invoke.DirectMethodHandle$Holder.invokeSpecial(java.lang.Object, java.lang.Object, java.lang.Object, java.lang.Object, java.lang.Object)'> (0x00000000d603c418) 
thrown [s\src\hotspot\share\interpreter\linkResolver.cpp, line 773]
Event: 3.172 Thread 0x000002b665947190 Exception <a 'java/lang/NoSuchMethodError'{0x00000000d67fd9b8}: 'java.lang.Object java.lang.invoke.DirectMethodHandle$Holder.invokeInterface(java.lang.Object, java.lang.Object, java.lang.Object)'> (0x00000000d67fd9b8) 
thrown [s\src\hotspot\share\interpreter\linkResolver.cpp, line 773]

ZGC Phase Switch (0 events):
No events

VM Operations (20 events):
Event: 2.403 Executing VM operation: ParallelGCFailedAllocation (Allocation Failure) done
Event: 2.800 Executing VM operation: ICBufferFull
Event: 2.800 Executing VM operation: ICBufferFull done
Event: 2.802 Executing VM operation: HandshakeAllThreads (Deoptimize)
Event: 2.802 Executing VM operation: HandshakeAllThreads (Deoptimize) done
Event: 2.838 Executing VM operation: ParallelGCFailedAllocation (Allocation Failure)
Event: 2.843 Executing VM operation: ParallelGCFailedAllocation (Allocation Failure) done
Event: 2.916 Executing VM operation: HandshakeAllThreads (Deoptimize)
Event: 2.916 Executing VM operation: HandshakeAllThreads (Deoptimize) done
Event: 2.947 Executing VM operation: HandshakeAllThreads (Deoptimize)
Event: 2.947 Executing VM operation: HandshakeAllThreads (Deoptimize) done
Event: 3.099 Executing VM operation: HandshakeAllThreads (Deoptimize)
Event: 3.099 Executing VM operation: HandshakeAllThreads (Deoptimize) done
Event: 3.138 Executing VM operation: HandshakeAllThreads (Deoptimize)
Event: 3.138 Executing VM operation: HandshakeAllThreads (Deoptimize) done
Event: 3.144 Executing VM operation: HandshakeAllThreads (Deoptimize)
Event: 3.144 Executing VM operation: HandshakeAllThreads (Deoptimize) done
Event: 3.210 Executing VM operation: ICBufferFull
Event: 3.210 Executing VM operation: ICBufferFull done
Event: 4.221 Executing VM operation: Cleanup

Memory protections (0 events):
No events

Nmethod flushes (0 events):
No events

Events (20 events):
Event: 0.041 Thread 0x000002b6077cd7d0 Thread added: 0x000002b60774dd80
Event: 0.041 Thread 0x000002b6077cd7d0 Thread added: 0x000002b607764e60
Event: 0.041 Thread 0x000002b6077cd7d0 Thread added: 0x000002b6077696f0
Event: 0.140 Thread 0x000002b6077cd7d0 Thread added: 0x000002b660cbbf00
Event: 0.237 Thread 0x000002b607764e60 Thread added: 0x000002b660d5ae60
Event: 0.302 Thread 0x000002b6077cd7d0 Thread added: 0x000002b660d5f490
Event: 0.447 Thread 0x000002b6077696f0 Thread added: 0x000002b665107f60
Event: 1.258 Thread 0x000002b6077cd7d0 Thread added: 0x000002b6657eb130
Event: 1.516 Thread 0x000002b6077cd7d0 Thread added: 0x000002b6659564a0
Event: 1.557 Thread 0x000002b6659564a0 Thread added: 0x000002b6657a3d20
Event: 1.562 Thread 0x000002b6077cd7d0 Thread added: 0x000002b665947190
Event: 1.956 Thread 0x000002b665947190 Thread added: 0x000002b665b44010
Event: 2.373 Thread 0x000002b665947190 Thread added: 0x000002b665b43420
Event: 2.426 Thread 0x000002b665107f60 Thread exited: 0x000002b665107f60
Event: 2.446 Thread 0x000002b6077696f0 Thread added: 0x000002b665107f60
Event: 2.673 Thread 0x000002b665947190 Thread added: 0x000002b665e7b650
Event: 2.766 Thread 0x000002b665107f60 Thread exited: 0x000002b665107f60
Event: 2.961 Thread 0x000002b665947190 Thread added: 0x000002b665e7e440
Event: 2.999 Thread 0x000002b665947190 Thread added: 0x000002b665e7bce0
Event: 3.022 Thread 0x000002b665947190 Thread added: 0x000002b665e7afc0


Dynamic libraries:
0x00007ff65cb80000 - 0x00007ff65cb8e000 	c:\Users\gabri\.vscode\extensions\redhat.java-1.51.0-win32-x64\jre\21.0.9-win32-x86_64\bin\java.exe
0x00007ffd96000000 - 0x00007ffd96267000 	C:\WINDOWS\SYSTEM32\ntdll.dll
0x00007ffd94330000 - 0x00007ffd943f9000 	C:\WINDOWS\System32\KERNEL32.DLL
0x00007ffd93830000 - 0x00007ffd93c1f000 	C:\WINDOWS\System32\KERNELBASE.dll
0x00007ffd93620000 - 0x00007ffd9376b000 	C:\WINDOWS\System32\ucrtbase.dll
0x00007ffd82010000 - 0x00007ffd82028000 	c:\Users\gabri\.vscode\extensions\redhat.java-1.51.0-win32-x64\jre\21.0.9-win32-x86_64\bin\jli.dll
0x00007ffd95a20000 - 0x00007ffd95be5000 	C:\WINDOWS\System32\USER32.dll
0x00007ffd93770000 - 0x00007ffd93797000 	C:\WINDOWS\System32\win32u.dll
0x00007ffd831d0000 - 0x00007ffd831ee000 	c:\Users\gabri\.vscode\extensions\redhat.java-1.51.0-win32-x64\jre\21.0.9-win32-x86_64\bin\VCRUNTIME140.dll
0x00007ffd94c50000 - 0x00007ffd94c7b000 	C:\WINDOWS\System32\GDI32.dll
0x00007ffd93370000 - 0x00007ffd9349c000 	C:\WINDOWS\System32\gdi32full.dll
0x00007ffd7a140000 - 0x00007ffd7a3d3000 	C:\WINDOWS\WinSxS\amd64_microsoft.windows.common-controls_6595b64144ccf1df_6.0.26100.7309_none_3e05feeae336a044\COMCTL32.dll
0x00007ffd93210000 - 0x00007ffd932b3000 	C:\WINDOWS\System32\msvcp_win.dll
0x00007ffd94ba0000 - 0x00007ffd94c49000 	C:\WINDOWS\System32\msvcrt.dll
0x00007ffd94400000 - 0x00007ffd94431000 	C:\WINDOWS\System32\IMM32.DLL
0x00007ffd8dff0000 - 0x00007ffd8dffc000 	c:\Users\gabri\.vscode\extensions\redhat.java-1.51.0-win32-x64\jre\21.0.9-win32-x86_64\bin\vcruntime140_1.dll
0x00007ffd53f20000 - 0x00007ffd53fad000 	c:\Users\gabri\.vscode\extensions\redhat.java-1.51.0-win32-x64\jre\21.0.9-win32-x86_64\bin\msvcp140.dll
0x00007ffce1cd0000 - 0x00007ffce2a70000 	c:\Users\gabri\.vscode\extensions\redhat.java-1.51.0-win32-x64\jre\21.0.9-win32-x86_64\bin\server\jvm.dll
0x00007ffd954a0000 - 0x00007ffd95554000 	C:\WINDOWS\System32\ADVAPI32.dll
0x00007ffd95bf0000 - 0x00007ffd95c96000 	C:\WINDOWS\System32\sechost.dll
0x00007ffd94070000 - 0x00007ffd94188000 	C:\WINDOWS\System32\RPCRT4.dll
0x00007ffd942b0000 - 0x00007ffd94324000 	C:\WINDOWS\System32\WS2_32.dll
0x00007ffd92fb0000 - 0x00007ffd9300e000 	C:\WINDOWS\SYSTEM32\POWRPROF.dll
0x00007ffd8add0000 - 0x00007ffd8addb000 	C:\WINDOWS\SYSTEM32\VERSION.dll
0x00007ffd80b60000 - 0x00007ffd80b95000 	C:\WINDOWS\SYSTEM32\WINMM.dll
0x00007ffd92f90000 - 0x00007ffd92fa4000 	C:\WINDOWS\SYSTEM32\UMPDC.dll
0x00007ffd91ec0000 - 0x00007ffd91edb000 	C:\WINDOWS\SYSTEM32\kernel.appcore.dll
0x00007ffd83520000 - 0x00007ffd8352a000 	c:\Users\gabri\.vscode\extensions\redhat.java-1.51.0-win32-x64\jre\21.0.9-win32-x86_64\bin\jimage.dll
0x00007ffd7a3e0000 - 0x00007ffd7a622000 	C:\WINDOWS\SYSTEM32\DBGHELP.DLL
0x00007ffd94dd0000 - 0x00007ffd95155000 	C:\WINDOWS\System32\combase.dll
0x00007ffd94ce0000 - 0x00007ffd94db6000 	C:\WINDOWS\System32\OLEAUT32.dll
0x00007ffd6af60000 - 0x00007ffd6af9c000 	C:\WINDOWS\SYSTEM32\dbgcore.DLL
0x00007ffd932c0000 - 0x00007ffd93365000 	C:\WINDOWS\System32\bcryptPrimitives.dll
0x00007ffd832f0000 - 0x00007ffd832ff000 	c:\Users\gabri\.vscode\extensions\redhat.java-1.51.0-win32-x64\jre\21.0.9-win32-x86_64\bin\instrument.dll
0x00007ffd81fd0000 - 0x00007ffd81ff0000 	c:\Users\gabri\.vscode\extensions\redhat.java-1.51.0-win32-x64\jre\21.0.9-win32-x86_64\bin\java.dll
0x00007ffd94440000 - 0x00007ffd94b93000 	C:\WINDOWS\System32\SHELL32.dll
0x00007ffd93c30000 - 0x00007ffd93d9a000 	C:\WINDOWS\System32\wintypes.dll
0x00007ffd90d30000 - 0x00007ffd9158e000 	C:\WINDOWS\SYSTEM32\windows.storage.dll
0x00007ffd95ec0000 - 0x00007ffd95fb5000 	C:\WINDOWS\System32\SHCORE.dll
0x00007ffd952d0000 - 0x00007ffd95336000 	C:\WINDOWS\System32\shlwapi.dll
0x00007ffd93070000 - 0x00007ffd93099000 	C:\WINDOWS\SYSTEM32\profapi.dll
0x00007ffd8dfb0000 - 0x00007ffd8dfc8000 	c:\Users\gabri\.vscode\extensions\redhat.java-1.51.0-win32-x64\jre\21.0.9-win32-x86_64\bin\zip.dll
0x00007ffd83180000 - 0x00007ffd83190000 	C:\Users\gabri\.vscode\extensions\redhat.java-1.51.0-win32-x64\jre\21.0.9-win32-x86_64\bin\net.dll
0x00007ffd89a70000 - 0x00007ffd89b98000 	C:\WINDOWS\SYSTEM32\WINHTTP.dll
0x00007ffd92420000 - 0x00007ffd9248b000 	C:\WINDOWS\system32\mswsock.dll
0x00007ffd81b70000 - 0x00007ffd81b86000 	C:\Users\gabri\.vscode\extensions\redhat.java-1.51.0-win32-x64\jre\21.0.9-win32-x86_64\bin\nio.dll
0x00007ffd83110000 - 0x00007ffd83120000 	c:\Users\gabri\.vscode\extensions\redhat.java-1.51.0-win32-x64\jre\21.0.9-win32-x86_64\bin\verify.dll
0x00007ffd681d0000 - 0x00007ffd68214000 	C:\Users\gabri\AppData\Roaming\Code\User\globalStorage\redhat.java\1.51.0\config_win\org.eclipse.equinox.launcher\org.eclipse.equinox.launcher.win32.win32.x86_64_1.2.1400.v20250801-0854\eclipse_11916.dll
0x00007ffd95ca0000 - 0x00007ffd95e37000 	C:\WINDOWS\System32\ole32.dll
0x00007ffd92720000 - 0x00007ffd9273b000 	C:\WINDOWS\SYSTEM32\CRYPTSP.dll
0x00007ffd91e20000 - 0x00007ffd91e5a000 	C:\WINDOWS\system32\rsaenh.dll
0x00007ffd924d0000 - 0x00007ffd924fb000 	C:\WINDOWS\SYSTEM32\USERENV.dll
0x00007ffd93040000 - 0x00007ffd9306a000 	C:\WINDOWS\SYSTEM32\bcrypt.dll
0x00007ffd92710000 - 0x00007ffd9271c000 	C:\WINDOWS\SYSTEM32\CRYPTBASE.dll
0x00007ffd918b0000 - 0x00007ffd918e4000 	C:\WINDOWS\SYSTEM32\IPHLPAPI.DLL
0x00007ffd94dc0000 - 0x00007ffd94dca000 	C:\WINDOWS\System32\NSI.dll
0x00007ffd66370000 - 0x00007ffd663b9000 	C:\Users\gabri\AppData\Local\Temp\jna-98110207\jna9731246542426922467.dll
0x00007ffd95340000 - 0x00007ffd95348000 	C:\WINDOWS\System32\PSAPI.DLL

JVMTI agents:
c:\Users\gabri\.vscode\extensions\redhat.java-1.51.0-win32-x64\lombok\lombok-1.18.39-4050.jar path:c:\Users\gabri\.vscode\extensions\redhat.java-1.51.0-win32-x64\jre\21.0.9-win32-x86_64\bin\instrument.dll, loaded, initialized, instrumentlib options:none

dbghelp: loaded successfully - version: 4.0.5 - missing functions: none
symbol engine: initialized successfully - sym options: 0x614 - pdb path: .;c:\Users\gabri\.vscode\extensions\redhat.java-1.51.0-win32-x64\jre\21.0.9-win32-x86_64\bin;C:\WINDOWS\SYSTEM32;C:\WINDOWS\WinSxS\amd64_microsoft.windows.common-controls_6595b64144ccf1df_6.0.26100.7309_none_3e05feeae336a044;c:\Users\gabri\.vscode\extensions\redhat.java-1.51.0-win32-x64\jre\21.0.9-win32-x86_64\bin\server;C:\Users\gabri\AppData\Roaming\Code\User\globalStorage\redhat.java\1.51.0\config_win\org.eclipse.equinox.launcher\org.eclipse.equinox.launcher.win32.win32.x86_64_1.2.1400.v20250801-0854;C:\Users\gabri\AppData\Local\Temp\jna-98110207

VM Arguments:
jvm_args: --add-modules=ALL-SYSTEM --add-opens=java.base/java.util=ALL-UNNAMED --add-opens=java.base/java.lang=ALL-UNNAMED --add-opens=java.base/sun.nio.fs=ALL-UNNAMED -Declipse.application=org.eclipse.jdt.ls.core.id1 -Dosgi.bundles.defaultStartLevel=4 -Declipse.product=org.eclipse.jdt.ls.core.product -Djava.import.generatesMetadataFilesAtProjectRoot=false -DDetectVMInstallationsJob.disabled=true -Dfile.encoding=utf8 -XX:+UseParallelGC -XX:GCTimeRatio=4 -XX:AdaptiveSizePolicyWeight=90 -Dsun.zip.disableMemoryMapping=true -Xmx2G -Xms100m -Xlog:disable -javaagent:c:\Users\gabri\.vscode\extensions\redhat.java-1.51.0-win32-x64\lombok\lombok-1.18.39-4050.jar -XX:+HeapDumpOnOutOfMemoryError -XX:HeapDumpPath=c:\Users\gabri\AppData\Roaming\Code\User\workspaceStorage\e14d0158649c4a8f8b96c9572e09e2af\redhat.java -Daether.dependencyCollector.impl=bf 
java_command: c:\Users\gabri\.vscode\extensions\redhat.java-1.51.0-win32-x64\server\plugins\org.eclipse.equinox.launcher_1.7.100.v20251111-0406.jar -configuration c:\Users\gabri\AppData\Roaming\Code\User\globalStorage\redhat.java\1.51.0\config_win -data c:\Users\gabri\AppData\Roaming\Code\User\workspaceStorage\e14d0158649c4a8f8b96c9572e09e2af\redhat.java\jdt_ws --pipe=\\.\pipe\lsp-74b302b61d3dd275d1e78cea0544dc82-sock
java_class_path (initial): c:\Users\gabri\.vscode\extensions\redhat.java-1.51.0-win32-x64\server\plugins\org.eclipse.equinox.launcher_1.7.100.v20251111-0406.jar
Launcher Type: SUN_STANDARD

[Global flags]
    uintx AdaptiveSizePolicyWeight                 = 90                                        {product} {command line}
     intx CICompilerCount                          = 4                                         {product} {ergonomic}
    uintx GCTimeRatio                              = 4                                         {product} {command line}
     bool HeapDumpOnOutOfMemoryError               = true                                   {manageable} {command line}
    ccstr HeapDumpPath                             = c:\Users\gabri\AppData\Roaming\Code\User\workspaceStorage\e14d0158649c4a8f8b96c9572e09e2af\redhat.java         {manageable} {command line}
   size_t InitialHeapSize                          = 104857600                                 {product} {command line}
   size_t MaxHeapSize                              = 2147483648                                {product} {command line}
   size_t MaxNewSize                               = 715653120                                 {product} {ergonomic}
   size_t MinHeapDeltaBytes                        = 524288                                    {product} {ergonomic}
   size_t MinHeapSize                              = 104857600                                 {product} {command line}
   size_t NewSize                                  = 34603008                                  {product} {ergonomic}
    uintx NonNMethodCodeHeapSize                   = 5839372                                {pd product} {ergonomic}
    uintx NonProfiledCodeHeapSize                  = 122909434                              {pd product} {ergonomic}
   size_t OldSize                                  = 70254592                                  {product} {ergonomic}
    uintx ProfiledCodeHeapSize                     = 122909434                              {pd product} {ergonomic}
    uintx ReservedCodeCacheSize                    = 251658240                              {pd product} {ergonomic}
     bool SegmentedCodeCache                       = true                                      {product} {ergonomic}
   size_t SoftMaxHeapSize                          = 2147483648                             {manageable} {ergonomic}
     bool UseCompressedOops                        = true                           {product lp64_product} {ergonomic}
     bool UseLargePagesIndividualAllocation        = false                                  {pd product} {ergonomic}
     bool UseParallelGC                            = true                                      {product} {command line}

Logging:
Log output configuration:
 #0: stdout all=off uptime,level,tags foldmultilines=false
 #1: stderr all=off uptime,level,tags foldmultilines=false

Release file:
JAVA_VERSION="21.0.9" 
MODULES="java.base java.compiler java.datatransfer java.xml java.prefs java.desktop java.instrument java.logging java.management java.security.sasl java.naming java.rmi java.management.rmi java.net.http java.scripting java.security.jgss java.transaction.xa java.sql java.sql.rowset java.xml.crypto java.se java.smartcardio jdk.accessibility jdk.internal.jvmstat jdk.attach jdk.charsets jdk.internal.opt jdk.zipfs jdk.compiler jdk.crypto.ec jdk.crypto.cryptoki jdk.crypto.mscapi jdk.dynalink jdk.internal.ed jdk.editpad jdk.hotspot.agent jdk.httpserver jdk.internal.le jdk.internal.vm.ci jdk.internal.vm.compiler jdk.internal.vm.compiler.management jdk.jartool jdk.javadoc jdk.jcmd jdk.management jdk.management.agent jdk.jconsole jdk.jdeps jdk.jdwp.agent jdk.jdi jdk.jfr jdk.jshell jdk.jsobject jdk.jstatd jdk.localedata jdk.management.jfr jdk.naming.dns jdk.naming.rmi jdk.net jdk.nio.mapmode jdk.random jdk.sctp jdk.security.auth jdk.security.jgss jdk.unsupported jdk.unsupported.desktop jdk.xml.dom" 

Environment Variables:
JAVA_HOME=C:\Program Files\Java\jdk-25_windows-x64_bin\jdk-25.0.1
PATH=C:\Program Files\Eclipse Adoptium\jdk-25.0.1.8-hotspot\bin;C:\Python314\Scripts\;C:\Python314\;C:\Program Files\Java\jdk-25_windows-x64_bin\jdk-25.0.1\bin;C:\WINDOWS\system32;C:\WINDOWS;C:\WINDOWS\System32\Wbem;C:\WINDOWS\System32\WindowsPowerShell\v1.0\;C:\WINDOWS\System32\OpenSSH\;C:\Program Files\NVIDIA Corporation\NVIDIA App\NvDLISR;C:\Program Files (x86)\NVIDIA Corporation\PhysX\Common;C:\Program Files\nodejs\;C:\ProgramData\chocolatey\bin;C:\Program Files\Git\cmd;C:\Program Files\MySQL\MySQL Shell 8.0\bin\;C:\Program Files\PostgreSQL\18\bin;C:\Users\gabri\AppData\Local\Microsoft\WindowsApps;D:\VsCode\Microsoft VS Code\bin;D:\IntellJi\IntelliJ IDEA Community Edition 2025.2.4\bin;C:\Users\gabri\AppData\Roaming\npm;
USERNAME=gabri
OS=Windows_NT
PROCESSOR_IDENTIFIER=Intel64 Family 6 Model 158 Stepping 10, GenuineIntel
TMP=C:\Users\gabri\AppData\Local\Temp
TEMP=C:\Users\gabri\AppData\Local\Temp




Periodic native trim disabled

---------------  S Y S T E M  ---------------

OS:
 Windows 11 , 64 bit Build 26100 (10.0.26100.7309)
OS uptime: 1 days 22:08 hours
Hyper-V role detected

CPU: total 8 (initial active 8) (4 cores per cpu, 2 threads per core) family 6 model 158 stepping 10 microcode 0xde, cx8, cmov, fxsr, ht, mmx, 3dnowpref, sse, sse2, sse3, ssse3, sse4.1, sse4.2, popcnt, lzcnt, tsc, tscinvbit, avx, avx2, aes, erms, clmul, bmi1, bmi2, adx, fma, vzeroupper, clflush, clflushopt, hv, rdtscp, f16c
Processor Information for the first 8 processors :
  Max Mhz: 2400, Current Mhz: 2400, Mhz Limit: 2400

Memory: 4k page, system-wide physical 16221M (7494M free)
TotalPageFile size 31340M (AvailPageFile size 17M)
current process WorkingSet (physical memory assigned to process): 146M, peak: 146M
current process commit charge ("private bytes"): 283M, peak: 284M

vm_info: OpenJDK 64-Bit Server VM (21.0.9+10-LTS) for windows-amd64 JRE (21.0.9+10-LTS), built on 2025-10-21T00:00:00Z by "admin" with unknown MS VC++:1942

END.
