#
# There is insufficient memory for the Java Runtime Environment to continue.
# Native memory allocation (malloc) failed to allocate 1592640 bytes. Error detail: Chunk::new
# Possible reasons:
#   The system is out of physical RAM or swap space
#   This process is running with CompressedOops enabled, and the Java Heap may be blocking the growth of the native heap
# Possible solutions:
#   Reduce memory load on the system
#   Increase physical memory or swap space
#   Check if swap backing store is full
#   Decrease Java heap size (-Xmx/-Xms)
#   Decrease number of Java threads
#   Decrease Java thread stack sizes (-Xss)
#   Set larger code cache with -XX:ReservedCodeCacheSize=
#   JVM is running with Unscaled Compressed Oops mode in which the Java heap is
#     placed in the first 4GB address space. The Java Heap base address is the
#     maximum limit for the native heap growth. Please use -XX:HeapBaseMinAddress
#     to set the Java Heap base and to place the Java Heap above 4GB virtual address.
# This output file may be truncated or incomplete.
#
#  Out of Memory Error (arena.cpp:168), pid=19000, tid=19848
#
# JRE version: OpenJDK Runtime Environment Temurin-21.0.9+10 (21.0.9+10) (build 21.0.9+10-LTS)
# Java VM: OpenJDK 64-Bit Server VM Temurin-21.0.9+10 (21.0.9+10-LTS, mixed mode, sharing, tiered, compressed oops, compressed class ptrs, parallel gc, windows-amd64)
# No core dump will be written. Minidumps are not enabled by default on client versions of Windows
#

---------------  S U M M A R Y ------------

Command Line: --add-modules=ALL-SYSTEM --add-opens=java.base/java.util=ALL-UNNAMED --add-opens=java.base/java.lang=ALL-UNNAMED --add-opens=java.base/sun.nio.fs=ALL-UNNAMED -Declipse.application=org.eclipse.jdt.ls.core.id1 -Dosgi.bundles.defaultStartLevel=4 -Declipse.product=org.eclipse.jdt.ls.core.product -Djava.import.generatesMetadataFilesAtProjectRoot=false -DDetectVMInstallationsJob.disabled=true -Dfile.encoding=utf8 -XX:+UseParallelGC -XX:GCTimeRatio=4 -XX:AdaptiveSizePolicyWeight=90 -Dsun.zip.disableMemoryMapping=true -Xmx2G -Xms100m -Xlog:disable -javaagent:c:\Users\gabri\.vscode\extensions\redhat.java-1.51.0-win32-x64\lombok\lombok-1.18.39-4050.jar -XX:+HeapDumpOnOutOfMemoryError -XX:HeapDumpPath=c:\Users\gabri\AppData\Roaming\Code\User\workspaceStorage\e14d0158649c4a8f8b96c9572e09e2af\redhat.java -Daether.dependencyCollector.impl=bf c:\Users\gabri\.vscode\extensions\redhat.java-1.51.0-win32-x64\server\plugins\org.eclipse.equinox.launcher_1.7.100.v20251111-0406.jar -configuration c:\Users\gabri\AppData\Roaming\Code\User\globalStorage\redhat.java\1.51.0\config_win -data c:\Users\gabri\AppData\Roaming\Code\User\workspaceStorage\e14d0158649c4a8f8b96c9572e09e2af\redhat.java\jdt_ws --pipe=\\.\pipe\lsp-437cefb352332286d1bade7aca538431-sock

Host: Intel(R) Core(TM) i5-9300H CPU @ 2.40GHz, 8 cores, 15G,  Windows 11 , 64 bit Build 26100 (10.0.26100.7309)
Time: Fri Jan  9 12:40:56 2026 Hora oficial do Brasil elapsed time: 16.281517 seconds (0d 0h 0m 16s)

---------------  T H R E A D  ---------------

Current thread (0x000001de05f1f6a0):  JavaThread "C2 CompilerThread2" daemon [_thread_in_native, id=19848, stack(0x0000003b87300000,0x0000003b87400000) (1024K)]


Current CompileTask:
C2:16281 9333   !   4       org.codehaus.plexus.interpolation.StringSearchInterpolator::interpolate (692 bytes)

Stack: [0x0000003b87300000,0x0000003b87400000]
Native frames: (J=compiled Java code, j=interpreted, Vv=VM code, C=native code)
V  [jvm.dll+0x6d6e29]
V  [jvm.dll+0x8b4b76]
V  [jvm.dll+0x8b712e]
V  [jvm.dll+0x8b7813]
V  [jvm.dll+0x283d86]
V  [jvm.dll+0xc66ed]
V  [jvm.dll+0xc6c31]
V  [jvm.dll+0x3be53b]
V  [jvm.dll+0x38ab92]
V  [jvm.dll+0x389fda]
V  [jvm.dll+0x24bfa0]
V  [jvm.dll+0x24b580]
V  [jvm.dll+0x1cb13e]
V  [jvm.dll+0x25b29d]
V  [jvm.dll+0x25982a]
V  [jvm.dll+0x3f7ea6]
V  [jvm.dll+0x85e9ad]
V  [jvm.dll+0x6d565d]
C  [ucrtbase.dll+0x37b0]
C  [KERNEL32.DLL+0x2e8d7]
C  [ntdll.dll+0x8c53c]


---------------  P R O C E S S  ---------------

Threads class SMR info:
_java_thread_list=0x000001de048fdc20, length=50, elements={
0x000001de2462a5c0, 0x000001de2459c720, 0x000001de2459e550, 0x000001de245a3860,
0x000001de245a44b0, 0x000001de245a8740, 0x000001de245b1680, 0x000001de245c4720,
0x000001de245c9960, 0x000001de245b0ff0, 0x000001de245af5b0, 0x000001de245b1d10,
0x000001de245b0960, 0x000001de245ae890, 0x000001de245afc40, 0x000001de245b02d0,
0x000001de7e9f0be0, 0x000001de7e9f1270, 0x000001de7e9efec0, 0x000001de7e9f0550,
0x000001de7e9ef830, 0x000001de7e9f1900, 0x000001de7da5f020, 0x000001de7e9f1f90,
0x000001de7e9f2620, 0x000001de7e9ef1a0, 0x000001de7e9f46f0, 0x000001de7e9f3340,
0x000001de7e9f4d80, 0x000001de7e9f5410, 0x000001de7e9f5aa0, 0x000001de7e9f6130,
0x000001de7e9f4060, 0x000001de7e9f2cb0, 0x000001de7e9f39d0, 0x000001de04b1d450,
0x000001de04b1c730, 0x000001de04b1ba10, 0x000001de04b19fd0, 0x000001de04b1acf0,
0x000001de04b1c0a0, 0x000001de04b1cdc0, 0x000001de04b1dae0, 0x000001de04b1a660,
0x000001de05f1f6a0, 0x000001de04b215f0, 0x000001de060bd110, 0x000001de060ba320,
0x000001de060bd7a0, 0x000001de060ba9b0
}

Java Threads: ( => current thread )
  0x000001de2462a5c0 JavaThread "main"                              [_thread_blocked, id=13704, stack(0x0000003b86400000,0x0000003b86500000) (1024K)]
  0x000001de2459c720 JavaThread "Reference Handler"          daemon [_thread_blocked, id=15104, stack(0x0000003b86800000,0x0000003b86900000) (1024K)]
  0x000001de2459e550 JavaThread "Finalizer"                  daemon [_thread_blocked, id=15444, stack(0x0000003b86900000,0x0000003b86a00000) (1024K)]
  0x000001de245a3860 JavaThread "Signal Dispatcher"          daemon [_thread_blocked, id=14148, stack(0x0000003b86a00000,0x0000003b86b00000) (1024K)]
  0x000001de245a44b0 JavaThread "Attach Listener"            daemon [_thread_blocked, id=9000, stack(0x0000003b86b00000,0x0000003b86c00000) (1024K)]
  0x000001de245a8740 JavaThread "Service Thread"             daemon [_thread_blocked, id=9692, stack(0x0000003b86c00000,0x0000003b86d00000) (1024K)]
  0x000001de245b1680 JavaThread "Monitor Deflation Thread"   daemon [_thread_blocked, id=17944, stack(0x0000003b86d00000,0x0000003b86e00000) (1024K)]
  0x000001de245c4720 JavaThread "C2 CompilerThread0"         daemon [_thread_in_vm, id=7944, stack(0x0000003b86e00000,0x0000003b86f00000) (1024K)]
  0x000001de245c9960 JavaThread "C1 CompilerThread0"         daemon [_thread_in_native, id=14000, stack(0x0000003b86f00000,0x0000003b87000000) (1024K)]
  0x000001de245b0ff0 JavaThread "Common-Cleaner"             daemon [_thread_blocked, id=9844, stack(0x0000003b87100000,0x0000003b87200000) (1024K)]
  0x000001de245af5b0 JavaThread "Notification Thread"        daemon [_thread_blocked, id=18772, stack(0x0000003b87200000,0x0000003b87300000) (1024K)]
  0x000001de245b1d10 JavaThread "Active Thread: Equinox Container: d638461a-5fc8-4af1-ba3d-c2310e080417"        [_thread_blocked, id=2876, stack(0x0000003b87a00000,0x0000003b87b00000) (1024K)]
  0x000001de245b0960 JavaThread "Refresh Thread: Equinox Container: d638461a-5fc8-4af1-ba3d-c2310e080417" daemon [_thread_blocked, id=13440, stack(0x0000003b87c00000,0x0000003b87d00000) (1024K)]
  0x000001de245ae890 JavaThread "Framework Event Dispatcher: Equinox Container: d638461a-5fc8-4af1-ba3d-c2310e080417" daemon [_thread_blocked, id=20760, stack(0x0000003b87d00000,0x0000003b87e00000) (1024K)]
  0x000001de245afc40 JavaThread "Start Level: Equinox Container: d638461a-5fc8-4af1-ba3d-c2310e080417" daemon [_thread_blocked, id=18984, stack(0x0000003b87e00000,0x0000003b87f00000) (1024K)]
  0x000001de245b02d0 JavaThread "Bundle File Closer"         daemon [_thread_blocked, id=5876, stack(0x0000003b87f00000,0x0000003b88000000) (1024K)]
  0x000001de7e9f0be0 JavaThread "SCR Component Actor"        daemon [_thread_blocked, id=9412, stack(0x0000003b88000000,0x0000003b88100000) (1024K)]
  0x000001de7e9f1270 JavaThread "Worker-JM"                         [_thread_blocked, id=20384, stack(0x0000003b88100000,0x0000003b88200000) (1024K)]
  0x000001de7e9efec0 JavaThread "JNA Cleaner"                daemon [_thread_blocked, id=2648, stack(0x0000003b88200000,0x0000003b88300000) (1024K)]
  0x000001de7e9f0550 JavaThread "Worker-0: Publish Diagnostics"        [_thread_in_Java, id=16512, stack(0x0000003b88300000,0x0000003b88400000) (1024K)]
  0x000001de7e9ef830 JavaThread "Worker-1: Initialize workspace"        [_thread_blocked, id=6428, stack(0x0000003b88400000,0x0000003b88500000) (1024K)]
  0x000001de7e9f1900 JavaThread "Worker-2"                          [_thread_blocked, id=18452, stack(0x0000003b88500000,0x0000003b88600000) (1024K)]
  0x000001de7da5f020 JavaThread "C2 CompilerThread1"         daemon [_thread_in_native, id=18980, stack(0x0000003b87000000,0x0000003b87100000) (1024K)]
  0x000001de7e9f1f90 JavaThread "Java indexing"              daemon [_thread_blocked, id=2720, stack(0x0000003b88600000,0x0000003b88700000) (1024K)]
  0x000001de7e9f2620 JavaThread "Worker-3"                          [_thread_blocked, id=21360, stack(0x0000003b88900000,0x0000003b88a00000) (1024K)]
  0x000001de7e9ef1a0 JavaThread "Thread-1"                   daemon [_thread_in_native, id=20024, stack(0x0000003b88a00000,0x0000003b88b00000) (1024K)]
  0x000001de7e9f46f0 JavaThread "Thread-2"                   daemon [_thread_in_native, id=8308, stack(0x0000003b88b00000,0x0000003b88c00000) (1024K)]
  0x000001de7e9f3340 JavaThread "Thread-3"                   daemon [_thread_in_native, id=7756, stack(0x0000003b88c00000,0x0000003b88d00000) (1024K)]
  0x000001de7e9f4d80 JavaThread "Thread-4"                   daemon [_thread_in_native, id=13668, stack(0x0000003b88d00000,0x0000003b88e00000) (1024K)]
  0x000001de7e9f5410 JavaThread "Thread-5"                   daemon [_thread_in_native, id=14480, stack(0x0000003b88e00000,0x0000003b88f00000) (1024K)]
  0x000001de7e9f5aa0 JavaThread "Thread-6"                   daemon [_thread_in_native, id=2888, stack(0x0000003b88f00000,0x0000003b89000000) (1024K)]
  0x000001de7e9f6130 JavaThread "Thread-7"                   daemon [_thread_in_native, id=15704, stack(0x0000003b89000000,0x0000003b89100000) (1024K)]
  0x000001de7e9f4060 JavaThread "Thread-8"                   daemon [_thread_in_native, id=4292, stack(0x0000003b89100000,0x0000003b89200000) (1024K)]
  0x000001de7e9f2cb0 JavaThread "Thread-9"                   daemon [_thread_in_native, id=20620, stack(0x0000003b89200000,0x0000003b89300000) (1024K)]
  0x000001de7e9f39d0 JavaThread "pool-2-thread-1"                   [_thread_blocked, id=15700, stack(0x0000003b89300000,0x0000003b89400000) (1024K)]
  0x000001de04b1d450 JavaThread "WorkspaceEventsHandler"            [_thread_blocked, id=13880, stack(0x0000003b89400000,0x0000003b89500000) (1024K)]
  0x000001de04b1c730 JavaThread "pool-1-thread-1"                   [_thread_blocked, id=13924, stack(0x0000003b89500000,0x0000003b89600000) (1024K)]
  0x000001de04b1ba10 JavaThread "ForkJoinPool.commonPool-worker-1" daemon [_thread_blocked, id=10952, stack(0x0000003b89600000,0x0000003b89700000) (1024K)]
  0x000001de04b19fd0 JavaThread "ForkJoinPool.commonPool-worker-2" daemon [_thread_in_Java, id=5640, stack(0x0000003b89700000,0x0000003b89800000) (1024K)]
  0x000001de04b1acf0 JavaThread "ForkJoinPool.commonPool-worker-3" daemon [_thread_blocked, id=14660, stack(0x0000003b89800000,0x0000003b89900000) (1024K)]
  0x000001de04b1c0a0 JavaThread "ForkJoinPool.commonPool-worker-4" daemon [_thread_in_Java, id=9756, stack(0x0000003b89900000,0x0000003b89a00000) (1024K)]
  0x000001de04b1cdc0 JavaThread "ForkJoinPool.commonPool-worker-5" daemon [_thread_in_Java, id=19516, stack(0x0000003b89a00000,0x0000003b89b00000) (1024K)]
  0x000001de04b1dae0 JavaThread "ForkJoinPool.commonPool-worker-6" daemon [_thread_blocked, id=8084, stack(0x0000003b89b00000,0x0000003b89c00000) (1024K)]
  0x000001de04b1a660 JavaThread "ForkJoinPool.commonPool-worker-7" daemon [_thread_blocked, id=7568, stack(0x0000003b89c00000,0x0000003b89d00000) (1024K)]
=>0x000001de05f1f6a0 JavaThread "C2 CompilerThread2"         daemon [_thread_in_native, id=19848, stack(0x0000003b87300000,0x0000003b87400000) (1024K)]
  0x000001de04b215f0 JavaThread "ParallelDescriptorResolver-0-0" daemon [_thread_in_native, id=13568, stack(0x0000003b89d00000,0x0000003b89e00000) (1024K)]
  0x000001de060bd110 JavaThread "ParallelDescriptorResolver-0-1" daemon [_thread_blocked, id=18668, stack(0x0000003b89e00000,0x0000003b89f00000) (1024K)]
  0x000001de060ba320 JavaThread "ParallelDescriptorResolver-0-2" daemon [_thread_blocked, id=7668, stack(0x0000003b89f00000,0x0000003b8a000000) (1024K)]
  0x000001de060bd7a0 JavaThread "ParallelDescriptorResolver-0-3" daemon [_thread_blocked, id=3324, stack(0x0000003b8a000000,0x0000003b8a100000) (1024K)]
  0x000001de060ba9b0 JavaThread "ParallelDescriptorResolver-0-4" daemon [_thread_blocked, id=14168, stack(0x0000003b8a100000,0x0000003b8a200000) (1024K)]
Total: 50

Other Threads:
  0x000001de24582530 VMThread "VM Thread"                           [id=7096, stack(0x0000003b86700000,0x0000003b86800000) (1024K)]
  0x000001de244bca00 WatcherThread "VM Periodic Task Thread"        [id=2132, stack(0x0000003b86600000,0x0000003b86700000) (1024K)]
  0x000001de24649800 WorkerThread "GC Thread#0"                     [id=3512, stack(0x0000003b86500000,0x0000003b86600000) (1024K)]
  0x000001de7dd18390 WorkerThread "GC Thread#1"                     [id=4644, stack(0x0000003b87400000,0x0000003b87500000) (1024K)]
  0x000001de7dd18730 WorkerThread "GC Thread#2"                     [id=13432, stack(0x0000003b87500000,0x0000003b87600000) (1024K)]
  0x000001de7e582750 WorkerThread "GC Thread#3"                     [id=8892, stack(0x0000003b87600000,0x0000003b87700000) (1024K)]
  0x000001de7e582af0 WorkerThread "GC Thread#4"                     [id=11600, stack(0x0000003b87700000,0x0000003b87800000) (1024K)]
  0x000001de7e582e90 WorkerThread "GC Thread#5"                     [id=20360, stack(0x0000003b87800000,0x0000003b87900000) (1024K)]
  0x000001de7e583230 WorkerThread "GC Thread#6"                     [id=19976, stack(0x0000003b87900000,0x0000003b87a00000) (1024K)]
  0x000001de7e4930e0 WorkerThread "GC Thread#7"                     [id=18196, stack(0x0000003b87b00000,0x0000003b87c00000) (1024K)]
Total: 10

Threads with active compile tasks:
C2 CompilerThread0  17242 9328       4       org.codehaus.plexus.util.xml.pull.MXParser::printable (114 bytes)
C1 CompilerThread0  17242 9628       3       org.apache.maven.model.validation.DefaultModelValidator::validateRawModel (852 bytes)
C2 CompilerThread1  17242 9292 % !   4       org.eclipse.jdt.internal.core.JarPackageFragmentRoot::computeChildren @ 246 (605 bytes)
C2 CompilerThread2  17242 9333   !   4       org.codehaus.plexus.interpolation.StringSearchInterpolator::interpolate (692 bytes)
Total: 4

VM state: not at safepoint (normal execution)

VM Mutex/Monitor currently owned by a thread: None

Heap address: 0x0000000080000000, size: 2048 MB, Compressed Oops mode: 32-bit

CDS archive(s) mapped at: [0x000001de3b000000-0x000001de3bba0000-0x000001de3bba0000), size 12189696, SharedBaseAddress: 0x000001de3b000000, ArchiveRelocationMode: 1.
Compressed class space mapped at: 0x000001de3c000000-0x000001de7c000000, reserved size: 1073741824
Narrow klass base: 0x000001de3b000000, Narrow klass shift: 0, Narrow klass range: 0x100000000

GC Precious Log:
 CardTable entry size: 512
 CPUs: 8 total, 8 available
 Memory: 16221M
 Large Page Support: Disabled
 NUMA Support: Disabled
 Compressed Oops: Enabled (32-bit)
 Alignments: Space 512K, Generation 512K, Heap 2M
 Heap Min Capacity: 100M
 Heap Initial Capacity: 100M
 Heap Max Capacity: 2G
 Pre-touch: Disabled
 Parallel Workers: 8

Heap:
 PSYoungGen      total 28160K, used 9371K [0x00000000d5580000, 0x00000000d7200000, 0x0000000100000000)
  eden space 27136K, 32% used [0x00000000d5580000,0x00000000d5e0ecd8,0x00000000d7000000)
  from space 1024K, 59% used [0x00000000d7100000,0x00000000d7198000,0x00000000d7200000)
  to   space 1024K, 0% used [0x00000000d7000000,0x00000000d7000000,0x00000000d7100000)
 ParOldGen       total 86528K, used 86152K [0x0000000080000000, 0x0000000085480000, 0x00000000d5580000)
  object space 86528K, 99% used [0x0000000080000000,0x00000000854222c8,0x0000000085480000)
 Metaspace       used 59693K, committed 61184K, reserved 1114112K
  class space    used 6338K, committed 7040K, reserved 1048576K

Card table byte_map: [0x000001de23fd0000,0x000001de243e0000] _byte_map_base: 0x000001de23bd0000

Marking Bits: (ParMarkBitMap*) 0x00007ffce2992460
 Begin Bits: [0x000001de36ae0000, 0x000001de38ae0000)
 End Bits:   [0x000001de38ae0000, 0x000001de3aae0000)

Polling page: 0x000001de22430000

Metaspace:

Usage:
  Non-class:     52.10 MB used.
      Class:      6.19 MB used.
       Both:     58.29 MB used.

Virtual space:
  Non-class space:       64.00 MB reserved,      52.88 MB ( 83%) committed,  1 nodes.
      Class space:        1.00 GB reserved,       6.88 MB ( <1%) committed,  1 nodes.
             Both:        1.06 GB reserved,      59.75 MB (  5%) committed. 

Chunk freelists:
   Non-Class:  10.52 MB
       Class:  8.97 MB
        Both:  19.48 MB

MaxMetaspaceSize: unlimited
CompressedClassSpaceSize: 1.00 GB
Initial GC threshold: 21.00 MB
Current GC threshold: 97.31 MB
CDS: on
 - commit_granule_bytes: 65536.
 - commit_granule_words: 8192.
 - virtual_space_node_default_size: 8388608.
 - enlarge_chunks_in_place: 1.
 - use_allocation_guard: 0.


Internal statistics:

num_allocs_failed_limit: 9.
num_arena_births: 1110.
num_arena_deaths: 14.
num_vsnodes_births: 2.
num_vsnodes_deaths: 0.
num_space_committed: 956.
num_space_uncommitted: 0.
num_chunks_returned_to_freelist: 23.
num_chunks_taken_from_freelist: 3828.
num_chunk_merges: 11.
num_chunk_splits: 2411.
num_chunks_enlarged: 1405.
num_inconsistent_stats: 0.

CodeHeap 'non-profiled nmethods': size=120000Kb used=5415Kb max_used=5415Kb free=114584Kb
 bounds [0x000001de2f300000, 0x000001de2f850000, 0x000001de36830000]
CodeHeap 'profiled nmethods': size=120000Kb used=19166Kb max_used=19166Kb free=100833Kb
 bounds [0x000001de27830000, 0x000001de28af0000, 0x000001de2ed60000]
CodeHeap 'non-nmethods': size=5760Kb used=1415Kb max_used=1500Kb free=4344Kb
 bounds [0x000001de2ed60000, 0x000001de2efd0000, 0x000001de2f300000]
CodeCache: size=245760Kb, used=25996Kb, max_used=26081Kb, free=219761Kb
 total_blobs=9565, nmethods=8837, adapters=634, full_count=0
Compilation: enabled, stopped_count=0, restarted_count=0

Compilation events (20 events):
Event: 15.166 Thread 0x000001de245c9960 nmethod 9581 0x000001de28abf010 code [0x000001de28abf1a0, 0x000001de28abf348]
Event: 15.171 Thread 0x000001de245c4720 nmethod 9577 0x000001de2f842e10 code [0x000001de2f842fc0, 0x000001de2f8432c0]
Event: 15.171 Thread 0x000001de245c4720 9369       4       java.util.HashMap::isEmpty (13 bytes)
Event: 15.171 Thread 0x000001de245c9960 9582       2       org.apache.maven.model.merge.ModelMerger::mergeReportPlugin (46 bytes)
Event: 15.171 Thread 0x000001de245c9960 nmethod 9582 0x000001de28abf410 code [0x000001de28abf600, 0x000001de28abf848]
Event: 15.171 Thread 0x000001de245c4720 nmethod 9369 0x000001de2f843510 code [0x000001de2f8436a0, 0x000001de2f843738]
Event: 15.171 Thread 0x000001de245c4720 9380       4       org.apache.maven.model.merge.MavenModelMerger::getDependencyKey (5 bytes)
Event: 15.173 Thread 0x000001de245c9960 9584       2       org.codehaus.plexus.util.xml.Xpp3Dom::getChildrenAsList (88 bytes)
Event: 15.173 Thread 0x000001de245c9960 nmethod 9584 0x000001de28abf990 code [0x000001de28abfba0, 0x000001de28ac00b0]
Event: 15.175 Thread 0x000001de245c9960 9585       2       org.eclipse.aether.util.repository.DefaultMirrorSelector::findMirror (149 bytes)
Event: 15.175 Thread 0x000001de245c9960 nmethod 9585 0x000001de28ac0410 code [0x000001de28ac06a0, 0x000001de28ac0d10]
Event: 15.176 Thread 0x000001de245c9960 9586       2       org.eclipse.aether.util.repository.DefaultMirrorSelector::getMirror (117 bytes)
Event: 15.176 Thread 0x000001de245c9960 nmethod 9586 0x000001de28ac1110 code [0x000001de28ac1380, 0x000001de28ac1a90]
Event: 15.176 Thread 0x000001de245c9960 9587       2       org.codehaus.plexus.util.xml.XmlReader::doRawStream (53 bytes)
Event: 15.177 Thread 0x000001de245c9960 nmethod 9587 0x000001de28ac1f90 code [0x000001de28ac2180, 0x000001de28ac2408]
Event: 15.178 Thread 0x000001de245c9960 9588       1       org.apache.maven.model.ActivationFile::getExists (5 bytes)
Event: 15.179 Thread 0x000001de245c9960 nmethod 9588 0x000001de2f843810 code [0x000001de2f8439a0, 0x000001de2f843a68]
Event: 15.181 Thread 0x000001de245c9960 9589       2       org.eclipse.aether.util.version.GenericVersion$Item::<init> (15 bytes)
Event: 15.181 Thread 0x000001de245c9960 nmethod 9589 0x000001de28ac2590 code [0x000001de28ac2720, 0x000001de28ac2848]
Event: 15.182 Thread 0x000001de245c9960 9590   !   2       org.eclipse.aether.util.version.GenericVersion$Tokenizer::toItem (285 bytes)

GC Heap History (20 events):
Event: 12.978 GC heap before
{Heap before GC invocations=90 (full 3):
 PSYoungGen      total 21504K, used 21056K [0x00000000d5580000, 0x00000000d6b80000, 0x0000000100000000)
  eden space 20480K, 100% used [0x00000000d5580000,0x00000000d6980000,0x00000000d6980000)
  from space 1024K, 56% used [0x00000000d6a80000,0x00000000d6b10000,0x00000000d6b80000)
  to   space 1024K, 0% used [0x00000000d6980000,0x00000000d6980000,0x00000000d6a80000)
 ParOldGen       total 76288K, used 76014K [0x0000000080000000, 0x0000000084a80000, 0x00000000d5580000)
  object space 76288K, 99% used [0x0000000080000000,0x0000000084a3ba18,0x0000000084a80000)
 Metaspace       used 59435K, committed 60992K, reserved 1114112K
  class space    used 6336K, committed 7040K, reserved 1048576K
}
Event: 12.979 GC heap after
{Heap after GC invocations=90 (full 3):
 PSYoungGen      total 21504K, used 608K [0x00000000d5580000, 0x00000000d6b80000, 0x0000000100000000)
  eden space 20480K, 0% used [0x00000000d5580000,0x00000000d5580000,0x00000000d6980000)
  from space 1024K, 59% used [0x00000000d6980000,0x00000000d6a18000,0x00000000d6a80000)
  to   space 1024K, 0% used [0x00000000d6a80000,0x00000000d6a80000,0x00000000d6b80000)
 ParOldGen       total 76800K, used 76462K [0x0000000080000000, 0x0000000084b00000, 0x00000000d5580000)
  object space 76800K, 99% used [0x0000000080000000,0x0000000084aaba18,0x0000000084b00000)
 Metaspace       used 59435K, committed 60992K, reserved 1114112K
  class space    used 6336K, committed 7040K, reserved 1048576K
}
Event: 13.000 GC heap before
{Heap before GC invocations=91 (full 3):
 PSYoungGen      total 21504K, used 21088K [0x00000000d5580000, 0x00000000d6b80000, 0x0000000100000000)
  eden space 20480K, 100% used [0x00000000d5580000,0x00000000d6980000,0x00000000d6980000)
  from space 1024K, 59% used [0x00000000d6980000,0x00000000d6a18000,0x00000000d6a80000)
  to   space 1024K, 0% used [0x00000000d6a80000,0x00000000d6a80000,0x00000000d6b80000)
 ParOldGen       total 76800K, used 76462K [0x0000000080000000, 0x0000000084b00000, 0x00000000d5580000)
  object space 76800K, 99% used [0x0000000080000000,0x0000000084aaba18,0x0000000084b00000)
 Metaspace       used 59483K, committed 60992K, reserved 1114112K
  class space    used 6337K, committed 7040K, reserved 1048576K
}
Event: 13.001 GC heap after
{Heap after GC invocations=91 (full 3):
 PSYoungGen      total 20992K, used 992K [0x00000000d5580000, 0x00000000d6c80000, 0x0000000100000000)
  eden space 19968K, 0% used [0x00000000d5580000,0x00000000d5580000,0x00000000d6900000)
  from space 1024K, 96% used [0x00000000d6a80000,0x00000000d6b78000,0x00000000d6b80000)
  to   space 1536K, 0% used [0x00000000d6900000,0x00000000d6900000,0x00000000d6a80000)
 ParOldGen       total 77312K, used 76886K [0x0000000080000000, 0x0000000084b80000, 0x00000000d5580000)
  object space 77312K, 99% used [0x0000000080000000,0x0000000084b15a18,0x0000000084b80000)
 Metaspace       used 59483K, committed 60992K, reserved 1114112K
  class space    used 6337K, committed 7040K, reserved 1048576K
}
Event: 13.015 GC heap before
{Heap before GC invocations=92 (full 3):
 PSYoungGen      total 20992K, used 20960K [0x00000000d5580000, 0x00000000d6c80000, 0x0000000100000000)
  eden space 19968K, 100% used [0x00000000d5580000,0x00000000d6900000,0x00000000d6900000)
  from space 1024K, 96% used [0x00000000d6a80000,0x00000000d6b78000,0x00000000d6b80000)
  to   space 1536K, 0% used [0x00000000d6900000,0x00000000d6900000,0x00000000d6a80000)
 ParOldGen       total 77312K, used 76886K [0x0000000080000000, 0x0000000084b80000, 0x00000000d5580000)
  object space 77312K, 99% used [0x0000000080000000,0x0000000084b15a18,0x0000000084b80000)
 Metaspace       used 59488K, committed 60992K, reserved 1114112K
  class space    used 6337K, committed 7040K, reserved 1048576K
}
Event: 13.017 GC heap after
{Heap after GC invocations=92 (full 3):
 PSYoungGen      total 20992K, used 576K [0x00000000d5580000, 0x00000000d6b00000, 0x0000000100000000)
  eden space 19968K, 0% used [0x00000000d5580000,0x00000000d5580000,0x00000000d6900000)
  from space 1024K, 56% used [0x00000000d6900000,0x00000000d6990000,0x00000000d6a00000)
  to   space 1024K, 0% used [0x00000000d6a00000,0x00000000d6a00000,0x00000000d6b00000)
 ParOldGen       total 77824K, used 77494K [0x0000000080000000, 0x0000000084c00000, 0x00000000d5580000)
  object space 77824K, 99% used [0x0000000080000000,0x0000000084bada18,0x0000000084c00000)
 Metaspace       used 59488K, committed 60992K, reserved 1114112K
  class space    used 6337K, committed 7040K, reserved 1048576K
}
Event: 13.048 GC heap before
{Heap before GC invocations=93 (full 3):
 PSYoungGen      total 20992K, used 20544K [0x00000000d5580000, 0x00000000d6b00000, 0x0000000100000000)
  eden space 19968K, 100% used [0x00000000d5580000,0x00000000d6900000,0x00000000d6900000)
  from space 1024K, 56% used [0x00000000d6900000,0x00000000d6990000,0x00000000d6a00000)
  to   space 1024K, 0% used [0x00000000d6a00000,0x00000000d6a00000,0x00000000d6b00000)
 ParOldGen       total 77824K, used 77494K [0x0000000080000000, 0x0000000084c00000, 0x00000000d5580000)
  object space 77824K, 99% used [0x0000000080000000,0x0000000084bada18,0x0000000084c00000)
 Metaspace       used 59500K, committed 61056K, reserved 1114112K
  class space    used 6337K, committed 7040K, reserved 1048576K
}
Event: 13.050 GC heap after
{Heap after GC invocations=93 (full 3):
 PSYoungGen      total 19968K, used 1024K [0x00000000d5580000, 0x00000000d6d00000, 0x0000000100000000)
  eden space 18944K, 0% used [0x00000000d5580000,0x00000000d5580000,0x00000000d6800000)
  from space 1024K, 100% used [0x00000000d6a00000,0x00000000d6b00000,0x00000000d6b00000)
  to   space 2048K, 0% used [0x00000000d6800000,0x00000000d6800000,0x00000000d6a00000)
 ParOldGen       total 78336K, used 78062K [0x0000000080000000, 0x0000000084c80000, 0x00000000d5580000)
  object space 78336K, 99% used [0x0000000080000000,0x0000000084c3ba18,0x0000000084c80000)
 Metaspace       used 59500K, committed 61056K, reserved 1114112K
  class space    used 6337K, committed 7040K, reserved 1048576K
}
Event: 13.062 GC heap before
{Heap before GC invocations=94 (full 3):
 PSYoungGen      total 19968K, used 19968K [0x00000000d5580000, 0x00000000d6d00000, 0x0000000100000000)
  eden space 18944K, 100% used [0x00000000d5580000,0x00000000d6800000,0x00000000d6800000)
  from space 1024K, 100% used [0x00000000d6a00000,0x00000000d6b00000,0x00000000d6b00000)
  to   space 2048K, 0% used [0x00000000d6800000,0x00000000d6800000,0x00000000d6a00000)
 ParOldGen       total 78336K, used 78062K [0x0000000080000000, 0x0000000084c80000, 0x00000000d5580000)
  object space 78336K, 99% used [0x0000000080000000,0x0000000084c3ba18,0x0000000084c80000)
 Metaspace       used 59505K, committed 61056K, reserved 1114112K
  class space    used 6337K, committed 7040K, reserved 1048576K
}
Event: 13.064 GC heap after
{Heap after GC invocations=94 (full 3):
 PSYoungGen      total 19968K, used 928K [0x00000000d5580000, 0x00000000d6b00000, 0x0000000100000000)
  eden space 18944K, 0% used [0x00000000d5580000,0x00000000d5580000,0x00000000d6800000)
  from space 1024K, 90% used [0x00000000d6800000,0x00000000d68e8000,0x00000000d6900000)
  to   space 1536K, 0% used [0x00000000d6980000,0x00000000d6980000,0x00000000d6b00000)
 ParOldGen       total 79360K, used 78948K [0x0000000080000000, 0x0000000084d80000, 0x00000000d5580000)
  object space 79360K, 99% used [0x0000000080000000,0x0000000084d192e8,0x0000000084d80000)
 Metaspace       used 59505K, committed 61056K, reserved 1114112K
  class space    used 6337K, committed 7040K, reserved 1048576K
}
Event: 13.081 GC heap before
{Heap before GC invocations=95 (full 3):
 PSYoungGen      total 19968K, used 19872K [0x00000000d5580000, 0x00000000d6b00000, 0x0000000100000000)
  eden space 18944K, 100% used [0x00000000d5580000,0x00000000d6800000,0x00000000d6800000)
  from space 1024K, 90% used [0x00000000d6800000,0x00000000d68e8000,0x00000000d6900000)
  to   space 1536K, 0% used [0x00000000d6980000,0x00000000d6980000,0x00000000d6b00000)
 ParOldGen       total 79360K, used 78948K [0x0000000080000000, 0x0000000084d80000, 0x00000000d5580000)
  object space 79360K, 99% used [0x0000000080000000,0x0000000084d192e8,0x0000000084d80000)
 Metaspace       used 59514K, committed 61056K, reserved 1114112K
  class space    used 6337K, committed 7040K, reserved 1048576K
}
Event: 13.082 GC heap after
{Heap after GC invocations=95 (full 3):
 PSYoungGen      total 20480K, used 1344K [0x00000000d5580000, 0x00000000d6b00000, 0x0000000100000000)
  eden space 18944K, 0% used [0x00000000d5580000,0x00000000d5580000,0x00000000d6800000)
  from space 1536K, 87% used [0x00000000d6980000,0x00000000d6ad0000,0x00000000d6b00000)
  to   space 1536K, 0% used [0x00000000d6800000,0x00000000d6800000,0x00000000d6980000)
 ParOldGen       total 79872K, used 79740K [0x0000000080000000, 0x0000000084e00000, 0x00000000d5580000)
  object space 79872K, 99% used [0x0000000080000000,0x0000000084ddf2f8,0x0000000084e00000)
 Metaspace       used 59514K, committed 61056K, reserved 1114112K
  class space    used 6337K, committed 7040K, reserved 1048576K
}
Event: 13.095 GC heap before
{Heap before GC invocations=96 (full 3):
 PSYoungGen      total 20480K, used 20288K [0x00000000d5580000, 0x00000000d6b00000, 0x0000000100000000)
  eden space 18944K, 100% used [0x00000000d5580000,0x00000000d6800000,0x00000000d6800000)
  from space 1536K, 87% used [0x00000000d6980000,0x00000000d6ad0000,0x00000000d6b00000)
  to   space 1536K, 0% used [0x00000000d6800000,0x00000000d6800000,0x00000000d6980000)
 ParOldGen       total 79872K, used 79740K [0x0000000080000000, 0x0000000084e00000, 0x00000000d5580000)
  object space 79872K, 99% used [0x0000000080000000,0x0000000084ddf2f8,0x0000000084e00000)
 Metaspace       used 59521K, committed 61056K, reserved 1114112K
  class space    used 6337K, committed 7040K, reserved 1048576K
}
Event: 15.125 GC heap after
{Heap after GC invocations=96 (full 3):
 PSYoungGen      total 20480K, used 1024K [0x00000000d5580000, 0x00000000d6f00000, 0x0000000100000000)
  eden space 18944K, 0% used [0x00000000d5580000,0x00000000d5580000,0x00000000d6800000)
  from space 1536K, 66% used [0x00000000d6800000,0x00000000d6900000,0x00000000d6980000)
  to   space 1536K, 0% used [0x00000000d6d80000,0x00000000d6d80000,0x00000000d6f00000)
 ParOldGen       total 80896K, used 80612K [0x0000000080000000, 0x0000000084f00000, 0x00000000d5580000)
  object space 80896K, 99% used [0x0000000080000000,0x0000000084eb9308,0x0000000084f00000)
 Metaspace       used 59521K, committed 61056K, reserved 1114112K
  class space    used 6337K, committed 7040K, reserved 1048576K
}
Event: 15.137 GC heap before
{Heap before GC invocations=97 (full 3):
 PSYoungGen      total 20480K, used 19968K [0x00000000d5580000, 0x00000000d6f00000, 0x0000000100000000)
  eden space 18944K, 100% used [0x00000000d5580000,0x00000000d6800000,0x00000000d6800000)
  from space 1536K, 66% used [0x00000000d6800000,0x00000000d6900000,0x00000000d6980000)
  to   space 1536K, 0% used [0x00000000d6d80000,0x00000000d6d80000,0x00000000d6f00000)
 ParOldGen       total 80896K, used 80612K [0x0000000080000000, 0x0000000084f00000, 0x00000000d5580000)
  object space 80896K, 99% used [0x0000000080000000,0x0000000084eb9308,0x0000000084f00000)
 Metaspace       used 59532K, committed 61056K, reserved 1114112K
  class space    used 6337K, committed 7040K, reserved 1048576K
}
Event: 15.138 GC heap after
{Heap after GC invocations=97 (full 3):
 PSYoungGen      total 24576K, used 1328K [0x00000000d5580000, 0x00000000d6f00000, 0x0000000100000000)
  eden space 23040K, 0% used [0x00000000d5580000,0x00000000d5580000,0x00000000d6c00000)
  from space 1536K, 86% used [0x00000000d6d80000,0x00000000d6ecc010,0x00000000d6f00000)
  to   space 1536K, 0% used [0x00000000d6c00000,0x00000000d6c00000,0x00000000d6d80000)
 ParOldGen       total 81920K, used 81504K [0x0000000080000000, 0x0000000085000000, 0x00000000d5580000)
  object space 81920K, 99% used [0x0000000080000000,0x0000000084f98328,0x0000000085000000)
 Metaspace       used 59532K, committed 61056K, reserved 1114112K
  class space    used 6337K, committed 7040K, reserved 1048576K
}
Event: 15.155 GC heap before
{Heap before GC invocations=98 (full 3):
 PSYoungGen      total 24576K, used 24368K [0x00000000d5580000, 0x00000000d6f00000, 0x0000000100000000)
  eden space 23040K, 100% used [0x00000000d5580000,0x00000000d6c00000,0x00000000d6c00000)
  from space 1536K, 86% used [0x00000000d6d80000,0x00000000d6ecc010,0x00000000d6f00000)
  to   space 1536K, 0% used [0x00000000d6c00000,0x00000000d6c00000,0x00000000d6d80000)
 ParOldGen       total 81920K, used 81504K [0x0000000080000000, 0x0000000085000000, 0x00000000d5580000)
  object space 81920K, 99% used [0x0000000080000000,0x0000000084f98328,0x0000000085000000)
 Metaspace       used 59558K, committed 61056K, reserved 1114112K
  class space    used 6337K, committed 7040K, reserved 1048576K
}
Event: 15.157 GC heap after
{Heap after GC invocations=98 (full 3):
 PSYoungGen      total 24064K, used 1248K [0x00000000d5580000, 0x00000000d6e80000, 0x0000000100000000)
  eden space 22528K, 0% used [0x00000000d5580000,0x00000000d5580000,0x00000000d6b80000)
  from space 1536K, 81% used [0x00000000d6c00000,0x00000000d6d38000,0x00000000d6d80000)
  to   space 1024K, 0% used [0x00000000d6d80000,0x00000000d6d80000,0x00000000d6e80000)
 ParOldGen       total 82432K, used 82307K [0x0000000080000000, 0x0000000085080000, 0x00000000d5580000)
  object space 82432K, 99% used [0x0000000080000000,0x0000000085060f30,0x0000000085080000)
 Metaspace       used 59558K, committed 61056K, reserved 1114112K
  class space    used 6337K, committed 7040K, reserved 1048576K
}
Event: 15.169 GC heap before
{Heap before GC invocations=99 (full 3):
 PSYoungGen      total 24064K, used 23776K [0x00000000d5580000, 0x00000000d6e80000, 0x0000000100000000)
  eden space 22528K, 100% used [0x00000000d5580000,0x00000000d6b80000,0x00000000d6b80000)
  from space 1536K, 81% used [0x00000000d6c00000,0x00000000d6d38000,0x00000000d6d80000)
  to   space 1024K, 0% used [0x00000000d6d80000,0x00000000d6d80000,0x00000000d6e80000)
 ParOldGen       total 82432K, used 82307K [0x0000000080000000, 0x0000000085080000, 0x00000000d5580000)
  object space 82432K, 99% used [0x0000000080000000,0x0000000085060f30,0x0000000085080000)
 Metaspace       used 59559K, committed 61056K, reserved 1114112K
  class space    used 6337K, committed 7040K, reserved 1048576K
}
Event: 15.170 GC heap after
{Heap after GC invocations=99 (full 3):
 PSYoungGen      total 23040K, used 1008K [0x00000000d5580000, 0x00000000d7000000, 0x0000000100000000)
  eden space 22016K, 0% used [0x00000000d5580000,0x00000000d5580000,0x00000000d6b00000)
  from space 1024K, 98% used [0x00000000d6d80000,0x00000000d6e7c010,0x00000000d6e80000)
  to   space 2560K, 0% used [0x00000000d6b00000,0x00000000d6b00000,0x00000000d6d80000)
 ParOldGen       total 83456K, used 83367K [0x0000000080000000, 0x0000000085180000, 0x00000000d5580000)
  object space 83456K, 99% used [0x0000000080000000,0x0000000085169f50,0x0000000085180000)
 Metaspace       used 59559K, committed 61056K, reserved 1114112K
  class space    used 6337K, committed 7040K, reserved 1048576K
}

Dll operation events (10 events):
Event: 0.026 Loaded shared library c:\Users\gabri\.vscode\extensions\redhat.java-1.51.0-win32-x64\jre\21.0.9-win32-x86_64\bin\java.dll
Event: 0.089 Loaded shared library c:\Users\gabri\.vscode\extensions\redhat.java-1.51.0-win32-x64\jre\21.0.9-win32-x86_64\bin\zip.dll
Event: 0.110 Loaded shared library C:\Users\gabri\.vscode\extensions\redhat.java-1.51.0-win32-x64\jre\21.0.9-win32-x86_64\bin\instrument.dll
Event: 0.116 Loaded shared library C:\Users\gabri\.vscode\extensions\redhat.java-1.51.0-win32-x64\jre\21.0.9-win32-x86_64\bin\net.dll
Event: 0.118 Loaded shared library C:\Users\gabri\.vscode\extensions\redhat.java-1.51.0-win32-x64\jre\21.0.9-win32-x86_64\bin\nio.dll
Event: 0.122 Loaded shared library C:\Users\gabri\.vscode\extensions\redhat.java-1.51.0-win32-x64\jre\21.0.9-win32-x86_64\bin\zip.dll
Event: 0.139 Loaded shared library C:\Users\gabri\.vscode\extensions\redhat.java-1.51.0-win32-x64\jre\21.0.9-win32-x86_64\bin\jimage.dll
Event: 0.210 Loaded shared library c:\Users\gabri\.vscode\extensions\redhat.java-1.51.0-win32-x64\jre\21.0.9-win32-x86_64\bin\verify.dll
Event: 1.329 Loaded shared library C:\Users\gabri\AppData\Roaming\Code\User\globalStorage\redhat.java\1.51.0\config_win\org.eclipse.equinox.launcher\org.eclipse.equinox.launcher.win32.win32.x86_64_1.2.1400.v20250801-0854\eclipse_11916.dll
Event: 2.655 Loaded shared library C:\Users\gabri\AppData\Local\Temp\jna-98110207\jna5851485798381665374.dll

Deoptimization events (20 events):
Event: 13.005 Thread 0x000001de060ba9b0 DEOPT PACKING pc=0x000001de28849aad sp=0x0000003b8a1fef20
Event: 13.005 Thread 0x000001de060ba9b0 DEOPT UNPACKING pc=0x000001de2edb4242 sp=0x0000003b8a1fe3d8 mode 0
Event: 13.009 Thread 0x000001de7e9f0550 Uncommon trap: trap_request=0xffffffdc fr.pc=0x000001de2f824650 relative=0x0000000000000270
Event: 13.009 Thread 0x000001de7e9f0550 Uncommon trap: reason=class_check action=make_not_entrant pc=0x000001de2f824650 method=java.util.ImmutableCollections$ListN.toArray([Ljava/lang/Object;)[Ljava/lang/Object; @ 21 c2
Event: 13.009 Thread 0x000001de7e9f0550 DEOPT PACKING pc=0x000001de2f824650 sp=0x0000003b883fe280
Event: 13.009 Thread 0x000001de7e9f0550 DEOPT UNPACKING pc=0x000001de2edb3aa2 sp=0x0000003b883fe1d0 mode 2
Event: 13.014 Thread 0x000001de7e9f0550 DEOPT PACKING pc=0x000001de2855e8a6 sp=0x0000003b883fe250
Event: 13.014 Thread 0x000001de7e9f0550 DEOPT UNPACKING pc=0x000001de2edb4242 sp=0x0000003b883fd740 mode 0
Event: 13.075 Thread 0x000001de060ba320 Uncommon trap: trap_request=0xffffff45 fr.pc=0x000001de2f813930 relative=0x0000000000000690
Event: 13.076 Thread 0x000001de060ba320 Uncommon trap: reason=unstable_if action=reinterpret pc=0x000001de2f813930 method=org.codehaus.plexus.util.xml.pull.MXParser.isValidCodePoint(I)Z @ 15 c2
Event: 13.076 Thread 0x000001de060ba320 DEOPT PACKING pc=0x000001de2f813930 sp=0x0000003b89ffe030
Event: 13.076 Thread 0x000001de060ba320 DEOPT UNPACKING pc=0x000001de2edb3aa2 sp=0x0000003b89ffdf48 mode 2
Event: 13.076 Thread 0x000001de060ba320 Uncommon trap: trap_request=0xffffff45 fr.pc=0x000001de2f4ed77c relative=0x000000000000005c
Event: 13.076 Thread 0x000001de060ba320 Uncommon trap: reason=unstable_if action=reinterpret pc=0x000001de2f4ed77c method=org.codehaus.plexus.util.xml.pull.MXParser.isValidCodePoint(I)Z @ 15 c2
Event: 13.077 Thread 0x000001de060ba320 DEOPT PACKING pc=0x000001de2f4ed77c sp=0x0000003b89ffdfb0
Event: 13.077 Thread 0x000001de060ba320 DEOPT UNPACKING pc=0x000001de2edb3aa2 sp=0x0000003b89ffdf48 mode 2
Event: 13.093 Thread 0x000001de04b215f0 DEOPT PACKING pc=0x000001de28aa11cd sp=0x0000003b89dfe620
Event: 13.095 Thread 0x000001de04b215f0 DEOPT UNPACKING pc=0x000001de2edb4242 sp=0x0000003b89dfdb58 mode 0
Event: 15.164 Thread 0x000001de060ba9b0 DEOPT PACKING pc=0x000001de28aa11cd sp=0x0000003b8a1fe8b0
Event: 15.164 Thread 0x000001de060ba9b0 DEOPT UNPACKING pc=0x000001de2edb4242 sp=0x0000003b8a1fdde8 mode 0

Classes loaded (20 events):
Event: 8.703 Loading class java/util/stream/Nodes$IntArrayNode done
Event: 8.703 Loading class java/util/stream/Nodes$IntFixedNodeBuilder done
Event: 8.703 Loading class java/util/stream/ReferencePipeline$4$1
Event: 8.703 Loading class java/util/stream/ReferencePipeline$4$1 done
Event: 8.745 Loading class java/util/Hashtable$ValueCollection
Event: 8.745 Loading class java/util/Hashtable$ValueCollection done
Event: 8.819 Loading class java/nio/charset/CharacterCodingException
Event: 8.819 Loading class java/nio/charset/CharacterCodingException done
Event: 8.819 Loading class java/io/SequenceInputStream
Event: 8.819 Loading class java/io/SequenceInputStream done
Event: 8.845 Loading class java/util/WeakHashMap$KeyIterator
Event: 8.845 Loading class java/util/WeakHashMap$KeyIterator done
Event: 8.907 Loading class java/util/concurrent/CompletableFuture$UniApply
Event: 8.908 Loading class java/util/concurrent/CompletableFuture$UniApply done
Event: 8.908 Loading class java/util/concurrent/CompletableFuture$UniExceptionally
Event: 8.909 Loading class java/util/concurrent/CompletableFuture$UniExceptionally done
Event: 8.972 Loading class java/util/Hashtable$KeySet
Event: 8.972 Loading class java/util/Hashtable$KeySet done
Event: 11.266 Loading class java/lang/UnsupportedClassVersionError
Event: 11.266 Loading class java/lang/UnsupportedClassVersionError done

Classes unloaded (7 events):
Event: 3.125 Thread 0x000001de24582530 Unloading class 0x000001de3c1a5000 'java/lang/invoke/LambdaForm$MH+0x000001de3c1a5000'
Event: 3.125 Thread 0x000001de24582530 Unloading class 0x000001de3c1a4c00 'java/lang/invoke/LambdaForm$MH+0x000001de3c1a4c00'
Event: 3.125 Thread 0x000001de24582530 Unloading class 0x000001de3c1a4800 'java/lang/invoke/LambdaForm$MH+0x000001de3c1a4800'
Event: 3.125 Thread 0x000001de24582530 Unloading class 0x000001de3c1a4400 'java/lang/invoke/LambdaForm$MH+0x000001de3c1a4400'
Event: 3.125 Thread 0x000001de24582530 Unloading class 0x000001de3c1a4000 'java/lang/invoke/LambdaForm$BMH+0x000001de3c1a4000'
Event: 3.125 Thread 0x000001de24582530 Unloading class 0x000001de3c1a3c00 'java/lang/invoke/LambdaForm$DMH+0x000001de3c1a3c00'
Event: 3.125 Thread 0x000001de24582530 Unloading class 0x000001de3c1a2800 'java/lang/invoke/LambdaForm$DMH+0x000001de3c1a2800'

Classes redefined (0 events):
No events

Internal exceptions (20 events):
Event: 8.994 Thread 0x000001de7e9ef830 Exception <a 'sun/nio/fs/WindowsException'{0x00000000d5ca0528}> (0x00000000d5ca0528) 
thrown [s\src\hotspot\share\prims\jni.cpp, line 520]
Event: 8.994 Thread 0x000001de7e9ef830 Exception <a 'sun/nio/fs/WindowsException'{0x00000000d5ca0c40}> (0x00000000d5ca0c40) 
thrown [s\src\hotspot\share\prims\jni.cpp, line 520]
Event: 8.995 Thread 0x000001de7e9ef830 Exception <a 'sun/nio/fs/WindowsException'{0x00000000d5ca1c50}> (0x00000000d5ca1c50) 
thrown [s\src\hotspot\share\prims\jni.cpp, line 520]
Event: 8.995 Thread 0x000001de7e9ef830 Exception <a 'sun/nio/fs/WindowsException'{0x00000000d5ca2368}> (0x00000000d5ca2368) 
thrown [s\src\hotspot\share\prims\jni.cpp, line 520]
Event: 8.996 Thread 0x000001de04b1c730 Exception <a 'java/lang/IncompatibleClassChangeError'{0x00000000d5c7e9c8}: Found class java.lang.Object, but interface was expected> (0x00000000d5c7e9c8) 
thrown [s\src\hotspot\share\interpreter\linkResolver.cpp, line 840]
Event: 8.998 Thread 0x000001de04b1c730 Exception <a 'java/lang/IncompatibleClassChangeError'{0x00000000d5c888a0}: Found class java.lang.Object, but interface was expected> (0x00000000d5c888a0) 
thrown [s\src\hotspot\share\interpreter\linkResolver.cpp, line 840]
Event: 9.000 Thread 0x000001de04b1c730 Exception <a 'java/lang/IncompatibleClassChangeError'{0x00000000d5c930f8}: Found class java.lang.Object, but interface was expected> (0x00000000d5c930f8) 
thrown [s\src\hotspot\share\interpreter\linkResolver.cpp, line 840]
Event: 9.002 Thread 0x000001de7e9ef830 Exception <a 'java/io/FileNotFoundException'{0x00000000d5d732e0}> (0x00000000d5d732e0) 
thrown [s\src\hotspot\share\prims\jni.cpp, line 520]
Event: 9.003 Thread 0x000001de7e9ef830 Exception <a 'java/io/FileNotFoundException'{0x00000000d5d74098}> (0x00000000d5d74098) 
thrown [s\src\hotspot\share\prims\jni.cpp, line 520]
Event: 9.012 Thread 0x000001de7e9ef830 Exception <a 'sun/nio/fs/WindowsException'{0x00000000d5dff1e8}> (0x00000000d5dff1e8) 
thrown [s\src\hotspot\share\prims\jni.cpp, line 520]
Event: 9.012 Thread 0x000001de7e9ef830 Exception <a 'sun/nio/fs/WindowsException'{0x00000000d5dff900}> (0x00000000d5dff900) 
thrown [s\src\hotspot\share\prims\jni.cpp, line 520]
Event: 9.199 Thread 0x000001de7e9ef830 Exception <a 'java/lang/NoSuchMethodError'{0x00000000d65529b8}: 'void java.lang.invoke.DirectMethodHandle$Holder.invokeStatic(java.lang.Object, java.lang.Object, java.lang.Object, int)'> (0x00000000d65529b8) 
thrown [s\src\hotspot\share\interpreter\linkResolver.cpp, line 773]
Event: 11.235 Thread 0x000001de7e9f0550 Exception <a 'java/lang/NoSuchMethodError'{0x00000000d65c8650}: 'java.lang.Object java.lang.invoke.DirectMethodHandle$Holder.invokeSpecial(java.lang.Object, java.lang.Object, int, long)'> (0x00000000d65c8650) 
thrown [s\src\hotspot\share\interpreter\linkResolver.cpp, line 773]
Event: 11.241 Thread 0x000001de7e9ef830 Exception <a 'java/lang/NoSuchMethodError'{0x00000000d6623060}: 'void java.lang.invoke.DirectMethodHandle$Holder.invokeVirtual(java.lang.Object, java.lang.Object, int)'> (0x00000000d6623060) 
thrown [s\src\hotspot\share\interpreter\linkResolver.cpp, line 773]
Event: 11.292 Thread 0x000001de04b1c0a0 Exception <a 'java/lang/NoSuchMethodError'{0x00000000d683b318}: 'int java.lang.invoke.Invokers$Holder.invokeExact_MT(java.lang.Object, java.lang.Object)'> (0x00000000d683b318) 
thrown [s\src\hotspot\share\interpreter\linkResolver.cpp, line 773]
Event: 11.639 Thread 0x000001de04b19fd0 Implicit null exception at 0x000001de2f667da4 to 0x000001de2f6680d0
Event: 12.560 Thread 0x000001de7e9ef830 Exception <a 'java/lang/NoSuchMethodError'{0x00000000d6318b48}: 'void java.lang.invoke.DirectMethodHandle$Holder.invokeInterface(java.lang.Object, java.lang.Object)'> (0x00000000d6318b48) 
thrown [s\src\hotspot\share\interpreter\linkResolver.cpp, line 773]
Event: 12.580 Thread 0x000001de060ba9b0 Exception <a 'java/lang/NoSuchMethodError'{0x00000000d62aa680}: 'void java.lang.invoke.DirectMethodHandle$Holder.invokeSpecial(java.lang.Object, java.lang.Object, java.lang.Object, java.lang.Object, java.lang.Object, java.lang.Object, java.lang.Object, java.lang.Object)'> (0x00000000d62aa680) 
thrown [s\src\hotspot\share\interpreter\linkResolver.cpp, line 773]
Event: 12.580 Thread 0x000001de060ba320 Exception <a 'java/lang/NoSuchMethodError'{0x00000000d6322b88}: 'void java.lang.invoke.DirectMethodHandle$Holder.invokeSpecial(java.lang.Object, java.lang.Object, java.lang.Object, java.lang.Object, java.lang.Object, java.lang.Object, java.lang.Object, java.lang.Object)'> (0x00000000d6322b88) 
thrown [s\src\hotspot\share\interpreter\linkResolver.cpp, line 773]
Event: 12.893 Thread 0x000001de04b1c0a0 Exception <a 'java/lang/IncompatibleClassChangeError'{0x00000000d6083ff8}: Found class java.lang.Object, but interface was expected> (0x00000000d6083ff8) 
thrown [s\src\hotspot\share\interpreter\linkResolver.cpp, line 840]

ZGC Phase Switch (0 events):
No events

VM Operations (20 events):
Event: 12.979 Executing VM operation: ParallelGCFailedAllocation (Allocation Failure) done
Event: 12.999 Executing VM operation: ParallelGCFailedAllocation (Allocation Failure)
Event: 13.001 Executing VM operation: ParallelGCFailedAllocation (Allocation Failure) done
Event: 13.014 Executing VM operation: ParallelGCFailedAllocation (Allocation Failure)
Event: 13.017 Executing VM operation: ParallelGCFailedAllocation (Allocation Failure) done
Event: 13.048 Executing VM operation: ParallelGCFailedAllocation (Allocation Failure)
Event: 13.050 Executing VM operation: ParallelGCFailedAllocation (Allocation Failure) done
Event: 13.062 Executing VM operation: ParallelGCFailedAllocation (Allocation Failure)
Event: 13.064 Executing VM operation: ParallelGCFailedAllocation (Allocation Failure) done
Event: 13.080 Executing VM operation: ParallelGCFailedAllocation (Allocation Failure)
Event: 13.082 Executing VM operation: ParallelGCFailedAllocation (Allocation Failure) done
Event: 13.095 Executing VM operation: ParallelGCFailedAllocation (Allocation Failure)
Event: 15.125 Executing VM operation: ParallelGCFailedAllocation (Allocation Failure) done
Event: 15.137 Executing VM operation: ParallelGCFailedAllocation (Allocation Failure)
Event: 15.138 Executing VM operation: ParallelGCFailedAllocation (Allocation Failure) done
Event: 15.155 Executing VM operation: ParallelGCFailedAllocation (Allocation Failure)
Event: 15.157 Executing VM operation: ParallelGCFailedAllocation (Allocation Failure) done
Event: 15.169 Executing VM operation: ParallelGCFailedAllocation (Allocation Failure)
Event: 15.170 Executing VM operation: ParallelGCFailedAllocation (Allocation Failure) done
Event: 15.183 Executing VM operation: ParallelGCFailedAllocation (Allocation Failure)

Memory protections (0 events):
No events

Nmethod flushes (20 events):
Event: 11.684 Thread 0x000001de24582530 flushing  nmethod 0x000001de2801ea90
Event: 11.684 Thread 0x000001de24582530 flushing osr nmethod 0x000001de2802f310
Event: 11.684 Thread 0x000001de24582530 flushing osr nmethod 0x000001de28031010
Event: 11.684 Thread 0x000001de24582530 flushing osr nmethod 0x000001de2807cf90
Event: 11.684 Thread 0x000001de24582530 flushing  nmethod 0x000001de28092090
Event: 11.684 Thread 0x000001de24582530 flushing  nmethod 0x000001de280a2c10
Event: 11.684 Thread 0x000001de24582530 flushing  nmethod 0x000001de280bd990
Event: 11.684 Thread 0x000001de24582530 flushing  nmethod 0x000001de280e3510
Event: 11.684 Thread 0x000001de24582530 flushing  nmethod 0x000001de280e3b10
Event: 11.684 Thread 0x000001de24582530 flushing  nmethod 0x000001de280e7010
Event: 11.684 Thread 0x000001de24582530 flushing  nmethod 0x000001de280e7b10
Event: 11.684 Thread 0x000001de24582530 flushing  nmethod 0x000001de280e8490
Event: 11.684 Thread 0x000001de24582530 flushing  nmethod 0x000001de280ea190
Event: 11.684 Thread 0x000001de24582530 flushing  nmethod 0x000001de280f3910
Event: 11.684 Thread 0x000001de24582530 flushing  nmethod 0x000001de280f7c10
Event: 11.684 Thread 0x000001de24582530 flushing  nmethod 0x000001de28124090
Event: 11.684 Thread 0x000001de24582530 flushing  nmethod 0x000001de28167390
Event: 11.684 Thread 0x000001de24582530 flushing  nmethod 0x000001de28172510
Event: 11.684 Thread 0x000001de24582530 flushing  nmethod 0x000001de28174010
Event: 11.684 Thread 0x000001de24582530 flushing  nmethod 0x000001de28184010

Events (20 events):
Event: 4.212 Thread 0x000001de2462a5c0 Thread added: 0x000001de7e9f6130
Event: 4.212 Thread 0x000001de2462a5c0 Thread added: 0x000001de7e9f4060
Event: 4.212 Thread 0x000001de2462a5c0 Thread added: 0x000001de7e9f2cb0
Event: 4.233 Thread 0x000001de2462a5c0 Thread added: 0x000001de7e9f39d0
Event: 4.691 Thread 0x000001de2462a5c0 Thread added: 0x000001de04b1d450
Event: 4.692 Thread 0x000001de2462a5c0 Thread added: 0x000001de04b1c730
Event: 4.803 Thread 0x000001de7e9f1900 Thread added: 0x000001de04b1ba10
Event: 4.803 Thread 0x000001de7e9f1900 Thread added: 0x000001de04b19fd0
Event: 4.804 Thread 0x000001de04b19fd0 Thread added: 0x000001de04b1acf0
Event: 4.804 Thread 0x000001de04b1ba10 Thread added: 0x000001de04b1c0a0
Event: 4.806 Thread 0x000001de04b1acf0 Thread added: 0x000001de04b1cdc0
Event: 4.810 Thread 0x000001de04b1c0a0 Thread added: 0x000001de04b1dae0
Event: 4.814 Thread 0x000001de04b1cdc0 Thread added: 0x000001de04b1a660
Event: 6.472 Thread 0x000001de7ef8bfa0 Thread exited: 0x000001de7ef8bfa0
Event: 6.949 Thread 0x000001de245c9960 Thread added: 0x000001de05f1f6a0
Event: 12.576 Thread 0x000001de7e9ef830 Thread added: 0x000001de04b215f0
Event: 12.576 Thread 0x000001de7e9ef830 Thread added: 0x000001de060bd110
Event: 12.577 Thread 0x000001de7e9ef830 Thread added: 0x000001de060ba320
Event: 12.577 Thread 0x000001de7e9ef830 Thread added: 0x000001de060bd7a0
Event: 12.578 Thread 0x000001de7e9ef830 Thread added: 0x000001de060ba9b0


Dynamic libraries:
0x00007ff65cb80000 - 0x00007ff65cb8e000 	c:\Users\gabri\.vscode\extensions\redhat.java-1.51.0-win32-x64\jre\21.0.9-win32-x86_64\bin\java.exe
0x00007ffd96000000 - 0x00007ffd96267000 	C:\WINDOWS\SYSTEM32\ntdll.dll
0x00007ffd94330000 - 0x00007ffd943f9000 	C:\WINDOWS\System32\KERNEL32.DLL
0x00007ffd93830000 - 0x00007ffd93c1f000 	C:\WINDOWS\System32\KERNELBASE.dll
0x00007ffd93620000 - 0x00007ffd9376b000 	C:\WINDOWS\System32\ucrtbase.dll
0x00007ffd81b70000 - 0x00007ffd81b88000 	c:\Users\gabri\.vscode\extensions\redhat.java-1.51.0-win32-x64\jre\21.0.9-win32-x86_64\bin\jli.dll
0x00007ffd81fd0000 - 0x00007ffd81fee000 	c:\Users\gabri\.vscode\extensions\redhat.java-1.51.0-win32-x64\jre\21.0.9-win32-x86_64\bin\VCRUNTIME140.dll
0x00007ffd95a20000 - 0x00007ffd95be5000 	C:\WINDOWS\System32\USER32.dll
0x00007ffd93770000 - 0x00007ffd93797000 	C:\WINDOWS\System32\win32u.dll
0x00007ffd94c50000 - 0x00007ffd94c7b000 	C:\WINDOWS\System32\GDI32.dll
0x00007ffd93370000 - 0x00007ffd9349c000 	C:\WINDOWS\System32\gdi32full.dll
0x00007ffd7a140000 - 0x00007ffd7a3d3000 	C:\WINDOWS\WinSxS\amd64_microsoft.windows.common-controls_6595b64144ccf1df_6.0.26100.7309_none_3e05feeae336a044\COMCTL32.dll
0x00007ffd94ba0000 - 0x00007ffd94c49000 	C:\WINDOWS\System32\msvcrt.dll
0x00007ffd93210000 - 0x00007ffd932b3000 	C:\WINDOWS\System32\msvcp_win.dll
0x00007ffd94400000 - 0x00007ffd94431000 	C:\WINDOWS\System32\IMM32.DLL
0x00007ffd8dff0000 - 0x00007ffd8dffc000 	c:\Users\gabri\.vscode\extensions\redhat.java-1.51.0-win32-x64\jre\21.0.9-win32-x86_64\bin\vcruntime140_1.dll
0x00007ffd68580000 - 0x00007ffd6860d000 	c:\Users\gabri\.vscode\extensions\redhat.java-1.51.0-win32-x64\jre\21.0.9-win32-x86_64\bin\msvcp140.dll
0x00007ffce1cd0000 - 0x00007ffce2a70000 	c:\Users\gabri\.vscode\extensions\redhat.java-1.51.0-win32-x64\jre\21.0.9-win32-x86_64\bin\server\jvm.dll
0x00007ffd954a0000 - 0x00007ffd95554000 	C:\WINDOWS\System32\ADVAPI32.dll
0x00007ffd95bf0000 - 0x00007ffd95c96000 	C:\WINDOWS\System32\sechost.dll
0x00007ffd94070000 - 0x00007ffd94188000 	C:\WINDOWS\System32\RPCRT4.dll
0x00007ffd942b0000 - 0x00007ffd94324000 	C:\WINDOWS\System32\WS2_32.dll
0x00007ffd92fb0000 - 0x00007ffd9300e000 	C:\WINDOWS\SYSTEM32\POWRPROF.dll
0x00007ffd8add0000 - 0x00007ffd8addb000 	C:\WINDOWS\SYSTEM32\VERSION.dll
0x00007ffd80b60000 - 0x00007ffd80b95000 	C:\WINDOWS\SYSTEM32\WINMM.dll
0x00007ffd92f90000 - 0x00007ffd92fa4000 	C:\WINDOWS\SYSTEM32\UMPDC.dll
0x00007ffd91ec0000 - 0x00007ffd91edb000 	C:\WINDOWS\SYSTEM32\kernel.appcore.dll
0x00007ffd8dfb0000 - 0x00007ffd8dfba000 	c:\Users\gabri\.vscode\extensions\redhat.java-1.51.0-win32-x64\jre\21.0.9-win32-x86_64\bin\jimage.dll
0x00007ffd7a3e0000 - 0x00007ffd7a622000 	C:\WINDOWS\SYSTEM32\DBGHELP.DLL
0x00007ffd94dd0000 - 0x00007ffd95155000 	C:\WINDOWS\System32\combase.dll
0x00007ffd94ce0000 - 0x00007ffd94db6000 	C:\WINDOWS\System32\OLEAUT32.dll
0x00007ffd6af60000 - 0x00007ffd6af9c000 	C:\WINDOWS\SYSTEM32\dbgcore.DLL
0x00007ffd932c0000 - 0x00007ffd93365000 	C:\WINDOWS\System32\bcryptPrimitives.dll
0x00007ffd8d630000 - 0x00007ffd8d63f000 	c:\Users\gabri\.vscode\extensions\redhat.java-1.51.0-win32-x64\jre\21.0.9-win32-x86_64\bin\instrument.dll
0x00007ffd82010000 - 0x00007ffd82030000 	c:\Users\gabri\.vscode\extensions\redhat.java-1.51.0-win32-x64\jre\21.0.9-win32-x86_64\bin\java.dll
0x00007ffd94440000 - 0x00007ffd94b93000 	C:\WINDOWS\System32\SHELL32.dll
0x00007ffd93c30000 - 0x00007ffd93d9a000 	C:\WINDOWS\System32\wintypes.dll
0x00007ffd90d30000 - 0x00007ffd9158e000 	C:\WINDOWS\SYSTEM32\windows.storage.dll
0x00007ffd95ec0000 - 0x00007ffd95fb5000 	C:\WINDOWS\System32\SHCORE.dll
0x00007ffd952d0000 - 0x00007ffd95336000 	C:\WINDOWS\System32\shlwapi.dll
0x00007ffd93070000 - 0x00007ffd93099000 	C:\WINDOWS\SYSTEM32\profapi.dll
0x00007ffd81850000 - 0x00007ffd81868000 	c:\Users\gabri\.vscode\extensions\redhat.java-1.51.0-win32-x64\jre\21.0.9-win32-x86_64\bin\zip.dll
0x00007ffd83520000 - 0x00007ffd83530000 	C:\Users\gabri\.vscode\extensions\redhat.java-1.51.0-win32-x64\jre\21.0.9-win32-x86_64\bin\net.dll
0x00007ffd89a70000 - 0x00007ffd89b98000 	C:\WINDOWS\SYSTEM32\WINHTTP.dll
0x00007ffd92420000 - 0x00007ffd9248b000 	C:\WINDOWS\system32\mswsock.dll
0x00007ffd81830000 - 0x00007ffd81846000 	C:\Users\gabri\.vscode\extensions\redhat.java-1.51.0-win32-x64\jre\21.0.9-win32-x86_64\bin\nio.dll
0x00007ffd832b0000 - 0x00007ffd832c0000 	c:\Users\gabri\.vscode\extensions\redhat.java-1.51.0-win32-x64\jre\21.0.9-win32-x86_64\bin\verify.dll
0x00007ffd80cc0000 - 0x00007ffd80d04000 	C:\Users\gabri\AppData\Roaming\Code\User\globalStorage\redhat.java\1.51.0\config_win\org.eclipse.equinox.launcher\org.eclipse.equinox.launcher.win32.win32.x86_64_1.2.1400.v20250801-0854\eclipse_11916.dll
0x00007ffd95ca0000 - 0x00007ffd95e37000 	C:\WINDOWS\System32\ole32.dll
0x00007ffd92720000 - 0x00007ffd9273b000 	C:\WINDOWS\SYSTEM32\CRYPTSP.dll
0x00007ffd91e20000 - 0x00007ffd91e5a000 	C:\WINDOWS\system32\rsaenh.dll
0x00007ffd924d0000 - 0x00007ffd924fb000 	C:\WINDOWS\SYSTEM32\USERENV.dll
0x00007ffd93040000 - 0x00007ffd9306a000 	C:\WINDOWS\SYSTEM32\bcrypt.dll
0x00007ffd92710000 - 0x00007ffd9271c000 	C:\WINDOWS\SYSTEM32\CRYPTBASE.dll
0x00007ffd918b0000 - 0x00007ffd918e4000 	C:\WINDOWS\SYSTEM32\IPHLPAPI.DLL
0x00007ffd94dc0000 - 0x00007ffd94dca000 	C:\WINDOWS\System32\NSI.dll
0x00007ffd6d4c0000 - 0x00007ffd6d509000 	C:\Users\gabri\AppData\Local\Temp\jna-98110207\jna5851485798381665374.dll
0x00007ffd95340000 - 0x00007ffd95348000 	C:\WINDOWS\System32\PSAPI.DLL
0x00007ffd89920000 - 0x00007ffd8993e000 	C:\WINDOWS\SYSTEM32\dhcpcsvc6.DLL
0x00007ffd897d0000 - 0x00007ffd897f3000 	C:\WINDOWS\SYSTEM32\dhcpcsvc.DLL

JVMTI agents:
c:\Users\gabri\.vscode\extensions\redhat.java-1.51.0-win32-x64\lombok\lombok-1.18.39-4050.jar path:c:\Users\gabri\.vscode\extensions\redhat.java-1.51.0-win32-x64\jre\21.0.9-win32-x86_64\bin\instrument.dll, loaded, initialized, instrumentlib options:none

dbghelp: loaded successfully - version: 4.0.5 - missing functions: none
symbol engine: initialized successfully - sym options: 0x614 - pdb path: .;c:\Users\gabri\.vscode\extensions\redhat.java-1.51.0-win32-x64\jre\21.0.9-win32-x86_64\bin;C:\WINDOWS\SYSTEM32;C:\WINDOWS\WinSxS\amd64_microsoft.windows.common-controls_6595b64144ccf1df_6.0.26100.7309_none_3e05feeae336a044;c:\Users\gabri\.vscode\extensions\redhat.java-1.51.0-win32-x64\jre\21.0.9-win32-x86_64\bin\server;C:\Users\gabri\AppData\Roaming\Code\User\globalStorage\redhat.java\1.51.0\config_win\org.eclipse.equinox.launcher\org.eclipse.equinox.launcher.win32.win32.x86_64_1.2.1400.v20250801-0854;C:\Users\gabri\AppData\Local\Temp\jna-98110207

VM Arguments:
jvm_args: --add-modules=ALL-SYSTEM --add-opens=java.base/java.util=ALL-UNNAMED --add-opens=java.base/java.lang=ALL-UNNAMED --add-opens=java.base/sun.nio.fs=ALL-UNNAMED -Declipse.application=org.eclipse.jdt.ls.core.id1 -Dosgi.bundles.defaultStartLevel=4 -Declipse.product=org.eclipse.jdt.ls.core.product -Djava.import.generatesMetadataFilesAtProjectRoot=false -DDetectVMInstallationsJob.disabled=true -Dfile.encoding=utf8 -XX:+UseParallelGC -XX:GCTimeRatio=4 -XX:AdaptiveSizePolicyWeight=90 -Dsun.zip.disableMemoryMapping=true -Xmx2G -Xms100m -Xlog:disable -javaagent:c:\Users\gabri\.vscode\extensions\redhat.java-1.51.0-win32-x64\lombok\lombok-1.18.39-4050.jar -XX:+HeapDumpOnOutOfMemoryError -XX:HeapDumpPath=c:\Users\gabri\AppData\Roaming\Code\User\workspaceStorage\e14d0158649c4a8f8b96c9572e09e2af\redhat.java -Daether.dependencyCollector.impl=bf 
java_command: c:\Users\gabri\.vscode\extensions\redhat.java-1.51.0-win32-x64\server\plugins\org.eclipse.equinox.launcher_1.7.100.v20251111-0406.jar -configuration c:\Users\gabri\AppData\Roaming\Code\User\globalStorage\redhat.java\1.51.0\config_win -data c:\Users\gabri\AppData\Roaming\Code\User\workspaceStorage\e14d0158649c4a8f8b96c9572e09e2af\redhat.java\jdt_ws --pipe=\\.\pipe\lsp-437cefb352332286d1bade7aca538431-sock
java_class_path (initial): c:\Users\gabri\.vscode\extensions\redhat.java-1.51.0-win32-x64\server\plugins\org.eclipse.equinox.launcher_1.7.100.v20251111-0406.jar
Launcher Type: SUN_STANDARD

[Global flags]
    uintx AdaptiveSizePolicyWeight                 = 90                                        {product} {command line}
     intx CICompilerCount                          = 4                                         {product} {ergonomic}
    uintx GCTimeRatio                              = 4                                         {product} {command line}
     bool HeapDumpOnOutOfMemoryError               = true                                   {manageable} {command line}
    ccstr HeapDumpPath                             = c:\Users\gabri\AppData\Roaming\Code\User\workspaceStorage\e14d0158649c4a8f8b96c9572e09e2af\redhat.java         {manageable} {command line}
   size_t InitialHeapSize                          = 104857600                                 {product} {command line}
   size_t MaxHeapSize                              = 2147483648                                {product} {command line}
   size_t MaxNewSize                               = 715653120                                 {product} {ergonomic}
   size_t MinHeapDeltaBytes                        = 524288                                    {product} {ergonomic}
   size_t MinHeapSize                              = 104857600                                 {product} {command line}
   size_t NewSize                                  = 34603008                                  {product} {ergonomic}
    uintx NonNMethodCodeHeapSize                   = 5839372                                {pd product} {ergonomic}
    uintx NonProfiledCodeHeapSize                  = 122909434                              {pd product} {ergonomic}
   size_t OldSize                                  = 70254592                                  {product} {ergonomic}
    uintx ProfiledCodeHeapSize                     = 122909434                              {pd product} {ergonomic}
    uintx ReservedCodeCacheSize                    = 251658240                              {pd product} {ergonomic}
     bool SegmentedCodeCache                       = true                                      {product} {ergonomic}
   size_t SoftMaxHeapSize                          = 2147483648                             {manageable} {ergonomic}
     bool UseCompressedOops                        = true                           {product lp64_product} {ergonomic}
     bool UseLargePagesIndividualAllocation        = false                                  {pd product} {ergonomic}
     bool UseParallelGC                            = true                                      {product} {command line}

Logging:
Log output configuration:
 #0: stdout all=off uptime,level,tags foldmultilines=false
 #1: stderr all=off uptime,level,tags foldmultilines=false

Release file:
JAVA_VERSION="21.0.9" 
MODULES="java.base java.compiler java.datatransfer java.xml java.prefs java.desktop java.instrument java.logging java.management java.security.sasl java.naming java.rmi java.management.rmi java.net.http java.scripting java.security.jgss java.transaction.xa java.sql java.sql.rowset java.xml.crypto java.se java.smartcardio jdk.accessibility jdk.internal.jvmstat jdk.attach jdk.charsets jdk.internal.opt jdk.zipfs jdk.compiler jdk.crypto.ec jdk.crypto.cryptoki jdk.crypto.mscapi jdk.dynalink jdk.internal.ed jdk.editpad jdk.hotspot.agent jdk.httpserver jdk.internal.le jdk.internal.vm.ci jdk.internal.vm.compiler jdk.internal.vm.compiler.management jdk.jartool jdk.javadoc jdk.jcmd jdk.management jdk.management.agent jdk.jconsole jdk.jdeps jdk.jdwp.agent jdk.jdi jdk.jfr jdk.jshell jdk.jsobject jdk.jstatd jdk.localedata jdk.management.jfr jdk.naming.dns jdk.naming.rmi jdk.net jdk.nio.mapmode jdk.random jdk.sctp jdk.security.auth jdk.security.jgss jdk.unsupported jdk.unsupported.desktop jdk.xml.dom" 

Environment Variables:
JAVA_HOME=C:\Program Files\Java\jdk-25_windows-x64_bin\jdk-25.0.1
PATH=C:\Program Files\Eclipse Adoptium\jdk-25.0.1.8-hotspot\bin;C:\Python314\Scripts\;C:\Python314\;C:\Program Files\Java\jdk-25_windows-x64_bin\jdk-25.0.1\bin;C:\WINDOWS\system32;C:\WINDOWS;C:\WINDOWS\System32\Wbem;C:\WINDOWS\System32\WindowsPowerShell\v1.0\;C:\WINDOWS\System32\OpenSSH\;C:\Program Files\NVIDIA Corporation\NVIDIA App\NvDLISR;C:\Program Files (x86)\NVIDIA Corporation\PhysX\Common;C:\Program Files\nodejs\;C:\ProgramData\chocolatey\bin;C:\Program Files\Git\cmd;C:\Program Files\MySQL\MySQL Shell 8.0\bin\;C:\Program Files\PostgreSQL\18\bin;C:\Users\gabri\AppData\Local\Microsoft\WindowsApps;D:\VsCode\Microsoft VS Code\bin;D:\IntellJi\IntelliJ IDEA Community Edition 2025.2.4\bin;C:\Users\gabri\AppData\Roaming\npm;
USERNAME=gabri
OS=Windows_NT
PROCESSOR_IDENTIFIER=Intel64 Family 6 Model 158 Stepping 10, GenuineIntel
TMP=C:\Users\gabri\AppData\Local\Temp
TEMP=C:\Users\gabri\AppData\Local\Temp




Periodic native trim disabled

---------------  S Y S T E M  ---------------

OS:
 Windows 11 , 64 bit Build 26100 (10.0.26100.7309)
OS uptime: 1 days 17:38 hours
Hyper-V role detected

CPU: total 8 (initial active 8) (4 cores per cpu, 2 threads per core) family 6 model 158 stepping 10 microcode 0xde, cx8, cmov, fxsr, ht, mmx, 3dnowpref, sse, sse2, sse3, ssse3, sse4.1, sse4.2, popcnt, lzcnt, tsc, tscinvbit, avx, avx2, aes, erms, clmul, bmi1, bmi2, adx, fma, vzeroupper, clflush, clflushopt, hv, rdtscp, f16c
Processor Information for the first 8 processors :
  Max Mhz: 2400, Current Mhz: 2400, Mhz Limit: 2400

Memory: 4k page, system-wide physical 16221M (5967M free)
TotalPageFile size 31340M (AvailPageFile size 5M)
current process WorkingSet (physical memory assigned to process): 332M, peak: 332M
current process commit charge ("private bytes"): 405M, peak: 405M

vm_info: OpenJDK 64-Bit Server VM (21.0.9+10-LTS) for windows-amd64 JRE (21.0.9+10-LTS), built on 2025-10-21T00:00:00Z by "admin" with unknown MS VC++:1942

END.
