#
# There is insufficient memory for the Java Runtime Environment to continue.
# Native memory allocation (malloc) failed to allocate 1048576 bytes. Error detail: AllocateHeap
# Possible reasons:
#   The system is out of physical RAM or swap space
#   This process is running with CompressedOops enabled, and the Java Heap may be blocking the growth of the native heap
# Possible solutions:
#   Reduce memory load on the system
#   Increase physical memory or swap space
#   Check if swap backing store is full
#   Decrease Java heap size (-Xmx/-Xms)
#   Decrease number of Java threads
#   Decrease Java thread stack sizes (-Xss)
#   Set larger code cache with -XX:ReservedCodeCacheSize=
#   JVM is running with Unscaled Compressed Oops mode in which the Java heap is
#     placed in the first 4GB address space. The Java Heap base address is the
#     maximum limit for the native heap growth. Please use -XX:HeapBaseMinAddress
#     to set the Java Heap base and to place the Java Heap above 4GB virtual address.
# This output file may be truncated or incomplete.
#
#  Out of Memory Error (allocation.cpp:44), pid=5096, tid=22104
#
# JRE version: OpenJDK Runtime Environment Temurin-21.0.9+10 (21.0.9+10) (build 21.0.9+10-LTS)
# Java VM: OpenJDK 64-Bit Server VM Temurin-21.0.9+10 (21.0.9+10-LTS, mixed mode, sharing, tiered, compressed oops, compressed class ptrs, parallel gc, windows-amd64)
# No core dump will be written. Minidumps are not enabled by default on client versions of Windows
#

---------------  S U M M A R Y ------------

Command Line: --add-modules=ALL-SYSTEM --add-opens=java.base/java.util=ALL-UNNAMED --add-opens=java.base/java.lang=ALL-UNNAMED --add-opens=java.base/sun.nio.fs=ALL-UNNAMED -Declipse.application=org.eclipse.jdt.ls.core.id1 -Dosgi.bundles.defaultStartLevel=4 -Declipse.product=org.eclipse.jdt.ls.core.product -Djava.import.generatesMetadataFilesAtProjectRoot=false -DDetectVMInstallationsJob.disabled=true -Dfile.encoding=utf8 -XX:+UseParallelGC -XX:GCTimeRatio=4 -XX:AdaptiveSizePolicyWeight=90 -Dsun.zip.disableMemoryMapping=true -Xmx2G -Xms100m -Xlog:disable -javaagent:c:\Users\gabri\.vscode\extensions\redhat.java-1.50.0-win32-x64\lombok\lombok-1.18.39-4050.jar -XX:+HeapDumpOnOutOfMemoryError -XX:HeapDumpPath=c:\Users\gabri\AppData\Roaming\Code\User\workspaceStorage\e14d0158649c4a8f8b96c9572e09e2af\redhat.java -Daether.dependencyCollector.impl=bf c:\Users\gabri\.vscode\extensions\redhat.java-1.50.0-win32-x64\server\plugins\org.eclipse.equinox.launcher_1.7.100.v20251111-0406.jar -configuration c:\Users\gabri\AppData\Roaming\Code\User\globalStorage\redhat.java\1.50.0\config_win -data c:\Users\gabri\AppData\Roaming\Code\User\workspaceStorage\e14d0158649c4a8f8b96c9572e09e2af\redhat.java\jdt_ws --pipe=\\.\pipe\lsp-2a8981f0b65c0e73f1f7d8b302ec0c0f-sock

Host: Intel(R) Core(TM) i5-9300H CPU @ 2.40GHz, 8 cores, 15G,  Windows 11 , 64 bit Build 26100 (10.0.26100.7019)
Time: Mon Dec  8 09:55:30 2025 Hora oficial do Brasil elapsed time: 256612.696501 seconds (2d 23h 16m 52s)

---------------  T H R E A D  ---------------

Current thread (0x00000185942c3ba0):  JavaThread "Attach Listener" daemon [_thread_in_vm, id=22104, stack(0x0000003072100000,0x0000003072200000) (1024K)]

Stack: [0x0000003072100000,0x0000003072200000]
Native frames: (J=compiled Java code, j=interpreted, Vv=VM code, C=native code)
V  [jvm.dll+0x6d6e29]
V  [jvm.dll+0x8b4b76]
V  [jvm.dll+0x8b712e]
V  [jvm.dll+0x8b7813]
V  [jvm.dll+0x283d86]
V  [jvm.dll+0xc1277]
V  [jvm.dll+0x6d76d9]
V  [jvm.dll+0x133466]
V  [jvm.dll+0x3f7ea6]
V  [jvm.dll+0x85e9ad]
V  [jvm.dll+0x6d565d]
C  [ucrtbase.dll+0x37b0]
C  [KERNEL32.DLL+0x2e8d7]
C  [ntdll.dll+0x8c53c]


---------------  P R O C E S S  ---------------

Threads class SMR info:
_java_thread_list=0x00000185f68f6280, length=35, elements={
0x000001859434be20, 0x00000185942bbf70, 0x00000185942bf3f0, 0x00000185942c2f50,
0x00000185942c3ba0, 0x00000185942ce930, 0x00000185942d1390, 0x00000185942d3720,
0x00000185ed6b37f0, 0x00000185ed7d14a0, 0x00000185ed896840, 0x00000185f2b46090,
0x00000185f2c26ba0, 0x00000185f2985730, 0x00000185ed9bba10, 0x00000185f27b9d60,
0x00000185f2dfe660, 0x00000185f27d7a00, 0x00000185f27d7370, 0x00000185f27d52a0,
0x00000185f27d5930, 0x00000185f3047a80, 0x00000185f30473f0, 0x00000185f3048110,
0x00000185f30459b0, 0x00000185f3046040, 0x00000185f3046d60, 0x00000185f3045320,
0x00000185f3049b50, 0x00000185f30466d0, 0x00000185f304a1e0, 0x00000185f304af00,
0x00000185f304bc20, 0x00000185f304a870, 0x00000185f75fc3c0
}

Java Threads: ( => current thread )
  0x000001859434be20 JavaThread "main"                              [_thread_blocked, id=28072, stack(0x0000003071a00000,0x0000003071b00000) (1024K)]
  0x00000185942bbf70 JavaThread "Reference Handler"          daemon [_thread_blocked, id=17008, stack(0x0000003071e00000,0x0000003071f00000) (1024K)]
  0x00000185942bf3f0 JavaThread "Finalizer"                  daemon [_thread_blocked, id=8096, stack(0x0000003071f00000,0x0000003072000000) (1024K)]
  0x00000185942c2f50 JavaThread "Signal Dispatcher"          daemon [_thread_blocked, id=15552, stack(0x0000003072000000,0x0000003072100000) (1024K)]
=>0x00000185942c3ba0 JavaThread "Attach Listener"            daemon [_thread_in_vm, id=22104, stack(0x0000003072100000,0x0000003072200000) (1024K)]
  0x00000185942ce930 JavaThread "Service Thread"             daemon [_thread_blocked, id=1424, stack(0x0000003072200000,0x0000003072300000) (1024K)]
  0x00000185942d1390 JavaThread "Monitor Deflation Thread"   daemon [_thread_blocked, id=19964, stack(0x0000003072300000,0x0000003072400000) (1024K)]
  0x00000185942d3720 JavaThread "C2 CompilerThread0"         daemon [_thread_blocked, id=19972, stack(0x0000003072400000,0x0000003072500000) (1024K)]
  0x00000185ed6b37f0 JavaThread "C1 CompilerThread0"         daemon [_thread_blocked, id=18264, stack(0x0000003072500000,0x0000003072600000) (1024K)]
  0x00000185ed7d14a0 JavaThread "Common-Cleaner"             daemon [_thread_blocked, id=28436, stack(0x0000003072600000,0x0000003072700000) (1024K)]
  0x00000185ed896840 JavaThread "Notification Thread"        daemon [_thread_blocked, id=27816, stack(0x0000003072800000,0x0000003072900000) (1024K)]
  0x00000185f2b46090 JavaThread "Active Thread: Equinox Container: dac8ab1d-30a5-4753-b8e1-f9bcc63bcdf4"        [_thread_blocked, id=25512, stack(0x0000003073000000,0x0000003073100000) (1024K)]
  0x00000185f2c26ba0 JavaThread "Refresh Thread: Equinox Container: dac8ab1d-30a5-4753-b8e1-f9bcc63bcdf4" daemon [_thread_blocked, id=24516, stack(0x0000003073100000,0x0000003073200000) (1024K)]
  0x00000185f2985730 JavaThread "Framework Event Dispatcher: Equinox Container: dac8ab1d-30a5-4753-b8e1-f9bcc63bcdf4" daemon [_thread_blocked, id=1368, stack(0x0000003073300000,0x0000003073400000) (1024K)]
  0x00000185ed9bba10 JavaThread "Start Level: Equinox Container: dac8ab1d-30a5-4753-b8e1-f9bcc63bcdf4" daemon [_thread_blocked, id=7764, stack(0x0000003073400000,0x0000003073500000) (1024K)]
  0x00000185f27b9d60 JavaThread "Bundle File Closer"         daemon [_thread_blocked, id=19520, stack(0x0000003073500000,0x0000003073600000) (1024K)]
  0x00000185f2dfe660 JavaThread "SCR Component Actor"        daemon [_thread_blocked, id=21860, stack(0x0000003073600000,0x0000003073700000) (1024K)]
  0x00000185f27d7a00 JavaThread "Worker-JM"                         [_thread_blocked, id=1216, stack(0x0000003073700000,0x0000003073800000) (1024K)]
  0x00000185f27d7370 JavaThread "JNA Cleaner"                daemon [_thread_blocked, id=13284, stack(0x0000003073800000,0x0000003073900000) (1024K)]
  0x00000185f27d52a0 JavaThread "Worker-1"                          [_thread_blocked, id=26568, stack(0x0000003073a00000,0x0000003073b00000) (1024K)]
  0x00000185f27d5930 JavaThread "Java indexing"              daemon [_thread_blocked, id=1064, stack(0x0000003073b00000,0x0000003073c00000) (1024K)]
  0x00000185f3047a80 JavaThread "Thread-1"                   daemon [_thread_in_native, id=25496, stack(0x0000003074100000,0x0000003074200000) (1024K)]
  0x00000185f30473f0 JavaThread "Thread-2"                   daemon [_thread_in_native, id=24136, stack(0x0000003074200000,0x0000003074300000) (1024K)]
  0x00000185f3048110 JavaThread "Thread-3"                   daemon [_thread_in_native, id=7052, stack(0x0000003074300000,0x0000003074400000) (1024K)]
  0x00000185f30459b0 JavaThread "Thread-4"                   daemon [_thread_in_native, id=22240, stack(0x0000003074400000,0x0000003074500000) (1024K)]
  0x00000185f3046040 JavaThread "Thread-5"                   daemon [_thread_in_native, id=996, stack(0x0000003074500000,0x0000003074600000) (1024K)]
  0x00000185f3046d60 JavaThread "Thread-6"                   daemon [_thread_in_native, id=24132, stack(0x0000003074600000,0x0000003074700000) (1024K)]
  0x00000185f3045320 JavaThread "Thread-7"                   daemon [_thread_in_native, id=18564, stack(0x0000003074700000,0x0000003074800000) (1024K)]
  0x00000185f3049b50 JavaThread "Thread-8"                   daemon [_thread_in_native, id=9420, stack(0x0000003074800000,0x0000003074900000) (1024K)]
  0x00000185f30466d0 JavaThread "Thread-9"                   daemon [_thread_in_native, id=11772, stack(0x0000003074900000,0x0000003074a00000) (1024K)]
  0x00000185f304a1e0 JavaThread "pool-2-thread-1"                   [_thread_blocked, id=12048, stack(0x0000003074a00000,0x0000003074b00000) (1024K)]
  0x00000185f304af00 JavaThread "WorkspaceEventsHandler"            [_thread_blocked, id=25972, stack(0x0000003074b00000,0x0000003074c00000) (1024K)]
  0x00000185f304bc20 JavaThread "pool-1-thread-1"                   [_thread_blocked, id=24672, stack(0x0000003074c00000,0x0000003074d00000) (1024K)]
  0x00000185f304a870 JavaThread "Worker-5"                          [_thread_blocked, id=22496, stack(0x0000003074e00000,0x0000003074f00000) (1024K)]
  0x00000185f75fc3c0 JavaThread "Cleaner-0"                  daemon [_thread_blocked, id=27284, stack(0x0000003075100000,0x0000003075200000) (1024K)]
Total: 35

Other Threads:
  0x00000185942a25f0 VMThread "VM Thread"                           [id=16388, stack(0x0000003071d00000,0x0000003071e00000) (1024K)]
  0x00000185941dca00 WatcherThread "VM Periodic Task Thread"        [id=28456, stack(0x0000003071c00000,0x0000003071d00000) (1024K)]
  0x000001859436aed0 WorkerThread "GC Thread#0"                     [id=9660, stack(0x0000003071b00000,0x0000003071c00000) (1024K)]
  0x00000185ed8f6c70 WorkerThread "GC Thread#1"                     [id=28676, stack(0x0000003072700000,0x0000003072800000) (1024K)]
  0x00000185ed8f1a50 WorkerThread "GC Thread#2"                     [id=20168, stack(0x0000003072900000,0x0000003072a00000) (1024K)]
  0x00000185ed8f7010 WorkerThread "GC Thread#3"                     [id=18604, stack(0x0000003072a00000,0x0000003072b00000) (1024K)]
  0x00000185f21d31c0 WorkerThread "GC Thread#4"                     [id=15404, stack(0x0000003072b00000,0x0000003072c00000) (1024K)]
  0x00000185f21d3560 WorkerThread "GC Thread#5"                     [id=10228, stack(0x0000003072c00000,0x0000003072d00000) (1024K)]
  0x00000185ed8f8560 WorkerThread "GC Thread#6"                     [id=29688, stack(0x0000003072d00000,0x0000003072e00000) (1024K)]
  0x00000185f2704fc0 WorkerThread "GC Thread#7"                     [id=23300, stack(0x0000003073200000,0x0000003073300000) (1024K)]
Total: 10

Threads with active compile tasks:
Total: 0

VM state: not at safepoint (normal execution)

VM Mutex/Monitor currently owned by a thread: None

Heap address: 0x0000000080000000, size: 2048 MB, Compressed Oops mode: 32-bit

CDS archive(s) mapped at: [0x00000185ab000000-0x00000185abba0000-0x00000185abba0000), size 12189696, SharedBaseAddress: 0x00000185ab000000, ArchiveRelocationMode: 1.
Compressed class space mapped at: 0x00000185ac000000-0x00000185ec000000, reserved size: 1073741824
Narrow klass base: 0x00000185ab000000, Narrow klass shift: 0, Narrow klass range: 0x100000000

GC Precious Log:
 CardTable entry size: 512
 CPUs: 8 total, 8 available
 Memory: 16221M
 Large Page Support: Disabled
 NUMA Support: Disabled
 Compressed Oops: Enabled (32-bit)
 Alignments: Space 512K, Generation 512K, Heap 2M
 Heap Min Capacity: 100M
 Heap Initial Capacity: 100M
 Heap Max Capacity: 2G
 Pre-touch: Disabled
 Parallel Workers: 8

Heap:
 PSYoungGen      total 8192K, used 5707K [0x00000000d5580000, 0x00000000d5f00000, 0x0000000100000000)
  eden space 6656K, 81% used [0x00000000d5580000,0x00000000d5acdd00,0x00000000d5c00000)
  from space 1536K, 18% used [0x00000000d5c00000,0x00000000d5c45220,0x00000000d5d80000)
  to   space 1024K, 0% used [0x00000000d5e00000,0x00000000d5e00000,0x00000000d5f00000)
 ParOldGen       total 140288K, used 139862K [0x0000000080000000, 0x0000000088900000, 0x00000000d5580000)
  object space 140288K, 99% used [0x0000000080000000,0x00000000888959f8,0x0000000088900000)
 Metaspace       used 72481K, committed 74176K, reserved 1179648K
  class space    used 7709K, committed 8448K, reserved 1048576K

Card table byte_map: [0x0000018593cf0000,0x0000018594100000] _byte_map_base: 0x00000185938f0000

Marking Bits: (ParMarkBitMap*) 0x00007ffa198a2460
 Begin Bits: [0x00000185a6800000, 0x00000185a8800000)
 End Bits:   [0x00000185a8800000, 0x00000185aa800000)

Polling page: 0x0000018592180000

Metaspace:

Usage:
  Non-class:     63.25 MB used.
      Class:      7.53 MB used.
       Both:     70.78 MB used.

Virtual space:
  Non-class space:      128.00 MB reserved,      64.19 MB ( 50%) committed,  2 nodes.
      Class space:        1.00 GB reserved,       8.25 MB ( <1%) committed,  1 nodes.
             Both:        1.12 GB reserved,      72.44 MB (  6%) committed. 

Chunk freelists:
   Non-Class:  15.86 MB
       Class:  7.67 MB
        Both:  23.53 MB

MaxMetaspaceSize: unlimited
CompressedClassSpaceSize: 1.00 GB
Initial GC threshold: 21.00 MB
Current GC threshold: 97.31 MB
CDS: on
 - commit_granule_bytes: 65536.
 - commit_granule_words: 8192.
 - virtual_space_node_default_size: 8388608.
 - enlarge_chunks_in_place: 1.
 - use_allocation_guard: 0.


Internal statistics:

num_allocs_failed_limit: 11.
num_arena_births: 1302.
num_arena_deaths: 14.
num_vsnodes_births: 3.
num_vsnodes_deaths: 0.
num_space_committed: 1159.
num_space_uncommitted: 0.
num_chunks_returned_to_freelist: 25.
num_chunks_taken_from_freelist: 4640.
num_chunk_merges: 12.
num_chunk_splits: 2804.
num_chunks_enlarged: 1498.
num_inconsistent_stats: 0.

CodeHeap 'non-profiled nmethods': size=120000Kb used=8876Kb max_used=8876Kb free=111123Kb
 bounds [0x000001859f020000, 0x000001859f8d0000, 0x00000185a6550000]
CodeHeap 'profiled nmethods': size=120000Kb used=27015Kb max_used=27015Kb free=92984Kb
 bounds [0x0000018597550000, 0x0000018598fc0000, 0x000001859ea80000]
CodeHeap 'non-nmethods': size=5760Kb used=1484Kb max_used=1614Kb free=4275Kb
 bounds [0x000001859ea80000, 0x000001859ecf0000, 0x000001859f020000]
CodeCache: size=245760Kb, used=37375Kb, max_used=37505Kb, free=208382Kb
 total_blobs=12938, nmethods=12132, adapters=710, full_count=0
Compilation: enabled, stopped_count=0, restarted_count=0

Compilation events (20 events):
Event: 23568.718 Thread 0x00000185ed6b37f0 12879       3       java.util.logging.Logger::getLogger (8 bytes)
Event: 23568.719 Thread 0x00000185ed6b37f0 nmethod 12879 0x0000018598faa390 code [0x0000018598faa560, 0x0000018598faa720]
Event: 23568.719 Thread 0x00000185ed6b37f0 12880       3       java.util.logging.Logger::getLogger (7 bytes)
Event: 23568.719 Thread 0x00000185ed6b37f0 nmethod 12880 0x0000018598faa810 code [0x0000018598faa9c0, 0x0000018598faaae8]
Event: 255944.006 Thread 0x00000185ed6b37f0 12881   !   3       org.eclipse.osgi.container.ModuleDatabase::getTimestamp (25 bytes)
Event: 255944.011 Thread 0x00000185ed6b37f0 nmethod 12881 0x0000018598faab90 code [0x0000018598faade0, 0x0000018598fab728]
Event: 255987.191 Thread 0x00000185ed6b37f0 12882   !   3       jdk.internal.ref.PhantomCleanable::isListEmpty (34 bytes)
Event: 255987.191 Thread 0x00000185ed6b37f0 nmethod 12882 0x0000018598fabb90 code [0x0000018598fabd40, 0x0000018598fabf98]
Event: 255987.191 Thread 0x00000185ed6b37f0 12883       3       jdk.internal.misc.InnocuousThread::eraseThreadLocals (23 bytes)
Event: 255987.191 Thread 0x00000185ed6b37f0 nmethod 12883 0x0000018598fac090 code [0x0000018598fac220, 0x0000018598fac388]
Event: 255995.739 Thread 0x00000185ed6b37f0 12884       3       org.eclipse.core.runtime.NullProgressMonitor::<init> (10 bytes)
Event: 255995.744 Thread 0x00000185ed6b37f0 nmethod 12884 0x0000018598fac410 code [0x0000018598fac5c0, 0x0000018598fac738]
Event: 256064.032 Thread 0x00000185ed6b37f0 12885       3       org.eclipse.osgi.storage.Storage::isReadOnly (10 bytes)
Event: 256064.033 Thread 0x00000185ed6b37f0 nmethod 12885 0x0000018598fac810 code [0x0000018598fac9c0, 0x0000018598facb40]
Event: 256244.083 Thread 0x00000185ed6b37f0 12886   !   3       org.eclipse.osgi.internal.framework.StorageSaver$StorageSaverTask::run (31 bytes)
Event: 256244.085 Thread 0x00000185ed6b37f0 nmethod 12886 0x0000018598facc10 code [0x0000018598facde0, 0x0000018598fad080]
Event: 256244.085 Thread 0x00000185ed6b37f0 12887   !   3       org.eclipse.osgi.storage.Storage::save (62 bytes)
Event: 256244.086 Thread 0x00000185ed6b37f0 nmethod 12887 0x0000018598fad210 code [0x0000018598fad400, 0x0000018598fad770]
Event: 256244.086 Thread 0x00000185ed6b37f0 12888   !   3       org.eclipse.osgi.storage.Storage::save0 (246 bytes)
Event: 256244.092 Thread 0x00000185ed6b37f0 nmethod 12888 0x0000018598fad910 code [0x0000018598fade20, 0x0000018598fb0a08]

GC Heap History (20 events):
Event: 39.726 GC heap before
{Heap before GC invocations=295 (full 3):
 PSYoungGen      total 7680K, used 7348K [0x00000000d5580000, 0x00000000d5f00000, 0x0000000100000000)
  eden space 6656K, 100% used [0x00000000d5580000,0x00000000d5c00000,0x00000000d5c00000)
  from space 1024K, 67% used [0x00000000d5c00000,0x00000000d5cad388,0x00000000d5d00000)
  to   space 1536K, 0% used [0x00000000d5d80000,0x00000000d5d80000,0x00000000d5f00000)
 ParOldGen       total 132096K, used 131670K [0x0000000080000000, 0x0000000088100000, 0x00000000d5580000)
  object space 132096K, 99% used [0x0000000080000000,0x0000000088095a38,0x0000000088100000)
 Metaspace       used 70886K, committed 72448K, reserved 1114112K
  class space    used 7603K, committed 8256K, reserved 1048576K
}
Event: 39.727 GC heap after
{Heap after GC invocations=295 (full 3):
 PSYoungGen      total 7168K, used 282K [0x00000000d5580000, 0x00000000d5e00000, 0x0000000100000000)
  eden space 6656K, 0% used [0x00000000d5580000,0x00000000d5580000,0x00000000d5c00000)
  from space 512K, 55% used [0x00000000d5d80000,0x00000000d5dc6900,0x00000000d5e00000)
  to   space 512K, 0% used [0x00000000d5d00000,0x00000000d5d00000,0x00000000d5d80000)
 ParOldGen       total 132608K, used 132138K [0x0000000080000000, 0x0000000088180000, 0x00000000d5580000)
  object space 132608K, 99% used [0x0000000080000000,0x000000008810aa70,0x0000000088180000)
 Metaspace       used 70886K, committed 72448K, reserved 1114112K
  class space    used 7603K, committed 8256K, reserved 1048576K
}
Event: 39.751 GC heap before
{Heap before GC invocations=296 (full 3):
 PSYoungGen      total 7168K, used 6837K [0x00000000d5580000, 0x00000000d5e00000, 0x0000000100000000)
  eden space 6656K, 98% used [0x00000000d5580000,0x00000000d5be6c58,0x00000000d5c00000)
  from space 512K, 55% used [0x00000000d5d80000,0x00000000d5dc6900,0x00000000d5e00000)
  to   space 512K, 0% used [0x00000000d5d00000,0x00000000d5d00000,0x00000000d5d80000)
 ParOldGen       total 132608K, used 132138K [0x0000000080000000, 0x0000000088180000, 0x00000000d5580000)
  object space 132608K, 99% used [0x0000000080000000,0x000000008810aa70,0x0000000088180000)
 Metaspace       used 70896K, committed 72448K, reserved 1114112K
  class space    used 7603K, committed 8256K, reserved 1048576K
}
Event: 39.753 GC heap after
{Heap after GC invocations=296 (full 3):
 PSYoungGen      total 7168K, used 495K [0x00000000d5580000, 0x00000000d6600000, 0x0000000100000000)
  eden space 6656K, 0% used [0x00000000d5580000,0x00000000d5580000,0x00000000d5c00000)
  from space 512K, 96% used [0x00000000d5d00000,0x00000000d5d7bd28,0x00000000d5d80000)
  to   space 5120K, 0% used [0x00000000d6100000,0x00000000d6100000,0x00000000d6600000)
 ParOldGen       total 136192K, used 135930K [0x0000000080000000, 0x0000000088500000, 0x00000000d5580000)
  object space 136192K, 99% used [0x0000000080000000,0x00000000884be898,0x0000000088500000)
 Metaspace       used 70896K, committed 72448K, reserved 1114112K
  class space    used 7603K, committed 8256K, reserved 1048576K
}
Event: 39.803 GC heap before
{Heap before GC invocations=297 (full 3):
 PSYoungGen      total 7168K, used 7151K [0x00000000d5580000, 0x00000000d6600000, 0x0000000100000000)
  eden space 6656K, 100% used [0x00000000d5580000,0x00000000d5c00000,0x00000000d5c00000)
  from space 512K, 96% used [0x00000000d5d00000,0x00000000d5d7bd28,0x00000000d5d80000)
  to   space 5120K, 0% used [0x00000000d6100000,0x00000000d6100000,0x00000000d6600000)
 ParOldGen       total 136192K, used 135930K [0x0000000080000000, 0x0000000088500000, 0x00000000d5580000)
  object space 136192K, 99% used [0x0000000080000000,0x00000000884be898,0x0000000088500000)
 Metaspace       used 70945K, committed 72512K, reserved 1114112K
  class space    used 7604K, committed 8256K, reserved 1048576K
}
Event: 39.806 GC heap after
{Heap after GC invocations=297 (full 3):
 PSYoungGen      total 10240K, used 3567K [0x00000000d5580000, 0x00000000d6480000, 0x0000000100000000)
  eden space 6656K, 0% used [0x00000000d5580000,0x00000000d5580000,0x00000000d5c00000)
  from space 3584K, 99% used [0x00000000d6100000,0x00000000d647bf68,0x00000000d6480000)
  to   space 4096K, 0% used [0x00000000d5c80000,0x00000000d5c80000,0x00000000d6080000)
 ParOldGen       total 136704K, used 136452K [0x0000000080000000, 0x0000000088580000, 0x00000000d5580000)
  object space 136704K, 99% used [0x0000000080000000,0x0000000088541138,0x0000000088580000)
 Metaspace       used 70945K, committed 72512K, reserved 1114112K
  class space    used 7604K, committed 8256K, reserved 1048576K
}
Event: 39.874 GC heap before
{Heap before GC invocations=298 (full 3):
 PSYoungGen      total 10240K, used 10223K [0x00000000d5580000, 0x00000000d6480000, 0x0000000100000000)
  eden space 6656K, 99% used [0x00000000d5580000,0x00000000d5bffff8,0x00000000d5c00000)
  from space 3584K, 99% used [0x00000000d6100000,0x00000000d647bf68,0x00000000d6480000)
  to   space 4096K, 0% used [0x00000000d5c80000,0x00000000d5c80000,0x00000000d6080000)
 ParOldGen       total 136704K, used 136452K [0x0000000080000000, 0x0000000088580000, 0x00000000d5580000)
  object space 136704K, 99% used [0x0000000080000000,0x0000000088541138,0x0000000088580000)
 Metaspace       used 71380K, committed 72960K, reserved 1114112K
  class space    used 7651K, committed 8320K, reserved 1048576K
}
Event: 39.876 GC heap after
{Heap after GC invocations=298 (full 3):
 PSYoungGen      total 8704K, used 1792K [0x00000000d5580000, 0x00000000d6180000, 0x0000000100000000)
  eden space 6656K, 0% used [0x00000000d5580000,0x00000000d5580000,0x00000000d5c00000)
  from space 2048K, 87% used [0x00000000d5c80000,0x00000000d5e40210,0x00000000d5e80000)
  to   space 2560K, 0% used [0x00000000d5f00000,0x00000000d5f00000,0x00000000d6180000)
 ParOldGen       total 137728K, used 137660K [0x0000000080000000, 0x0000000088680000, 0x00000000d5580000)
  object space 137728K, 99% used [0x0000000080000000,0x000000008866f158,0x0000000088680000)
 Metaspace       used 71380K, committed 72960K, reserved 1114112K
  class space    used 7651K, committed 8320K, reserved 1048576K
}
Event: 40.007 GC heap before
{Heap before GC invocations=299 (full 3):
 PSYoungGen      total 8704K, used 8448K [0x00000000d5580000, 0x00000000d6180000, 0x0000000100000000)
  eden space 6656K, 99% used [0x00000000d5580000,0x00000000d5bffff8,0x00000000d5c00000)
  from space 2048K, 87% used [0x00000000d5c80000,0x00000000d5e40210,0x00000000d5e80000)
  to   space 2560K, 0% used [0x00000000d5f00000,0x00000000d5f00000,0x00000000d6180000)
 ParOldGen       total 137728K, used 137660K [0x0000000080000000, 0x0000000088680000, 0x00000000d5580000)
  object space 137728K, 99% used [0x0000000080000000,0x000000008866f158,0x0000000088680000)
 Metaspace       used 71404K, committed 72960K, reserved 1114112K
  class space    used 7652K, committed 8320K, reserved 1048576K
}
Event: 40.008 GC heap after
{Heap after GC invocations=299 (full 3):
 PSYoungGen      total 7680K, used 714K [0x00000000d5580000, 0x00000000d6000000, 0x0000000100000000)
  eden space 6656K, 0% used [0x00000000d5580000,0x00000000d5580000,0x00000000d5c00000)
  from space 1024K, 69% used [0x00000000d5f00000,0x00000000d5fb2930,0x00000000d6000000)
  to   space 1536K, 0% used [0x00000000d5d00000,0x00000000d5d00000,0x00000000d5e80000)
 ParOldGen       total 138240K, used 137898K [0x0000000080000000, 0x0000000088700000, 0x00000000d5580000)
  object space 138240K, 99% used [0x0000000080000000,0x00000000886aabc8,0x0000000088700000)
 Metaspace       used 71404K, committed 72960K, reserved 1114112K
  class space    used 7652K, committed 8320K, reserved 1048576K
}
Event: 40.073 GC heap before
{Heap before GC invocations=300 (full 3):
 PSYoungGen      total 7680K, used 7370K [0x00000000d5580000, 0x00000000d6000000, 0x0000000100000000)
  eden space 6656K, 100% used [0x00000000d5580000,0x00000000d5c00000,0x00000000d5c00000)
  from space 1024K, 69% used [0x00000000d5f00000,0x00000000d5fb2930,0x00000000d6000000)
  to   space 1536K, 0% used [0x00000000d5d00000,0x00000000d5d00000,0x00000000d5e80000)
 ParOldGen       total 138240K, used 137898K [0x0000000080000000, 0x0000000088700000, 0x00000000d5580000)
  object space 138240K, 99% used [0x0000000080000000,0x00000000886aabc8,0x0000000088700000)
 Metaspace       used 71505K, committed 73152K, reserved 1114112K
  class space    used 7655K, committed 8384K, reserved 1048576K
}
Event: 40.075 GC heap after
{Heap after GC invocations=300 (full 3):
 PSYoungGen      total 8192K, used 580K [0x00000000d5580000, 0x00000000d5f80000, 0x0000000100000000)
  eden space 6656K, 0% used [0x00000000d5580000,0x00000000d5580000,0x00000000d5c00000)
  from space 1536K, 37% used [0x00000000d5d00000,0x00000000d5d91210,0x00000000d5e80000)
  to   space 1024K, 0% used [0x00000000d5e80000,0x00000000d5e80000,0x00000000d5f80000)
 ParOldGen       total 138240K, used 138083K [0x0000000080000000, 0x0000000088700000, 0x00000000d5580000)
  object space 138240K, 99% used [0x0000000080000000,0x00000000886d8c78,0x0000000088700000)
 Metaspace       used 71505K, committed 73152K, reserved 1114112K
  class space    used 7655K, committed 8384K, reserved 1048576K
}
Event: 45.122 GC heap before
{Heap before GC invocations=301 (full 3):
 PSYoungGen      total 8192K, used 7236K [0x00000000d5580000, 0x00000000d5f80000, 0x0000000100000000)
  eden space 6656K, 100% used [0x00000000d5580000,0x00000000d5c00000,0x00000000d5c00000)
  from space 1536K, 37% used [0x00000000d5d00000,0x00000000d5d91210,0x00000000d5e80000)
  to   space 1024K, 0% used [0x00000000d5e80000,0x00000000d5e80000,0x00000000d5f80000)
 ParOldGen       total 138240K, used 138083K [0x0000000080000000, 0x0000000088700000, 0x00000000d5580000)
  object space 138240K, 99% used [0x0000000080000000,0x00000000886d8c78,0x0000000088700000)
 Metaspace       used 71590K, committed 73216K, reserved 1114112K
  class space    used 7656K, committed 8384K, reserved 1048576K
}
Event: 45.123 GC heap after
{Heap after GC invocations=301 (full 3):
 PSYoungGen      total 7168K, used 282K [0x00000000d5580000, 0x00000000d5f00000, 0x0000000100000000)
  eden space 6656K, 0% used [0x00000000d5580000,0x00000000d5580000,0x00000000d5c00000)
  from space 512K, 55% used [0x00000000d5e80000,0x00000000d5ec6900,0x00000000d5f00000)
  to   space 512K, 0% used [0x00000000d5e00000,0x00000000d5e00000,0x00000000d5e80000)
 ParOldGen       total 138240K, used 138139K [0x0000000080000000, 0x0000000088700000, 0x00000000d5580000)
  object space 138240K, 99% used [0x0000000080000000,0x00000000886e6c78,0x0000000088700000)
 Metaspace       used 71590K, committed 73216K, reserved 1114112K
  class space    used 7656K, committed 8384K, reserved 1048576K
}
Event: 45.187 GC heap before
{Heap before GC invocations=302 (full 3):
 PSYoungGen      total 7168K, used 6938K [0x00000000d5580000, 0x00000000d5f00000, 0x0000000100000000)
  eden space 6656K, 100% used [0x00000000d5580000,0x00000000d5c00000,0x00000000d5c00000)
  from space 512K, 55% used [0x00000000d5e80000,0x00000000d5ec6900,0x00000000d5f00000)
  to   space 512K, 0% used [0x00000000d5e00000,0x00000000d5e00000,0x00000000d5e80000)
 ParOldGen       total 138240K, used 138139K [0x0000000080000000, 0x0000000088700000, 0x00000000d5580000)
  object space 138240K, 99% used [0x0000000080000000,0x00000000886e6c78,0x0000000088700000)
 Metaspace       used 71955K, committed 73600K, reserved 1114112K
  class space    used 7679K, committed 8384K, reserved 1048576K
}
Event: 45.189 GC heap after
{Heap after GC invocations=302 (full 3):
 PSYoungGen      total 7168K, used 512K [0x00000000d5580000, 0x00000000d5f00000, 0x0000000100000000)
  eden space 6656K, 0% used [0x00000000d5580000,0x00000000d5580000,0x00000000d5c00000)
  from space 512K, 100% used [0x00000000d5e00000,0x00000000d5e80000,0x00000000d5e80000)
  to   space 512K, 0% used [0x00000000d5e80000,0x00000000d5e80000,0x00000000d5f00000)
 ParOldGen       total 138752K, used 138551K [0x0000000080000000, 0x0000000088780000, 0x00000000d5580000)
  object space 138752K, 99% used [0x0000000080000000,0x000000008874de88,0x0000000088780000)
 Metaspace       used 71955K, committed 73600K, reserved 1114112K
  class space    used 7679K, committed 8384K, reserved 1048576K
}
Event: 45.863 GC heap before
{Heap before GC invocations=303 (full 3):
 PSYoungGen      total 7168K, used 7168K [0x00000000d5580000, 0x00000000d5f00000, 0x0000000100000000)
  eden space 6656K, 100% used [0x00000000d5580000,0x00000000d5c00000,0x00000000d5c00000)
  from space 512K, 100% used [0x00000000d5e00000,0x00000000d5e80000,0x00000000d5e80000)
  to   space 512K, 0% used [0x00000000d5e80000,0x00000000d5e80000,0x00000000d5f00000)
 ParOldGen       total 138752K, used 138551K [0x0000000080000000, 0x0000000088780000, 0x00000000d5580000)
  object space 138752K, 99% used [0x0000000080000000,0x000000008874de88,0x0000000088780000)
 Metaspace       used 72344K, committed 74048K, reserved 1179648K
  class space    used 7708K, committed 8448K, reserved 1048576K
}
Event: 45.868 GC heap after
{Heap after GC invocations=303 (full 3):
 PSYoungGen      total 7168K, used 512K [0x00000000d5580000, 0x00000000d5f00000, 0x0000000100000000)
  eden space 6656K, 0% used [0x00000000d5580000,0x00000000d5580000,0x00000000d5c00000)
  from space 512K, 100% used [0x00000000d5e80000,0x00000000d5f00000,0x00000000d5f00000)
  to   space 1536K, 0% used [0x00000000d5c00000,0x00000000d5c00000,0x00000000d5d80000)
 ParOldGen       total 139776K, used 139351K [0x0000000080000000, 0x0000000088880000, 0x00000000d5580000)
  object space 139776K, 99% used [0x0000000080000000,0x0000000088815e88,0x0000000088880000)
 Metaspace       used 72344K, committed 74048K, reserved 1179648K
  class space    used 7708K, committed 8448K, reserved 1048576K
}
Event: 47.151 GC heap before
{Heap before GC invocations=304 (full 3):
 PSYoungGen      total 7168K, used 7167K [0x00000000d5580000, 0x00000000d5f00000, 0x0000000100000000)
  eden space 6656K, 99% used [0x00000000d5580000,0x00000000d5bffff8,0x00000000d5c00000)
  from space 512K, 100% used [0x00000000d5e80000,0x00000000d5f00000,0x00000000d5f00000)
  to   space 1536K, 0% used [0x00000000d5c00000,0x00000000d5c00000,0x00000000d5d80000)
 ParOldGen       total 139776K, used 139351K [0x0000000080000000, 0x0000000088880000, 0x00000000d5580000)
  object space 139776K, 99% used [0x0000000080000000,0x0000000088815e88,0x0000000088880000)
 Metaspace       used 72354K, committed 74048K, reserved 1179648K
  class space    used 7708K, committed 8448K, reserved 1048576K
}
Event: 47.152 GC heap after
{Heap after GC invocations=304 (full 3):
 PSYoungGen      total 8192K, used 276K [0x00000000d5580000, 0x00000000d5f00000, 0x0000000100000000)
  eden space 6656K, 0% used [0x00000000d5580000,0x00000000d5580000,0x00000000d5c00000)
  from space 1536K, 18% used [0x00000000d5c00000,0x00000000d5c45220,0x00000000d5d80000)
  to   space 1024K, 0% used [0x00000000d5e00000,0x00000000d5e00000,0x00000000d5f00000)
 ParOldGen       total 140288K, used 139862K [0x0000000080000000, 0x0000000088900000, 0x00000000d5580000)
  object space 140288K, 99% used [0x0000000080000000,0x00000000888959f8,0x0000000088900000)
 Metaspace       used 72354K, committed 74048K, reserved 1179648K
  class space    used 7708K, committed 8448K, reserved 1048576K
}

Dll operation events (12 events):
Event: 0.022 Loaded shared library c:\Users\gabri\.vscode\extensions\redhat.java-1.50.0-win32-x64\jre\21.0.9-win32-x86_64\bin\java.dll
Event: 0.175 Loaded shared library c:\Users\gabri\.vscode\extensions\redhat.java-1.50.0-win32-x64\jre\21.0.9-win32-x86_64\bin\zip.dll
Event: 0.211 Loaded shared library C:\Users\gabri\.vscode\extensions\redhat.java-1.50.0-win32-x64\jre\21.0.9-win32-x86_64\bin\instrument.dll
Event: 0.218 Loaded shared library C:\Users\gabri\.vscode\extensions\redhat.java-1.50.0-win32-x64\jre\21.0.9-win32-x86_64\bin\net.dll
Event: 0.222 Loaded shared library C:\Users\gabri\.vscode\extensions\redhat.java-1.50.0-win32-x64\jre\21.0.9-win32-x86_64\bin\nio.dll
Event: 0.227 Loaded shared library C:\Users\gabri\.vscode\extensions\redhat.java-1.50.0-win32-x64\jre\21.0.9-win32-x86_64\bin\zip.dll
Event: 0.249 Loaded shared library C:\Users\gabri\.vscode\extensions\redhat.java-1.50.0-win32-x64\jre\21.0.9-win32-x86_64\bin\jimage.dll
Event: 0.348 Loaded shared library c:\Users\gabri\.vscode\extensions\redhat.java-1.50.0-win32-x64\jre\21.0.9-win32-x86_64\bin\verify.dll
Event: 1.972 Loaded shared library C:\Users\gabri\AppData\Roaming\Code\User\globalStorage\redhat.java\1.50.0\config_win\org.eclipse.equinox.launcher\org.eclipse.equinox.launcher.win32.win32.x86_64_1.2.1400.v20250801-0854\eclipse_11916.dll
Event: 3.296 Loaded shared library C:\Users\gabri\AppData\Local\Temp\jna-98110207\jna14064544047661981562.dll
Event: 5.692 Loaded shared library C:\Users\gabri\.vscode\extensions\redhat.java-1.50.0-win32-x64\jre\21.0.9-win32-x86_64\bin\sunmscapi.dll
Event: 6.088 Loaded shared library C:\Users\gabri\.vscode\extensions\redhat.java-1.50.0-win32-x64\jre\21.0.9-win32-x86_64\bin\extnet.dll

Deoptimization events (20 events):
Event: 39.862 Thread 0x00000185f75f7b90 DEOPT PACKING pc=0x000001859f7c5964 sp=0x00000030752fdd90
Event: 39.862 Thread 0x00000185f75f7b90 DEOPT UNPACKING pc=0x000001859ead3aa2 sp=0x00000030752fdd38 mode 2
Event: 39.871 Thread 0x00000185f304b590 DEOPT PACKING pc=0x00000185979b12cc sp=0x0000003074ffeac0
Event: 39.871 Thread 0x00000185f304b590 DEOPT UNPACKING pc=0x000001859ead4242 sp=0x0000003074ffe070 mode 0
Event: 39.994 Thread 0x00000185f27d4c10 DEOPT PACKING pc=0x000001859849e322 sp=0x00000030739fe5e0
Event: 39.994 Thread 0x00000185f27d4c10 DEOPT UNPACKING pc=0x000001859ead4242 sp=0x00000030739fdb58 mode 0
Event: 40.013 Thread 0x00000185f27d4c10 DEOPT PACKING pc=0x0000018597d197f1 sp=0x00000030739fc010
Event: 40.013 Thread 0x00000185f27d4c10 DEOPT UNPACKING pc=0x000001859ead4242 sp=0x00000030739fb5b8 mode 0
Event: 45.140 Thread 0x00000185f75f7b90 Uncommon trap: trap_request=0xffffff76 fr.pc=0x000001859f858188 relative=0x0000000000006848
Event: 45.140 Thread 0x00000185f75f7b90 Uncommon trap: reason=predicate action=maybe_recompile pc=0x000001859f858188 method=org.eclipse.jdt.internal.compiler.lookup.BinaryTypeBinding.createMethod(Lorg/eclipse/jdt/internal/compiler/env/IBinaryMethod;Lorg/eclipse/jdt/internal/compiler/env/IBinary
Event: 45.140 Thread 0x00000185f75f7b90 DEOPT PACKING pc=0x000001859f858188 sp=0x00000030752fd4e0
Event: 45.140 Thread 0x00000185f75f7b90 DEOPT UNPACKING pc=0x000001859ead3aa2 sp=0x00000030752fd4c0 mode 2
Event: 45.200 Thread 0x00000185f75f7b90 Uncommon trap: trap_request=0xffffff45 fr.pc=0x000001859f69eaa0 relative=0x0000000000001120
Event: 45.200 Thread 0x00000185f75f7b90 Uncommon trap: reason=unstable_if action=reinterpret pc=0x000001859f69eaa0 method=org.lombokweb.asm.MethodWriter.putMethodInfo(Lorg/lombokweb/asm/ByteVector;)V @ 136 c2
Event: 45.200 Thread 0x00000185f75f7b90 DEOPT PACKING pc=0x000001859f69eaa0 sp=0x00000030752fc470
Event: 45.200 Thread 0x00000185f75f7b90 DEOPT UNPACKING pc=0x000001859ead3aa2 sp=0x00000030752fc418 mode 2
Event: 47.135 Thread 0x00000185f27d52a0 Uncommon trap: trap_request=0xffffff45 fr.pc=0x000001859f358bdc relative=0x00000000000003dc
Event: 47.135 Thread 0x00000185f27d52a0 Uncommon trap: reason=unstable_if action=reinterpret pc=0x000001859f358bdc method=java.lang.ThreadLocal$ThreadLocalMap.set(Ljava/lang/ThreadLocal;Ljava/lang/Object;)V @ 116 c2
Event: 47.135 Thread 0x00000185f27d52a0 DEOPT PACKING pc=0x000001859f358bdc sp=0x0000003073afedf0
Event: 47.135 Thread 0x00000185f27d52a0 DEOPT UNPACKING pc=0x000001859ead3aa2 sp=0x0000003073afecb8 mode 2

Classes loaded (20 events):
Event: 15.805 Loading class sun/security/ssl/Alert$Level
Event: 15.805 Loading class sun/security/ssl/Alert$Level done
Event: 31.816 Loading class sun/nio/cs/ISO_8859_1$Encoder
Event: 31.816 Loading class sun/nio/cs/ISO_8859_1$Encoder done
Event: 31.816 Loading class sun/nio/cs/Surrogate$Parser
Event: 31.816 Loading class sun/nio/cs/Surrogate$Parser done
Event: 31.817 Loading class sun/nio/cs/Surrogate
Event: 31.817 Loading class sun/nio/cs/Surrogate done
Event: 37.817 Loading class java/util/stream/ReferencePipeline$4
Event: 37.817 Loading class java/util/stream/ReferencePipeline$4 done
Event: 37.817 Loading class java/util/stream/Nodes$IntFixedNodeBuilder
Event: 37.817 Loading class java/util/stream/Node$Builder$OfInt
Event: 37.817 Loading class java/util/stream/Node$Builder$OfInt done
Event: 37.817 Loading class java/util/stream/Nodes$IntArrayNode
Event: 37.817 Loading class java/util/stream/Nodes$IntArrayNode done
Event: 37.817 Loading class java/util/stream/Nodes$IntFixedNodeBuilder done
Event: 37.817 Loading class java/util/stream/ReferencePipeline$4$1
Event: 37.818 Loading class java/util/stream/ReferencePipeline$4$1 done
Event: 45.363 Loading class jdk/internal/ref/CleanerImpl$InnocuousThreadFactory
Event: 45.363 Loading class jdk/internal/ref/CleanerImpl$InnocuousThreadFactory done

Classes unloaded (7 events):
Event: 3.924 Thread 0x00000185942a25f0 Unloading class 0x00000185ac1aac00 'java/lang/invoke/LambdaForm$MH+0x00000185ac1aac00'
Event: 3.924 Thread 0x00000185942a25f0 Unloading class 0x00000185ac1aa800 'java/lang/invoke/LambdaForm$MH+0x00000185ac1aa800'
Event: 3.924 Thread 0x00000185942a25f0 Unloading class 0x00000185ac1aa400 'java/lang/invoke/LambdaForm$MH+0x00000185ac1aa400'
Event: 3.924 Thread 0x00000185942a25f0 Unloading class 0x00000185ac1aa000 'java/lang/invoke/LambdaForm$MH+0x00000185ac1aa000'
Event: 3.924 Thread 0x00000185942a25f0 Unloading class 0x00000185ac1a9c00 'java/lang/invoke/LambdaForm$BMH+0x00000185ac1a9c00'
Event: 3.924 Thread 0x00000185942a25f0 Unloading class 0x00000185ac1a9800 'java/lang/invoke/LambdaForm$DMH+0x00000185ac1a9800'
Event: 3.924 Thread 0x00000185942a25f0 Unloading class 0x00000185ac1a8400 'java/lang/invoke/LambdaForm$DMH+0x00000185ac1a8400'

Classes redefined (0 events):
No events

Internal exceptions (20 events):
Event: 19.123 Thread 0x00000185f75fa980 Exception <a 'sun/nio/fs/WindowsException'{0x00000000d5c9f9e8}> (0x00000000d5c9f9e8) 
thrown [s\src\hotspot\share\prims\jni.cpp, line 520]
Event: 19.123 Thread 0x00000185f75fa980 Exception <a 'sun/nio/fs/WindowsException'{0x00000000d5ca04e8}> (0x00000000d5ca04e8) 
thrown [s\src\hotspot\share\prims\jni.cpp, line 520]
Event: 19.576 Thread 0x00000185f27d52a0 Exception <a 'sun/nio/fs/WindowsException'{0x00000000d5811478}> (0x00000000d5811478) 
thrown [s\src\hotspot\share\prims\jni.cpp, line 520]
Event: 19.576 Thread 0x00000185f27d52a0 Exception <a 'sun/nio/fs/WindowsException'{0x00000000d5811f48}> (0x00000000d5811f48) 
thrown [s\src\hotspot\share\prims\jni.cpp, line 520]
Event: 37.788 Thread 0x00000185f304bc20 Implicit null exception at 0x000001859f6ce647 to 0x000001859f6cfd44
Event: 37.864 Thread 0x00000185f304bc20 Exception <a 'java/lang/IncompatibleClassChangeError'{0x00000000d563a830}: Found class java.lang.Object, but interface was expected> (0x00000000d563a830) 
thrown [s\src\hotspot\share\interpreter\linkResolver.cpp, line 840]
Event: 37.922 Thread 0x00000185f304c940 Exception <a 'sun/nio/fs/WindowsException'{0x00000000d5a54e78}> (0x00000000d5a54e78) 
thrown [s\src\hotspot\share\prims\jni.cpp, line 520]
Event: 37.922 Thread 0x00000185f304c940 Exception <a 'sun/nio/fs/WindowsException'{0x00000000d5a55bd8}> (0x00000000d5a55bd8) 
thrown [s\src\hotspot\share\prims\jni.cpp, line 520]
Event: 37.923 Thread 0x00000185f304c940 Exception <a 'sun/nio/fs/WindowsException'{0x00000000d5a57050}> (0x00000000d5a57050) 
thrown [s\src\hotspot\share\prims\jni.cpp, line 520]
Event: 37.923 Thread 0x00000185f304c940 Exception <a 'sun/nio/fs/WindowsException'{0x00000000d5a57de8}> (0x00000000d5a57de8) 
thrown [s\src\hotspot\share\prims\jni.cpp, line 520]
Event: 37.923 Thread 0x00000185f304c940 Exception <a 'sun/nio/fs/WindowsException'{0x00000000d5a59f88}> (0x00000000d5a59f88) 
thrown [s\src\hotspot\share\prims\jni.cpp, line 520]
Event: 37.923 Thread 0x00000185f304c940 Exception <a 'sun/nio/fs/WindowsException'{0x00000000d5a5aa88}> (0x00000000d5a5aa88) 
thrown [s\src\hotspot\share\prims\jni.cpp, line 520]
Event: 37.926 Thread 0x00000185f304c940 Exception <a 'sun/nio/fs/WindowsException'{0x00000000d5a79dd8}> (0x00000000d5a79dd8) 
thrown [s\src\hotspot\share\prims\jni.cpp, line 520]
Event: 37.926 Thread 0x00000185f304c940 Exception <a 'sun/nio/fs/WindowsException'{0x00000000d5a7a8d8}> (0x00000000d5a7a8d8) 
thrown [s\src\hotspot\share\prims\jni.cpp, line 520]
Event: 38.286 Thread 0x00000185f75fbd30 Exception <a 'java/lang/NoSuchMethodError'{0x00000000d597c660}: 'java.lang.Object java.lang.invoke.DirectMethodHandle$Holder.invokeStatic(java.lang.Object, java.lang.Object, int, int)'> (0x00000000d597c660) 
thrown [s\src\hotspot\share\interpreter\linkResolver.cpp, line 773]
Event: 38.287 Thread 0x00000185f75fbd30 Exception <a 'java/lang/NoSuchMethodError'{0x00000000d5980a00}: 'java.lang.Object java.lang.invoke.DirectMethodHandle$Holder.invokeSpecial(java.lang.Object, java.lang.Object, java.lang.Object, int, int)'> (0x00000000d5980a00) 
thrown [s\src\hotspot\share\interpreter\linkResolver.cpp, line 773]
Event: 38.404 Thread 0x00000185f75fbd30 Implicit null exception at 0x000001859f144dcc to 0x000001859f144e12
Event: 38.450 Thread 0x00000185f75fbd30 Exception <a 'java/lang/NoSuchMethodError'{0x00000000d5a13580}: 'java.lang.Object java.lang.invoke.DirectMethodHandle$Holder.invokeStatic(java.lang.Object, java.lang.Object, int, java.lang.Object, java.lang.Object)'> (0x00000000d5a13580) 
thrown [s\src\hotspot\share\interpreter\linkResolver.cpp, line 773]
Event: 38.587 Thread 0x00000185f75fbd30 Implicit null exception at 0x000001859f7274f3 to 0x000001859f7275f8
Event: 39.365 Thread 0x00000185f304bc20 Exception <a 'java/lang/IncompatibleClassChangeError'{0x00000000d58d8390}: Found class java.lang.Object, but interface was expected> (0x00000000d58d8390) 
thrown [s\src\hotspot\share\interpreter\linkResolver.cpp, line 840]

ZGC Phase Switch (0 events):
No events

VM Operations (20 events):
Event: 256238.674 Executing VM operation: HandshakeAllThreads (HandshakeForDeflation)
Event: 256238.674 Executing VM operation: HandshakeAllThreads (HandshakeForDeflation) done
Event: 256238.674 Executing VM operation: RendezvousGCThreads
Event: 256238.674 Executing VM operation: RendezvousGCThreads done
Event: 256358.942 Executing VM operation: HandshakeAllThreads (HandshakeForDeflation)
Event: 256358.942 Executing VM operation: HandshakeAllThreads (HandshakeForDeflation) done
Event: 256358.942 Executing VM operation: RendezvousGCThreads
Event: 256358.942 Executing VM operation: RendezvousGCThreads done
Event: 256419.021 Executing VM operation: HandshakeAllThreads (HandshakeForDeflation)
Event: 256419.021 Executing VM operation: HandshakeAllThreads (HandshakeForDeflation) done
Event: 256419.021 Executing VM operation: RendezvousGCThreads
Event: 256419.021 Executing VM operation: RendezvousGCThreads done
Event: 256479.053 Executing VM operation: HandshakeAllThreads (HandshakeForDeflation)
Event: 256479.053 Executing VM operation: HandshakeAllThreads (HandshakeForDeflation) done
Event: 256479.053 Executing VM operation: RendezvousGCThreads
Event: 256479.053 Executing VM operation: RendezvousGCThreads done
Event: 256599.470 Executing VM operation: HandshakeAllThreads (HandshakeForDeflation)
Event: 256599.470 Executing VM operation: HandshakeAllThreads (HandshakeForDeflation) done
Event: 256599.470 Executing VM operation: RendezvousGCThreads
Event: 256599.470 Executing VM operation: RendezvousGCThreads done

Memory protections (0 events):
No events

Nmethod flushes (20 events):
Event: 10.845 Thread 0x00000185942a25f0 flushing  nmethod 0x0000018597cd7e90
Event: 10.845 Thread 0x00000185942a25f0 flushing  nmethod 0x0000018597cdb390
Event: 10.845 Thread 0x00000185942a25f0 flushing  nmethod 0x0000018597cdc990
Event: 10.845 Thread 0x00000185942a25f0 flushing  nmethod 0x0000018597ce5790
Event: 10.845 Thread 0x00000185942a25f0 flushing  nmethod 0x0000018597d02a10
Event: 10.845 Thread 0x00000185942a25f0 flushing  nmethod 0x0000018597d0aa90
Event: 10.845 Thread 0x00000185942a25f0 flushing osr nmethod 0x0000018597d57d10
Event: 10.845 Thread 0x00000185942a25f0 flushing  nmethod 0x0000018597d7b810
Event: 10.845 Thread 0x00000185942a25f0 flushing  nmethod 0x0000018597d96390
Event: 10.845 Thread 0x00000185942a25f0 flushing  nmethod 0x0000018597da5f10
Event: 10.845 Thread 0x00000185942a25f0 flushing  nmethod 0x0000018597da8010
Event: 10.845 Thread 0x00000185942a25f0 flushing  nmethod 0x0000018597daf490
Event: 10.845 Thread 0x00000185942a25f0 flushing  nmethod 0x0000018597dca310
Event: 10.845 Thread 0x00000185942a25f0 flushing  nmethod 0x0000018597dca910
Event: 10.845 Thread 0x00000185942a25f0 flushing  nmethod 0x0000018597dcb190
Event: 10.845 Thread 0x00000185942a25f0 flushing  nmethod 0x0000018597dce690
Event: 10.845 Thread 0x00000185942a25f0 flushing  nmethod 0x0000018597dced90
Event: 10.845 Thread 0x00000185942a25f0 flushing  nmethod 0x0000018597dd2f90
Event: 10.845 Thread 0x00000185942a25f0 flushing  nmethod 0x0000018597df7d10
Event: 10.845 Thread 0x00000185942a25f0 flushing  nmethod 0x0000018597e03390

Events (20 events):
Event: 47.159 Thread 0x00000185f4c77020 Thread added: 0x00000185f4c74e10
Event: 52.187 Thread 0x00000185f4c74e10 Thread exited: 0x00000185f4c74e10
Event: 52.203 Thread 0x00000185f4c77020 Thread exited: 0x00000185f4c77020
Event: 105.108 Thread 0x00000185f27d6650 Thread exited: 0x00000185f27d6650
Event: 105.108 Thread 0x00000185f27d4c10 Thread exited: 0x00000185f27d4c10
Event: 105.108 Thread 0x00000185f27d6ce0 Thread exited: 0x00000185f27d6ce0
Event: 105.108 Thread 0x00000185f27d8090 Thread exited: 0x00000185f27d8090
Event: 105.872 Thread 0x00000185f304b590 Thread exited: 0x00000185f304b590
Event: 165.879 Thread 0x00000185f75f7b90 Thread exited: 0x00000185f75f7b90
Event: 225.886 Thread 0x00000185f75fbd30 Thread exited: 0x00000185f75fbd30
Event: 285.894 Thread 0x00000185f75f8220 Thread exited: 0x00000185f75f8220
Event: 345.897 Thread 0x00000185f304c940 Thread exited: 0x00000185f304c940
Event: 405.911 Thread 0x00000185f75f8f40 Thread exited: 0x00000185f75f8f40
Event: 465.926 Thread 0x00000185f75fa980 Thread exited: 0x00000185f75fa980
Event: 1688.993 Thread 0x00000185f304bc20 Thread added: 0x00000185f75fa980
Event: 1749.046 Thread 0x00000185f75fa980 Thread exited: 0x00000185f75fa980
Event: 20407.890 Thread 0x00000185f304bc20 Thread added: 0x00000185f75f7b90
Event: 20467.934 Thread 0x00000185f75f7b90 Thread exited: 0x00000185f75f7b90
Event: 23150.657 Thread 0x00000185f304bc20 Thread added: 0x00000185f75f7b90
Event: 23212.744 Thread 0x00000185f75f7b90 Thread exited: 0x00000185f75f7b90


Dynamic libraries:
0x00007ff78d7a0000 - 0x00007ff78d7ae000 	c:\Users\gabri\.vscode\extensions\redhat.java-1.50.0-win32-x64\jre\21.0.9-win32-x86_64\bin\java.exe
0x00007ffa98d20000 - 0x00007ffa98f88000 	C:\WINDOWS\SYSTEM32\ntdll.dll
0x00007ffa97220000 - 0x00007ffa972e9000 	C:\WINDOWS\System32\KERNEL32.DLL
0x00007ffa95fe0000 - 0x00007ffa963d8000 	C:\WINDOWS\System32\KERNELBASE.dll
0x00007ffa963e0000 - 0x00007ffa9652b000 	C:\WINDOWS\System32\ucrtbase.dll
0x00007ffa83f00000 - 0x00007ffa83f18000 	c:\Users\gabri\.vscode\extensions\redhat.java-1.50.0-win32-x64\jre\21.0.9-win32-x86_64\bin\jli.dll
0x00007ffa8ea90000 - 0x00007ffa8eaae000 	c:\Users\gabri\.vscode\extensions\redhat.java-1.50.0-win32-x64\jre\21.0.9-win32-x86_64\bin\VCRUNTIME140.dll
0x00007ffa98010000 - 0x00007ffa981d7000 	C:\WINDOWS\System32\USER32.dll
0x00007ffa967d0000 - 0x00007ffa967f7000 	C:\WINDOWS\System32\win32u.dll
0x00007ffa81070000 - 0x00007ffa81304000 	C:\WINDOWS\WinSxS\amd64_microsoft.windows.common-controls_6595b64144ccf1df_6.0.26100.7019_none_3e06ffa0e335b8a8\COMCTL32.dll
0x00007ffa96b80000 - 0x00007ffa96bab000 	C:\WINDOWS\System32\GDI32.dll
0x00007ffa96ac0000 - 0x00007ffa96b69000 	C:\WINDOWS\System32\msvcrt.dll
0x00007ffa966a0000 - 0x00007ffa967cc000 	C:\WINDOWS\System32\gdi32full.dll
0x00007ffa96800000 - 0x00007ffa968a3000 	C:\WINDOWS\System32\msvcp_win.dll
0x00007ffa97070000 - 0x00007ffa970a1000 	C:\WINDOWS\System32\IMM32.DLL
0x00007ffa92e10000 - 0x00007ffa92e1c000 	c:\Users\gabri\.vscode\extensions\redhat.java-1.50.0-win32-x64\jre\21.0.9-win32-x86_64\bin\vcruntime140_1.dll
0x00007ffa74d00000 - 0x00007ffa74d8d000 	c:\Users\gabri\.vscode\extensions\redhat.java-1.50.0-win32-x64\jre\21.0.9-win32-x86_64\bin\msvcp140.dll
0x00007ffa18be0000 - 0x00007ffa19980000 	c:\Users\gabri\.vscode\extensions\redhat.java-1.50.0-win32-x64\jre\21.0.9-win32-x86_64\bin\server\jvm.dll
0x00007ffa96e40000 - 0x00007ffa96ef4000 	C:\WINDOWS\System32\ADVAPI32.dll
0x00007ffa972f0000 - 0x00007ffa97396000 	C:\WINDOWS\System32\sechost.dll
0x00007ffa977e0000 - 0x00007ffa978f8000 	C:\WINDOWS\System32\RPCRT4.dll
0x00007ffa97960000 - 0x00007ffa979d4000 	C:\WINDOWS\System32\WS2_32.dll
0x00007ffa7fc30000 - 0x00007ffa7fc65000 	C:\WINDOWS\SYSTEM32\WINMM.dll
0x00007ffa95cd0000 - 0x00007ffa95d2e000 	C:\WINDOWS\SYSTEM32\POWRPROF.dll
0x00007ffa8ea80000 - 0x00007ffa8ea8b000 	C:\WINDOWS\SYSTEM32\VERSION.dll
0x00007ffa95cb0000 - 0x00007ffa95cc4000 	C:\WINDOWS\SYSTEM32\UMPDC.dll
0x00007ffa94bf0000 - 0x00007ffa94c0b000 	C:\WINDOWS\SYSTEM32\kernel.appcore.dll
0x00007ffa90e60000 - 0x00007ffa90e6a000 	c:\Users\gabri\.vscode\extensions\redhat.java-1.50.0-win32-x64\jre\21.0.9-win32-x86_64\bin\jimage.dll
0x00007ffa77f10000 - 0x00007ffa78152000 	C:\WINDOWS\SYSTEM32\DBGHELP.DLL
0x00007ffa973a0000 - 0x00007ffa9772b000 	C:\WINDOWS\System32\combase.dll
0x00007ffa96f80000 - 0x00007ffa97057000 	C:\WINDOWS\System32\OLEAUT32.dll
0x00007ffa76b60000 - 0x00007ffa76b9c000 	C:\WINDOWS\SYSTEM32\dbgcore.DLL
0x00007ffa95e70000 - 0x00007ffa95f15000 	C:\WINDOWS\System32\bcryptPrimitives.dll
0x00007ffa90de0000 - 0x00007ffa90def000 	c:\Users\gabri\.vscode\extensions\redhat.java-1.50.0-win32-x64\jre\21.0.9-win32-x86_64\bin\instrument.dll
0x00007ffa83950000 - 0x00007ffa83970000 	c:\Users\gabri\.vscode\extensions\redhat.java-1.50.0-win32-x64\jre\21.0.9-win32-x86_64\bin\java.dll
0x00007ffa981e0000 - 0x00007ffa9892f000 	C:\WINDOWS\System32\SHELL32.dll
0x00007ffa96530000 - 0x00007ffa9669b000 	C:\WINDOWS\System32\wintypes.dll
0x00007ffa93a70000 - 0x00007ffa942cd000 	C:\WINDOWS\SYSTEM32\windows.storage.dll
0x00007ffa96c70000 - 0x00007ffa96d62000 	C:\WINDOWS\System32\SHCORE.dll
0x00007ffa96bb0000 - 0x00007ffa96c17000 	C:\WINDOWS\System32\shlwapi.dll
0x00007ffa95d90000 - 0x00007ffa95db9000 	C:\WINDOWS\SYSTEM32\profapi.dll
0x00007ffa83900000 - 0x00007ffa83918000 	c:\Users\gabri\.vscode\extensions\redhat.java-1.50.0-win32-x64\jre\21.0.9-win32-x86_64\bin\zip.dll
0x00007ffa90d80000 - 0x00007ffa90d90000 	C:\Users\gabri\.vscode\extensions\redhat.java-1.50.0-win32-x64\jre\21.0.9-win32-x86_64\bin\net.dll
0x00007ffa8c300000 - 0x00007ffa8c428000 	C:\WINDOWS\SYSTEM32\WINHTTP.dll
0x00007ffa95150000 - 0x00007ffa951bb000 	C:\WINDOWS\system32\mswsock.dll
0x00007ffa82ba0000 - 0x00007ffa82bb6000 	C:\Users\gabri\.vscode\extensions\redhat.java-1.50.0-win32-x64\jre\21.0.9-win32-x86_64\bin\nio.dll
0x00007ffa8ec00000 - 0x00007ffa8ec10000 	c:\Users\gabri\.vscode\extensions\redhat.java-1.50.0-win32-x64\jre\21.0.9-win32-x86_64\bin\verify.dll
0x00007ffa76230000 - 0x00007ffa76274000 	C:\Users\gabri\AppData\Roaming\Code\User\globalStorage\redhat.java\1.50.0\config_win\org.eclipse.equinox.launcher\org.eclipse.equinox.launcher.win32.win32.x86_64_1.2.1400.v20250801-0854\eclipse_11916.dll
0x00007ffa97e70000 - 0x00007ffa98007000 	C:\WINDOWS\System32\ole32.dll
0x00007ffa95450000 - 0x00007ffa9546b000 	C:\WINDOWS\SYSTEM32\CRYPTSP.dll
0x00007ffa94b50000 - 0x00007ffa94b8a000 	C:\WINDOWS\system32\rsaenh.dll
0x00007ffa95200000 - 0x00007ffa9522b000 	C:\WINDOWS\SYSTEM32\USERENV.dll
0x00007ffa95d60000 - 0x00007ffa95d8a000 	C:\WINDOWS\SYSTEM32\bcrypt.dll
0x00007ffa95440000 - 0x00007ffa9544c000 	C:\WINDOWS\SYSTEM32\CRYPTBASE.dll
0x00007ffa945e0000 - 0x00007ffa94614000 	C:\WINDOWS\SYSTEM32\IPHLPAPI.DLL
0x00007ffa98960000 - 0x00007ffa9896a000 	C:\WINDOWS\System32\NSI.dll
0x00007ffa6b970000 - 0x00007ffa6b9b9000 	C:\Users\gabri\AppData\Local\Temp\jna-98110207\jna14064544047661981562.dll
0x00007ffa96b70000 - 0x00007ffa96b78000 	C:\WINDOWS\System32\PSAPI.DLL
0x00007ffa8c2d0000 - 0x00007ffa8c2ee000 	C:\WINDOWS\SYSTEM32\dhcpcsvc6.DLL
0x00007ffa89ee0000 - 0x00007ffa89f03000 	C:\WINDOWS\SYSTEM32\dhcpcsvc.DLL
0x00007ffa87f60000 - 0x00007ffa87f6e000 	C:\Users\gabri\.vscode\extensions\redhat.java-1.50.0-win32-x64\jre\21.0.9-win32-x86_64\bin\sunmscapi.dll
0x00007ffa96940000 - 0x00007ffa96ab7000 	C:\WINDOWS\System32\CRYPT32.dll
0x00007ffa95680000 - 0x00007ffa956b0000 	C:\WINDOWS\SYSTEM32\ncrypt.dll
0x00007ffa95630000 - 0x00007ffa9566f000 	C:\WINDOWS\SYSTEM32\NTASN1.dll
0x00007ffa94620000 - 0x00007ffa9474c000 	C:\WINDOWS\SYSTEM32\DNSAPI.dll
0x00007ffa89f10000 - 0x00007ffa89f1b000 	C:\Windows\System32\rasadhlp.dll
0x00007ffa896d0000 - 0x00007ffa89756000 	C:\WINDOWS\System32\fwpuclnt.dll
0x00007ffa87be0000 - 0x00007ffa87be9000 	C:\Users\gabri\.vscode\extensions\redhat.java-1.50.0-win32-x64\jre\21.0.9-win32-x86_64\bin\extnet.dll

JVMTI agents:
c:\Users\gabri\.vscode\extensions\redhat.java-1.50.0-win32-x64\lombok\lombok-1.18.39-4050.jar path:c:\Users\gabri\.vscode\extensions\redhat.java-1.50.0-win32-x64\jre\21.0.9-win32-x86_64\bin\instrument.dll, loaded, initialized, instrumentlib options:none

dbghelp: loaded successfully - version: 4.0.5 - missing functions: none
symbol engine: initialized successfully - sym options: 0x614 - pdb path: .;c:\Users\gabri\.vscode\extensions\redhat.java-1.50.0-win32-x64\jre\21.0.9-win32-x86_64\bin;C:\WINDOWS\SYSTEM32;C:\WINDOWS\WinSxS\amd64_microsoft.windows.common-controls_6595b64144ccf1df_6.0.26100.7019_none_3e06ffa0e335b8a8;c:\Users\gabri\.vscode\extensions\redhat.java-1.50.0-win32-x64\jre\21.0.9-win32-x86_64\bin\server;C:\Users\gabri\AppData\Roaming\Code\User\globalStorage\redhat.java\1.50.0\config_win\org.eclipse.equinox.launcher\org.eclipse.equinox.launcher.win32.win32.x86_64_1.2.1400.v20250801-0854;C:\Users\gabri\AppData\Local\Temp\jna-98110207

VM Arguments:
jvm_args: --add-modules=ALL-SYSTEM --add-opens=java.base/java.util=ALL-UNNAMED --add-opens=java.base/java.lang=ALL-UNNAMED --add-opens=java.base/sun.nio.fs=ALL-UNNAMED -Declipse.application=org.eclipse.jdt.ls.core.id1 -Dosgi.bundles.defaultStartLevel=4 -Declipse.product=org.eclipse.jdt.ls.core.product -Djava.import.generatesMetadataFilesAtProjectRoot=false -DDetectVMInstallationsJob.disabled=true -Dfile.encoding=utf8 -XX:+UseParallelGC -XX:GCTimeRatio=4 -XX:AdaptiveSizePolicyWeight=90 -Dsun.zip.disableMemoryMapping=true -Xmx2G -Xms100m -Xlog:disable -javaagent:c:\Users\gabri\.vscode\extensions\redhat.java-1.50.0-win32-x64\lombok\lombok-1.18.39-4050.jar -XX:+HeapDumpOnOutOfMemoryError -XX:HeapDumpPath=c:\Users\gabri\AppData\Roaming\Code\User\workspaceStorage\e14d0158649c4a8f8b96c9572e09e2af\redhat.java -Daether.dependencyCollector.impl=bf 
java_command: c:\Users\gabri\.vscode\extensions\redhat.java-1.50.0-win32-x64\server\plugins\org.eclipse.equinox.launcher_1.7.100.v20251111-0406.jar -configuration c:\Users\gabri\AppData\Roaming\Code\User\globalStorage\redhat.java\1.50.0\config_win -data c:\Users\gabri\AppData\Roaming\Code\User\workspaceStorage\e14d0158649c4a8f8b96c9572e09e2af\redhat.java\jdt_ws --pipe=\\.\pipe\lsp-2a8981f0b65c0e73f1f7d8b302ec0c0f-sock
java_class_path (initial): c:\Users\gabri\.vscode\extensions\redhat.java-1.50.0-win32-x64\server\plugins\org.eclipse.equinox.launcher_1.7.100.v20251111-0406.jar
Launcher Type: SUN_STANDARD

[Global flags]
    uintx AdaptiveSizePolicyWeight                 = 90                                        {product} {command line}
     intx CICompilerCount                          = 4                                         {product} {ergonomic}
    uintx GCTimeRatio                              = 4                                         {product} {command line}
     bool HeapDumpOnOutOfMemoryError               = true                                   {manageable} {command line}
    ccstr HeapDumpPath                             = c:\Users\gabri\AppData\Roaming\Code\User\workspaceStorage\e14d0158649c4a8f8b96c9572e09e2af\redhat.java         {manageable} {command line}
   size_t InitialHeapSize                          = 104857600                                 {product} {command line}
   size_t MaxHeapSize                              = 2147483648                                {product} {command line}
   size_t MaxNewSize                               = 715653120                                 {product} {ergonomic}
   size_t MinHeapDeltaBytes                        = 524288                                    {product} {ergonomic}
   size_t MinHeapSize                              = 104857600                                 {product} {command line}
   size_t NewSize                                  = 34603008                                  {product} {ergonomic}
    uintx NonNMethodCodeHeapSize                   = 5839372                                {pd product} {ergonomic}
    uintx NonProfiledCodeHeapSize                  = 122909434                              {pd product} {ergonomic}
   size_t OldSize                                  = 70254592                                  {product} {ergonomic}
    uintx ProfiledCodeHeapSize                     = 122909434                              {pd product} {ergonomic}
    uintx ReservedCodeCacheSize                    = 251658240                              {pd product} {ergonomic}
     bool SegmentedCodeCache                       = true                                      {product} {ergonomic}
   size_t SoftMaxHeapSize                          = 2147483648                             {manageable} {ergonomic}
     bool UseCompressedOops                        = true                           {product lp64_product} {ergonomic}
     bool UseLargePagesIndividualAllocation        = false                                  {pd product} {ergonomic}
     bool UseParallelGC                            = true                                      {product} {command line}

Logging:
Log output configuration:
 #0: stdout all=off uptime,level,tags foldmultilines=false
 #1: stderr all=off uptime,level,tags foldmultilines=false

Release file:
JAVA_VERSION="21.0.9" 
MODULES="java.base java.compiler java.datatransfer java.xml java.prefs java.desktop java.instrument java.logging java.management java.security.sasl java.naming java.rmi java.management.rmi java.net.http java.scripting java.security.jgss java.transaction.xa java.sql java.sql.rowset java.xml.crypto java.se java.smartcardio jdk.accessibility jdk.internal.jvmstat jdk.attach jdk.charsets jdk.internal.opt jdk.zipfs jdk.compiler jdk.crypto.ec jdk.crypto.cryptoki jdk.crypto.mscapi jdk.dynalink jdk.internal.ed jdk.editpad jdk.hotspot.agent jdk.httpserver jdk.internal.le jdk.internal.vm.ci jdk.internal.vm.compiler jdk.internal.vm.compiler.management jdk.jartool jdk.javadoc jdk.jcmd jdk.management jdk.management.agent jdk.jconsole jdk.jdeps jdk.jdwp.agent jdk.jdi jdk.jfr jdk.jshell jdk.jsobject jdk.jstatd jdk.localedata jdk.management.jfr jdk.naming.dns jdk.naming.rmi jdk.net jdk.nio.mapmode jdk.random jdk.sctp jdk.security.auth jdk.security.jgss jdk.unsupported jdk.unsupported.desktop jdk.xml.dom" 

Environment Variables:
JAVA_HOME=C:\Program Files\Java\jdk-25_windows-x64_bin\jdk-25.0.1
PATH=C:\Program Files\Eclipse Adoptium\jdk-25.0.1.8-hotspot\bin;C:\Python314\Scripts\;C:\Python314\;C:\Program Files\Java\jdk-25_windows-x64_bin\jdk-25.0.1\bin;C:\WINDOWS\system32;C:\WINDOWS;C:\WINDOWS\System32\Wbem;C:\WINDOWS\System32\WindowsPowerShell\v1.0\;C:\WINDOWS\System32\OpenSSH\;C:\Program Files\NVIDIA Corporation\NVIDIA App\NvDLISR;C:\Program Files (x86)\NVIDIA Corporation\PhysX\Common;C:\Program Files\nodejs\;C:\ProgramData\chocolatey\bin;C:\Program Files\Git\cmd;C:\Program Files\MySQL\MySQL Shell 8.0\bin\;C:\Program Files\PostgreSQL\18\bin;C:\Users\gabri\AppData\Local\Microsoft\WindowsApps;D:\VsCode\Microsoft VS Code\bin;D:\IntellJi\IntelliJ IDEA Community Edition 2025.2.4\bin;C:\Users\gabri\AppData\Roaming\npm;
USERNAME=gabri
OS=Windows_NT
PROCESSOR_IDENTIFIER=Intel64 Family 6 Model 158 Stepping 10, GenuineIntel
TMP=C:\Users\gabri\AppData\Local\Temp
TEMP=C:\Users\gabri\AppData\Local\Temp




Periodic native trim disabled

---------------  S Y S T E M  ---------------

OS:
 Windows 11 , 64 bit Build 26100 (10.0.26100.7019)
OS uptime: 11 days 23:34 hours
Hyper-V role detected

CPU: total 8 (initial active 8) (4 cores per cpu, 2 threads per core) family 6 model 158 stepping 10 microcode 0xde, cx8, cmov, fxsr, ht, mmx, 3dnowpref, sse, sse2, sse3, ssse3, sse4.1, sse4.2, popcnt, lzcnt, tsc, tscinvbit, avx, avx2, aes, erms, clmul, bmi1, bmi2, adx, fma, vzeroupper, clflush, clflushopt, hv, rdtscp, f16c
Processor Information for the first 8 processors :
  Max Mhz: 2400, Current Mhz: 2400, Mhz Limit: 2400

Memory: 4k page, system-wide physical 16221M (739M free)
TotalPageFile size 31340M (AvailPageFile size 10M)
current process WorkingSet (physical memory assigned to process): 11M, peak: 402M
current process commit charge ("private bytes"): 419M, peak: 469M

vm_info: OpenJDK 64-Bit Server VM (21.0.9+10-LTS) for windows-amd64 JRE (21.0.9+10-LTS), built on 2025-10-21T00:00:00Z by "admin" with unknown MS VC++:1942

END.
