#
# There is insufficient memory for the Java Runtime Environment to continue.
# Native memory allocation (malloc) failed to allocate 1048576 bytes. Error detail: AllocateHeap
# Possible reasons:
#   The system is out of physical RAM or swap space
#   This process is running with CompressedOops enabled, and the Java Heap may be blocking the growth of the native heap
# Possible solutions:
#   Reduce memory load on the system
#   Increase physical memory or swap space
#   Check if swap backing store is full
#   Decrease Java heap size (-Xmx/-Xms)
#   Decrease number of Java threads
#   Decrease Java thread stack sizes (-Xss)
#   Set larger code cache with -XX:ReservedCodeCacheSize=
#   JVM is running with Unscaled Compressed Oops mode in which the Java heap is
#     placed in the first 4GB address space. The Java Heap base address is the
#     maximum limit for the native heap growth. Please use -XX:HeapBaseMinAddress
#     to set the Java Heap base and to place the Java Heap above 4GB virtual address.
# This output file may be truncated or incomplete.
#
#  Out of Memory Error (allocation.cpp:44), pid=20032, tid=20388
#
# JRE version: OpenJDK Runtime Environment Temurin-21.0.9+10 (21.0.9+10) (build 21.0.9+10-LTS)
# Java VM: OpenJDK 64-Bit Server VM Temurin-21.0.9+10 (21.0.9+10-LTS, mixed mode, sharing, tiered, compressed oops, compressed class ptrs, parallel gc, windows-amd64)
# No core dump will be written. Minidumps are not enabled by default on client versions of Windows
#

---------------  S U M M A R Y ------------

Command Line: --add-modules=ALL-SYSTEM --add-opens=java.base/java.util=ALL-UNNAMED --add-opens=java.base/java.lang=ALL-UNNAMED --add-opens=java.base/sun.nio.fs=ALL-UNNAMED -Declipse.application=org.eclipse.jdt.ls.core.id1 -Dosgi.bundles.defaultStartLevel=4 -Declipse.product=org.eclipse.jdt.ls.core.product -Djava.import.generatesMetadataFilesAtProjectRoot=false -DDetectVMInstallationsJob.disabled=true -Dfile.encoding=utf8 -XX:+UseParallelGC -XX:GCTimeRatio=4 -XX:AdaptiveSizePolicyWeight=90 -Dsun.zip.disableMemoryMapping=true -Xmx2G -Xms100m -Xlog:disable -javaagent:c:\Users\gabri\.vscode\extensions\redhat.java-1.51.0-win32-x64\lombok\lombok-1.18.39-4050.jar -XX:+HeapDumpOnOutOfMemoryError -XX:HeapDumpPath=c:\Users\gabri\AppData\Roaming\Code\User\workspaceStorage\e14d0158649c4a8f8b96c9572e09e2af\redhat.java -Daether.dependencyCollector.impl=bf c:\Users\gabri\.vscode\extensions\redhat.java-1.51.0-win32-x64\server\plugins\org.eclipse.equinox.launcher_1.7.100.v20251111-0406.jar -configuration c:\Users\gabri\AppData\Roaming\Code\User\globalStorage\redhat.java\1.51.0\config_win -data c:\Users\gabri\AppData\Roaming\Code\User\workspaceStorage\e14d0158649c4a8f8b96c9572e09e2af\redhat.java\jdt_ws --pipe=\\.\pipe\lsp-8d2ccd0551d1719ddd3711b4948eac70-sock

Host: Intel(R) Core(TM) i5-9300H CPU @ 2.40GHz, 8 cores, 15G,  Windows 11 , 64 bit Build 26100 (10.0.26100.7309)
Time: Fri Jan  9 12:39:57 2026 Hora oficial do Brasil elapsed time: 2821.172041 seconds (0d 0h 47m 1s)

---------------  T H R E A D  ---------------

Current thread (0x0000020ce5716460):  JavaThread "Attach Listener" daemon [_thread_in_vm, id=20388, stack(0x0000006cb5f00000,0x0000006cb6000000) (1024K)]

Stack: [0x0000006cb5f00000,0x0000006cb6000000]
Native frames: (J=compiled Java code, j=interpreted, Vv=VM code, C=native code)
V  [jvm.dll+0x6d6e29]
V  [jvm.dll+0x8b4b76]
V  [jvm.dll+0x8b712e]
V  [jvm.dll+0x8b7813]
V  [jvm.dll+0x283d86]
V  [jvm.dll+0xc1277]
V  [jvm.dll+0x6d76d9]
V  [jvm.dll+0x133466]
V  [jvm.dll+0x3f7ea6]
V  [jvm.dll+0x85e9ad]
V  [jvm.dll+0x6d565d]
C  [ucrtbase.dll+0x37b0]
C  [KERNEL32.DLL+0x2e8d7]
C  [ntdll.dll+0x8c53c]


---------------  P R O C E S S  ---------------

Threads class SMR info:
_java_thread_list=0x0000020cc7b5fbe0, length=35, elements={
0x0000020ce579c510, 0x0000020ce570c680, 0x0000020ce570d590, 0x0000020ce5713410,
0x0000020ce5716460, 0x0000020ce5718510, 0x0000020ce571a5f0, 0x0000020ce57255d0,
0x0000020ce572df50, 0x0000020cfdc31a70, 0x0000020cfdd4c9c0, 0x0000020cfe596500,
0x0000020cfe4f2880, 0x0000020cfe0a1f50, 0x0000020cfe66bc80, 0x0000020cfec16020,
0x0000020cfe706ef0, 0x0000020cfec77fc0, 0x0000020cfec77930, 0x0000020cfec751d0,
0x0000020cfec75ef0, 0x0000020cfec76580, 0x0000020cfebd2b40, 0x0000020cfebd3860,
0x0000020cfebd4c10, 0x0000020cfebd52a0, 0x0000020cfebd5930, 0x0000020cfebd31d0,
0x0000020cfebd5fc0, 0x0000020cfebd6650, 0x0000020cfebd6ce0, 0x0000020cfebd4580,
0x0000020cfebd7370, 0x0000020cc5b31000, 0x0000020cc5b2f5c0
}

Java Threads: ( => current thread )
  0x0000020ce579c510 JavaThread "main"                              [_thread_blocked, id=19372, stack(0x0000006cb5800000,0x0000006cb5900000) (1024K)]
  0x0000020ce570c680 JavaThread "Reference Handler"          daemon [_thread_blocked, id=21324, stack(0x0000006cb5c00000,0x0000006cb5d00000) (1024K)]
  0x0000020ce570d590 JavaThread "Finalizer"                  daemon [_thread_blocked, id=5368, stack(0x0000006cb5d00000,0x0000006cb5e00000) (1024K)]
  0x0000020ce5713410 JavaThread "Signal Dispatcher"          daemon [_thread_blocked, id=8484, stack(0x0000006cb5e00000,0x0000006cb5f00000) (1024K)]
=>0x0000020ce5716460 JavaThread "Attach Listener"            daemon [_thread_in_vm, id=20388, stack(0x0000006cb5f00000,0x0000006cb6000000) (1024K)]
  0x0000020ce5718510 JavaThread "Service Thread"             daemon [_thread_blocked, id=8412, stack(0x0000006cb6000000,0x0000006cb6100000) (1024K)]
  0x0000020ce571a5f0 JavaThread "Monitor Deflation Thread"   daemon [_thread_blocked, id=3924, stack(0x0000006cb6100000,0x0000006cb6200000) (1024K)]
  0x0000020ce57255d0 JavaThread "C2 CompilerThread0"         daemon [_thread_blocked, id=9336, stack(0x0000006cb6200000,0x0000006cb6300000) (1024K)]
  0x0000020ce572df50 JavaThread "C1 CompilerThread0"         daemon [_thread_blocked, id=21312, stack(0x0000006cb6300000,0x0000006cb6400000) (1024K)]
  0x0000020cfdc31a70 JavaThread "Common-Cleaner"             daemon [_thread_blocked, id=7832, stack(0x0000006cb6500000,0x0000006cb6600000) (1024K)]
  0x0000020cfdd4c9c0 JavaThread "Notification Thread"        daemon [_thread_blocked, id=11616, stack(0x0000006cb6600000,0x0000006cb6700000) (1024K)]
  0x0000020cfe596500 JavaThread "Active Thread: Equinox Container: 59108609-35e6-4d5e-9158-1657ffc6011a"        [_thread_blocked, id=11624, stack(0x0000006cb6e00000,0x0000006cb6f00000) (1024K)]
  0x0000020cfe4f2880 JavaThread "Refresh Thread: Equinox Container: 59108609-35e6-4d5e-9158-1657ffc6011a" daemon [_thread_blocked, id=10940, stack(0x0000006cb7000000,0x0000006cb7100000) (1024K)]
  0x0000020cfe0a1f50 JavaThread "Framework Event Dispatcher: Equinox Container: 59108609-35e6-4d5e-9158-1657ffc6011a" daemon [_thread_blocked, id=21008, stack(0x0000006cb7100000,0x0000006cb7200000) (1024K)]
  0x0000020cfe66bc80 JavaThread "Start Level: Equinox Container: 59108609-35e6-4d5e-9158-1657ffc6011a" daemon [_thread_blocked, id=16144, stack(0x0000006cb7200000,0x0000006cb7300000) (1024K)]
  0x0000020cfec16020 JavaThread "Bundle File Closer"         daemon [_thread_blocked, id=1456, stack(0x0000006cb7300000,0x0000006cb7400000) (1024K)]
  0x0000020cfe706ef0 JavaThread "SCR Component Actor"        daemon [_thread_blocked, id=11740, stack(0x0000006cb6700000,0x0000006cb6800000) (1024K)]
  0x0000020cfec77fc0 JavaThread "Worker-JM"                         [_thread_blocked, id=8296, stack(0x0000006cb7500000,0x0000006cb7600000) (1024K)]
  0x0000020cfec77930 JavaThread "JNA Cleaner"                daemon [_thread_blocked, id=3696, stack(0x0000006cb7600000,0x0000006cb7700000) (1024K)]
  0x0000020cfec751d0 JavaThread "Java indexing"              daemon [_thread_blocked, id=12108, stack(0x0000006cb7a00000,0x0000006cb7b00000) (1024K)]
  0x0000020cfec75ef0 JavaThread "Worker-3"                          [_thread_blocked, id=19300, stack(0x0000006cb7d00000,0x0000006cb7e00000) (1024K)]
  0x0000020cfec76580 JavaThread "Thread-1"                   daemon [_thread_in_native, id=5456, stack(0x0000006cb7e00000,0x0000006cb7f00000) (1024K)]
  0x0000020cfebd2b40 JavaThread "Thread-2"                   daemon [_thread_in_native, id=18744, stack(0x0000006cb7f00000,0x0000006cb8000000) (1024K)]
  0x0000020cfebd3860 JavaThread "Thread-3"                   daemon [_thread_in_native, id=14992, stack(0x0000006cb8000000,0x0000006cb8100000) (1024K)]
  0x0000020cfebd4c10 JavaThread "Thread-4"                   daemon [_thread_in_native, id=16904, stack(0x0000006cb8100000,0x0000006cb8200000) (1024K)]
  0x0000020cfebd52a0 JavaThread "Thread-5"                   daemon [_thread_in_native, id=8984, stack(0x0000006cb8200000,0x0000006cb8300000) (1024K)]
  0x0000020cfebd5930 JavaThread "Thread-6"                   daemon [_thread_in_native, id=11832, stack(0x0000006cb8300000,0x0000006cb8400000) (1024K)]
  0x0000020cfebd31d0 JavaThread "Thread-7"                   daemon [_thread_in_native, id=20668, stack(0x0000006cb8400000,0x0000006cb8500000) (1024K)]
  0x0000020cfebd5fc0 JavaThread "Thread-8"                   daemon [_thread_in_native, id=19100, stack(0x0000006cb8500000,0x0000006cb8600000) (1024K)]
  0x0000020cfebd6650 JavaThread "Thread-9"                   daemon [_thread_in_native, id=14620, stack(0x0000006cb8600000,0x0000006cb8700000) (1024K)]
  0x0000020cfebd6ce0 JavaThread "pool-2-thread-1"                   [_thread_blocked, id=1984, stack(0x0000006cb8700000,0x0000006cb8800000) (1024K)]
  0x0000020cfebd4580 JavaThread "WorkspaceEventsHandler"            [_thread_blocked, id=4512, stack(0x0000006cb8800000,0x0000006cb8900000) (1024K)]
  0x0000020cfebd7370 JavaThread "pool-1-thread-1"                   [_thread_blocked, id=14536, stack(0x0000006cb8900000,0x0000006cb8a00000) (1024K)]
  0x0000020cc5b31000 JavaThread "Cleaner-0"                  daemon [_thread_blocked, id=16724, stack(0x0000006cb9200000,0x0000006cb9300000) (1024K)]
  0x0000020cc5b2f5c0 JavaThread "Worker-5"                          [_thread_blocked, id=7408, stack(0x0000006cb5600000,0x0000006cb5700000) (1024K)]
Total: 35

Other Threads:
  0x0000020ce56f25f0 VMThread "VM Thread"                           [id=4652, stack(0x0000006cb5b00000,0x0000006cb5c00000) (1024K)]
  0x0000020ce562ca00 WatcherThread "VM Periodic Task Thread"        [id=5076, stack(0x0000006cb5a00000,0x0000006cb5b00000) (1024K)]
  0x0000020ce57bb9c0 WorkerThread "GC Thread#0"                     [id=2184, stack(0x0000006cb5900000,0x0000006cb5a00000) (1024K)]
  0x0000020cfe6dba80 WorkerThread "GC Thread#1"                     [id=17828, stack(0x0000006cb6800000,0x0000006cb6900000) (1024K)]
  0x0000020cfe3252f0 WorkerThread "GC Thread#2"                     [id=11640, stack(0x0000006cb6900000,0x0000006cb6a00000) (1024K)]
  0x0000020cfde5ea40 WorkerThread "GC Thread#3"                     [id=17036, stack(0x0000006cb6a00000,0x0000006cb6b00000) (1024K)]
  0x0000020cfde5ede0 WorkerThread "GC Thread#4"                     [id=19256, stack(0x0000006cb6b00000,0x0000006cb6c00000) (1024K)]
  0x0000020cfdd60710 WorkerThread "GC Thread#5"                     [id=19600, stack(0x0000006cb6c00000,0x0000006cb6d00000) (1024K)]
  0x0000020cfe08cc60 WorkerThread "GC Thread#6"                     [id=8476, stack(0x0000006cb6d00000,0x0000006cb6e00000) (1024K)]
  0x0000020cfe75d0b0 WorkerThread "GC Thread#7"                     [id=20492, stack(0x0000006cb6f00000,0x0000006cb7000000) (1024K)]
Total: 10

Threads with active compile tasks:
Total: 0

VM state: not at safepoint (normal execution)

VM Mutex/Monitor currently owned by a thread: None

Heap address: 0x0000000080000000, size: 2048 MB, Compressed Oops mode: 32-bit

CDS archive(s) mapped at: [0x0000020c80000000-0x0000020c80ba0000-0x0000020c80ba0000), size 12189696, SharedBaseAddress: 0x0000020c80000000, ArchiveRelocationMode: 1.
Compressed class space mapped at: 0x0000020c81000000-0x0000020cc1000000, reserved size: 1073741824
Narrow klass base: 0x0000020c80000000, Narrow klass shift: 0, Narrow klass range: 0x100000000

GC Precious Log:
 CardTable entry size: 512
 CPUs: 8 total, 8 available
 Memory: 16221M
 Large Page Support: Disabled
 NUMA Support: Disabled
 Compressed Oops: Enabled (32-bit)
 Alignments: Space 512K, Generation 512K, Heap 2M
 Heap Min Capacity: 100M
 Heap Initial Capacity: 100M
 Heap Max Capacity: 2G
 Pre-touch: Disabled
 Parallel Workers: 8

Heap:
 PSYoungGen      total 15872K, used 12773K [0x00000000d5580000, 0x00000000d6680000, 0x0000000100000000)
  eden space 14848K, 79% used [0x00000000d5580000,0x00000000d61044f0,0x00000000d6400000)
  from space 1024K, 95% used [0x00000000d6580000,0x00000000d6675200,0x00000000d6680000)
  to   space 1024K, 0% used [0x00000000d6480000,0x00000000d6480000,0x00000000d6580000)
 ParOldGen       total 123392K, used 123299K [0x0000000080000000, 0x0000000087880000, 0x00000000d5580000)
  object space 123392K, 99% used [0x0000000080000000,0x0000000087868ff0,0x0000000087880000)
 Metaspace       used 72583K, committed 74368K, reserved 1179648K
  class space    used 7585K, committed 8320K, reserved 1048576K

Card table byte_map: [0x0000020ce5140000,0x0000020ce5550000] _byte_map_base: 0x0000020ce4d40000

Marking Bits: (ParMarkBitMap*) 0x00007ffce2992460
 Begin Bits: [0x0000020cf7c50000, 0x0000020cf9c50000)
 End Bits:   [0x0000020cf9c50000, 0x0000020cfbc50000)

Polling page: 0x0000020ce3800000

Metaspace:

Usage:
  Non-class:     63.47 MB used.
      Class:      7.41 MB used.
       Both:     70.88 MB used.

Virtual space:
  Non-class space:      128.00 MB reserved,      64.50 MB ( 50%) committed,  2 nodes.
      Class space:        1.00 GB reserved,       8.12 MB ( <1%) committed,  1 nodes.
             Both:        1.12 GB reserved,      72.62 MB (  6%) committed. 

Chunk freelists:
   Non-Class:  15.23 MB
       Class:  7.72 MB
        Both:  22.96 MB

MaxMetaspaceSize: unlimited
CompressedClassSpaceSize: 1.00 GB
Initial GC threshold: 21.00 MB
Current GC threshold: 97.31 MB
CDS: on
 - commit_granule_bytes: 65536.
 - commit_granule_words: 8192.
 - virtual_space_node_default_size: 8388608.
 - enlarge_chunks_in_place: 1.
 - use_allocation_guard: 0.


Internal statistics:

num_allocs_failed_limit: 9.
num_arena_births: 1464.
num_arena_deaths: 14.
num_vsnodes_births: 3.
num_vsnodes_deaths: 0.
num_space_committed: 1162.
num_space_uncommitted: 0.
num_chunks_returned_to_freelist: 23.
num_chunks_taken_from_freelist: 5036.
num_chunk_merges: 15.
num_chunk_splits: 3061.
num_chunks_enlarged: 1687.
num_inconsistent_stats: 0.

CodeHeap 'non-profiled nmethods': size=120000Kb used=10166Kb max_used=10166Kb free=109833Kb
 bounds [0x0000020cf0470000, 0x0000020cf0e60000, 0x0000020cf79a0000]
CodeHeap 'profiled nmethods': size=120000Kb used=30888Kb max_used=30888Kb free=89111Kb
 bounds [0x0000020ce89a0000, 0x0000020cea7d0000, 0x0000020cefed0000]
CodeHeap 'non-nmethods': size=5760Kb used=1463Kb max_used=1594Kb free=4296Kb
 bounds [0x0000020cefed0000, 0x0000020cf0140000, 0x0000020cf0470000]
CodeCache: size=245760Kb, used=42517Kb, max_used=42648Kb, free=203240Kb
 total_blobs=14341, nmethods=13563, adapters=683, full_count=0
Compilation: enabled, stopped_count=0, restarted_count=0

Compilation events (20 events):
Event: 2101.557 Thread 0x0000020ce572df50 14342       1       org.eclipse.osgi.internal.framework.EquinoxContainer::getStorage (5 bytes)
Event: 2101.557 Thread 0x0000020ce572df50 nmethod 14342 0x0000020cf0e5d890 code [0x0000020cf0e5da20, 0x0000020cf0e5dae8]
Event: 2102.679 Thread 0x0000020ce572df50 14343       3       org.eclipse.core.internal.dtree.AbstractDataTreeNode::storeStrings (42 bytes)
Event: 2102.679 Thread 0x0000020ce572df50 nmethod 14343 0x0000020cea7bfe10 code [0x0000020cea7bffe0, 0x0000020cea7c0358]
Event: 2222.695 Thread 0x0000020ce572df50 14345   !   3       org.eclipse.core.internal.jobs.JobManager::nextJob (291 bytes)
Event: 2222.697 Thread 0x0000020ce572df50 nmethod 14345 0x0000020cea7c0510 code [0x0000020cea7c09a0, 0x0000020cea7c2ad8]
Event: 2222.697 Thread 0x0000020ce572df50 14344       3       org.eclipse.core.internal.jobs.JobManager::startJob (89 bytes)
Event: 2222.697 Thread 0x0000020ce572df50 nmethod 14344 0x0000020cea7c3c10 code [0x0000020cea7c3ec0, 0x0000020cea7c4d20]
Event: 2342.706 Thread 0x0000020ce572df50 14346       3       org.eclipse.core.internal.jobs.JobQueue::isEmpty (18 bytes)
Event: 2342.706 Thread 0x0000020ce572df50 nmethod 14346 0x0000020cea7c5190 code [0x0000020cea7c5340, 0x0000020cea7c54d0]
Event: 2342.706 Thread 0x0000020ce572df50 14347   !   3       org.eclipse.core.internal.jobs.JobManager::sleepHint (67 bytes)
Event: 2342.706 Thread 0x0000020ce572df50 nmethod 14347 0x0000020cea7c5590 code [0x0000020cea7c5800, 0x0000020cea7c62d0]
Event: 2565.888 Thread 0x0000020ce572df50 14348       3       org.eclipse.jdt.ls.core.internal.ParentProcessWatcher::run (83 bytes)
Event: 2565.889 Thread 0x0000020ce572df50 nmethod 14348 0x0000020cea7c6790 code [0x0000020cea7c6a20, 0x0000020cea7c7478]
Event: 2565.889 Thread 0x0000020ce572df50 14349       3       org.eclipse.jdt.ls.core.internal.ParentProcessWatcher::parentProcessStillRunning (62 bytes)
Event: 2565.890 Thread 0x0000020ce572df50 nmethod 14349 0x0000020cea7c7810 code [0x0000020cea7c7a40, 0x0000020cea7c8148]
Event: 2674.517 Thread 0x0000020ce572df50 14350   !   3       java.util.logging.LogManager::ensureLogManagerInitialized (144 bytes)
Event: 2674.518 Thread 0x0000020ce572df50 nmethod 14350 0x0000020cea7c8390 code [0x0000020cea7c86a0, 0x0000020cea7c97c0]
Event: 2675.986 Thread 0x0000020ce572df50 14351       3       java.lang.ProcessHandleImpl::<init> (15 bytes)
Event: 2675.986 Thread 0x0000020ce572df50 nmethod 14351 0x0000020cea7c9d90 code [0x0000020cea7c9f40, 0x0000020cea7ca0b0]

GC Heap History (20 events):
Event: 108.537 GC heap before
{Heap before GC invocations=152 (full 3):
 PSYoungGen      total 16896K, used 16420K [0x00000000d5580000, 0x00000000d6800000, 0x0000000100000000)
  eden space 15360K, 100% used [0x00000000d5580000,0x00000000d6480000,0x00000000d6480000)
  from space 1536K, 69% used [0x00000000d6680000,0x00000000d6789210,0x00000000d6800000)
  to   space 1536K, 0% used [0x00000000d6500000,0x00000000d6500000,0x00000000d6680000)
 ParOldGen       total 118784K, used 118345K [0x0000000080000000, 0x0000000087400000, 0x00000000d5580000)
  object space 118784K, 99% used [0x0000000080000000,0x00000000873927e8,0x0000000087400000)
 Metaspace       used 70351K, committed 72000K, reserved 1114112K
  class space    used 7422K, committed 8128K, reserved 1048576K
}
Event: 108.538 GC heap after
{Heap after GC invocations=152 (full 3):
 PSYoungGen      total 16384K, used 772K [0x00000000d5580000, 0x00000000d6700000, 0x0000000100000000)
  eden space 15360K, 0% used [0x00000000d5580000,0x00000000d5580000,0x00000000d6480000)
  from space 1024K, 75% used [0x00000000d6500000,0x00000000d65c1210,0x00000000d6600000)
  to   space 1024K, 0% used [0x00000000d6600000,0x00000000d6600000,0x00000000d6700000)
 ParOldGen       total 119296K, used 119266K [0x0000000080000000, 0x0000000087480000, 0x00000000d5580000)
  object space 119296K, 99% used [0x0000000080000000,0x0000000087478928,0x0000000087480000)
 Metaspace       used 70351K, committed 72000K, reserved 1114112K
  class space    used 7422K, committed 8128K, reserved 1048576K
}
Event: 109.168 GC heap before
{Heap before GC invocations=153 (full 3):
 PSYoungGen      total 16384K, used 16132K [0x00000000d5580000, 0x00000000d6700000, 0x0000000100000000)
  eden space 15360K, 100% used [0x00000000d5580000,0x00000000d6480000,0x00000000d6480000)
  from space 1024K, 75% used [0x00000000d6500000,0x00000000d65c1210,0x00000000d6600000)
  to   space 1024K, 0% used [0x00000000d6600000,0x00000000d6600000,0x00000000d6700000)
 ParOldGen       total 119296K, used 119266K [0x0000000080000000, 0x0000000087480000, 0x00000000d5580000)
  object space 119296K, 99% used [0x0000000080000000,0x0000000087478928,0x0000000087480000)
 Metaspace       used 70480K, committed 72128K, reserved 1114112K
  class space    used 7422K, committed 8128K, reserved 1048576K
}
Event: 109.171 GC heap after
{Heap after GC invocations=153 (full 3):
 PSYoungGen      total 15872K, used 1018K [0x00000000d5580000, 0x00000000d6880000, 0x0000000100000000)
  eden space 14848K, 0% used [0x00000000d5580000,0x00000000d5580000,0x00000000d6400000)
  from space 1024K, 99% used [0x00000000d6600000,0x00000000d66fe900,0x00000000d6700000)
  to   space 2048K, 0% used [0x00000000d6400000,0x00000000d6400000,0x00000000d6600000)
 ParOldGen       total 120320K, used 119950K [0x0000000080000000, 0x0000000087580000, 0x00000000d5580000)
  object space 120320K, 99% used [0x0000000080000000,0x0000000087523b48,0x0000000087580000)
 Metaspace       used 70480K, committed 72128K, reserved 1114112K
  class space    used 7422K, committed 8128K, reserved 1048576K
}
Event: 110.107 GC heap before
{Heap before GC invocations=154 (full 3):
 PSYoungGen      total 15872K, used 15866K [0x00000000d5580000, 0x00000000d6880000, 0x0000000100000000)
  eden space 14848K, 100% used [0x00000000d5580000,0x00000000d6400000,0x00000000d6400000)
  from space 1024K, 99% used [0x00000000d6600000,0x00000000d66fe900,0x00000000d6700000)
  to   space 2048K, 0% used [0x00000000d6400000,0x00000000d6400000,0x00000000d6600000)
 ParOldGen       total 120320K, used 119950K [0x0000000080000000, 0x0000000087580000, 0x00000000d5580000)
  object space 120320K, 99% used [0x0000000080000000,0x0000000087523b48,0x0000000087580000)
 Metaspace       used 70589K, committed 72256K, reserved 1114112K
  class space    used 7428K, committed 8128K, reserved 1048576K
}
Event: 110.109 GC heap after
{Heap after GC invocations=154 (full 3):
 PSYoungGen      total 15872K, used 724K [0x00000000d5580000, 0x00000000d6700000, 0x0000000100000000)
  eden space 14848K, 0% used [0x00000000d5580000,0x00000000d5580000,0x00000000d6400000)
  from space 1024K, 70% used [0x00000000d6400000,0x00000000d64b5200,0x00000000d6500000)
  to   space 1536K, 0% used [0x00000000d6580000,0x00000000d6580000,0x00000000d6700000)
 ParOldGen       total 120832K, used 120794K [0x0000000080000000, 0x0000000087600000, 0x00000000d5580000)
  object space 120832K, 99% used [0x0000000080000000,0x00000000875f6b88,0x0000000087600000)
 Metaspace       used 70589K, committed 72256K, reserved 1114112K
  class space    used 7428K, committed 8128K, reserved 1048576K
}
Event: 559.325 GC heap before
{Heap before GC invocations=155 (full 3):
 PSYoungGen      total 15872K, used 15572K [0x00000000d5580000, 0x00000000d6700000, 0x0000000100000000)
  eden space 14848K, 100% used [0x00000000d5580000,0x00000000d6400000,0x00000000d6400000)
  from space 1024K, 70% used [0x00000000d6400000,0x00000000d64b5200,0x00000000d6500000)
  to   space 1536K, 0% used [0x00000000d6580000,0x00000000d6580000,0x00000000d6700000)
 ParOldGen       total 120832K, used 120794K [0x0000000080000000, 0x0000000087600000, 0x00000000d5580000)
  object space 120832K, 99% used [0x0000000080000000,0x00000000875f6b88,0x0000000087600000)
 Metaspace       used 70766K, committed 72384K, reserved 1114112K
  class space    used 7435K, committed 8128K, reserved 1048576K
}
Event: 559.328 GC heap after
{Heap after GC invocations=155 (full 3):
 PSYoungGen      total 16384K, used 1012K [0x00000000d5580000, 0x00000000d6700000, 0x0000000100000000)
  eden space 14848K, 0% used [0x00000000d5580000,0x00000000d5580000,0x00000000d6400000)
  from space 1536K, 65% used [0x00000000d6580000,0x00000000d667d220,0x00000000d6700000)
  to   space 1536K, 0% used [0x00000000d6400000,0x00000000d6400000,0x00000000d6580000)
 ParOldGen       total 121856K, used 121364K [0x0000000080000000, 0x0000000087700000, 0x00000000d5580000)
  object space 121856K, 99% used [0x0000000080000000,0x00000000876852c0,0x0000000087700000)
 Metaspace       used 70766K, committed 72384K, reserved 1114112K
  class space    used 7435K, committed 8128K, reserved 1048576K
}
Event: 560.120 GC heap before
{Heap before GC invocations=156 (full 3):
 PSYoungGen      total 16384K, used 15860K [0x00000000d5580000, 0x00000000d6700000, 0x0000000100000000)
  eden space 14848K, 100% used [0x00000000d5580000,0x00000000d6400000,0x00000000d6400000)
  from space 1536K, 65% used [0x00000000d6580000,0x00000000d667d220,0x00000000d6700000)
  to   space 1536K, 0% used [0x00000000d6400000,0x00000000d6400000,0x00000000d6580000)
 ParOldGen       total 121856K, used 121364K [0x0000000080000000, 0x0000000087700000, 0x00000000d5580000)
  object space 121856K, 99% used [0x0000000080000000,0x00000000876852c0,0x0000000087700000)
 Metaspace       used 71116K, committed 72704K, reserved 1114112K
  class space    used 7461K, committed 8128K, reserved 1048576K
}
Event: 560.122 GC heap after
{Heap after GC invocations=156 (full 3):
 PSYoungGen      total 15360K, used 340K [0x00000000d5580000, 0x00000000d6600000, 0x0000000100000000)
  eden space 14848K, 0% used [0x00000000d5580000,0x00000000d5580000,0x00000000d6400000)
  from space 512K, 66% used [0x00000000d6400000,0x00000000d6455200,0x00000000d6480000)
  to   space 1024K, 0% used [0x00000000d6500000,0x00000000d6500000,0x00000000d6600000)
 ParOldGen       total 122368K, used 121978K [0x0000000080000000, 0x0000000087780000, 0x00000000d5580000)
  object space 122368K, 99% used [0x0000000080000000,0x000000008771e848,0x0000000087780000)
 Metaspace       used 71116K, committed 72704K, reserved 1114112K
  class space    used 7461K, committed 8128K, reserved 1048576K
}
Event: 560.830 GC heap before
{Heap before GC invocations=157 (full 3):
 PSYoungGen      total 15360K, used 15188K [0x00000000d5580000, 0x00000000d6600000, 0x0000000100000000)
  eden space 14848K, 99% used [0x00000000d5580000,0x00000000d63fff58,0x00000000d6400000)
  from space 512K, 66% used [0x00000000d6400000,0x00000000d6455200,0x00000000d6480000)
  to   space 1024K, 0% used [0x00000000d6500000,0x00000000d6500000,0x00000000d6600000)
 ParOldGen       total 122368K, used 121978K [0x0000000080000000, 0x0000000087780000, 0x00000000d5580000)
  object space 122368K, 99% used [0x0000000080000000,0x000000008771e848,0x0000000087780000)
 Metaspace       used 72113K, committed 73856K, reserved 1179648K
  class space    used 7578K, committed 8320K, reserved 1048576K
}
Event: 560.831 GC heap after
{Heap after GC invocations=157 (full 3):
 PSYoungGen      total 15360K, used 352K [0x00000000d5580000, 0x00000000d6580000, 0x0000000100000000)
  eden space 14848K, 0% used [0x00000000d5580000,0x00000000d5580000,0x00000000d6400000)
  from space 512K, 68% used [0x00000000d6500000,0x00000000d6558000,0x00000000d6580000)
  to   space 512K, 0% used [0x00000000d6400000,0x00000000d6400000,0x00000000d6480000)
 ParOldGen       total 122368K, used 122026K [0x0000000080000000, 0x0000000087780000, 0x00000000d5580000)
  object space 122368K, 99% used [0x0000000080000000,0x000000008772a848,0x0000000087780000)
 Metaspace       used 72113K, committed 73856K, reserved 1179648K
  class space    used 7578K, committed 8320K, reserved 1048576K
}
Event: 597.810 GC heap before
{Heap before GC invocations=158 (full 3):
 PSYoungGen      total 15360K, used 15200K [0x00000000d5580000, 0x00000000d6580000, 0x0000000100000000)
  eden space 14848K, 100% used [0x00000000d5580000,0x00000000d6400000,0x00000000d6400000)
  from space 512K, 68% used [0x00000000d6500000,0x00000000d6558000,0x00000000d6580000)
  to   space 512K, 0% used [0x00000000d6400000,0x00000000d6400000,0x00000000d6480000)
 ParOldGen       total 122368K, used 122026K [0x0000000080000000, 0x0000000087780000, 0x00000000d5580000)
  object space 122368K, 99% used [0x0000000080000000,0x000000008772a848,0x0000000087780000)
 Metaspace       used 72379K, committed 74112K, reserved 1179648K
  class space    used 7582K, committed 8320K, reserved 1048576K
}
Event: 597.811 GC heap after
{Heap after GC invocations=158 (full 3):
 PSYoungGen      total 15360K, used 500K [0x00000000d5580000, 0x00000000d6600000, 0x0000000100000000)
  eden space 14848K, 0% used [0x00000000d5580000,0x00000000d5580000,0x00000000d6400000)
  from space 512K, 97% used [0x00000000d6400000,0x00000000d647d200,0x00000000d6480000)
  to   space 1024K, 0% used [0x00000000d6500000,0x00000000d6500000,0x00000000d6600000)
 ParOldGen       total 122368K, used 122279K [0x0000000080000000, 0x0000000087780000, 0x00000000d5580000)
  object space 122368K, 99% used [0x0000000080000000,0x0000000087769db0,0x0000000087780000)
 Metaspace       used 72379K, committed 74112K, reserved 1179648K
  class space    used 7582K, committed 8320K, reserved 1048576K
}
Event: 598.503 GC heap before
{Heap before GC invocations=159 (full 3):
 PSYoungGen      total 15360K, used 15348K [0x00000000d5580000, 0x00000000d6600000, 0x0000000100000000)
  eden space 14848K, 100% used [0x00000000d5580000,0x00000000d6400000,0x00000000d6400000)
  from space 512K, 97% used [0x00000000d6400000,0x00000000d647d200,0x00000000d6480000)
  to   space 1024K, 0% used [0x00000000d6500000,0x00000000d6500000,0x00000000d6600000)
 ParOldGen       total 122368K, used 122279K [0x0000000080000000, 0x0000000087780000, 0x00000000d5580000)
  object space 122368K, 99% used [0x0000000080000000,0x0000000087769db0,0x0000000087780000)
 Metaspace       used 72423K, committed 74176K, reserved 1179648K
  class space    used 7582K, committed 8320K, reserved 1048576K
}
Event: 598.504 GC heap after
{Heap after GC invocations=159 (full 3):
 PSYoungGen      total 15360K, used 224K [0x00000000d5580000, 0x00000000d6580000, 0x0000000100000000)
  eden space 14848K, 0% used [0x00000000d5580000,0x00000000d5580000,0x00000000d6400000)
  from space 512K, 43% used [0x00000000d6500000,0x00000000d6538000,0x00000000d6580000)
  to   space 512K, 0% used [0x00000000d6400000,0x00000000d6400000,0x00000000d6480000)
 ParOldGen       total 122368K, used 122335K [0x0000000080000000, 0x0000000087780000, 0x00000000d5580000)
  object space 122368K, 99% used [0x0000000080000000,0x0000000087777db0,0x0000000087780000)
 Metaspace       used 72423K, committed 74176K, reserved 1179648K
  class space    used 7582K, committed 8320K, reserved 1048576K
}
Event: 598.539 GC heap before
{Heap before GC invocations=160 (full 3):
 PSYoungGen      total 15360K, used 15072K [0x00000000d5580000, 0x00000000d6580000, 0x0000000100000000)
  eden space 14848K, 100% used [0x00000000d5580000,0x00000000d6400000,0x00000000d6400000)
  from space 512K, 43% used [0x00000000d6500000,0x00000000d6538000,0x00000000d6580000)
  to   space 512K, 0% used [0x00000000d6400000,0x00000000d6400000,0x00000000d6480000)
 ParOldGen       total 122368K, used 122335K [0x0000000080000000, 0x0000000087780000, 0x00000000d5580000)
  object space 122368K, 99% used [0x0000000080000000,0x0000000087777db0,0x0000000087780000)
 Metaspace       used 72427K, committed 74176K, reserved 1179648K
  class space    used 7583K, committed 8320K, reserved 1048576K
}
Event: 598.540 GC heap after
{Heap after GC invocations=160 (full 3):
 PSYoungGen      total 15360K, used 506K [0x00000000d5580000, 0x00000000d6700000, 0x0000000100000000)
  eden space 14848K, 0% used [0x00000000d5580000,0x00000000d5580000,0x00000000d6400000)
  from space 512K, 98% used [0x00000000d6400000,0x00000000d647e900,0x00000000d6480000)
  to   space 1536K, 0% used [0x00000000d6580000,0x00000000d6580000,0x00000000d6700000)
 ParOldGen       total 122880K, used 122799K [0x0000000080000000, 0x0000000087800000, 0x00000000d5580000)
  object space 122880K, 99% used [0x0000000080000000,0x00000000877ebdf0,0x0000000087800000)
 Metaspace       used 72427K, committed 74176K, reserved 1179648K
  class space    used 7583K, committed 8320K, reserved 1048576K
}
Event: 602.513 GC heap before
{Heap before GC invocations=161 (full 3):
 PSYoungGen      total 15360K, used 15354K [0x00000000d5580000, 0x00000000d6700000, 0x0000000100000000)
  eden space 14848K, 100% used [0x00000000d5580000,0x00000000d6400000,0x00000000d6400000)
  from space 512K, 98% used [0x00000000d6400000,0x00000000d647e900,0x00000000d6480000)
  to   space 1536K, 0% used [0x00000000d6580000,0x00000000d6580000,0x00000000d6700000)
 ParOldGen       total 122880K, used 122799K [0x0000000080000000, 0x0000000087800000, 0x00000000d5580000)
  object space 122880K, 99% used [0x0000000080000000,0x00000000877ebdf0,0x0000000087800000)
 Metaspace       used 72452K, committed 74176K, reserved 1179648K
  class space    used 7584K, committed 8320K, reserved 1048576K
}
Event: 602.514 GC heap after
{Heap after GC invocations=161 (full 3):
 PSYoungGen      total 15872K, used 980K [0x00000000d5580000, 0x00000000d6680000, 0x0000000100000000)
  eden space 14848K, 0% used [0x00000000d5580000,0x00000000d5580000,0x00000000d6400000)
  from space 1024K, 95% used [0x00000000d6580000,0x00000000d6675200,0x00000000d6680000)
  to   space 1024K, 0% used [0x00000000d6480000,0x00000000d6480000,0x00000000d6580000)
 ParOldGen       total 123392K, used 123299K [0x0000000080000000, 0x0000000087880000, 0x00000000d5580000)
  object space 123392K, 99% used [0x0000000080000000,0x0000000087868ff0,0x0000000087880000)
 Metaspace       used 72452K, committed 74176K, reserved 1179648K
  class space    used 7584K, committed 8320K, reserved 1048576K
}

Dll operation events (10 events):
Event: 0.016 Loaded shared library c:\Users\gabri\.vscode\extensions\redhat.java-1.51.0-win32-x64\jre\21.0.9-win32-x86_64\bin\java.dll
Event: 0.083 Loaded shared library c:\Users\gabri\.vscode\extensions\redhat.java-1.51.0-win32-x64\jre\21.0.9-win32-x86_64\bin\zip.dll
Event: 0.098 Loaded shared library C:\Users\gabri\.vscode\extensions\redhat.java-1.51.0-win32-x64\jre\21.0.9-win32-x86_64\bin\instrument.dll
Event: 0.102 Loaded shared library C:\Users\gabri\.vscode\extensions\redhat.java-1.51.0-win32-x64\jre\21.0.9-win32-x86_64\bin\net.dll
Event: 0.105 Loaded shared library C:\Users\gabri\.vscode\extensions\redhat.java-1.51.0-win32-x64\jre\21.0.9-win32-x86_64\bin\nio.dll
Event: 0.107 Loaded shared library C:\Users\gabri\.vscode\extensions\redhat.java-1.51.0-win32-x64\jre\21.0.9-win32-x86_64\bin\zip.dll
Event: 0.121 Loaded shared library C:\Users\gabri\.vscode\extensions\redhat.java-1.51.0-win32-x64\jre\21.0.9-win32-x86_64\bin\jimage.dll
Event: 0.178 Loaded shared library c:\Users\gabri\.vscode\extensions\redhat.java-1.51.0-win32-x64\jre\21.0.9-win32-x86_64\bin\verify.dll
Event: 1.257 Loaded shared library C:\Users\gabri\AppData\Roaming\Code\User\globalStorage\redhat.java\1.51.0\config_win\org.eclipse.equinox.launcher\org.eclipse.equinox.launcher.win32.win32.x86_64_1.2.1400.v20250801-0854\eclipse_11916.dll
Event: 2.506 Loaded shared library C:\Users\gabri\AppData\Local\Temp\jna-98110207\jna7872899403455415339.dll

Deoptimization events (20 events):
Event: 598.522 Thread 0x0000020cfebd3ef0 DEOPT PACKING pc=0x0000020cf0e1c3d0 sp=0x0000006cb55fdd60
Event: 598.522 Thread 0x0000020cfebd3ef0 DEOPT UNPACKING pc=0x0000020ceff23aa2 sp=0x0000006cb55fdce0 mode 2
Event: 598.522 Thread 0x0000020cfebd3ef0 Uncommon trap: trap_request=0xffffffbe fr.pc=0x0000020cf0e1c3d0 relative=0x00000000000001b0
Event: 598.522 Thread 0x0000020cfebd3ef0 Uncommon trap: reason=profile_predicate action=maybe_recompile pc=0x0000020cf0e1c3d0 method=java.util.HashMap.keysToArray([Ljava/lang/Object;)[Ljava/lang/Object; @ 36 c2
Event: 598.523 Thread 0x0000020cfebd3ef0 DEOPT PACKING pc=0x0000020cf0e1c3d0 sp=0x0000006cb55fdd60
Event: 598.523 Thread 0x0000020cfebd3ef0 DEOPT UNPACKING pc=0x0000020ceff23aa2 sp=0x0000006cb55fdce0 mode 2
Event: 598.525 Thread 0x0000020cfebd3ef0 DEOPT PACKING pc=0x0000020cea586b25 sp=0x0000006cb55fdca0
Event: 598.525 Thread 0x0000020cfebd3ef0 DEOPT UNPACKING pc=0x0000020ceff24242 sp=0x0000006cb55fd0c8 mode 0
Event: 602.281 Thread 0x0000020cfebd3ef0 DEOPT PACKING pc=0x0000020ce9c23f7e sp=0x0000006cb55fdfa0
Event: 602.281 Thread 0x0000020cfebd3ef0 DEOPT UNPACKING pc=0x0000020ceff24242 sp=0x0000006cb55fd480 mode 0
Event: 602.495 Thread 0x0000020cfebd3ef0 DEOPT PACKING pc=0x0000020cea4e230a sp=0x0000006cb55fc840
Event: 602.495 Thread 0x0000020cfebd3ef0 DEOPT UNPACKING pc=0x0000020ceff24242 sp=0x0000006cb55fbcf8 mode 0
Event: 602.504 Thread 0x0000020cfebd3ef0 Uncommon trap: trap_request=0xffffff76 fr.pc=0x0000020cf0e33d3c relative=0x000000000000019c
Event: 602.504 Thread 0x0000020cfebd3ef0 Uncommon trap: reason=predicate action=maybe_recompile pc=0x0000020cf0e33d3c method=java.util.HashMap.keysToArray([Ljava/lang/Object;)[Ljava/lang/Object; @ 48 c2
Event: 602.505 Thread 0x0000020cfebd3ef0 DEOPT PACKING pc=0x0000020cf0e33d3c sp=0x0000006cb55fe040
Event: 602.505 Thread 0x0000020cfebd3ef0 DEOPT UNPACKING pc=0x0000020ceff23aa2 sp=0x0000006cb55fdfc8 mode 2
Event: 602.533 Thread 0x0000020cfebd3ef0 DEOPT PACKING pc=0x0000020ce9e2bb2e sp=0x0000006cb55fd870
Event: 602.533 Thread 0x0000020cfebd3ef0 DEOPT UNPACKING pc=0x0000020ceff24242 sp=0x0000006cb55fcd10 mode 0
Event: 603.202 Thread 0x0000020cfebd3ef0 DEOPT PACKING pc=0x0000020cea54bdff sp=0x0000006cb55fdc70
Event: 603.202 Thread 0x0000020cfebd3ef0 DEOPT UNPACKING pc=0x0000020ceff24242 sp=0x0000006cb55fd158 mode 0

Classes loaded (20 events):
Event: 11.117 Loading class java/util/stream/ReduceOps$4ReducingSink
Event: 11.117 Loading class java/util/stream/ReduceOps$4ReducingSink done
Event: 11.127 Loading class java/util/HashMap$EntrySpliterator
Event: 11.127 Loading class java/util/HashMap$EntrySpliterator done
Event: 12.066 Loading class jdk/internal/ref/CleanerImpl$InnocuousThreadFactory
Event: 12.067 Loading class jdk/internal/ref/CleanerImpl$InnocuousThreadFactory done
Event: 12.361 Loading class java/util/regex/Pattern$Behind
Event: 12.361 Loading class java/util/regex/Pattern$Behind done
Event: 12.361 Loading class java/util/regex/Pattern$Neg
Event: 12.361 Loading class java/util/regex/Pattern$Neg done
Event: 31.036 Loading class sun/nio/cs/ISO_8859_1$Encoder
Event: 31.036 Loading class sun/nio/cs/ISO_8859_1$Encoder done
Event: 31.036 Loading class sun/nio/cs/Surrogate$Parser
Event: 31.036 Loading class sun/nio/cs/Surrogate$Parser done
Event: 31.036 Loading class sun/nio/cs/Surrogate
Event: 31.037 Loading class sun/nio/cs/Surrogate done
Event: 560.260 Loading class java/util/function/IntPredicate
Event: 560.261 Loading class java/util/function/IntPredicate done
Event: 560.279 Loading class java/util/regex/Pattern$Bound
Event: 560.279 Loading class java/util/regex/Pattern$Bound done

Classes unloaded (7 events):
Event: 2.913 Thread 0x0000020ce56f25f0 Unloading class 0x0000020c811ab400 'java/lang/invoke/LambdaForm$MH+0x0000020c811ab400'
Event: 2.913 Thread 0x0000020ce56f25f0 Unloading class 0x0000020c811ab000 'java/lang/invoke/LambdaForm$MH+0x0000020c811ab000'
Event: 2.913 Thread 0x0000020ce56f25f0 Unloading class 0x0000020c811aac00 'java/lang/invoke/LambdaForm$MH+0x0000020c811aac00'
Event: 2.913 Thread 0x0000020ce56f25f0 Unloading class 0x0000020c811aa800 'java/lang/invoke/LambdaForm$MH+0x0000020c811aa800'
Event: 2.913 Thread 0x0000020ce56f25f0 Unloading class 0x0000020c811aa400 'java/lang/invoke/LambdaForm$BMH+0x0000020c811aa400'
Event: 2.913 Thread 0x0000020ce56f25f0 Unloading class 0x0000020c811aa000 'java/lang/invoke/LambdaForm$DMH+0x0000020c811aa000'
Event: 2.913 Thread 0x0000020ce56f25f0 Unloading class 0x0000020c811a8c00 'java/lang/invoke/LambdaForm$DMH+0x0000020c811a8c00'

Classes redefined (0 events):
No events

Internal exceptions (20 events):
Event: 98.628 Thread 0x0000020cfebd3ef0 Exception <a 'sun/nio/fs/WindowsException'{0x00000000d6012610}> (0x00000000d6012610) 
thrown [s\src\hotspot\share\prims\jni.cpp, line 520]
Event: 98.628 Thread 0x0000020cfebd3ef0 Exception <a 'sun/nio/fs/WindowsException'{0x00000000d6012fd8}> (0x00000000d6012fd8) 
thrown [s\src\hotspot\share\prims\jni.cpp, line 520]
Event: 98.629 Thread 0x0000020cfebd3ef0 Exception <a 'sun/nio/fs/WindowsException'{0x00000000d605aa48}> (0x00000000d605aa48) 
thrown [s\src\hotspot\share\prims\jni.cpp, line 520]
Event: 98.629 Thread 0x0000020cfebd3ef0 Exception <a 'sun/nio/fs/WindowsException'{0x00000000d605b410}> (0x00000000d605b410) 
thrown [s\src\hotspot\share\prims\jni.cpp, line 520]
Event: 98.633 Thread 0x0000020cfebd3ef0 Exception <a 'sun/nio/fs/WindowsException'{0x00000000d60fd768}> (0x00000000d60fd768) 
thrown [s\src\hotspot\share\prims\jni.cpp, line 520]
Event: 98.633 Thread 0x0000020cfebd3ef0 Exception <a 'sun/nio/fs/WindowsException'{0x00000000d60fe130}> (0x00000000d60fe130) 
thrown [s\src\hotspot\share\prims\jni.cpp, line 520]
Event: 100.066 Thread 0x0000020cfebd7370 Exception <a 'java/lang/IncompatibleClassChangeError'{0x00000000d5f5cfd8}: Found class java.lang.Object, but interface was expected> (0x00000000d5f5cfd8) 
thrown [s\src\hotspot\share\interpreter\linkResolver.cpp, line 840]
Event: 100.852 Thread 0x0000020cfebd8db0 Exception <a 'java/lang/NoSuchMethodError'{0x00000000d59196c8}: 'java.lang.Object java.lang.invoke.Invokers$Holder.linkToTargetMethod(java.lang.Object, int, java.lang.Object, java.lang.Object, java.lang.Object, java.lang.Object, java.lang.Object)'> (0x00000000d59196c8) 
thrown [s\src\hotspot\share\interpreter\linkResolver.cpp, line 773]
Event: 101.483 Thread 0x0000020cfebd8db0 Implicit null exception at 0x0000020cf09e9d04 to 0x0000020cf09ea864
Event: 105.013 Thread 0x0000020cfebd7a00 Exception <a 'sun/nio/fs/WindowsException'{0x00000000d611f468}> (0x00000000d611f468) 
thrown [s\src\hotspot\share\prims\jni.cpp, line 520]
Event: 105.013 Thread 0x0000020cfebd7a00 Exception <a 'sun/nio/fs/WindowsException'{0x00000000d611fe30}> (0x00000000d611fe30) 
thrown [s\src\hotspot\share\prims\jni.cpp, line 520]
Event: 105.014 Thread 0x0000020cfebd7a00 Exception <a 'sun/nio/fs/WindowsException'{0x00000000d6120e30}> (0x00000000d6120e30) 
thrown [s\src\hotspot\share\prims\jni.cpp, line 520]
Event: 105.014 Thread 0x0000020cfebd7a00 Exception <a 'sun/nio/fs/WindowsException'{0x00000000d61217f8}> (0x00000000d61217f8) 
thrown [s\src\hotspot\share\prims\jni.cpp, line 520]
Event: 105.014 Thread 0x0000020cfebd7a00 Exception <a 'sun/nio/fs/WindowsException'{0x00000000d61232a8}> (0x00000000d61232a8) 
thrown [s\src\hotspot\share\prims\jni.cpp, line 520]
Event: 105.014 Thread 0x0000020cfebd7a00 Exception <a 'sun/nio/fs/WindowsException'{0x00000000d6123c70}> (0x00000000d6123c70) 
thrown [s\src\hotspot\share\prims\jni.cpp, line 520]
Event: 105.018 Thread 0x0000020cfebd7a00 Exception <a 'sun/nio/fs/WindowsException'{0x00000000d61aaa58}> (0x00000000d61aaa58) 
thrown [s\src\hotspot\share\prims\jni.cpp, line 520]
Event: 105.018 Thread 0x0000020cfebd7a00 Exception <a 'sun/nio/fs/WindowsException'{0x00000000d61ab420}> (0x00000000d61ab420) 
thrown [s\src\hotspot\share\prims\jni.cpp, line 520]
Event: 560.185 Thread 0x0000020cfebd3ef0 Implicit null exception at 0x0000020cf0c0e7c9 to 0x0000020cf0c0e824
Event: 560.256 Thread 0x0000020cfebd3ef0 Exception <a 'java/lang/NoSuchMethodError'{0x00000000d61494e0}: 'java.lang.Object java.lang.invoke.DirectMethodHandle$Holder.invokeStaticInit(java.lang.Object, java.lang.Object, java.lang.Object)'> (0x00000000d61494e0) 
thrown [s\src\hotspot\share\interpreter\linkResolver.cpp, line 773]
Event: 560.261 Thread 0x0000020cfebd3ef0 Exception <a 'java/lang/NoSuchMethodError'{0x00000000d61b8b78}: 'int java.lang.invoke.DirectMethodHandle$Holder.invokeStaticInit(java.lang.Object, int)'> (0x00000000d61b8b78) 
thrown [s\src\hotspot\share\interpreter\linkResolver.cpp, line 773]

ZGC Phase Switch (0 events):
No events

VM Operations (20 events):
Event: 2285.470 Executing VM operation: HandshakeAllThreads (HandshakeForDeflation)
Event: 2285.470 Executing VM operation: HandshakeAllThreads (HandshakeForDeflation) done
Event: 2285.470 Executing VM operation: RendezvousGCThreads
Event: 2285.470 Executing VM operation: RendezvousGCThreads done
Event: 2345.603 Executing VM operation: HandshakeAllThreads (HandshakeForDeflation)
Event: 2345.603 Executing VM operation: HandshakeAllThreads (HandshakeForDeflation) done
Event: 2345.603 Executing VM operation: RendezvousGCThreads
Event: 2345.603 Executing VM operation: RendezvousGCThreads done
Event: 2586.209 Executing VM operation: HandshakeAllThreads (HandshakeForDeflation)
Event: 2586.209 Executing VM operation: HandshakeAllThreads (HandshakeForDeflation) done
Event: 2586.209 Executing VM operation: RendezvousGCThreads
Event: 2586.209 Executing VM operation: RendezvousGCThreads done
Event: 2706.438 Executing VM operation: HandshakeAllThreads (HandshakeForDeflation)
Event: 2706.438 Executing VM operation: HandshakeAllThreads (HandshakeForDeflation) done
Event: 2706.438 Executing VM operation: RendezvousGCThreads
Event: 2706.438 Executing VM operation: RendezvousGCThreads done
Event: 2766.619 Executing VM operation: HandshakeAllThreads (HandshakeForDeflation)
Event: 2766.619 Executing VM operation: HandshakeAllThreads (HandshakeForDeflation) done
Event: 2766.619 Executing VM operation: RendezvousGCThreads
Event: 2766.619 Executing VM operation: RendezvousGCThreads done

Memory protections (0 events):
No events

Nmethod flushes (20 events):
Event: 8.981 Thread 0x0000020ce56f25f0 flushing  nmethod 0x0000020ce9146410
Event: 8.981 Thread 0x0000020ce56f25f0 flushing  nmethod 0x0000020ce9147510
Event: 8.981 Thread 0x0000020ce56f25f0 flushing  nmethod 0x0000020ce9149a90
Event: 8.981 Thread 0x0000020ce56f25f0 flushing  nmethod 0x0000020ce916a210
Event: 8.981 Thread 0x0000020ce56f25f0 flushing  nmethod 0x0000020ce917f290
Event: 8.981 Thread 0x0000020ce56f25f0 flushing osr nmethod 0x0000020ce918e810
Event: 8.981 Thread 0x0000020ce56f25f0 flushing osr nmethod 0x0000020ce9190510
Event: 8.981 Thread 0x0000020ce56f25f0 flushing osr nmethod 0x0000020ce91e9410
Event: 8.981 Thread 0x0000020ce56f25f0 flushing  nmethod 0x0000020ce920ae90
Event: 8.981 Thread 0x0000020ce56f25f0 flushing  nmethod 0x0000020ce9224310
Event: 8.981 Thread 0x0000020ce56f25f0 flushing  nmethod 0x0000020ce9248410
Event: 8.981 Thread 0x0000020ce56f25f0 flushing  nmethod 0x0000020ce9248b10
Event: 8.981 Thread 0x0000020ce56f25f0 flushing  nmethod 0x0000020ce9249110
Event: 8.981 Thread 0x0000020ce56f25f0 flushing  nmethod 0x0000020ce9249990
Event: 8.981 Thread 0x0000020ce56f25f0 flushing  nmethod 0x0000020ce924ce90
Event: 8.981 Thread 0x0000020ce56f25f0 flushing  nmethod 0x0000020ce9250e10
Event: 8.981 Thread 0x0000020ce56f25f0 flushing  nmethod 0x0000020ce927e110
Event: 8.981 Thread 0x0000020ce56f25f0 flushing  nmethod 0x0000020ce9283d90
Event: 8.981 Thread 0x0000020ce56f25f0 flushing  nmethod 0x0000020ce92cfa90
Event: 8.981 Thread 0x0000020ce56f25f0 flushing  nmethod 0x0000020ce92d2e90

Events (20 events):
Event: 560.828 Thread 0x0000020cfe4ae6e0 Thread exited: 0x0000020cfe4ae6e0
Event: 563.283 Thread 0x0000020cfebd3ef0 Thread added: 0x0000020cfebd7a00
Event: 563.296 Thread 0x0000020ce57255d0 Thread added: 0x0000020cfe4afb50
Event: 564.842 Thread 0x0000020cfe4afb50 Thread exited: 0x0000020cfe4afb50
Event: 597.820 Thread 0x0000020ce572df50 Thread added: 0x0000020cfe4ad940
Event: 598.000 Thread 0x0000020ce572df50 Thread added: 0x0000020cfe4afb50
Event: 598.486 Thread 0x0000020cfe4afb50 Thread exited: 0x0000020cfe4afb50
Event: 598.486 Thread 0x0000020cfe4ad940 Thread exited: 0x0000020cfe4ad940
Event: 598.492 Thread 0x0000020ce572df50 Thread added: 0x0000020cfe4afb50
Event: 598.507 Thread 0x0000020ce572df50 Thread added: 0x0000020cfe4ae6e0
Event: 602.207 Thread 0x0000020cfe4ae6e0 Thread exited: 0x0000020cfe4ae6e0
Event: 602.207 Thread 0x0000020cfe4afb50 Thread exited: 0x0000020cfe4afb50
Event: 602.305 Thread 0x0000020ce57255d0 Thread added: 0x0000020cfe4ac4d0
Event: 602.484 Thread 0x0000020cfe4ac4d0 Thread exited: 0x0000020cfe4ac4d0
Event: 602.491 Thread 0x0000020ce572df50 Thread added: 0x0000020cfe4acba0
Event: 602.538 Thread 0x0000020ce572df50 Thread added: 0x0000020cfe4afb50
Event: 603.165 Thread 0x0000020cfe4afb50 Thread exited: 0x0000020cfe4afb50
Event: 603.165 Thread 0x0000020cfe4acba0 Thread exited: 0x0000020cfe4acba0
Event: 663.302 Thread 0x0000020cfebd3ef0 Thread exited: 0x0000020cfebd3ef0
Event: 723.307 Thread 0x0000020cfebd7a00 Thread exited: 0x0000020cfebd7a00


Dynamic libraries:
0x00007ff65cb80000 - 0x00007ff65cb8e000 	c:\Users\gabri\.vscode\extensions\redhat.java-1.51.0-win32-x64\jre\21.0.9-win32-x86_64\bin\java.exe
0x00007ffd96000000 - 0x00007ffd96267000 	C:\WINDOWS\SYSTEM32\ntdll.dll
0x00007ffd94330000 - 0x00007ffd943f9000 	C:\WINDOWS\System32\KERNEL32.DLL
0x00007ffd93830000 - 0x00007ffd93c1f000 	C:\WINDOWS\System32\KERNELBASE.dll
0x00007ffd93620000 - 0x00007ffd9376b000 	C:\WINDOWS\System32\ucrtbase.dll
0x00007ffd81b70000 - 0x00007ffd81b88000 	c:\Users\gabri\.vscode\extensions\redhat.java-1.51.0-win32-x64\jre\21.0.9-win32-x86_64\bin\jli.dll
0x00007ffd95a20000 - 0x00007ffd95be5000 	C:\WINDOWS\System32\USER32.dll
0x00007ffd93770000 - 0x00007ffd93797000 	C:\WINDOWS\System32\win32u.dll
0x00007ffd94c50000 - 0x00007ffd94c7b000 	C:\WINDOWS\System32\GDI32.dll
0x00007ffd81fd0000 - 0x00007ffd81fee000 	c:\Users\gabri\.vscode\extensions\redhat.java-1.51.0-win32-x64\jre\21.0.9-win32-x86_64\bin\VCRUNTIME140.dll
0x00007ffd93370000 - 0x00007ffd9349c000 	C:\WINDOWS\System32\gdi32full.dll
0x00007ffd93210000 - 0x00007ffd932b3000 	C:\WINDOWS\System32\msvcp_win.dll
0x00007ffd7a140000 - 0x00007ffd7a3d3000 	C:\WINDOWS\WinSxS\amd64_microsoft.windows.common-controls_6595b64144ccf1df_6.0.26100.7309_none_3e05feeae336a044\COMCTL32.dll
0x00007ffd94ba0000 - 0x00007ffd94c49000 	C:\WINDOWS\System32\msvcrt.dll
0x00007ffd94400000 - 0x00007ffd94431000 	C:\WINDOWS\System32\IMM32.DLL
0x00007ffd8dff0000 - 0x00007ffd8dffc000 	c:\Users\gabri\.vscode\extensions\redhat.java-1.51.0-win32-x64\jre\21.0.9-win32-x86_64\bin\vcruntime140_1.dll
0x00007ffd68580000 - 0x00007ffd6860d000 	c:\Users\gabri\.vscode\extensions\redhat.java-1.51.0-win32-x64\jre\21.0.9-win32-x86_64\bin\msvcp140.dll
0x00007ffce1cd0000 - 0x00007ffce2a70000 	c:\Users\gabri\.vscode\extensions\redhat.java-1.51.0-win32-x64\jre\21.0.9-win32-x86_64\bin\server\jvm.dll
0x00007ffd954a0000 - 0x00007ffd95554000 	C:\WINDOWS\System32\ADVAPI32.dll
0x00007ffd95bf0000 - 0x00007ffd95c96000 	C:\WINDOWS\System32\sechost.dll
0x00007ffd94070000 - 0x00007ffd94188000 	C:\WINDOWS\System32\RPCRT4.dll
0x00007ffd942b0000 - 0x00007ffd94324000 	C:\WINDOWS\System32\WS2_32.dll
0x00007ffd80b60000 - 0x00007ffd80b95000 	C:\WINDOWS\SYSTEM32\WINMM.dll
0x00007ffd92fb0000 - 0x00007ffd9300e000 	C:\WINDOWS\SYSTEM32\POWRPROF.dll
0x00007ffd8add0000 - 0x00007ffd8addb000 	C:\WINDOWS\SYSTEM32\VERSION.dll
0x00007ffd92f90000 - 0x00007ffd92fa4000 	C:\WINDOWS\SYSTEM32\UMPDC.dll
0x00007ffd91ec0000 - 0x00007ffd91edb000 	C:\WINDOWS\SYSTEM32\kernel.appcore.dll
0x00007ffd8dfb0000 - 0x00007ffd8dfba000 	c:\Users\gabri\.vscode\extensions\redhat.java-1.51.0-win32-x64\jre\21.0.9-win32-x86_64\bin\jimage.dll
0x00007ffd7a3e0000 - 0x00007ffd7a622000 	C:\WINDOWS\SYSTEM32\DBGHELP.DLL
0x00007ffd94dd0000 - 0x00007ffd95155000 	C:\WINDOWS\System32\combase.dll
0x00007ffd94ce0000 - 0x00007ffd94db6000 	C:\WINDOWS\System32\OLEAUT32.dll
0x00007ffd6af60000 - 0x00007ffd6af9c000 	C:\WINDOWS\SYSTEM32\dbgcore.DLL
0x00007ffd932c0000 - 0x00007ffd93365000 	C:\WINDOWS\System32\bcryptPrimitives.dll
0x00007ffd8d630000 - 0x00007ffd8d63f000 	c:\Users\gabri\.vscode\extensions\redhat.java-1.51.0-win32-x64\jre\21.0.9-win32-x86_64\bin\instrument.dll
0x00007ffd82010000 - 0x00007ffd82030000 	c:\Users\gabri\.vscode\extensions\redhat.java-1.51.0-win32-x64\jre\21.0.9-win32-x86_64\bin\java.dll
0x00007ffd94440000 - 0x00007ffd94b93000 	C:\WINDOWS\System32\SHELL32.dll
0x00007ffd93c30000 - 0x00007ffd93d9a000 	C:\WINDOWS\System32\wintypes.dll
0x00007ffd90d30000 - 0x00007ffd9158e000 	C:\WINDOWS\SYSTEM32\windows.storage.dll
0x00007ffd95ec0000 - 0x00007ffd95fb5000 	C:\WINDOWS\System32\SHCORE.dll
0x00007ffd952d0000 - 0x00007ffd95336000 	C:\WINDOWS\System32\shlwapi.dll
0x00007ffd93070000 - 0x00007ffd93099000 	C:\WINDOWS\SYSTEM32\profapi.dll
0x00007ffd81850000 - 0x00007ffd81868000 	c:\Users\gabri\.vscode\extensions\redhat.java-1.51.0-win32-x64\jre\21.0.9-win32-x86_64\bin\zip.dll
0x00007ffd83520000 - 0x00007ffd83530000 	C:\Users\gabri\.vscode\extensions\redhat.java-1.51.0-win32-x64\jre\21.0.9-win32-x86_64\bin\net.dll
0x00007ffd89a70000 - 0x00007ffd89b98000 	C:\WINDOWS\SYSTEM32\WINHTTP.dll
0x00007ffd92420000 - 0x00007ffd9248b000 	C:\WINDOWS\system32\mswsock.dll
0x00007ffd81830000 - 0x00007ffd81846000 	C:\Users\gabri\.vscode\extensions\redhat.java-1.51.0-win32-x64\jre\21.0.9-win32-x86_64\bin\nio.dll
0x00007ffd832b0000 - 0x00007ffd832c0000 	c:\Users\gabri\.vscode\extensions\redhat.java-1.51.0-win32-x64\jre\21.0.9-win32-x86_64\bin\verify.dll
0x00007ffd6d4c0000 - 0x00007ffd6d504000 	C:\Users\gabri\AppData\Roaming\Code\User\globalStorage\redhat.java\1.51.0\config_win\org.eclipse.equinox.launcher\org.eclipse.equinox.launcher.win32.win32.x86_64_1.2.1400.v20250801-0854\eclipse_11916.dll
0x00007ffd95ca0000 - 0x00007ffd95e37000 	C:\WINDOWS\System32\ole32.dll
0x00007ffd92720000 - 0x00007ffd9273b000 	C:\WINDOWS\SYSTEM32\CRYPTSP.dll
0x00007ffd91e20000 - 0x00007ffd91e5a000 	C:\WINDOWS\system32\rsaenh.dll
0x00007ffd924d0000 - 0x00007ffd924fb000 	C:\WINDOWS\SYSTEM32\USERENV.dll
0x00007ffd93040000 - 0x00007ffd9306a000 	C:\WINDOWS\SYSTEM32\bcrypt.dll
0x00007ffd92710000 - 0x00007ffd9271c000 	C:\WINDOWS\SYSTEM32\CRYPTBASE.dll
0x00007ffd918b0000 - 0x00007ffd918e4000 	C:\WINDOWS\SYSTEM32\IPHLPAPI.DLL
0x00007ffd94dc0000 - 0x00007ffd94dca000 	C:\WINDOWS\System32\NSI.dll
0x00007ffd80cc0000 - 0x00007ffd80d09000 	C:\Users\gabri\AppData\Local\Temp\jna-98110207\jna7872899403455415339.dll
0x00007ffd95340000 - 0x00007ffd95348000 	C:\WINDOWS\System32\PSAPI.DLL
0x00007ffd89920000 - 0x00007ffd8993e000 	C:\WINDOWS\SYSTEM32\dhcpcsvc6.DLL
0x00007ffd897d0000 - 0x00007ffd897f3000 	C:\WINDOWS\SYSTEM32\dhcpcsvc.DLL

JVMTI agents:
c:\Users\gabri\.vscode\extensions\redhat.java-1.51.0-win32-x64\lombok\lombok-1.18.39-4050.jar path:c:\Users\gabri\.vscode\extensions\redhat.java-1.51.0-win32-x64\jre\21.0.9-win32-x86_64\bin\instrument.dll, loaded, initialized, instrumentlib options:none

dbghelp: loaded successfully - version: 4.0.5 - missing functions: none
symbol engine: initialized successfully - sym options: 0x614 - pdb path: .;c:\Users\gabri\.vscode\extensions\redhat.java-1.51.0-win32-x64\jre\21.0.9-win32-x86_64\bin;C:\WINDOWS\SYSTEM32;C:\WINDOWS\WinSxS\amd64_microsoft.windows.common-controls_6595b64144ccf1df_6.0.26100.7309_none_3e05feeae336a044;c:\Users\gabri\.vscode\extensions\redhat.java-1.51.0-win32-x64\jre\21.0.9-win32-x86_64\bin\server;C:\Users\gabri\AppData\Roaming\Code\User\globalStorage\redhat.java\1.51.0\config_win\org.eclipse.equinox.launcher\org.eclipse.equinox.launcher.win32.win32.x86_64_1.2.1400.v20250801-0854;C:\Users\gabri\AppData\Local\Temp\jna-98110207

VM Arguments:
jvm_args: --add-modules=ALL-SYSTEM --add-opens=java.base/java.util=ALL-UNNAMED --add-opens=java.base/java.lang=ALL-UNNAMED --add-opens=java.base/sun.nio.fs=ALL-UNNAMED -Declipse.application=org.eclipse.jdt.ls.core.id1 -Dosgi.bundles.defaultStartLevel=4 -Declipse.product=org.eclipse.jdt.ls.core.product -Djava.import.generatesMetadataFilesAtProjectRoot=false -DDetectVMInstallationsJob.disabled=true -Dfile.encoding=utf8 -XX:+UseParallelGC -XX:GCTimeRatio=4 -XX:AdaptiveSizePolicyWeight=90 -Dsun.zip.disableMemoryMapping=true -Xmx2G -Xms100m -Xlog:disable -javaagent:c:\Users\gabri\.vscode\extensions\redhat.java-1.51.0-win32-x64\lombok\lombok-1.18.39-4050.jar -XX:+HeapDumpOnOutOfMemoryError -XX:HeapDumpPath=c:\Users\gabri\AppData\Roaming\Code\User\workspaceStorage\e14d0158649c4a8f8b96c9572e09e2af\redhat.java -Daether.dependencyCollector.impl=bf 
java_command: c:\Users\gabri\.vscode\extensions\redhat.java-1.51.0-win32-x64\server\plugins\org.eclipse.equinox.launcher_1.7.100.v20251111-0406.jar -configuration c:\Users\gabri\AppData\Roaming\Code\User\globalStorage\redhat.java\1.51.0\config_win -data c:\Users\gabri\AppData\Roaming\Code\User\workspaceStorage\e14d0158649c4a8f8b96c9572e09e2af\redhat.java\jdt_ws --pipe=\\.\pipe\lsp-8d2ccd0551d1719ddd3711b4948eac70-sock
java_class_path (initial): c:\Users\gabri\.vscode\extensions\redhat.java-1.51.0-win32-x64\server\plugins\org.eclipse.equinox.launcher_1.7.100.v20251111-0406.jar
Launcher Type: SUN_STANDARD

[Global flags]
    uintx AdaptiveSizePolicyWeight                 = 90                                        {product} {command line}
     intx CICompilerCount                          = 4                                         {product} {ergonomic}
    uintx GCTimeRatio                              = 4                                         {product} {command line}
     bool HeapDumpOnOutOfMemoryError               = true                                   {manageable} {command line}
    ccstr HeapDumpPath                             = c:\Users\gabri\AppData\Roaming\Code\User\workspaceStorage\e14d0158649c4a8f8b96c9572e09e2af\redhat.java         {manageable} {command line}
   size_t InitialHeapSize                          = 104857600                                 {product} {command line}
   size_t MaxHeapSize                              = 2147483648                                {product} {command line}
   size_t MaxNewSize                               = 715653120                                 {product} {ergonomic}
   size_t MinHeapDeltaBytes                        = 524288                                    {product} {ergonomic}
   size_t MinHeapSize                              = 104857600                                 {product} {command line}
   size_t NewSize                                  = 34603008                                  {product} {ergonomic}
    uintx NonNMethodCodeHeapSize                   = 5839372                                {pd product} {ergonomic}
    uintx NonProfiledCodeHeapSize                  = 122909434                              {pd product} {ergonomic}
   size_t OldSize                                  = 70254592                                  {product} {ergonomic}
    uintx ProfiledCodeHeapSize                     = 122909434                              {pd product} {ergonomic}
    uintx ReservedCodeCacheSize                    = 251658240                              {pd product} {ergonomic}
     bool SegmentedCodeCache                       = true                                      {product} {ergonomic}
   size_t SoftMaxHeapSize                          = 2147483648                             {manageable} {ergonomic}
     bool UseCompressedOops                        = true                           {product lp64_product} {ergonomic}
     bool UseLargePagesIndividualAllocation        = false                                  {pd product} {ergonomic}
     bool UseParallelGC                            = true                                      {product} {command line}

Logging:
Log output configuration:
 #0: stdout all=off uptime,level,tags foldmultilines=false
 #1: stderr all=off uptime,level,tags foldmultilines=false

Release file:
JAVA_VERSION="21.0.9" 
MODULES="java.base java.compiler java.datatransfer java.xml java.prefs java.desktop java.instrument java.logging java.management java.security.sasl java.naming java.rmi java.management.rmi java.net.http java.scripting java.security.jgss java.transaction.xa java.sql java.sql.rowset java.xml.crypto java.se java.smartcardio jdk.accessibility jdk.internal.jvmstat jdk.attach jdk.charsets jdk.internal.opt jdk.zipfs jdk.compiler jdk.crypto.ec jdk.crypto.cryptoki jdk.crypto.mscapi jdk.dynalink jdk.internal.ed jdk.editpad jdk.hotspot.agent jdk.httpserver jdk.internal.le jdk.internal.vm.ci jdk.internal.vm.compiler jdk.internal.vm.compiler.management jdk.jartool jdk.javadoc jdk.jcmd jdk.management jdk.management.agent jdk.jconsole jdk.jdeps jdk.jdwp.agent jdk.jdi jdk.jfr jdk.jshell jdk.jsobject jdk.jstatd jdk.localedata jdk.management.jfr jdk.naming.dns jdk.naming.rmi jdk.net jdk.nio.mapmode jdk.random jdk.sctp jdk.security.auth jdk.security.jgss jdk.unsupported jdk.unsupported.desktop jdk.xml.dom" 

Environment Variables:
JAVA_HOME=C:\Program Files\Java\jdk-25_windows-x64_bin\jdk-25.0.1
PATH=C:\Program Files\Eclipse Adoptium\jdk-25.0.1.8-hotspot\bin;C:\Python314\Scripts\;C:\Python314\;C:\Program Files\Java\jdk-25_windows-x64_bin\jdk-25.0.1\bin;C:\WINDOWS\system32;C:\WINDOWS;C:\WINDOWS\System32\Wbem;C:\WINDOWS\System32\WindowsPowerShell\v1.0\;C:\WINDOWS\System32\OpenSSH\;C:\Program Files\NVIDIA Corporation\NVIDIA App\NvDLISR;C:\Program Files (x86)\NVIDIA Corporation\PhysX\Common;C:\Program Files\nodejs\;C:\ProgramData\chocolatey\bin;C:\Program Files\Git\cmd;C:\Program Files\MySQL\MySQL Shell 8.0\bin\;C:\Program Files\PostgreSQL\18\bin;C:\Users\gabri\AppData\Local\Microsoft\WindowsApps;D:\VsCode\Microsoft VS Code\bin;D:\IntellJi\IntelliJ IDEA Community Edition 2025.2.4\bin;C:\Users\gabri\AppData\Roaming\npm;
USERNAME=gabri
OS=Windows_NT
PROCESSOR_IDENTIFIER=Intel64 Family 6 Model 158 Stepping 10, GenuineIntel
TMP=C:\Users\gabri\AppData\Local\Temp
TEMP=C:\Users\gabri\AppData\Local\Temp




Periodic native trim disabled

---------------  S Y S T E M  ---------------

OS:
 Windows 11 , 64 bit Build 26100 (10.0.26100.7309)
OS uptime: 1 days 17:37 hours
Hyper-V role detected

CPU: total 8 (initial active 8) (4 cores per cpu, 2 threads per core) family 6 model 158 stepping 10 microcode 0xde, cx8, cmov, fxsr, ht, mmx, 3dnowpref, sse, sse2, sse3, ssse3, sse4.1, sse4.2, popcnt, lzcnt, tsc, tscinvbit, avx, avx2, aes, erms, clmul, bmi1, bmi2, adx, fma, vzeroupper, clflush, clflushopt, hv, rdtscp, f16c
Processor Information for the first 8 processors :
  Max Mhz: 2400, Current Mhz: 2400, Mhz Limit: 2400

Memory: 4k page, system-wide physical 16221M (5992M free)
TotalPageFile size 31340M (AvailPageFile size 7M)
current process WorkingSet (physical memory assigned to process): 342M, peak: 385M
current process commit charge ("private bytes"): 415M, peak: 460M

vm_info: OpenJDK 64-Bit Server VM (21.0.9+10-LTS) for windows-amd64 JRE (21.0.9+10-LTS), built on 2025-10-21T00:00:00Z by "admin" with unknown MS VC++:1942

END.
