#
# There is insufficient memory for the Java Runtime Environment to continue.
# Native memory allocation (malloc) failed to allocate 1140656 bytes. Error detail: Chunk::new
# Possible reasons:
#   The system is out of physical RAM or swap space
#   This process is running with CompressedOops enabled, and the Java Heap may be blocking the growth of the native heap
# Possible solutions:
#   Reduce memory load on the system
#   Increase physical memory or swap space
#   Check if swap backing store is full
#   Decrease Java heap size (-Xmx/-Xms)
#   Decrease number of Java threads
#   Decrease Java thread stack sizes (-Xss)
#   Set larger code cache with -XX:ReservedCodeCacheSize=
#   JVM is running with Unscaled Compressed Oops mode in which the Java heap is
#     placed in the first 4GB address space. The Java Heap base address is the
#     maximum limit for the native heap growth. Please use -XX:HeapBaseMinAddress
#     to set the Java Heap base and to place the Java Heap above 4GB virtual address.
# This output file may be truncated or incomplete.
#
#  Out of Memory Error (arena.cpp:168), pid=14280, tid=24240
#
# JRE version: OpenJDK Runtime Environment Temurin-21.0.9+10 (21.0.9+10) (build 21.0.9+10-LTS)
# Java VM: OpenJDK 64-Bit Server VM Temurin-21.0.9+10 (21.0.9+10-LTS, mixed mode, sharing, tiered, compressed oops, compressed class ptrs, parallel gc, windows-amd64)
# No core dump will be written. Minidumps are not enabled by default on client versions of Windows
#

---------------  S U M M A R Y ------------

Command Line: --add-modules=ALL-SYSTEM --add-opens=java.base/java.util=ALL-UNNAMED --add-opens=java.base/java.lang=ALL-UNNAMED --add-opens=java.base/sun.nio.fs=ALL-UNNAMED -Declipse.application=org.eclipse.jdt.ls.core.id1 -Dosgi.bundles.defaultStartLevel=4 -Declipse.product=org.eclipse.jdt.ls.core.product -Djava.import.generatesMetadataFilesAtProjectRoot=false -DDetectVMInstallationsJob.disabled=true -Dfile.encoding=utf8 -XX:+UseParallelGC -XX:GCTimeRatio=4 -XX:AdaptiveSizePolicyWeight=90 -Dsun.zip.disableMemoryMapping=true -Xmx2G -Xms100m -Xlog:disable -javaagent:c:\Users\gabri\.vscode\extensions\redhat.java-1.50.0-win32-x64\lombok\lombok-1.18.39-4050.jar -XX:+HeapDumpOnOutOfMemoryError -XX:HeapDumpPath=c:\Users\gabri\AppData\Roaming\Code\User\workspaceStorage\e14d0158649c4a8f8b96c9572e09e2af\redhat.java -Daether.dependencyCollector.impl=bf c:\Users\gabri\.vscode\extensions\redhat.java-1.50.0-win32-x64\server\plugins\org.eclipse.equinox.launcher_1.7.100.v20251111-0406.jar -configuration c:\Users\gabri\AppData\Roaming\Code\User\globalStorage\redhat.java\1.50.0\config_win -data c:\Users\gabri\AppData\Roaming\Code\User\workspaceStorage\e14d0158649c4a8f8b96c9572e09e2af\redhat.java\jdt_ws --pipe=\\.\pipe\lsp-03079c4cefcbd47f87c8936f382a87f2-sock

Host: Intel(R) Core(TM) i5-9300H CPU @ 2.40GHz, 8 cores, 15G,  Windows 11 , 64 bit Build 26100 (10.0.26100.7309)
Time: Tue Dec 16 14:27:29 2025 Hora oficial do Brasil elapsed time: 6105.201270 seconds (0d 1h 41m 45s)

---------------  T H R E A D  ---------------

Current thread (0x00000281d131ae80):  JavaThread "C2 CompilerThread1" daemon [_thread_in_native, id=24240, stack(0x00000086d9f00000,0x00000086da000000) (1024K)]


Current CompileTask:
C2:6105201 11214       4       org.eclipse.jdt.internal.compiler.classfmt.ModuleInfo::readModuleAttribute (1166 bytes)

Stack: [0x00000086d9f00000,0x00000086da000000]
Native frames: (J=compiled Java code, j=interpreted, Vv=VM code, C=native code)
V  [jvm.dll+0x6d6e29]
V  [jvm.dll+0x8b4b76]
V  [jvm.dll+0x8b712e]
V  [jvm.dll+0x8b7813]
V  [jvm.dll+0x283d86]
V  [jvm.dll+0xc66ed]
V  [jvm.dll+0xc6c31]
V  [jvm.dll+0x3be501]
V  [jvm.dll+0x38ab92]
V  [jvm.dll+0x389fda]
V  [jvm.dll+0x24bfa0]
V  [jvm.dll+0x24b580]
V  [jvm.dll+0x1cb13e]
V  [jvm.dll+0x25b29d]
V  [jvm.dll+0x25982a]
V  [jvm.dll+0x3f7ea6]
V  [jvm.dll+0x85e9ad]
V  [jvm.dll+0x6d565d]
C  [ucrtbase.dll+0x37b0]
C  [KERNEL32.DLL+0x2e8d7]
C  [ntdll.dll+0x8c53c]


---------------  P R O C E S S  ---------------

Threads class SMR info:
_java_thread_list=0x00000281d0c0c780, length=42, elements={
0x00000281f121ce30, 0x00000281f8c8bd70, 0x00000281f8c8f350, 0x00000281f8c929d0,
0x00000281f8c958d0, 0x00000281f8c966a0, 0x00000281f8c98650, 0x00000281f8c9baa0,
0x00000281f8c9ef20, 0x00000281fa755a60, 0x00000281fa86aa00, 0x00000281ff7ca060,
0x00000281d0097f70, 0x00000281d027dd30, 0x00000281ff4f36d0, 0x00000281d03f0640,
0x00000281d07df110, 0x00000281d0777a60, 0x00000281d07780f0, 0x00000281d07766b0,
0x00000281d0778e10, 0x00000281d07794a0, 0x00000281d174b2f0, 0x00000281d174a5d0,
0x00000281d1748500, 0x00000281d174ac60, 0x00000281d1749220, 0x00000281d1748b90,
0x00000281d17498b0, 0x00000281d1747e70, 0x00000281d174c6a0, 0x00000281d174b980,
0x00000281d174c010, 0x00000281d174d3c0, 0x00000281d131ae80, 0x00000281d37ba610,
0x00000281d37bb9c0, 0x00000281d37be120, 0x00000281d37be7b0, 0x00000281d37bb330,
0x00000281d131c2f0, 0x00000281d37bfb60
}

Java Threads: ( => current thread )
  0x00000281f121ce30 JavaThread "main"                              [_thread_blocked, id=19344, stack(0x00000086da200000,0x00000086da300000) (1024K)]
  0x00000281f8c8bd70 JavaThread "Reference Handler"          daemon [_thread_blocked, id=21896, stack(0x00000086da600000,0x00000086da700000) (1024K)]
  0x00000281f8c8f350 JavaThread "Finalizer"                  daemon [_thread_blocked, id=19660, stack(0x00000086da700000,0x00000086da800000) (1024K)]
  0x00000281f8c929d0 JavaThread "Signal Dispatcher"          daemon [_thread_blocked, id=19000, stack(0x00000086da800000,0x00000086da900000) (1024K)]
  0x00000281f8c958d0 JavaThread "Attach Listener"            daemon [_thread_blocked, id=2448, stack(0x00000086da900000,0x00000086daa00000) (1024K)]
  0x00000281f8c966a0 JavaThread "Service Thread"             daemon [_thread_blocked, id=23868, stack(0x00000086daa00000,0x00000086dab00000) (1024K)]
  0x00000281f8c98650 JavaThread "Monitor Deflation Thread"   daemon [_thread_blocked, id=20576, stack(0x00000086dab00000,0x00000086dac00000) (1024K)]
  0x00000281f8c9baa0 JavaThread "C2 CompilerThread0"         daemon [_thread_blocked, id=10552, stack(0x00000086dac00000,0x00000086dad00000) (1024K)]
  0x00000281f8c9ef20 JavaThread "C1 CompilerThread0"         daemon [_thread_blocked, id=2512, stack(0x00000086dad00000,0x00000086dae00000) (1024K)]
  0x00000281fa755a60 JavaThread "Common-Cleaner"             daemon [_thread_blocked, id=4456, stack(0x00000086dae00000,0x00000086daf00000) (1024K)]
  0x00000281fa86aa00 JavaThread "Notification Thread"        daemon [_thread_blocked, id=24404, stack(0x00000086db000000,0x00000086db100000) (1024K)]
  0x00000281ff7ca060 JavaThread "Active Thread: Equinox Container: aeda4963-a2b2-414f-b638-840ad6fd3ecd"        [_thread_blocked, id=13616, stack(0x00000086db800000,0x00000086db900000) (1024K)]
  0x00000281d0097f70 JavaThread "Refresh Thread: Equinox Container: aeda4963-a2b2-414f-b638-840ad6fd3ecd" daemon [_thread_blocked, id=9724, stack(0x00000086db900000,0x00000086dba00000) (1024K)]
  0x00000281d027dd30 JavaThread "Framework Event Dispatcher: Equinox Container: aeda4963-a2b2-414f-b638-840ad6fd3ecd" daemon [_thread_blocked, id=23960, stack(0x00000086dbb00000,0x00000086dbc00000) (1024K)]
  0x00000281ff4f36d0 JavaThread "Start Level: Equinox Container: aeda4963-a2b2-414f-b638-840ad6fd3ecd" daemon [_thread_blocked, id=19308, stack(0x00000086daf00000,0x00000086db000000) (1024K)]
  0x00000281d03f0640 JavaThread "Bundle File Closer"         daemon [_thread_blocked, id=22856, stack(0x00000086dbd00000,0x00000086dbe00000) (1024K)]
  0x00000281d07df110 JavaThread "SCR Component Actor"        daemon [_thread_blocked, id=3556, stack(0x00000086db100000,0x00000086db200000) (1024K)]
  0x00000281d0777a60 JavaThread "Worker-JM"                         [_thread_blocked, id=20216, stack(0x00000086dbf00000,0x00000086dc000000) (1024K)]
  0x00000281d07780f0 JavaThread "JNA Cleaner"                daemon [_thread_blocked, id=10744, stack(0x00000086dbc00000,0x00000086dbd00000) (1024K)]
  0x00000281d07766b0 JavaThread "Worker-1"                          [_thread_blocked, id=23652, stack(0x00000086dc000000,0x00000086dc100000) (1024K)]
  0x00000281d0778e10 JavaThread "Java indexing"              daemon [_thread_blocked, id=8752, stack(0x00000086dc400000,0x00000086dc500000) (1024K)]
  0x00000281d07794a0 JavaThread "Worker-3"                          [_thread_blocked, id=21280, stack(0x00000086dc700000,0x00000086dc800000) (1024K)]
  0x00000281d174b2f0 JavaThread "Thread-1"                   daemon [_thread_in_native, id=18804, stack(0x00000086dc900000,0x00000086dca00000) (1024K)]
  0x00000281d174a5d0 JavaThread "Thread-2"                   daemon [_thread_in_native, id=23844, stack(0x00000086dca00000,0x00000086dcb00000) (1024K)]
  0x00000281d1748500 JavaThread "Thread-3"                   daemon [_thread_in_native, id=22968, stack(0x00000086dcb00000,0x00000086dcc00000) (1024K)]
  0x00000281d174ac60 JavaThread "Thread-4"                   daemon [_thread_in_native, id=23764, stack(0x00000086dcc00000,0x00000086dcd00000) (1024K)]
  0x00000281d1749220 JavaThread "Thread-5"                   daemon [_thread_in_native, id=21456, stack(0x00000086dcd00000,0x00000086dce00000) (1024K)]
  0x00000281d1748b90 JavaThread "Thread-6"                   daemon [_thread_in_native, id=9952, stack(0x00000086dce00000,0x00000086dcf00000) (1024K)]
  0x00000281d17498b0 JavaThread "Thread-7"                   daemon [_thread_in_native, id=15840, stack(0x00000086dcf00000,0x00000086dd000000) (1024K)]
  0x00000281d1747e70 JavaThread "Thread-8"                   daemon [_thread_in_native, id=16796, stack(0x00000086dd000000,0x00000086dd100000) (1024K)]
  0x00000281d174c6a0 JavaThread "Thread-9"                   daemon [_thread_in_native, id=20076, stack(0x00000086dd100000,0x00000086dd200000) (1024K)]
  0x00000281d174b980 JavaThread "pool-2-thread-1"                   [_thread_blocked, id=20964, stack(0x00000086dd200000,0x00000086dd300000) (1024K)]
  0x00000281d174c010 JavaThread "WorkspaceEventsHandler"            [_thread_blocked, id=21044, stack(0x00000086dd300000,0x00000086dd400000) (1024K)]
  0x00000281d174d3c0 JavaThread "pool-1-thread-1"                   [_thread_blocked, id=18988, stack(0x00000086dd400000,0x00000086dd500000) (1024K)]
=>0x00000281d131ae80 JavaThread "C2 CompilerThread1"         daemon [_thread_in_native, id=24240, stack(0x00000086d9f00000,0x00000086da000000) (1024K)]
  0x00000281d37ba610 JavaThread "ForkJoinPool.commonPool-worker-11" daemon [_thread_blocked, id=19004, stack(0x00000086da000000,0x00000086da100000) (1024K)]
  0x00000281d37bb9c0 JavaThread "Worker-5"                          [_thread_blocked, id=18148, stack(0x00000086da100000,0x00000086da200000) (1024K)]
  0x00000281d37be120 JavaThread "ForkJoinPool.commonPool-worker-12" daemon [_thread_blocked, id=19192, stack(0x00000086dbe00000,0x00000086dbf00000) (1024K)]
  0x00000281d37be7b0 JavaThread "ForkJoinPool.commonPool-worker-13" daemon [_thread_blocked, id=5704, stack(0x00000086dc100000,0x00000086dc200000) (1024K)]
  0x00000281d37bb330 JavaThread "ForkJoinPool.commonPool-worker-14" daemon [_thread_blocked, id=19052, stack(0x00000086dc200000,0x00000086dc300000) (1024K)]
  0x00000281d131c2f0 JavaThread "C2 CompilerThread2"         daemon [_thread_in_native, id=3120, stack(0x00000086dc300000,0x00000086dc400000) (1024K)]
  0x00000281d37bfb60 JavaThread "Cleaner-0"                  daemon [_thread_blocked, id=20684, stack(0x00000086dc500000,0x00000086dc600000) (1024K)]
Total: 42

Other Threads:
  0x00000281f8c725f0 VMThread "VM Thread"                           [id=22660, stack(0x00000086da500000,0x00000086da600000) (1024K)]
  0x00000281f8baca00 WatcherThread "VM Periodic Task Thread"        [id=23288, stack(0x00000086da400000,0x00000086da500000) (1024K)]
  0x00000281f123aed0 WorkerThread "GC Thread#0"                     [id=20624, stack(0x00000086da300000,0x00000086da400000) (1024K)]
  0x00000281ff1c0e60 WorkerThread "GC Thread#1"                     [id=6452, stack(0x00000086db200000,0x00000086db300000) (1024K)]
  0x00000281ff62e750 WorkerThread "GC Thread#2"                     [id=19264, stack(0x00000086db300000,0x00000086db400000) (1024K)]
  0x00000281ff6f6480 WorkerThread "GC Thread#3"                     [id=8288, stack(0x00000086db400000,0x00000086db500000) (1024K)]
  0x00000281ff61e490 WorkerThread "GC Thread#4"                     [id=16004, stack(0x00000086db500000,0x00000086db600000) (1024K)]
  0x00000281ff6f6820 WorkerThread "GC Thread#5"                     [id=23864, stack(0x00000086db600000,0x00000086db700000) (1024K)]
  0x00000281ff6f6bc0 WorkerThread "GC Thread#6"                     [id=8148, stack(0x00000086db700000,0x00000086db800000) (1024K)]
  0x00000281d03f1b40 WorkerThread "GC Thread#7"                     [id=10864, stack(0x00000086dba00000,0x00000086dbb00000) (1024K)]
Total: 10

Threads with active compile tasks:
C2 CompilerThread1  6105244 11214       4       org.eclipse.jdt.internal.compiler.classfmt.ModuleInfo::readModuleAttribute (1166 bytes)
C2 CompilerThread2  6105244 11398       4       org.eclipse.jdt.internal.compiler.lookup.BinaryTypeBinding::createMethod (1666 bytes)
Total: 2

VM state: not at safepoint (normal execution)

VM Mutex/Monitor currently owned by a thread: None

Heap address: 0x0000000080000000, size: 2048 MB, Compressed Oops mode: 32-bit

CDS archive(s) mapped at: [0x000002818f000000-0x000002818fba0000-0x000002818fba0000), size 12189696, SharedBaseAddress: 0x000002818f000000, ArchiveRelocationMode: 1.
Compressed class space mapped at: 0x0000028190000000-0x00000281d0000000, reserved size: 1073741824
Narrow klass base: 0x000002818f000000, Narrow klass shift: 0, Narrow klass range: 0x100000000

GC Precious Log:
 CardTable entry size: 512
 CPUs: 8 total, 8 available
 Memory: 16221M
 Large Page Support: Disabled
 NUMA Support: Disabled
 Compressed Oops: Enabled (32-bit)
 Alignments: Space 512K, Generation 512K, Heap 2M
 Heap Min Capacity: 100M
 Heap Initial Capacity: 100M
 Heap Max Capacity: 2G
 Pre-touch: Disabled
 Parallel Workers: 8

Heap:
 PSYoungGen      total 6656K, used 4195K [0x00000000d5580000, 0x00000000d5f80000, 0x0000000100000000)
  eden space 5632K, 56% used [0x00000000d5580000,0x00000000d589faa8,0x00000000d5b00000)
  from space 1024K, 97% used [0x00000000d5d00000,0x00000000d5df9210,0x00000000d5e00000)
  to   space 2048K, 0% used [0x00000000d5b00000,0x00000000d5b00000,0x00000000d5d00000)
 ParOldGen       total 101376K, used 74172K [0x0000000080000000, 0x0000000086300000, 0x00000000d5580000)
  object space 101376K, 73% used [0x0000000080000000,0x000000008486f010,0x0000000086300000)
 Metaspace       used 66492K, committed 68032K, reserved 1114112K
  class space    used 6988K, committed 7680K, reserved 1048576K

Card table byte_map: [0x00000281f0bc0000,0x00000281f0fd0000] _byte_map_base: 0x00000281f07c0000

Marking Bits: (ParMarkBitMap*) 0x00007ffe193a2460
 Begin Bits: [0x00000281f46d0000, 0x00000281f66d0000)
 End Bits:   [0x00000281f66d0000, 0x00000281f86d0000)

Polling page: 0x00000281ef2b0000

Metaspace:

Usage:
  Non-class:     58.11 MB used.
      Class:      6.83 MB used.
       Both:     64.93 MB used.

Virtual space:
  Non-class space:       64.00 MB reserved,      58.94 MB ( 92%) committed,  1 nodes.
      Class space:        1.00 GB reserved,       7.50 MB ( <1%) committed,  1 nodes.
             Both:        1.06 GB reserved,      66.44 MB (  6%) committed. 

Chunk freelists:
   Non-Class:  4.48 MB
       Class:  8.48 MB
        Both:  12.96 MB

MaxMetaspaceSize: unlimited
CompressedClassSpaceSize: 1.00 GB
Initial GC threshold: 21.00 MB
Current GC threshold: 97.31 MB
CDS: on
 - commit_granule_bytes: 65536.
 - commit_granule_words: 8192.
 - virtual_space_node_default_size: 8388608.
 - enlarge_chunks_in_place: 1.
 - use_allocation_guard: 0.


Internal statistics:

num_allocs_failed_limit: 9.
num_arena_births: 1206.
num_arena_deaths: 22.
num_vsnodes_births: 2.
num_vsnodes_deaths: 0.
num_space_committed: 1063.
num_space_uncommitted: 0.
num_chunks_returned_to_freelist: 35.
num_chunks_taken_from_freelist: 4366.
num_chunk_merges: 16.
num_chunk_splits: 2676.
num_chunks_enlarged: 1472.
num_inconsistent_stats: 0.

CodeHeap 'non-profiled nmethods': size=120000Kb used=7496Kb max_used=7496Kb free=112503Kb
 bounds [0x0000028187ad0000, 0x0000028188230000, 0x000002818f000000]
CodeHeap 'profiled nmethods': size=120000Kb used=24043Kb max_used=24043Kb free=95956Kb
 bounds [0x0000028180000000, 0x0000028181780000, 0x0000028187530000]
CodeHeap 'non-nmethods': size=5760Kb used=1444Kb max_used=1528Kb free=4315Kb
 bounds [0x0000028187530000, 0x00000281877a0000, 0x0000028187ad0000]
CodeCache: size=245760Kb, used=32983Kb, max_used=33067Kb, free=212774Kb
 total_blobs=11476, nmethods=10711, adapters=670, full_count=0
Compilation: enabled, stopped_count=0, restarted_count=0

Compilation events (20 events):
Event: 6104.142 Thread 0x00000281d131c2f0 11372       4       org.eclipse.jdt.internal.compiler.ast.SingleTypeReference::getTypeName (12 bytes)
Event: 6104.142 Thread 0x00000281f8c9ef20 nmethod 11374 0x0000028181744290 code [0x00000281817444a0, 0x0000028181744f70]
Event: 6104.142 Thread 0x00000281f8c9ef20 11375       1       org.eclipse.jdt.internal.compiler.ast.TypeReference::dimensions (2 bytes)
Event: 6104.142 Thread 0x00000281f8c9ef20 nmethod 11375 0x0000028188213a10 code [0x0000028188213ba0, 0x0000028188213c68]
Event: 6104.142 Thread 0x00000281f8c9ef20 11376       1       lombok.core.handlers.InclusionExclusionUtils$Included::getNode (5 bytes)
Event: 6104.142 Thread 0x00000281f8c9ef20 nmethod 11376 0x0000028188213d10 code [0x0000028188213ea0, 0x0000028188213f68]
Event: 6104.143 Thread 0x00000281d131c2f0 nmethod 11372 0x0000028188214010 code [0x00000281882141a0, 0x00000281882142b8]
Event: 6104.144 Thread 0x00000281d131c2f0 11331       4       org.eclipse.jdt.internal.compiler.lookup.Scope::environment (8 bytes)
Event: 6104.144 Thread 0x00000281f8c9baa0 nmethod 11256 0x0000028188214390 code [0x00000281882147a0, 0x0000028188216c40]
Event: 6104.145 Thread 0x00000281d131c2f0 nmethod 11331 0x0000028188218610 code [0x00000281882187a0, 0x0000028188218848]
Event: 6104.145 Thread 0x00000281d131c2f0 11377       4       lombok.core.configuration.BubblingConfigurationResolver::resolve (432 bytes)
Event: 6104.146 Thread 0x00000281f8c9ef20 11378       3       org.eclipse.jdt.internal.compiler.ast.SingleNameReference::traverse (14 bytes)
Event: 6104.146 Thread 0x00000281f8c9ef20 nmethod 11378 0x0000028181745110 code [0x00000281817452c0, 0x0000028181745590]
Event: 6104.147 Thread 0x00000281f8c9ef20 11379       3       org.eclipse.jdt.internal.compiler.ASTVisitor::endVisit (1 bytes)
Event: 6104.147 Thread 0x00000281f8c9ef20 nmethod 11379 0x0000028181745690 code [0x0000028181745820, 0x0000028181745928]
Event: 6104.148 Thread 0x00000281f8c9baa0 11380       4       java.util.IdentityHashMap::put (137 bytes)
Event: 6104.151 Thread 0x00000281f8c9ef20 11381       3       lombok.eclipse.EclipseAST::buildTypeUse (294 bytes)
Event: 6104.155 Thread 0x00000281f8c9ef20 nmethod 11381 0x0000028181745990 code [0x0000028181745dc0, 0x0000028181748750]
Event: 6104.159 Thread 0x00000281f8c9baa0 nmethod 11380 0x0000028188218910 code [0x0000028188218ae0, 0x0000028188218f40]
Event: 6104.159 Thread 0x00000281f8c9baa0 11325       4       org.eclipse.jdt.internal.compiler.env.ITypeAnnotationWalker$1::toReceiver (2 bytes)

GC Heap History (20 events):
Event: 6102.237 GC heap after
{Heap after GC invocations=201 (full 3):
 PSYoungGen      total 6656K, used 416K [0x00000000d5580000, 0x00000000d5d80000, 0x0000000100000000)
  eden space 6144K, 0% used [0x00000000d5580000,0x00000000d5580000,0x00000000d5b80000)
  from space 512K, 81% used [0x00000000d5d00000,0x00000000d5d68020,0x00000000d5d80000)
  to   space 1024K, 0% used [0x00000000d5b80000,0x00000000d5b80000,0x00000000d5c80000)
 ParOldGen       total 101376K, used 68992K [0x0000000080000000, 0x0000000086300000, 0x00000000d5580000)
  object space 101376K, 68% used [0x0000000080000000,0x00000000843600c0,0x0000000086300000)
 Metaspace       used 63522K, committed 65024K, reserved 1114112K
  class space    used 6742K, committed 7424K, reserved 1048576K
}
Event: 6102.348 GC heap before
{Heap before GC invocations=202 (full 3):
 PSYoungGen      total 6656K, used 6560K [0x00000000d5580000, 0x00000000d5d80000, 0x0000000100000000)
  eden space 6144K, 100% used [0x00000000d5580000,0x00000000d5b80000,0x00000000d5b80000)
  from space 512K, 81% used [0x00000000d5d00000,0x00000000d5d68020,0x00000000d5d80000)
  to   space 1024K, 0% used [0x00000000d5b80000,0x00000000d5b80000,0x00000000d5c80000)
 ParOldGen       total 101376K, used 68992K [0x0000000080000000, 0x0000000086300000, 0x00000000d5580000)
  object space 101376K, 68% used [0x0000000080000000,0x00000000843600c0,0x0000000086300000)
 Metaspace       used 63666K, committed 65152K, reserved 1114112K
  class space    used 6761K, committed 7424K, reserved 1048576K
}
Event: 6102.350 GC heap after
{Heap after GC invocations=202 (full 3):
 PSYoungGen      total 7168K, used 256K [0x00000000d5580000, 0x00000000d5d80000, 0x0000000100000000)
  eden space 6144K, 0% used [0x00000000d5580000,0x00000000d5580000,0x00000000d5b80000)
  from space 1024K, 25% used [0x00000000d5b80000,0x00000000d5bc0000,0x00000000d5c80000)
  to   space 512K, 0% used [0x00000000d5d00000,0x00000000d5d00000,0x00000000d5d80000)
 ParOldGen       total 101376K, used 69332K [0x0000000080000000, 0x0000000086300000, 0x00000000d5580000)
  object space 101376K, 68% used [0x0000000080000000,0x00000000843b5370,0x0000000086300000)
 Metaspace       used 63666K, committed 65152K, reserved 1114112K
  class space    used 6761K, committed 7424K, reserved 1048576K
}
Event: 6102.468 GC heap before
{Heap before GC invocations=203 (full 3):
 PSYoungGen      total 7168K, used 6400K [0x00000000d5580000, 0x00000000d5d80000, 0x0000000100000000)
  eden space 6144K, 100% used [0x00000000d5580000,0x00000000d5b80000,0x00000000d5b80000)
  from space 1024K, 25% used [0x00000000d5b80000,0x00000000d5bc0000,0x00000000d5c80000)
  to   space 512K, 0% used [0x00000000d5d00000,0x00000000d5d00000,0x00000000d5d80000)
 ParOldGen       total 101376K, used 69332K [0x0000000080000000, 0x0000000086300000, 0x00000000d5580000)
  object space 101376K, 68% used [0x0000000080000000,0x00000000843b5370,0x0000000086300000)
 Metaspace       used 63757K, committed 65280K, reserved 1114112K
  class space    used 6769K, committed 7424K, reserved 1048576K
}
Event: 6102.470 GC heap after
{Heap after GC invocations=203 (full 3):
 PSYoungGen      total 6656K, used 510K [0x00000000d5580000, 0x00000000d5e80000, 0x0000000100000000)
  eden space 6144K, 0% used [0x00000000d5580000,0x00000000d5580000,0x00000000d5b80000)
  from space 512K, 99% used [0x00000000d5d00000,0x00000000d5d7f858,0x00000000d5d80000)
  to   space 1536K, 0% used [0x00000000d5b80000,0x00000000d5b80000,0x00000000d5d00000)
 ParOldGen       total 101376K, used 69757K [0x0000000080000000, 0x0000000086300000, 0x00000000d5580000)
  object space 101376K, 68% used [0x0000000080000000,0x000000008441f7f0,0x0000000086300000)
 Metaspace       used 63757K, committed 65280K, reserved 1114112K
  class space    used 6769K, committed 7424K, reserved 1048576K
}
Event: 6102.701 GC heap before
{Heap before GC invocations=204 (full 3):
 PSYoungGen      total 6656K, used 6654K [0x00000000d5580000, 0x00000000d5e80000, 0x0000000100000000)
  eden space 6144K, 100% used [0x00000000d5580000,0x00000000d5b80000,0x00000000d5b80000)
  from space 512K, 99% used [0x00000000d5d00000,0x00000000d5d7f858,0x00000000d5d80000)
  to   space 1536K, 0% used [0x00000000d5b80000,0x00000000d5b80000,0x00000000d5d00000)
 ParOldGen       total 101376K, used 69757K [0x0000000080000000, 0x0000000086300000, 0x00000000d5580000)
  object space 101376K, 68% used [0x0000000080000000,0x000000008441f7f0,0x0000000086300000)
 Metaspace       used 64107K, committed 65536K, reserved 1114112K
  class space    used 6801K, committed 7424K, reserved 1048576K
}
Event: 6102.704 GC heap after
{Heap after GC invocations=204 (full 3):
 PSYoungGen      total 7168K, used 795K [0x00000000d5580000, 0x00000000d5d80000, 0x0000000100000000)
  eden space 6144K, 0% used [0x00000000d5580000,0x00000000d5580000,0x00000000d5b80000)
  from space 1024K, 77% used [0x00000000d5b80000,0x00000000d5c46de0,0x00000000d5c80000)
  to   space 1024K, 0% used [0x00000000d5c80000,0x00000000d5c80000,0x00000000d5d80000)
 ParOldGen       total 101376K, used 70261K [0x0000000080000000, 0x0000000086300000, 0x00000000d5580000)
  object space 101376K, 69% used [0x0000000080000000,0x000000008449d618,0x0000000086300000)
 Metaspace       used 64107K, committed 65536K, reserved 1114112K
  class space    used 6801K, committed 7424K, reserved 1048576K
}
Event: 6102.885 GC heap before
{Heap before GC invocations=205 (full 3):
 PSYoungGen      total 7168K, used 6926K [0x00000000d5580000, 0x00000000d5d80000, 0x0000000100000000)
  eden space 6144K, 99% used [0x00000000d5580000,0x00000000d5b7cc70,0x00000000d5b80000)
  from space 1024K, 77% used [0x00000000d5b80000,0x00000000d5c46de0,0x00000000d5c80000)
  to   space 1024K, 0% used [0x00000000d5c80000,0x00000000d5c80000,0x00000000d5d80000)
 ParOldGen       total 101376K, used 70261K [0x0000000080000000, 0x0000000086300000, 0x00000000d5580000)
  object space 101376K, 69% used [0x0000000080000000,0x000000008449d618,0x0000000086300000)
 Metaspace       used 64557K, committed 66048K, reserved 1114112K
  class space    used 6840K, committed 7488K, reserved 1048576K
}
Event: 6102.887 GC heap after
{Heap after GC invocations=205 (full 3):
 PSYoungGen      total 7168K, used 723K [0x00000000d5580000, 0x00000000d5d80000, 0x0000000100000000)
  eden space 6144K, 0% used [0x00000000d5580000,0x00000000d5580000,0x00000000d5b80000)
  from space 1024K, 70% used [0x00000000d5c80000,0x00000000d5d34ec8,0x00000000d5d80000)
  to   space 1024K, 0% used [0x00000000d5b80000,0x00000000d5b80000,0x00000000d5c80000)
 ParOldGen       total 101376K, used 70889K [0x0000000080000000, 0x0000000086300000, 0x00000000d5580000)
  object space 101376K, 69% used [0x0000000080000000,0x000000008453a698,0x0000000086300000)
 Metaspace       used 64557K, committed 66048K, reserved 1114112K
  class space    used 6840K, committed 7488K, reserved 1048576K
}
Event: 6103.046 GC heap before
{Heap before GC invocations=206 (full 3):
 PSYoungGen      total 7168K, used 6867K [0x00000000d5580000, 0x00000000d5d80000, 0x0000000100000000)
  eden space 6144K, 100% used [0x00000000d5580000,0x00000000d5b80000,0x00000000d5b80000)
  from space 1024K, 70% used [0x00000000d5c80000,0x00000000d5d34ec8,0x00000000d5d80000)
  to   space 1024K, 0% used [0x00000000d5b80000,0x00000000d5b80000,0x00000000d5c80000)
 ParOldGen       total 101376K, used 70889K [0x0000000080000000, 0x0000000086300000, 0x00000000d5580000)
  object space 101376K, 69% used [0x0000000080000000,0x000000008453a698,0x0000000086300000)
 Metaspace       used 64993K, committed 66432K, reserved 1114112K
  class space    used 6870K, committed 7488K, reserved 1048576K
}
Event: 6103.048 GC heap after
{Heap after GC invocations=206 (full 3):
 PSYoungGen      total 7168K, used 672K [0x00000000d5580000, 0x00000000d5d80000, 0x0000000100000000)
  eden space 6144K, 0% used [0x00000000d5580000,0x00000000d5580000,0x00000000d5b80000)
  from space 1024K, 65% used [0x00000000d5b80000,0x00000000d5c28000,0x00000000d5c80000)
  to   space 1024K, 0% used [0x00000000d5c80000,0x00000000d5c80000,0x00000000d5d80000)
 ParOldGen       total 101376K, used 71397K [0x0000000080000000, 0x0000000086300000, 0x00000000d5580000)
  object space 101376K, 70% used [0x0000000080000000,0x00000000845b9680,0x0000000086300000)
 Metaspace       used 64993K, committed 66432K, reserved 1114112K
  class space    used 6870K, committed 7488K, reserved 1048576K
}
Event: 6103.263 GC heap before
{Heap before GC invocations=207 (full 3):
 PSYoungGen      total 7168K, used 6816K [0x00000000d5580000, 0x00000000d5d80000, 0x0000000100000000)
  eden space 6144K, 100% used [0x00000000d5580000,0x00000000d5b80000,0x00000000d5b80000)
  from space 1024K, 65% used [0x00000000d5b80000,0x00000000d5c28000,0x00000000d5c80000)
  to   space 1024K, 0% used [0x00000000d5c80000,0x00000000d5c80000,0x00000000d5d80000)
 ParOldGen       total 101376K, used 71397K [0x0000000080000000, 0x0000000086300000, 0x00000000d5580000)
  object space 101376K, 70% used [0x0000000080000000,0x00000000845b9680,0x0000000086300000)
 Metaspace       used 65592K, committed 67072K, reserved 1114112K
  class space    used 6919K, committed 7616K, reserved 1048576K
}
Event: 6103.265 GC heap after
{Heap after GC invocations=207 (full 3):
 PSYoungGen      total 7168K, used 971K [0x00000000d5580000, 0x00000000d5d80000, 0x0000000100000000)
  eden space 6144K, 0% used [0x00000000d5580000,0x00000000d5580000,0x00000000d5b80000)
  from space 1024K, 94% used [0x00000000d5c80000,0x00000000d5d72f88,0x00000000d5d80000)
  to   space 1024K, 0% used [0x00000000d5b80000,0x00000000d5b80000,0x00000000d5c80000)
 ParOldGen       total 101376K, used 71995K [0x0000000080000000, 0x0000000086300000, 0x00000000d5580000)
  object space 101376K, 71% used [0x0000000080000000,0x000000008464ef70,0x0000000086300000)
 Metaspace       used 65592K, committed 67072K, reserved 1114112K
  class space    used 6919K, committed 7616K, reserved 1048576K
}
Event: 6103.460 GC heap before
{Heap before GC invocations=208 (full 3):
 PSYoungGen      total 7168K, used 7115K [0x00000000d5580000, 0x00000000d5d80000, 0x0000000100000000)
  eden space 6144K, 100% used [0x00000000d5580000,0x00000000d5b80000,0x00000000d5b80000)
  from space 1024K, 94% used [0x00000000d5c80000,0x00000000d5d72f88,0x00000000d5d80000)
  to   space 1024K, 0% used [0x00000000d5b80000,0x00000000d5b80000,0x00000000d5c80000)
 ParOldGen       total 101376K, used 71995K [0x0000000080000000, 0x0000000086300000, 0x00000000d5580000)
  object space 101376K, 71% used [0x0000000080000000,0x000000008464ef70,0x0000000086300000)
 Metaspace       used 66025K, committed 67456K, reserved 1114112K
  class space    used 6965K, committed 7616K, reserved 1048576K
}
Event: 6103.462 GC heap after
{Heap after GC invocations=208 (full 3):
 PSYoungGen      total 7168K, used 1015K [0x00000000d5580000, 0x00000000d5f80000, 0x0000000100000000)
  eden space 6144K, 0% used [0x00000000d5580000,0x00000000d5580000,0x00000000d5b80000)
  from space 1024K, 99% used [0x00000000d5b80000,0x00000000d5c7dd90,0x00000000d5c80000)
  to   space 2048K, 0% used [0x00000000d5d80000,0x00000000d5d80000,0x00000000d5f80000)
 ParOldGen       total 101376K, used 72765K [0x0000000080000000, 0x0000000086300000, 0x00000000d5580000)
  object space 101376K, 71% used [0x0000000080000000,0x000000008470f660,0x0000000086300000)
 Metaspace       used 66025K, committed 67456K, reserved 1114112K
  class space    used 6965K, committed 7616K, reserved 1048576K
}
Event: 6103.935 GC heap before
{Heap before GC invocations=209 (full 3):
 PSYoungGen      total 7168K, used 7159K [0x00000000d5580000, 0x00000000d5f80000, 0x0000000100000000)
  eden space 6144K, 99% used [0x00000000d5580000,0x00000000d5b7ff98,0x00000000d5b80000)
  from space 1024K, 99% used [0x00000000d5b80000,0x00000000d5c7dd90,0x00000000d5c80000)
  to   space 2048K, 0% used [0x00000000d5d80000,0x00000000d5d80000,0x00000000d5f80000)
 ParOldGen       total 101376K, used 72765K [0x0000000080000000, 0x0000000086300000, 0x00000000d5580000)
  object space 101376K, 71% used [0x0000000080000000,0x000000008470f660,0x0000000086300000)
 Metaspace       used 66282K, committed 67776K, reserved 1114112K
  class space    used 6983K, committed 7680K, reserved 1048576K
}
Event: 6103.936 GC heap after
{Heap after GC invocations=209 (full 3):
 PSYoungGen      total 6656K, used 276K [0x00000000d5580000, 0x00000000d5e00000, 0x0000000100000000)
  eden space 6144K, 0% used [0x00000000d5580000,0x00000000d5580000,0x00000000d5b80000)
  from space 512K, 54% used [0x00000000d5d80000,0x00000000d5dc5220,0x00000000d5e00000)
  to   space 1024K, 0% used [0x00000000d5c00000,0x00000000d5c00000,0x00000000d5d00000)
 ParOldGen       total 101376K, used 73239K [0x0000000080000000, 0x0000000086300000, 0x00000000d5580000)
  object space 101376K, 72% used [0x0000000080000000,0x0000000084785d50,0x0000000086300000)
 Metaspace       used 66282K, committed 67776K, reserved 1114112K
  class space    used 6983K, committed 7680K, reserved 1048576K
}
Event: 6104.030 GC heap before
{Heap before GC invocations=210 (full 3):
 PSYoungGen      total 6656K, used 6420K [0x00000000d5580000, 0x00000000d5e00000, 0x0000000100000000)
  eden space 6144K, 100% used [0x00000000d5580000,0x00000000d5b80000,0x00000000d5b80000)
  from space 512K, 54% used [0x00000000d5d80000,0x00000000d5dc5220,0x00000000d5e00000)
  to   space 1024K, 0% used [0x00000000d5c00000,0x00000000d5c00000,0x00000000d5d00000)
 ParOldGen       total 101376K, used 73239K [0x0000000080000000, 0x0000000086300000, 0x00000000d5580000)
  object space 101376K, 72% used [0x0000000080000000,0x0000000084785d50,0x0000000086300000)
 Metaspace       used 66367K, committed 67904K, reserved 1114112K
  class space    used 6986K, committed 7680K, reserved 1048576K
}
Event: 6104.032 GC heap after
{Heap after GC invocations=210 (full 3):
 PSYoungGen      total 7168K, used 816K [0x00000000d5580000, 0x00000000d5e00000, 0x0000000100000000)
  eden space 6144K, 0% used [0x00000000d5580000,0x00000000d5580000,0x00000000d5b80000)
  from space 1024K, 79% used [0x00000000d5c00000,0x00000000d5ccc010,0x00000000d5d00000)
  to   space 1024K, 0% used [0x00000000d5d00000,0x00000000d5d00000,0x00000000d5e00000)
 ParOldGen       total 101376K, used 73491K [0x0000000080000000, 0x0000000086300000, 0x00000000d5580000)
  object space 101376K, 72% used [0x0000000080000000,0x00000000847c4f70,0x0000000086300000)
 Metaspace       used 66367K, committed 67904K, reserved 1114112K
  class space    used 6986K, committed 7680K, reserved 1048576K
}
Event: 6104.159 GC heap before
{Heap before GC invocations=211 (full 3):
 PSYoungGen      total 7168K, used 6960K [0x00000000d5580000, 0x00000000d5e00000, 0x0000000100000000)
  eden space 6144K, 100% used [0x00000000d5580000,0x00000000d5b80000,0x00000000d5b80000)
  from space 1024K, 79% used [0x00000000d5c00000,0x00000000d5ccc010,0x00000000d5d00000)
  to   space 1024K, 0% used [0x00000000d5d00000,0x00000000d5d00000,0x00000000d5e00000)
 ParOldGen       total 101376K, used 73491K [0x0000000080000000, 0x0000000086300000, 0x00000000d5580000)
  object space 101376K, 72% used [0x0000000080000000,0x00000000847c4f70,0x0000000086300000)
 Metaspace       used 66429K, committed 67968K, reserved 1114112K
  class space    used 6986K, committed 7680K, reserved 1048576K
}

Dll operation events (10 events):
Event: 0.081 Loaded shared library c:\Users\gabri\.vscode\extensions\redhat.java-1.50.0-win32-x64\jre\21.0.9-win32-x86_64\bin\java.dll
Event: 0.293 Loaded shared library c:\Users\gabri\.vscode\extensions\redhat.java-1.50.0-win32-x64\jre\21.0.9-win32-x86_64\bin\zip.dll
Event: 0.338 Loaded shared library C:\Users\gabri\.vscode\extensions\redhat.java-1.50.0-win32-x64\jre\21.0.9-win32-x86_64\bin\instrument.dll
Event: 0.349 Loaded shared library C:\Users\gabri\.vscode\extensions\redhat.java-1.50.0-win32-x64\jre\21.0.9-win32-x86_64\bin\net.dll
Event: 0.354 Loaded shared library C:\Users\gabri\.vscode\extensions\redhat.java-1.50.0-win32-x64\jre\21.0.9-win32-x86_64\bin\nio.dll
Event: 0.361 Loaded shared library C:\Users\gabri\.vscode\extensions\redhat.java-1.50.0-win32-x64\jre\21.0.9-win32-x86_64\bin\zip.dll
Event: 0.400 Loaded shared library C:\Users\gabri\.vscode\extensions\redhat.java-1.50.0-win32-x64\jre\21.0.9-win32-x86_64\bin\jimage.dll
Event: 0.535 Loaded shared library c:\Users\gabri\.vscode\extensions\redhat.java-1.50.0-win32-x64\jre\21.0.9-win32-x86_64\bin\verify.dll
Event: 3.125 Loaded shared library C:\Users\gabri\AppData\Roaming\Code\User\globalStorage\redhat.java\1.50.0\config_win\org.eclipse.equinox.launcher\org.eclipse.equinox.launcher.win32.win32.x86_64_1.2.1400.v20250801-0854\eclipse_11916.dll
Event: 6.345 Loaded shared library C:\Users\gabri\AppData\Local\Temp\jna-98110207\jna9816977090642936366.dll

Deoptimization events (20 events):
Event: 6103.933 Thread 0x00000281d07766b0 DEOPT PACKING pc=0x000002818818f460 sp=0x00000086dc0fe320
Event: 6103.933 Thread 0x00000281d07766b0 DEOPT UNPACKING pc=0x0000028187583aa2 sp=0x00000086dc0fe298 mode 2
Event: 6103.933 Thread 0x00000281d07766b0 Uncommon trap: trap_request=0xffffffd6 fr.pc=0x000002818818f460 relative=0x0000000000005c20
Event: 6103.933 Thread 0x00000281d07766b0 Uncommon trap: reason=array_check action=maybe_recompile pc=0x000002818818f460 method=org.eclipse.jdt.internal.compiler.classfmt.ModuleInfo.readModuleAttribute(I)V @ 1029 c2
Event: 6103.933 Thread 0x00000281d07766b0 DEOPT PACKING pc=0x000002818818f460 sp=0x00000086dc0fe320
Event: 6103.933 Thread 0x00000281d07766b0 DEOPT UNPACKING pc=0x0000028187583aa2 sp=0x00000086dc0fe298 mode 2
Event: 6103.969 Thread 0x00000281d07766b0 Uncommon trap: trap_request=0xffffffcc fr.pc=0x00000281881e73d8 relative=0x0000000000001eb8
Event: 6103.969 Thread 0x00000281d07766b0 Uncommon trap: reason=intrinsic_or_type_checked_inlining action=make_not_entrant pc=0x00000281881e73d8 method=java.util.ArrayList$SubList.toArray([Ljava/lang/Object;)[Ljava/lang/Object; @ 58 c2
Event: 6103.969 Thread 0x00000281d07766b0 DEOPT PACKING pc=0x00000281881e73d8 sp=0x00000086dc0fe120
Event: 6103.969 Thread 0x00000281d07766b0 DEOPT UNPACKING pc=0x0000028187583aa2 sp=0x00000086dc0fe058 mode 2
Event: 6103.995 Thread 0x00000281d07766b0 Uncommon trap: trap_request=0xffffffcc fr.pc=0x00000281881de050 relative=0x0000000000002d10
Event: 6103.995 Thread 0x00000281d07766b0 Uncommon trap: reason=intrinsic_or_type_checked_inlining action=make_not_entrant pc=0x00000281881de050 method=java.util.ArrayList$SubList.toArray([Ljava/lang/Object;)[Ljava/lang/Object; @ 58 c2
Event: 6103.995 Thread 0x00000281d07766b0 DEOPT PACKING pc=0x00000281881de050 sp=0x00000086dc0fb5b0
Event: 6103.995 Thread 0x00000281d07766b0 DEOPT UNPACKING pc=0x0000028187583aa2 sp=0x00000086dc0fb370 mode 2
Event: 6104.039 Thread 0x00000281d07766b0 Uncommon trap: trap_request=0xffffff45 fr.pc=0x00000281881a3aa4 relative=0x0000000000009504
Event: 6104.039 Thread 0x00000281d07766b0 Uncommon trap: reason=unstable_if action=reinterpret pc=0x00000281881a3aa4 method=org.eclipse.jdt.internal.compiler.lookup.BinaryTypeBinding.createMethod(Lorg/eclipse/jdt/internal/compiler/env/IBinaryMethod;Lorg/eclipse/jdt/internal/compiler/env/IBinaryTy
Event: 6104.039 Thread 0x00000281d07766b0 DEOPT PACKING pc=0x00000281881a3aa4 sp=0x00000086dc0fde80
Event: 6104.039 Thread 0x00000281d07766b0 DEOPT UNPACKING pc=0x0000028187583aa2 sp=0x00000086dc0fde68 mode 2
Event: 6104.092 Thread 0x00000281d07766b0 DEOPT PACKING pc=0x0000028181075a8b sp=0x00000086dc0fe110
Event: 6104.092 Thread 0x00000281d07766b0 DEOPT UNPACKING pc=0x0000028187584242 sp=0x00000086dc0fd5f8 mode 0

Classes loaded (20 events):
Event: 25.796 Loading class java/util/HashMap$EntrySpliterator
Event: 25.798 Loading class java/util/HashMap$EntrySpliterator done
Event: 26.472 Loading class java/util/stream/ReferencePipeline$4
Event: 26.472 Loading class java/util/stream/ReferencePipeline$4 done
Event: 26.473 Loading class java/util/stream/Nodes$IntFixedNodeBuilder
Event: 26.474 Loading class java/util/stream/Node$Builder$OfInt
Event: 26.474 Loading class java/util/stream/Node$Builder$OfInt done
Event: 26.474 Loading class java/util/stream/Nodes$IntArrayNode
Event: 26.474 Loading class java/util/stream/Nodes$IntArrayNode done
Event: 26.474 Loading class java/util/stream/Nodes$IntFixedNodeBuilder done
Event: 26.475 Loading class java/util/stream/ReferencePipeline$4$1
Event: 26.475 Loading class java/util/stream/ReferencePipeline$4$1 done
Event: 32.732 Loading class sun/nio/cs/ISO_8859_1$Encoder
Event: 32.733 Loading class sun/nio/cs/ISO_8859_1$Encoder done
Event: 32.733 Loading class sun/nio/cs/Surrogate$Parser
Event: 32.733 Loading class sun/nio/cs/Surrogate$Parser done
Event: 32.734 Loading class sun/nio/cs/Surrogate
Event: 32.734 Loading class sun/nio/cs/Surrogate done
Event: 6103.128 Loading class jdk/internal/ref/CleanerImpl$InnocuousThreadFactory
Event: 6103.128 Loading class jdk/internal/ref/CleanerImpl$InnocuousThreadFactory done

Classes unloaded (11 events):
Event: 7.659 Thread 0x00000281f8c725f0 Unloading class 0x00000281901ab800 'java/lang/invoke/LambdaForm$MH+0x00000281901ab800'
Event: 7.659 Thread 0x00000281f8c725f0 Unloading class 0x00000281901ab400 'java/lang/invoke/LambdaForm$MH+0x00000281901ab400'
Event: 7.659 Thread 0x00000281f8c725f0 Unloading class 0x00000281901ab000 'java/lang/invoke/LambdaForm$MH+0x00000281901ab000'
Event: 7.659 Thread 0x00000281f8c725f0 Unloading class 0x00000281901aac00 'java/lang/invoke/LambdaForm$MH+0x00000281901aac00'
Event: 7.659 Thread 0x00000281f8c725f0 Unloading class 0x00000281901aa800 'java/lang/invoke/LambdaForm$BMH+0x00000281901aa800'
Event: 7.659 Thread 0x00000281f8c725f0 Unloading class 0x00000281901aa400 'java/lang/invoke/LambdaForm$DMH+0x00000281901aa400'
Event: 7.659 Thread 0x00000281f8c725f0 Unloading class 0x00000281901a9000 'java/lang/invoke/LambdaForm$DMH+0x00000281901a9000'
Event: 24.964 Thread 0x00000281f8c725f0 Unloading class 0x00000281906b4000 'java/lang/invoke/LambdaForm$DMH+0x00000281906b4000'
Event: 24.964 Thread 0x00000281f8c725f0 Unloading class 0x0000028190698000 'java/lang/invoke/LambdaForm$DMH+0x0000028190698000'
Event: 24.964 Thread 0x00000281f8c725f0 Unloading class 0x0000028190691c00 'java/lang/invoke/LambdaForm$DMH+0x0000028190691c00'
Event: 24.964 Thread 0x00000281f8c725f0 Unloading class 0x0000028190691400 'java/lang/invoke/LambdaForm$DMH+0x0000028190691400'

Classes redefined (0 events):
No events

Internal exceptions (20 events):
Event: 25.853 Thread 0x00000281d07794a0 Exception <a 'sun/nio/fs/WindowsException'{0x00000000d56120d8}> (0x00000000d56120d8) 
thrown [s\src\hotspot\share\prims\jni.cpp, line 520]
Event: 26.507 Thread 0x00000281d07794a0 Implicit null exception at 0x0000028187c1a928 to 0x0000028187c1ace0
Event: 26.532 Thread 0x00000281d07794a0 Exception <a 'java/lang/NoSuchMethodError'{0x00000000d58880f8}: 'java.lang.Object java.lang.invoke.DirectMethodHandle$Holder.invokeStatic(java.lang.Object, java.lang.Object, int, java.lang.Object)'> (0x00000000d58880f8) 
thrown [s\src\hotspot\share\interpreter\linkResolver.cpp, line 773]
Event: 26.532 Thread 0x00000281d07794a0 Exception <a 'java/lang/NoSuchMethodError'{0x00000000d588eba0}: 'java.lang.Object java.lang.invoke.DirectMethodHandle$Holder.newInvokeSpecial(java.lang.Object, java.lang.Object, int)'> (0x00000000d588eba0) 
thrown [s\src\hotspot\share\interpreter\linkResolver.cpp, line 773]
Event: 5441.203 Thread 0x00000281d174d3c0 Exception <a 'java/lang/IncompatibleClassChangeError'{0x00000000d55b49f8}: Found class java.lang.Object, but interface was expected> (0x00000000d55b49f8) 
thrown [s\src\hotspot\share\interpreter\linkResolver.cpp, line 840]
Event: 5441.377 Thread 0x00000281d37ba610 Exception <a 'java/lang/NoSuchMethodError'{0x00000000d560f030}: 'java.lang.Object java.lang.invoke.DirectMethodHandle$Holder.invokeSpecial(java.lang.Object, java.lang.Object, java.lang.Object, java.lang.Object, int, java.lang.Object, java.lang.Object)'> (0x00000000d560f030) 
thrown [s\src\hotspot\share\interpreter\linkResolver.cpp, line 773]
Event: 6101.930 Thread 0x00000281d174d3c0 Exception <a 'java/lang/IncompatibleClassChangeError'{0x00000000d5975248}: Found class java.lang.Object, but interface was expected> (0x00000000d5975248) 
thrown [s\src\hotspot\share\interpreter\linkResolver.cpp, line 840]
Event: 6102.020 Thread 0x00000281d37bb330 Exception <a 'sun/nio/fs/WindowsException'{0x00000000d592b3c8}> (0x00000000d592b3c8) 
thrown [s\src\hotspot\share\prims\jni.cpp, line 520]
Event: 6102.022 Thread 0x00000281d37bb330 Exception <a 'sun/nio/fs/WindowsException'{0x00000000d592bee8}> (0x00000000d592bee8) 
thrown [s\src\hotspot\share\prims\jni.cpp, line 520]
Event: 6102.022 Thread 0x00000281d37bb330 Exception <a 'sun/nio/fs/WindowsException'{0x00000000d594f3e0}> (0x00000000d594f3e0) 
thrown [s\src\hotspot\share\prims\jni.cpp, line 520]
Event: 6102.022 Thread 0x00000281d37bb330 Exception <a 'sun/nio/fs/WindowsException'{0x00000000d594fee0}> (0x00000000d594fee0) 
thrown [s\src\hotspot\share\prims\jni.cpp, line 520]
Event: 6102.023 Thread 0x00000281d37bb330 Exception <a 'sun/nio/fs/WindowsException'{0x00000000d59616d0}> (0x00000000d59616d0) 
thrown [s\src\hotspot\share\prims\jni.cpp, line 520]
Event: 6102.023 Thread 0x00000281d37bb330 Exception <a 'sun/nio/fs/WindowsException'{0x00000000d59621d0}> (0x00000000d59621d0) 
thrown [s\src\hotspot\share\prims\jni.cpp, line 520]
Event: 6102.028 Thread 0x00000281d37bb330 Exception <a 'sun/nio/fs/WindowsException'{0x00000000d5a2ed98}> (0x00000000d5a2ed98) 
thrown [s\src\hotspot\share\prims\jni.cpp, line 520]
Event: 6102.028 Thread 0x00000281d37bb330 Exception <a 'sun/nio/fs/WindowsException'{0x00000000d5a2f898}> (0x00000000d5a2f898) 
thrown [s\src\hotspot\share\prims\jni.cpp, line 520]
Event: 6102.350 Thread 0x00000281d37be7b0 Exception <a 'java/lang/NoSuchMethodError'{0x00000000d558c500}: 'java.lang.Object java.lang.invoke.DirectMethodHandle$Holder.invokeStatic(java.lang.Object, java.lang.Object, int, int)'> (0x00000000d558c500) 
thrown [s\src\hotspot\share\interpreter\linkResolver.cpp, line 773]
Event: 6102.351 Thread 0x00000281d37be7b0 Exception <a 'java/lang/NoSuchMethodError'{0x00000000d5590810}: 'java.lang.Object java.lang.invoke.DirectMethodHandle$Holder.invokeSpecial(java.lang.Object, java.lang.Object, java.lang.Object, int, int)'> (0x00000000d5590810) 
thrown [s\src\hotspot\share\interpreter\linkResolver.cpp, line 773]
Event: 6102.549 Thread 0x00000281d37be7b0 Exception <a 'java/lang/NoSuchMethodError'{0x00000000d58bfd60}: 'java.lang.Object java.lang.invoke.DirectMethodHandle$Holder.invokeStatic(java.lang.Object, java.lang.Object, int, java.lang.Object, java.lang.Object)'> (0x00000000d58bfd60) 
thrown [s\src\hotspot\share\interpreter\linkResolver.cpp, line 773]
Event: 6102.900 Thread 0x00000281d37be7b0 Implicit null exception at 0x00000281880fc9e0 to 0x00000281880fdb60
Event: 6102.900 Thread 0x00000281d37be7b0 Implicit null exception at 0x0000028188105c0f to 0x0000028188106a98

ZGC Phase Switch (0 events):
No events

VM Operations (20 events):
Event: 6102.311 Executing VM operation: HandshakeAllThreads (Deoptimize) done
Event: 6102.348 Executing VM operation: ParallelGCFailedAllocation (Allocation Failure)
Event: 6102.350 Executing VM operation: ParallelGCFailedAllocation (Allocation Failure) done
Event: 6102.467 Executing VM operation: ParallelGCFailedAllocation (Allocation Failure)
Event: 6102.470 Executing VM operation: ParallelGCFailedAllocation (Allocation Failure) done
Event: 6102.701 Executing VM operation: ParallelGCFailedAllocation (Allocation Failure)
Event: 6102.704 Executing VM operation: ParallelGCFailedAllocation (Allocation Failure) done
Event: 6102.881 Executing VM operation: ParallelGCFailedAllocation (Allocation Failure)
Event: 6102.887 Executing VM operation: ParallelGCFailedAllocation (Allocation Failure) done
Event: 6103.046 Executing VM operation: ParallelGCFailedAllocation (Allocation Failure)
Event: 6103.048 Executing VM operation: ParallelGCFailedAllocation (Allocation Failure) done
Event: 6103.263 Executing VM operation: ParallelGCFailedAllocation (Allocation Failure)
Event: 6103.265 Executing VM operation: ParallelGCFailedAllocation (Allocation Failure) done
Event: 6103.460 Executing VM operation: ParallelGCFailedAllocation (Allocation Failure)
Event: 6103.462 Executing VM operation: ParallelGCFailedAllocation (Allocation Failure) done
Event: 6103.934 Executing VM operation: ParallelGCFailedAllocation (Allocation Failure)
Event: 6103.936 Executing VM operation: ParallelGCFailedAllocation (Allocation Failure) done
Event: 6104.030 Executing VM operation: ParallelGCFailedAllocation (Allocation Failure)
Event: 6104.032 Executing VM operation: ParallelGCFailedAllocation (Allocation Failure) done
Event: 6104.159 Executing VM operation: ParallelGCFailedAllocation (Allocation Failure)

Memory protections (0 events):
No events

Nmethod flushes (20 events):
Event: 24.996 Thread 0x00000281f8c725f0 flushing  nmethod 0x00000281808bf210
Event: 24.996 Thread 0x00000281f8c725f0 flushing  nmethod 0x00000281808bf910
Event: 24.996 Thread 0x00000281f8c725f0 flushing  nmethod 0x00000281808c0c90
Event: 24.996 Thread 0x00000281f8c725f0 flushing  nmethod 0x00000281808c1210
Event: 24.996 Thread 0x00000281f8c725f0 flushing  nmethod 0x00000281808f0e10
Event: 24.996 Thread 0x00000281f8c725f0 flushing  nmethod 0x00000281808f1290
Event: 24.996 Thread 0x00000281f8c725f0 flushing  nmethod 0x00000281808f2690
Event: 24.996 Thread 0x00000281f8c725f0 flushing  nmethod 0x00000281808f3190
Event: 24.996 Thread 0x00000281f8c725f0 flushing  nmethod 0x00000281808f3690
Event: 24.996 Thread 0x00000281f8c725f0 flushing  nmethod 0x00000281808f6590
Event: 24.996 Thread 0x00000281f8c725f0 flushing  nmethod 0x00000281808f7a10
Event: 24.996 Thread 0x00000281f8c725f0 flushing  nmethod 0x00000281808fe410
Event: 24.996 Thread 0x00000281f8c725f0 flushing  nmethod 0x00000281808fe790
Event: 24.996 Thread 0x00000281f8c725f0 flushing  nmethod 0x0000028180901110
Event: 24.996 Thread 0x00000281f8c725f0 flushing  nmethod 0x0000028180901590
Event: 24.996 Thread 0x00000281f8c725f0 flushing  nmethod 0x0000028180901910
Event: 24.996 Thread 0x00000281f8c725f0 flushing  nmethod 0x0000028180918510
Event: 24.996 Thread 0x00000281f8c725f0 flushing  nmethod 0x000002818091d990
Event: 24.996 Thread 0x00000281f8c725f0 flushing  nmethod 0x0000028180920090
Event: 24.996 Thread 0x00000281f8c725f0 flushing  nmethod 0x0000028180920610

Events (20 events):
Event: 5441.200 Thread 0x00000281d174d3c0 Thread added: 0x00000281d37bb330
Event: 5441.214 Thread 0x00000281d174d3c0 Thread added: 0x00000281d37ba610
Event: 5441.366 Thread 0x00000281d174d3c0 Thread added: 0x00000281d37bb9c0
Event: 5441.406 Thread 0x00000281f8c9ef20 Thread added: 0x00000281d131c2f0
Event: 5441.415 Thread 0x00000281f8c9baa0 Thread added: 0x00000281d131c9c0
Event: 5441.725 Thread 0x00000281d131c9c0 Thread exited: 0x00000281d131c9c0
Event: 5441.725 Thread 0x00000281d131c2f0 Thread exited: 0x00000281d131c2f0
Event: 5442.697 Thread 0x00000281f8c9baa0 Thread added: 0x00000281d131ae80
Event: 5447.702 Thread 0x00000281d131ae80 Thread exited: 0x00000281d131ae80
Event: 5502.697 Thread 0x00000281d37bb9c0 Thread exited: 0x00000281d37bb9c0
Event: 5562.697 Thread 0x00000281d37ba610 Thread exited: 0x00000281d37ba610
Event: 5622.698 Thread 0x00000281d37bb330 Thread exited: 0x00000281d37bb330
Event: 6101.891 Thread 0x00000281f8c9ef20 Thread added: 0x00000281d131ae80
Event: 6101.907 Thread 0x00000281d174d3c0 Thread added: 0x00000281d37ba610
Event: 6101.909 Thread 0x00000281d07794a0 Thread added: 0x00000281d37bb9c0
Event: 6101.922 Thread 0x00000281d174d3c0 Thread added: 0x00000281d37be120
Event: 6101.998 Thread 0x00000281d174d3c0 Thread added: 0x00000281d37be7b0
Event: 6101.998 Thread 0x00000281d37be7b0 Thread added: 0x00000281d37bb330
Event: 6102.003 Thread 0x00000281f8c9ef20 Thread added: 0x00000281d131c2f0
Event: 6103.129 Thread 0x00000281d37bb330 Thread added: 0x00000281d37bfb60


Dynamic libraries:
0x00007ff6092a0000 - 0x00007ff6092ae000 	c:\Users\gabri\.vscode\extensions\redhat.java-1.50.0-win32-x64\jre\21.0.9-win32-x86_64\bin\java.exe
0x00007ffec05e0000 - 0x00007ffec0847000 	C:\WINDOWS\SYSTEM32\ntdll.dll
0x00007ffebe550000 - 0x00007ffebe619000 	C:\WINDOWS\System32\KERNEL32.DLL
0x00007ffebdcb0000 - 0x00007ffebe09f000 	C:\WINDOWS\System32\KERNELBASE.dll
0x00007ffebdb60000 - 0x00007ffebdcab000 	C:\WINDOWS\System32\ucrtbase.dll
0x00007ffeab310000 - 0x00007ffeab328000 	c:\Users\gabri\.vscode\extensions\redhat.java-1.50.0-win32-x64\jre\21.0.9-win32-x86_64\bin\jli.dll
0x00007ffeaaba0000 - 0x00007ffeaabbe000 	c:\Users\gabri\.vscode\extensions\redhat.java-1.50.0-win32-x64\jre\21.0.9-win32-x86_64\bin\VCRUNTIME140.dll
0x00007ffea8940000 - 0x00007ffea8bd3000 	C:\WINDOWS\WinSxS\amd64_microsoft.windows.common-controls_6595b64144ccf1df_6.0.26100.7309_none_3e05feeae336a044\COMCTL32.dll
0x00007ffec04f0000 - 0x00007ffec0599000 	C:\WINDOWS\System32\msvcrt.dll
0x00007ffebe380000 - 0x00007ffebe3ab000 	C:\WINDOWS\System32\GDI32.dll
0x00007ffebe840000 - 0x00007ffebea05000 	C:\WINDOWS\System32\USER32.dll
0x00007ffebd8a0000 - 0x00007ffebd8c7000 	C:\WINDOWS\System32\win32u.dll
0x00007ffebda30000 - 0x00007ffebdb5c000 	C:\WINDOWS\System32\gdi32full.dll
0x00007ffebd8d0000 - 0x00007ffebd973000 	C:\WINDOWS\System32\msvcp_win.dll
0x00007ffebf4f0000 - 0x00007ffebf521000 	C:\WINDOWS\System32\IMM32.DLL
0x00007ffeb8550000 - 0x00007ffeb855c000 	c:\Users\gabri\.vscode\extensions\redhat.java-1.50.0-win32-x64\jre\21.0.9-win32-x86_64\bin\vcruntime140_1.dll
0x00007ffe7d070000 - 0x00007ffe7d0fd000 	c:\Users\gabri\.vscode\extensions\redhat.java-1.50.0-win32-x64\jre\21.0.9-win32-x86_64\bin\msvcp140.dll
0x00007ffe186e0000 - 0x00007ffe19480000 	c:\Users\gabri\.vscode\extensions\redhat.java-1.50.0-win32-x64\jre\21.0.9-win32-x86_64\bin\server\jvm.dll
0x00007ffebec60000 - 0x00007ffebed14000 	C:\WINDOWS\System32\ADVAPI32.dll
0x00007ffebe4a0000 - 0x00007ffebe546000 	C:\WINDOWS\System32\sechost.dll
0x00007ffebe720000 - 0x00007ffebe838000 	C:\WINDOWS\System32\RPCRT4.dll
0x00007ffebf530000 - 0x00007ffebf5a4000 	C:\WINDOWS\System32\WS2_32.dll
0x00007ffeaa3c0000 - 0x00007ffeaa3f5000 	C:\WINDOWS\SYSTEM32\WINMM.dll
0x00007ffebd590000 - 0x00007ffebd5ee000 	C:\WINDOWS\SYSTEM32\POWRPROF.dll
0x00007ffeb5930000 - 0x00007ffeb593b000 	C:\WINDOWS\SYSTEM32\VERSION.dll
0x00007ffebd570000 - 0x00007ffebd584000 	C:\WINDOWS\SYSTEM32\UMPDC.dll
0x00007ffebc4a0000 - 0x00007ffebc4bb000 	C:\WINDOWS\SYSTEM32\kernel.appcore.dll
0x00007ffeb69d0000 - 0x00007ffeb69da000 	c:\Users\gabri\.vscode\extensions\redhat.java-1.50.0-win32-x64\jre\21.0.9-win32-x86_64\bin\jimage.dll
0x00007ffea8be0000 - 0x00007ffea8e22000 	C:\WINDOWS\SYSTEM32\DBGHELP.DLL
0x00007ffebeec0000 - 0x00007ffebf245000 	C:\WINDOWS\System32\combase.dll
0x00007ffebf250000 - 0x00007ffebf326000 	C:\WINDOWS\System32\OLEAUT32.dll
0x00007ffe9d190000 - 0x00007ffe9d1cc000 	C:\WINDOWS\SYSTEM32\dbgcore.DLL
0x00007ffebd980000 - 0x00007ffebda25000 	C:\WINDOWS\System32\bcryptPrimitives.dll
0x00007ffeb8590000 - 0x00007ffeb859f000 	c:\Users\gabri\.vscode\extensions\redhat.java-1.50.0-win32-x64\jre\21.0.9-win32-x86_64\bin\instrument.dll
0x00007ffeaa470000 - 0x00007ffeaa490000 	c:\Users\gabri\.vscode\extensions\redhat.java-1.50.0-win32-x64\jre\21.0.9-win32-x86_64\bin\java.dll
0x00007ffebfd00000 - 0x00007ffec0453000 	C:\WINDOWS\System32\SHELL32.dll
0x00007ffebd730000 - 0x00007ffebd89a000 	C:\WINDOWS\System32\wintypes.dll
0x00007ffebb310000 - 0x00007ffebbb6e000 	C:\WINDOWS\SYSTEM32\windows.storage.dll
0x00007ffebe620000 - 0x00007ffebe715000 	C:\WINDOWS\System32\SHCORE.dll
0x00007ffebebf0000 - 0x00007ffebec56000 	C:\WINDOWS\System32\shlwapi.dll
0x00007ffebd650000 - 0x00007ffebd679000 	C:\WINDOWS\SYSTEM32\profapi.dll
0x00007ffea7d90000 - 0x00007ffea7da8000 	c:\Users\gabri\.vscode\extensions\redhat.java-1.50.0-win32-x64\jre\21.0.9-win32-x86_64\bin\zip.dll
0x00007ffeb6690000 - 0x00007ffeb66a0000 	C:\Users\gabri\.vscode\extensions\redhat.java-1.50.0-win32-x64\jre\21.0.9-win32-x86_64\bin\net.dll
0x00007ffeb4a40000 - 0x00007ffeb4b68000 	C:\WINDOWS\SYSTEM32\WINHTTP.dll
0x00007ffebca00000 - 0x00007ffebca6b000 	C:\WINDOWS\system32\mswsock.dll
0x00007ffea3b90000 - 0x00007ffea3ba6000 	C:\Users\gabri\.vscode\extensions\redhat.java-1.50.0-win32-x64\jre\21.0.9-win32-x86_64\bin\nio.dll
0x00007ffeb6950000 - 0x00007ffeb6960000 	c:\Users\gabri\.vscode\extensions\redhat.java-1.50.0-win32-x64\jre\21.0.9-win32-x86_64\bin\verify.dll
0x00007ffeb0740000 - 0x00007ffeb0784000 	C:\Users\gabri\AppData\Roaming\Code\User\globalStorage\redhat.java\1.50.0\config_win\org.eclipse.equinox.launcher\org.eclipse.equinox.launcher.win32.win32.x86_64_1.2.1400.v20250801-0854\eclipse_11916.dll
0x00007ffebf340000 - 0x00007ffebf4d7000 	C:\WINDOWS\System32\ole32.dll
0x00007ffebcd00000 - 0x00007ffebcd1b000 	C:\WINDOWS\SYSTEM32\CRYPTSP.dll
0x00007ffebc400000 - 0x00007ffebc43a000 	C:\WINDOWS\system32\rsaenh.dll
0x00007ffebcab0000 - 0x00007ffebcadb000 	C:\WINDOWS\SYSTEM32\USERENV.dll
0x00007ffebd620000 - 0x00007ffebd64a000 	C:\WINDOWS\SYSTEM32\bcrypt.dll
0x00007ffebccf0000 - 0x00007ffebccfc000 	C:\WINDOWS\SYSTEM32\CRYPTBASE.dll
0x00007ffebbe90000 - 0x00007ffebbec4000 	C:\WINDOWS\SYSTEM32\IPHLPAPI.DLL
0x00007ffebf4e0000 - 0x00007ffebf4ea000 	C:\WINDOWS\System32\NSI.dll
0x00007ffeabb70000 - 0x00007ffeabbb9000 	C:\Users\gabri\AppData\Local\Temp\jna-98110207\jna9816977090642936366.dll
0x00007ffec04e0000 - 0x00007ffec04e8000 	C:\WINDOWS\System32\PSAPI.DLL
0x00007ffeb4850000 - 0x00007ffeb486e000 	C:\WINDOWS\SYSTEM32\dhcpcsvc6.DLL
0x00007ffeb4820000 - 0x00007ffeb4843000 	C:\WINDOWS\SYSTEM32\dhcpcsvc.DLL

JVMTI agents:
c:\Users\gabri\.vscode\extensions\redhat.java-1.50.0-win32-x64\lombok\lombok-1.18.39-4050.jar path:c:\Users\gabri\.vscode\extensions\redhat.java-1.50.0-win32-x64\jre\21.0.9-win32-x86_64\bin\instrument.dll, loaded, initialized, instrumentlib options:none

dbghelp: loaded successfully - version: 4.0.5 - missing functions: none
symbol engine: initialized successfully - sym options: 0x614 - pdb path: .;c:\Users\gabri\.vscode\extensions\redhat.java-1.50.0-win32-x64\jre\21.0.9-win32-x86_64\bin;C:\WINDOWS\SYSTEM32;C:\WINDOWS\WinSxS\amd64_microsoft.windows.common-controls_6595b64144ccf1df_6.0.26100.7309_none_3e05feeae336a044;c:\Users\gabri\.vscode\extensions\redhat.java-1.50.0-win32-x64\jre\21.0.9-win32-x86_64\bin\server;C:\Users\gabri\AppData\Roaming\Code\User\globalStorage\redhat.java\1.50.0\config_win\org.eclipse.equinox.launcher\org.eclipse.equinox.launcher.win32.win32.x86_64_1.2.1400.v20250801-0854;C:\Users\gabri\AppData\Local\Temp\jna-98110207

VM Arguments:
jvm_args: --add-modules=ALL-SYSTEM --add-opens=java.base/java.util=ALL-UNNAMED --add-opens=java.base/java.lang=ALL-UNNAMED --add-opens=java.base/sun.nio.fs=ALL-UNNAMED -Declipse.application=org.eclipse.jdt.ls.core.id1 -Dosgi.bundles.defaultStartLevel=4 -Declipse.product=org.eclipse.jdt.ls.core.product -Djava.import.generatesMetadataFilesAtProjectRoot=false -DDetectVMInstallationsJob.disabled=true -Dfile.encoding=utf8 -XX:+UseParallelGC -XX:GCTimeRatio=4 -XX:AdaptiveSizePolicyWeight=90 -Dsun.zip.disableMemoryMapping=true -Xmx2G -Xms100m -Xlog:disable -javaagent:c:\Users\gabri\.vscode\extensions\redhat.java-1.50.0-win32-x64\lombok\lombok-1.18.39-4050.jar -XX:+HeapDumpOnOutOfMemoryError -XX:HeapDumpPath=c:\Users\gabri\AppData\Roaming\Code\User\workspaceStorage\e14d0158649c4a8f8b96c9572e09e2af\redhat.java -Daether.dependencyCollector.impl=bf 
java_command: c:\Users\gabri\.vscode\extensions\redhat.java-1.50.0-win32-x64\server\plugins\org.eclipse.equinox.launcher_1.7.100.v20251111-0406.jar -configuration c:\Users\gabri\AppData\Roaming\Code\User\globalStorage\redhat.java\1.50.0\config_win -data c:\Users\gabri\AppData\Roaming\Code\User\workspaceStorage\e14d0158649c4a8f8b96c9572e09e2af\redhat.java\jdt_ws --pipe=\\.\pipe\lsp-03079c4cefcbd47f87c8936f382a87f2-sock
java_class_path (initial): c:\Users\gabri\.vscode\extensions\redhat.java-1.50.0-win32-x64\server\plugins\org.eclipse.equinox.launcher_1.7.100.v20251111-0406.jar
Launcher Type: SUN_STANDARD

[Global flags]
    uintx AdaptiveSizePolicyWeight                 = 90                                        {product} {command line}
     intx CICompilerCount                          = 4                                         {product} {ergonomic}
    uintx GCTimeRatio                              = 4                                         {product} {command line}
     bool HeapDumpOnOutOfMemoryError               = true                                   {manageable} {command line}
    ccstr HeapDumpPath                             = c:\Users\gabri\AppData\Roaming\Code\User\workspaceStorage\e14d0158649c4a8f8b96c9572e09e2af\redhat.java         {manageable} {command line}
   size_t InitialHeapSize                          = 104857600                                 {product} {command line}
   size_t MaxHeapSize                              = 2147483648                                {product} {command line}
   size_t MaxNewSize                               = 715653120                                 {product} {ergonomic}
   size_t MinHeapDeltaBytes                        = 524288                                    {product} {ergonomic}
   size_t MinHeapSize                              = 104857600                                 {product} {command line}
   size_t NewSize                                  = 34603008                                  {product} {ergonomic}
    uintx NonNMethodCodeHeapSize                   = 5839372                                {pd product} {ergonomic}
    uintx NonProfiledCodeHeapSize                  = 122909434                              {pd product} {ergonomic}
   size_t OldSize                                  = 70254592                                  {product} {ergonomic}
    uintx ProfiledCodeHeapSize                     = 122909434                              {pd product} {ergonomic}
    uintx ReservedCodeCacheSize                    = 251658240                              {pd product} {ergonomic}
     bool SegmentedCodeCache                       = true                                      {product} {ergonomic}
   size_t SoftMaxHeapSize                          = 2147483648                             {manageable} {ergonomic}
     bool UseCompressedOops                        = true                           {product lp64_product} {ergonomic}
     bool UseLargePagesIndividualAllocation        = false                                  {pd product} {ergonomic}
     bool UseParallelGC                            = true                                      {product} {command line}

Logging:
Log output configuration:
 #0: stdout all=off uptime,level,tags foldmultilines=false
 #1: stderr all=off uptime,level,tags foldmultilines=false

Release file:
JAVA_VERSION="21.0.9" 
MODULES="java.base java.compiler java.datatransfer java.xml java.prefs java.desktop java.instrument java.logging java.management java.security.sasl java.naming java.rmi java.management.rmi java.net.http java.scripting java.security.jgss java.transaction.xa java.sql java.sql.rowset java.xml.crypto java.se java.smartcardio jdk.accessibility jdk.internal.jvmstat jdk.attach jdk.charsets jdk.internal.opt jdk.zipfs jdk.compiler jdk.crypto.ec jdk.crypto.cryptoki jdk.crypto.mscapi jdk.dynalink jdk.internal.ed jdk.editpad jdk.hotspot.agent jdk.httpserver jdk.internal.le jdk.internal.vm.ci jdk.internal.vm.compiler jdk.internal.vm.compiler.management jdk.jartool jdk.javadoc jdk.jcmd jdk.management jdk.management.agent jdk.jconsole jdk.jdeps jdk.jdwp.agent jdk.jdi jdk.jfr jdk.jshell jdk.jsobject jdk.jstatd jdk.localedata jdk.management.jfr jdk.naming.dns jdk.naming.rmi jdk.net jdk.nio.mapmode jdk.random jdk.sctp jdk.security.auth jdk.security.jgss jdk.unsupported jdk.unsupported.desktop jdk.xml.dom" 

Environment Variables:
JAVA_HOME=C:\Program Files\Java\jdk-25_windows-x64_bin\jdk-25.0.1
PATH=C:\Program Files\Eclipse Adoptium\jdk-25.0.1.8-hotspot\bin;C:\Python314\Scripts\;C:\Python314\;C:\Program Files\Java\jdk-25_windows-x64_bin\jdk-25.0.1\bin;C:\WINDOWS\system32;C:\WINDOWS;C:\WINDOWS\System32\Wbem;C:\WINDOWS\System32\WindowsPowerShell\v1.0\;C:\WINDOWS\System32\OpenSSH\;C:\Program Files\NVIDIA Corporation\NVIDIA App\NvDLISR;C:\Program Files (x86)\NVIDIA Corporation\PhysX\Common;C:\Program Files\nodejs\;C:\ProgramData\chocolatey\bin;C:\Program Files\Git\cmd;C:\Program Files\MySQL\MySQL Shell 8.0\bin\;C:\Program Files\PostgreSQL\18\bin;C:\Users\gabri\AppData\Local\Microsoft\WindowsApps;D:\VsCode\Microsoft VS Code\bin;D:\IntellJi\IntelliJ IDEA Community Edition 2025.2.4\bin;C:\Users\gabri\AppData\Roaming\npm;
USERNAME=gabri
OS=Windows_NT
PROCESSOR_IDENTIFIER=Intel64 Family 6 Model 158 Stepping 10, GenuineIntel
TMP=C:\Users\gabri\AppData\Local\Temp
TEMP=C:\Users\gabri\AppData\Local\Temp




Periodic native trim disabled

---------------  S Y S T E M  ---------------

OS:
 Windows 11 , 64 bit Build 26100 (10.0.26100.7309)
OS uptime: 1 days 20:35 hours
Hyper-V role detected

CPU: total 8 (initial active 8) (4 cores per cpu, 2 threads per core) family 6 model 158 stepping 10 microcode 0xde, cx8, cmov, fxsr, ht, mmx, 3dnowpref, sse, sse2, sse3, ssse3, sse4.1, sse4.2, popcnt, lzcnt, tsc, tscinvbit, avx, avx2, aes, erms, clmul, bmi1, bmi2, adx, fma, vzeroupper, clflush, clflushopt, hv, rdtscp, f16c
Processor Information for the first 8 processors :
  Max Mhz: 2400, Current Mhz: 2400, Mhz Limit: 2400

Memory: 4k page, system-wide physical 16221M (3017M free)
TotalPageFile size 31340M (AvailPageFile size 129M)
current process WorkingSet (physical memory assigned to process): 327M, peak: 341M
current process commit charge ("private bytes"): 403M, peak: 415M

vm_info: OpenJDK 64-Bit Server VM (21.0.9+10-LTS) for windows-amd64 JRE (21.0.9+10-LTS), built on 2025-10-21T00:00:00Z by "admin" with unknown MS VC++:1942

END.
