#
# There is insufficient memory for the Java Runtime Environment to continue.
# Native memory allocation (malloc) failed to allocate 1431536 bytes. Error detail: Chunk::new
# Possible reasons:
#   The system is out of physical RAM or swap space
#   This process is running with CompressedOops enabled, and the Java Heap may be blocking the growth of the native heap
# Possible solutions:
#   Reduce memory load on the system
#   Increase physical memory or swap space
#   Check if swap backing store is full
#   Decrease Java heap size (-Xmx/-Xms)
#   Decrease number of Java threads
#   Decrease Java thread stack sizes (-Xss)
#   Set larger code cache with -XX:ReservedCodeCacheSize=
#   JVM is running with Unscaled Compressed Oops mode in which the Java heap is
#     placed in the first 4GB address space. The Java Heap base address is the
#     maximum limit for the native heap growth. Please use -XX:HeapBaseMinAddress
#     to set the Java Heap base and to place the Java Heap above 4GB virtual address.
# This output file may be truncated or incomplete.
#
#  Out of Memory Error (arena.cpp:168), pid=3028, tid=15776
#
# JRE version: OpenJDK Runtime Environment Temurin-21.0.9+10 (21.0.9+10) (build 21.0.9+10-LTS)
# Java VM: OpenJDK 64-Bit Server VM Temurin-21.0.9+10 (21.0.9+10-LTS, mixed mode, sharing, tiered, compressed oops, compressed class ptrs, parallel gc, windows-amd64)
# No core dump will be written. Minidumps are not enabled by default on client versions of Windows
#

---------------  S U M M A R Y ------------

Command Line: --add-modules=ALL-SYSTEM --add-opens=java.base/java.util=ALL-UNNAMED --add-opens=java.base/java.lang=ALL-UNNAMED --add-opens=java.base/sun.nio.fs=ALL-UNNAMED -Declipse.application=org.eclipse.jdt.ls.core.id1 -Dosgi.bundles.defaultStartLevel=4 -Declipse.product=org.eclipse.jdt.ls.core.product -Djava.import.generatesMetadataFilesAtProjectRoot=false -DDetectVMInstallationsJob.disabled=true -Dfile.encoding=utf8 -XX:+UseParallelGC -XX:GCTimeRatio=4 -XX:AdaptiveSizePolicyWeight=90 -Dsun.zip.disableMemoryMapping=true -Xmx2G -Xms100m -Xlog:disable -javaagent:c:\Users\gabri\.vscode\extensions\redhat.java-1.51.0-win32-x64\lombok\lombok-1.18.39-4050.jar -XX:+HeapDumpOnOutOfMemoryError -XX:HeapDumpPath=c:\Users\gabri\AppData\Roaming\Code\User\workspaceStorage\e14d0158649c4a8f8b96c9572e09e2af\redhat.java -Daether.dependencyCollector.impl=bf c:\Users\gabri\.vscode\extensions\redhat.java-1.51.0-win32-x64\server\plugins\org.eclipse.equinox.launcher_1.7.100.v20251111-0406.jar -configuration c:\Users\gabri\AppData\Roaming\Code\User\globalStorage\redhat.java\1.51.0\config_win -data c:\Users\gabri\AppData\Roaming\Code\User\workspaceStorage\e14d0158649c4a8f8b96c9572e09e2af\redhat.java\jdt_ws --pipe=\\.\pipe\lsp-7c1c3eb29280299c8bc9bb7109afe5e6-sock

Host: Intel(R) Core(TM) i5-9300H CPU @ 2.40GHz, 8 cores, 15G,  Windows 11 , 64 bit Build 26100 (10.0.26100.7309)
Time: Fri Jan  9 12:40:11 2026 Hora oficial do Brasil elapsed time: 14.269407 seconds (0d 0h 0m 14s)

---------------  T H R E A D  ---------------

Current thread (0x000001998f1fa090):  JavaThread "C2 CompilerThread1" daemon [_thread_in_native, id=15776, stack(0x0000003be7400000,0x0000003be7500000) (1024K)]


Current CompileTask:
C2:14269 9705   !   4       org.eclipse.jdt.internal.core.JarPackageFragmentRoot::computeChildren (605 bytes)

Stack: [0x0000003be7400000,0x0000003be7500000]
Native frames: (J=compiled Java code, j=interpreted, Vv=VM code, C=native code)
V  [jvm.dll+0x6d6e29]
V  [jvm.dll+0x8b4b76]
V  [jvm.dll+0x8b712e]
V  [jvm.dll+0x8b7813]
V  [jvm.dll+0x283d86]
V  [jvm.dll+0xc66ed]
V  [jvm.dll+0xc6c31]
V  [jvm.dll+0x3be501]
V  [jvm.dll+0x1e3b52]
V  [jvm.dll+0x24c0f3]
V  [jvm.dll+0x24b580]
V  [jvm.dll+0x1cb13e]
V  [jvm.dll+0x25b29d]
V  [jvm.dll+0x25982a]
V  [jvm.dll+0x3f7ea6]
V  [jvm.dll+0x85e9ad]
V  [jvm.dll+0x6d565d]
C  [ucrtbase.dll+0x37b0]
C  [KERNEL32.DLL+0x2e8d7]
C  [ntdll.dll+0x8c53c]


---------------  P R O C E S S  ---------------

Threads class SMR info:
_java_thread_list=0x00000199927f6f10, length=46, elements={
0x0000019931c79f80, 0x000001994843c780, 0x000001994843ed50, 0x0000019948443170,
0x0000019948444f70, 0x0000019948449030, 0x000001994844d090, 0x0000019948477fd0,
0x000001994847b2a0, 0x000001998f1fa090, 0x000001998f2404c0, 0x000001998f242590,
0x000001998f242c20, 0x000001998f240b50, 0x000001998f2411e0, 0x000001998f23fe30,
0x000001998f241870, 0x000001998f241f00, 0x00000199903ae330, 0x00000199903ad610,
0x00000199903af050, 0x00000199903ae9c0, 0x00000199903ac8f0, 0x00000199903af6e0,
0x00000199903b0400, 0x00000199903afd70, 0x00000199903acf80, 0x00000199903b0a90,
0x00000199903b1e40, 0x00000199903b1120, 0x00000199903b17b0, 0x00000199903b3880,
0x00000199903b3f10, 0x00000199903b2b60, 0x00000199903b24d0, 0x00000199903b31f0,
0x000001999191e170, 0x000001999191e800, 0x000001999191b380, 0x000001999191ee90,
0x000001999191ba10, 0x000001999191f520, 0x000001999191cdc0, 0x000001999191c0a0,
0x0000019992b1e830, 0x000001999191d450
}

Java Threads: ( => current thread )
  0x0000019931c79f80 JavaThread "main"                              [_thread_blocked, id=20364, stack(0x0000003be6800000,0x0000003be6900000) (1024K)]
  0x000001994843c780 JavaThread "Reference Handler"          daemon [_thread_blocked, id=18216, stack(0x0000003be6c00000,0x0000003be6d00000) (1024K)]
  0x000001994843ed50 JavaThread "Finalizer"                  daemon [_thread_blocked, id=18920, stack(0x0000003be6d00000,0x0000003be6e00000) (1024K)]
  0x0000019948443170 JavaThread "Signal Dispatcher"          daemon [_thread_blocked, id=12684, stack(0x0000003be6e00000,0x0000003be6f00000) (1024K)]
  0x0000019948444f70 JavaThread "Attach Listener"            daemon [_thread_blocked, id=21436, stack(0x0000003be6f00000,0x0000003be7000000) (1024K)]
  0x0000019948449030 JavaThread "Service Thread"             daemon [_thread_blocked, id=18816, stack(0x0000003be7000000,0x0000003be7100000) (1024K)]
  0x000001994844d090 JavaThread "Monitor Deflation Thread"   daemon [_thread_blocked, id=17832, stack(0x0000003be7100000,0x0000003be7200000) (1024K)]
  0x0000019948477fd0 JavaThread "C2 CompilerThread0"         daemon [_thread_in_native, id=1452, stack(0x0000003be7200000,0x0000003be7300000) (1024K)]
  0x000001994847b2a0 JavaThread "C1 CompilerThread0"         daemon [_thread_in_native, id=8116, stack(0x0000003be7300000,0x0000003be7400000) (1024K)]
=>0x000001998f1fa090 JavaThread "C2 CompilerThread1"         daemon [_thread_in_native, id=15776, stack(0x0000003be7400000,0x0000003be7500000) (1024K)]
  0x000001998f2404c0 JavaThread "Common-Cleaner"             daemon [_thread_blocked, id=20976, stack(0x0000003be7500000,0x0000003be7600000) (1024K)]
  0x000001998f242590 JavaThread "Notification Thread"        daemon [_thread_blocked, id=19376, stack(0x0000003be7600000,0x0000003be7700000) (1024K)]
  0x000001998f242c20 JavaThread "Active Thread: Equinox Container: f4fab645-eb5c-4fa3-a6a0-0f106fd0843f"        [_thread_blocked, id=18264, stack(0x0000003be7e00000,0x0000003be7f00000) (1024K)]
  0x000001998f240b50 JavaThread "Refresh Thread: Equinox Container: f4fab645-eb5c-4fa3-a6a0-0f106fd0843f" daemon [_thread_blocked, id=2784, stack(0x0000003be8000000,0x0000003be8100000) (1024K)]
  0x000001998f2411e0 JavaThread "Framework Event Dispatcher: Equinox Container: f4fab645-eb5c-4fa3-a6a0-0f106fd0843f" daemon [_thread_blocked, id=14176, stack(0x0000003be8100000,0x0000003be8200000) (1024K)]
  0x000001998f23fe30 JavaThread "Start Level: Equinox Container: f4fab645-eb5c-4fa3-a6a0-0f106fd0843f" daemon [_thread_blocked, id=16928, stack(0x0000003be8200000,0x0000003be8300000) (1024K)]
  0x000001998f241870 JavaThread "Bundle File Closer"         daemon [_thread_blocked, id=1000, stack(0x0000003be8300000,0x0000003be8400000) (1024K)]
  0x000001998f241f00 JavaThread "SCR Component Actor"        daemon [_thread_blocked, id=20232, stack(0x0000003be8400000,0x0000003be8500000) (1024K)]
  0x00000199903ae330 JavaThread "Worker-JM"                         [_thread_blocked, id=5576, stack(0x0000003be7700000,0x0000003be7800000) (1024K)]
  0x00000199903ad610 JavaThread "JNA Cleaner"                daemon [_thread_blocked, id=20596, stack(0x0000003be8500000,0x0000003be8600000) (1024K)]
  0x00000199903af050 JavaThread "Worker-0: Initialize workspace"        [_thread_in_vm, id=19320, stack(0x0000003be8600000,0x0000003be8700000) (1024K)]
  0x00000199903ae9c0 JavaThread "Worker-1: Publish Diagnostics"        [_thread_blocked, id=20672, stack(0x0000003be8700000,0x0000003be8800000) (1024K)]
  0x00000199903ac8f0 JavaThread "Worker-2"                          [_thread_blocked, id=4120, stack(0x0000003be8800000,0x0000003be8900000) (1024K)]
  0x00000199903af6e0 JavaThread "Java indexing"              daemon [_thread_blocked, id=5636, stack(0x0000003be8900000,0x0000003be8a00000) (1024K)]
  0x00000199903b0400 JavaThread "Worker-3"                          [_thread_blocked, id=11664, stack(0x0000003be8d00000,0x0000003be8e00000) (1024K)]
  0x00000199903afd70 JavaThread "Thread-1"                   daemon [_thread_in_native, id=18412, stack(0x0000003be8e00000,0x0000003be8f00000) (1024K)]
  0x00000199903acf80 JavaThread "Thread-2"                   daemon [_thread_in_native, id=21160, stack(0x0000003be8f00000,0x0000003be9000000) (1024K)]
  0x00000199903b0a90 JavaThread "Thread-3"                   daemon [_thread_in_native, id=18612, stack(0x0000003be9000000,0x0000003be9100000) (1024K)]
  0x00000199903b1e40 JavaThread "Thread-4"                   daemon [_thread_in_native, id=6652, stack(0x0000003be9100000,0x0000003be9200000) (1024K)]
  0x00000199903b1120 JavaThread "Thread-5"                   daemon [_thread_in_native, id=18748, stack(0x0000003be9200000,0x0000003be9300000) (1024K)]
  0x00000199903b17b0 JavaThread "Thread-6"                   daemon [_thread_in_native, id=11688, stack(0x0000003be9300000,0x0000003be9400000) (1024K)]
  0x00000199903b3880 JavaThread "Thread-7"                   daemon [_thread_in_native, id=18572, stack(0x0000003be9400000,0x0000003be9500000) (1024K)]
  0x00000199903b3f10 JavaThread "Thread-8"                   daemon [_thread_in_native, id=16520, stack(0x0000003be9500000,0x0000003be9600000) (1024K)]
  0x00000199903b2b60 JavaThread "Thread-9"                   daemon [_thread_in_native, id=9532, stack(0x0000003be9600000,0x0000003be9700000) (1024K)]
  0x00000199903b24d0 JavaThread "pool-2-thread-1"                   [_thread_blocked, id=17920, stack(0x0000003be9700000,0x0000003be9800000) (1024K)]
  0x00000199903b31f0 JavaThread "WorkspaceEventsHandler"            [_thread_blocked, id=14460, stack(0x0000003be9800000,0x0000003be9900000) (1024K)]
  0x000001999191e170 JavaThread "pool-1-thread-1"                   [_thread_blocked, id=16924, stack(0x0000003be9900000,0x0000003be9a00000) (1024K)]
  0x000001999191e800 JavaThread "ForkJoinPool.commonPool-worker-1" daemon [_thread_blocked, id=9036, stack(0x0000003be9a00000,0x0000003be9b00000) (1024K)]
  0x000001999191b380 JavaThread "ForkJoinPool.commonPool-worker-2" daemon [_thread_blocked, id=17404, stack(0x0000003be9b00000,0x0000003be9c00000) (1024K)]
  0x000001999191ee90 JavaThread "ForkJoinPool.commonPool-worker-3" daemon [_thread_blocked, id=19808, stack(0x0000003be9c00000,0x0000003be9d00000) (1024K)]
  0x000001999191ba10 JavaThread "ForkJoinPool.commonPool-worker-4" daemon [_thread_blocked, id=8452, stack(0x0000003be9d00000,0x0000003be9e00000) (1024K)]
  0x000001999191f520 JavaThread "ForkJoinPool.commonPool-worker-5" daemon [_thread_blocked, id=1544, stack(0x0000003be9e00000,0x0000003be9f00000) (1024K)]
  0x000001999191cdc0 JavaThread "ForkJoinPool.commonPool-worker-6" daemon [_thread_in_native, id=19552, stack(0x0000003be9f00000,0x0000003bea000000) (1024K)]
  0x000001999191c0a0 JavaThread "ForkJoinPool.commonPool-worker-7" daemon [_thread_blocked, id=17736, stack(0x0000003bea000000,0x0000003bea100000) (1024K)]
  0x0000019992b1e830 JavaThread "C2 CompilerThread2"         daemon [_thread_in_native, id=19596, stack(0x0000003be8a00000,0x0000003be8b00000) (1024K)]
  0x000001999191d450 JavaThread "Worker-4"                          [_thread_blocked, id=15388, stack(0x0000003bea100000,0x0000003bea200000) (1024K)]
Total: 46

Other Threads:
  0x00000199484225f0 VMThread "VM Thread"                           [id=21012, stack(0x0000003be6b00000,0x0000003be6c00000) (1024K)]
  0x000001994835ca00 WatcherThread "VM Periodic Task Thread"        [id=9512, stack(0x0000003be6a00000,0x0000003be6b00000) (1024K)]
  0x0000019931c996e0 WorkerThread "GC Thread#0"                     [id=2144, stack(0x0000003be6900000,0x0000003be6a00000) (1024K)]
  0x000001998f820440 WorkerThread "GC Thread#1"                     [id=7560, stack(0x0000003be7800000,0x0000003be7900000) (1024K)]
  0x000001998f8207e0 WorkerThread "GC Thread#2"                     [id=13788, stack(0x0000003be7900000,0x0000003be7a00000) (1024K)]
  0x000001998f95ae00 WorkerThread "GC Thread#3"                     [id=11300, stack(0x0000003be7a00000,0x0000003be7b00000) (1024K)]
  0x000001998f95b1a0 WorkerThread "GC Thread#4"                     [id=21452, stack(0x0000003be7b00000,0x0000003be7c00000) (1024K)]
  0x000001998f95b540 WorkerThread "GC Thread#5"                     [id=15824, stack(0x0000003be7c00000,0x0000003be7d00000) (1024K)]
  0x000001998f95b8e0 WorkerThread "GC Thread#6"                     [id=2136, stack(0x0000003be7d00000,0x0000003be7e00000) (1024K)]
  0x000001998faceb60 WorkerThread "GC Thread#7"                     [id=3564, stack(0x0000003be7f00000,0x0000003be8000000) (1024K)]
Total: 10

Threads with active compile tasks:
C2 CompilerThread0  14307 9962   !   4       org.eclipse.jdt.internal.core.NameLookup::getModuleDescription (232 bytes)
C1 CompilerThread0  14307 10174       1       org.eclipse.jdt.internal.compiler.classfmt.ClassFileReader::isRecord (5 bytes)
C2 CompilerThread1  14307 9705   !   4       org.eclipse.jdt.internal.core.JarPackageFragmentRoot::computeChildren (605 bytes)
C2 CompilerThread2  14308 9998       4       java.lang.reflect.AccessibleObject::verifyAccess (55 bytes)
Total: 4

VM state: not at safepoint (normal execution)

VM Mutex/Monitor currently owned by a thread: None

Heap address: 0x0000000080000000, size: 2048 MB, Compressed Oops mode: 32-bit

CDS archive(s) mapped at: [0x0000019949000000-0x0000019949ba0000-0x0000019949ba0000), size 12189696, SharedBaseAddress: 0x0000019949000000, ArchiveRelocationMode: 1.
Compressed class space mapped at: 0x000001994a000000-0x000001998a000000, reserved size: 1073741824
Narrow klass base: 0x0000019949000000, Narrow klass shift: 0, Narrow klass range: 0x100000000

GC Precious Log:
 CardTable entry size: 512
 CPUs: 8 total, 8 available
 Memory: 16221M
 Large Page Support: Disabled
 NUMA Support: Disabled
 Compressed Oops: Enabled (32-bit)
 Alignments: Space 512K, Generation 512K, Heap 2M
 Heap Min Capacity: 100M
 Heap Initial Capacity: 100M
 Heap Max Capacity: 2G
 Pre-touch: Disabled
 Parallel Workers: 8

Heap:
 PSYoungGen      total 18432K, used 11533K [0x00000000d5580000, 0x00000000d6900000, 0x0000000100000000)
  eden space 17408K, 62% used [0x00000000d5580000,0x00000000d601b7d8,0x00000000d6680000)
  from space 1024K, 65% used [0x00000000d6680000,0x00000000d6728020,0x00000000d6780000)
  to   space 1024K, 0% used [0x00000000d6800000,0x00000000d6800000,0x00000000d6900000)
 ParOldGen       total 93696K, used 93502K [0x0000000080000000, 0x0000000085b80000, 0x00000000d5580000)
  object space 93696K, 99% used [0x0000000080000000,0x0000000085b4f9b0,0x0000000085b80000)
 Metaspace       used 61555K, committed 62976K, reserved 1114112K
  class space    used 6543K, committed 7168K, reserved 1048576K

Card table byte_map: [0x0000019931530000,0x0000019931940000] _byte_map_base: 0x0000019931130000

Marking Bits: (ParMarkBitMap*) 0x00007ffce2992460
 Begin Bits: [0x0000019943e80000, 0x0000019945e80000)
 End Bits:   [0x0000019945e80000, 0x0000019947e80000)

Polling page: 0x000001992f9e0000

Metaspace:

Usage:
  Non-class:     53.72 MB used.
      Class:      6.39 MB used.
       Both:     60.11 MB used.

Virtual space:
  Non-class space:       64.00 MB reserved,      54.50 MB ( 85%) committed,  1 nodes.
      Class space:        1.00 GB reserved,       7.00 MB ( <1%) committed,  1 nodes.
             Both:        1.06 GB reserved,      61.50 MB (  6%) committed. 

Chunk freelists:
   Non-Class:  8.59 MB
       Class:  8.82 MB
        Both:  17.42 MB

MaxMetaspaceSize: unlimited
CompressedClassSpaceSize: 1.00 GB
Initial GC threshold: 21.00 MB
Current GC threshold: 97.31 MB
CDS: on
 - commit_granule_bytes: 65536.
 - commit_granule_words: 8192.
 - virtual_space_node_default_size: 8388608.
 - enlarge_chunks_in_place: 1.
 - use_allocation_guard: 0.


Internal statistics:

num_allocs_failed_limit: 11.
num_arena_births: 1132.
num_arena_deaths: 14.
num_vsnodes_births: 2.
num_vsnodes_deaths: 0.
num_space_committed: 984.
num_space_uncommitted: 0.
num_chunks_returned_to_freelist: 25.
num_chunks_taken_from_freelist: 3956.
num_chunk_merges: 17.
num_chunk_splits: 2487.
num_chunks_enlarged: 1412.
num_inconsistent_stats: 0.

CodeHeap 'non-profiled nmethods': size=120000Kb used=6058Kb max_used=6058Kb free=113942Kb
 bounds [0x000001993c950000, 0x000001993cf40000, 0x0000019943e80000]
CodeHeap 'profiled nmethods': size=120000Kb used=20678Kb max_used=20678Kb free=99322Kb
 bounds [0x0000019934e80000, 0x00000199362c0000, 0x000001993c3b0000]
CodeHeap 'non-nmethods': size=5760Kb used=1421Kb max_used=1497Kb free=4338Kb
 bounds [0x000001993c3b0000, 0x000001993c620000, 0x000001993c950000]
CodeCache: size=245760Kb, used=28157Kb, max_used=28233Kb, free=217602Kb
 total_blobs=10152, nmethods=9417, adapters=641, full_count=0
Compilation: enabled, stopped_count=0, restarted_count=0

Compilation events (20 events):
Event: 13.146 Thread 0x000001994847b2a0 9994   !   3       java.lang.Object::wait (50 bytes)
Event: 13.146 Thread 0x000001994847b2a0 nmethod 9994 0x000001993624ef10 code [0x000001993624f120, 0x000001993624f688]
Event: 13.146 Thread 0x000001994847b2a0 10009       3       org.eclipse.jdt.internal.core.PackageFragment::exists (25 bytes)
Event: 13.146 Thread 0x000001994847b2a0 nmethod 10009 0x000001993624f910 code [0x000001993624fae0, 0x000001993624fd40]
Event: 13.147 Thread 0x0000019992b1e830 nmethod 10007 0x000001993cf29690 code [0x000001993cf29820, 0x000001993cf29b08]
Event: 13.147 Thread 0x0000019992b1e830 9997       4       java.lang.reflect.AccessibleObject::checkAccess (40 bytes)
Event: 13.150 Thread 0x000001994847b2a0 10010       3       java.util.Arrays::equals (43 bytes)
Event: 13.151 Thread 0x000001994847b2a0 nmethod 10010 0x000001993624fe10 code [0x000001993624ffe0, 0x00000199362502a8]
Event: 13.151 Thread 0x000001994847b2a0 10011       3       org.eclipse.jdt.internal.compiler.classfmt.ClassFileReader::read (7 bytes)
Event: 13.152 Thread 0x000001994847b2a0 nmethod 10011 0x0000019936250390 code [0x0000019936250540, 0x0000019936250660]
Event: 13.154 Thread 0x000001994847b2a0 10012       3       org.eclipse.jdt.internal.compiler.classfmt.MethodInfo::getSelector (49 bytes)
Event: 13.155 Thread 0x000001994847b2a0 nmethod 10012 0x0000019936250710 code [0x0000019936250900, 0x0000019936250ec8]
Event: 13.155 Thread 0x000001994847b2a0 10013       3       org.eclipse.jdt.internal.compiler.lookup.LookupEnvironment::getPackage0 (12 bytes)
Event: 13.155 Thread 0x000001994847b2a0 nmethod 10013 0x0000019936251190 code [0x0000019936251380, 0x00000199362519b0]
Event: 13.155 Thread 0x000001994847b2a0 10014       3       org.eclipse.jdt.core.compiler.CharOperation::splitOn (159 bytes)
Event: 13.156 Thread 0x000001994847b2a0 nmethod 10014 0x0000019936251c10 code [0x0000019936251e40, 0x00000199362528d0]
Event: 13.156 Thread 0x000001994847b2a0 10017       3       org.eclipse.jdt.internal.compiler.lookup.BinaryTypeBinding::isPrototype (12 bytes)
Event: 13.156 Thread 0x000001994847b2a0 nmethod 10017 0x0000019936252c90 code [0x0000019936252e40, 0x0000019936252fb0]
Event: 13.156 Thread 0x000001994847b2a0 10016       1       org.eclipse.jdt.internal.compiler.classfmt.AnnotationInfo::getTypeName (5 bytes)
Event: 13.156 Thread 0x000001994847b2a0 nmethod 10016 0x000001993cf29c10 code [0x000001993cf29da0, 0x000001993cf29e68]

GC Heap History (20 events):
Event: 12.849 GC heap before
{Heap before GC invocations=122 (full 3):
 PSYoungGen      total 19456K, used 19429K [0x00000000d5580000, 0x00000000d6b00000, 0x0000000100000000)
  eden space 18432K, 99% used [0x00000000d5580000,0x00000000d677d458,0x00000000d6780000)
  from space 1024K, 98% used [0x00000000d6900000,0x00000000d69fc000,0x00000000d6a00000)
  to   space 1536K, 0% used [0x00000000d6780000,0x00000000d6780000,0x00000000d6900000)
 ParOldGen       total 90112K, used 89922K [0x0000000080000000, 0x0000000085800000, 0x00000000d5580000)
  object space 90112K, 99% used [0x0000000080000000,0x00000000857d0950,0x0000000085800000)
 Metaspace       used 59869K, committed 61312K, reserved 1114112K
  class space    used 6348K, committed 6976K, reserved 1048576K
}
Event: 12.850 GC heap after
{Heap after GC invocations=122 (full 3):
 PSYoungGen      total 18944K, used 384K [0x00000000d5580000, 0x00000000d6980000, 0x0000000100000000)
  eden space 18432K, 0% used [0x00000000d5580000,0x00000000d5580000,0x00000000d6780000)
  from space 512K, 75% used [0x00000000d6780000,0x00000000d67e0000,0x00000000d6800000)
  to   space 1024K, 0% used [0x00000000d6880000,0x00000000d6880000,0x00000000d6980000)
 ParOldGen       total 91136K, used 90838K [0x0000000080000000, 0x0000000085900000, 0x00000000d5580000)
  object space 91136K, 99% used [0x0000000080000000,0x00000000858b5960,0x0000000085900000)
 Metaspace       used 59869K, committed 61312K, reserved 1114112K
  class space    used 6348K, committed 6976K, reserved 1048576K
}
Event: 12.862 GC heap before
{Heap before GC invocations=123 (full 3):
 PSYoungGen      total 18944K, used 18813K [0x00000000d5580000, 0x00000000d6980000, 0x0000000100000000)
  eden space 18432K, 99% used [0x00000000d5580000,0x00000000d677f620,0x00000000d6780000)
  from space 512K, 75% used [0x00000000d6780000,0x00000000d67e0000,0x00000000d6800000)
  to   space 1024K, 0% used [0x00000000d6880000,0x00000000d6880000,0x00000000d6980000)
 ParOldGen       total 91136K, used 90838K [0x0000000080000000, 0x0000000085900000, 0x00000000d5580000)
  object space 91136K, 99% used [0x0000000080000000,0x00000000858b5960,0x0000000085900000)
 Metaspace       used 59871K, committed 61312K, reserved 1114112K
  class space    used 6348K, committed 6976K, reserved 1048576K
}
Event: 12.862 GC heap after
{Heap after GC invocations=123 (full 3):
 PSYoungGen      total 18944K, used 384K [0x00000000d5580000, 0x00000000d6900000, 0x0000000100000000)
  eden space 18432K, 0% used [0x00000000d5580000,0x00000000d5580000,0x00000000d6780000)
  from space 512K, 75% used [0x00000000d6880000,0x00000000d68e0000,0x00000000d6900000)
  to   space 512K, 0% used [0x00000000d6780000,0x00000000d6780000,0x00000000d6800000)
 ParOldGen       total 91136K, used 91094K [0x0000000080000000, 0x0000000085900000, 0x00000000d5580000)
  object space 91136K, 99% used [0x0000000080000000,0x00000000858f5970,0x0000000085900000)
 Metaspace       used 59871K, committed 61312K, reserved 1114112K
  class space    used 6348K, committed 6976K, reserved 1048576K
}
Event: 12.882 GC heap before
{Heap before GC invocations=124 (full 3):
 PSYoungGen      total 18944K, used 18816K [0x00000000d5580000, 0x00000000d6900000, 0x0000000100000000)
  eden space 18432K, 100% used [0x00000000d5580000,0x00000000d6780000,0x00000000d6780000)
  from space 512K, 75% used [0x00000000d6880000,0x00000000d68e0000,0x00000000d6900000)
  to   space 512K, 0% used [0x00000000d6780000,0x00000000d6780000,0x00000000d6800000)
 ParOldGen       total 91136K, used 91094K [0x0000000080000000, 0x0000000085900000, 0x00000000d5580000)
  object space 91136K, 99% used [0x0000000080000000,0x00000000858f5970,0x0000000085900000)
 Metaspace       used 59877K, committed 61376K, reserved 1114112K
  class space    used 6348K, committed 6976K, reserved 1048576K
}
Event: 12.884 GC heap after
{Heap after GC invocations=124 (full 3):
 PSYoungGen      total 18944K, used 416K [0x00000000d5580000, 0x00000000d6900000, 0x0000000100000000)
  eden space 18432K, 0% used [0x00000000d5580000,0x00000000d5580000,0x00000000d6780000)
  from space 512K, 81% used [0x00000000d6780000,0x00000000d67e8000,0x00000000d6800000)
  to   space 512K, 0% used [0x00000000d6880000,0x00000000d6880000,0x00000000d6900000)
 ParOldGen       total 91648K, used 91214K [0x0000000080000000, 0x0000000085980000, 0x00000000d5580000)
  object space 91648K, 99% used [0x0000000080000000,0x0000000085913970,0x0000000085980000)
 Metaspace       used 59877K, committed 61376K, reserved 1114112K
  class space    used 6348K, committed 6976K, reserved 1048576K
}
Event: 12.896 GC heap before
{Heap before GC invocations=125 (full 3):
 PSYoungGen      total 18944K, used 18848K [0x00000000d5580000, 0x00000000d6900000, 0x0000000100000000)
  eden space 18432K, 100% used [0x00000000d5580000,0x00000000d6780000,0x00000000d6780000)
  from space 512K, 81% used [0x00000000d6780000,0x00000000d67e8000,0x00000000d6800000)
  to   space 512K, 0% used [0x00000000d6880000,0x00000000d6880000,0x00000000d6900000)
 ParOldGen       total 91648K, used 91214K [0x0000000080000000, 0x0000000085980000, 0x00000000d5580000)
  object space 91648K, 99% used [0x0000000080000000,0x0000000085913970,0x0000000085980000)
 Metaspace       used 59877K, committed 61376K, reserved 1114112K
  class space    used 6348K, committed 6976K, reserved 1048576K
}
Event: 12.898 GC heap after
{Heap after GC invocations=125 (full 3):
 PSYoungGen      total 18944K, used 448K [0x00000000d5580000, 0x00000000d6900000, 0x0000000100000000)
  eden space 18432K, 0% used [0x00000000d5580000,0x00000000d5580000,0x00000000d6780000)
  from space 512K, 87% used [0x00000000d6880000,0x00000000d68f0000,0x00000000d6900000)
  to   space 512K, 0% used [0x00000000d6780000,0x00000000d6780000,0x00000000d6800000)
 ParOldGen       total 91648K, used 91414K [0x0000000080000000, 0x0000000085980000, 0x00000000d5580000)
  object space 91648K, 99% used [0x0000000080000000,0x0000000085945970,0x0000000085980000)
 Metaspace       used 59877K, committed 61376K, reserved 1114112K
  class space    used 6348K, committed 6976K, reserved 1048576K
}
Event: 12.912 GC heap before
{Heap before GC invocations=126 (full 3):
 PSYoungGen      total 18944K, used 18880K [0x00000000d5580000, 0x00000000d6900000, 0x0000000100000000)
  eden space 18432K, 100% used [0x00000000d5580000,0x00000000d6780000,0x00000000d6780000)
  from space 512K, 87% used [0x00000000d6880000,0x00000000d68f0000,0x00000000d6900000)
  to   space 512K, 0% used [0x00000000d6780000,0x00000000d6780000,0x00000000d6800000)
 ParOldGen       total 91648K, used 91414K [0x0000000080000000, 0x0000000085980000, 0x00000000d5580000)
  object space 91648K, 99% used [0x0000000080000000,0x0000000085945970,0x0000000085980000)
 Metaspace       used 59877K, committed 61376K, reserved 1114112K
  class space    used 6348K, committed 6976K, reserved 1048576K
}
Event: 12.913 GC heap after
{Heap after GC invocations=126 (full 3):
 PSYoungGen      total 18944K, used 416K [0x00000000d5580000, 0x00000000d6900000, 0x0000000100000000)
  eden space 18432K, 0% used [0x00000000d5580000,0x00000000d5580000,0x00000000d6780000)
  from space 512K, 81% used [0x00000000d6780000,0x00000000d67e8000,0x00000000d6800000)
  to   space 512K, 0% used [0x00000000d6880000,0x00000000d6880000,0x00000000d6900000)
 ParOldGen       total 91648K, used 91582K [0x0000000080000000, 0x0000000085980000, 0x00000000d5580000)
  object space 91648K, 99% used [0x0000000080000000,0x000000008596f970,0x0000000085980000)
 Metaspace       used 59877K, committed 61376K, reserved 1114112K
  class space    used 6348K, committed 6976K, reserved 1048576K
}
Event: 12.924 GC heap before
{Heap before GC invocations=127 (full 3):
 PSYoungGen      total 18944K, used 18848K [0x00000000d5580000, 0x00000000d6900000, 0x0000000100000000)
  eden space 18432K, 100% used [0x00000000d5580000,0x00000000d6780000,0x00000000d6780000)
  from space 512K, 81% used [0x00000000d6780000,0x00000000d67e8000,0x00000000d6800000)
  to   space 512K, 0% used [0x00000000d6880000,0x00000000d6880000,0x00000000d6900000)
 ParOldGen       total 91648K, used 91582K [0x0000000080000000, 0x0000000085980000, 0x00000000d5580000)
  object space 91648K, 99% used [0x0000000080000000,0x000000008596f970,0x0000000085980000)
 Metaspace       used 59877K, committed 61376K, reserved 1114112K
  class space    used 6348K, committed 6976K, reserved 1048576K
}
Event: 12.925 GC heap after
{Heap after GC invocations=127 (full 3):
 PSYoungGen      total 18944K, used 288K [0x00000000d5580000, 0x00000000d6900000, 0x0000000100000000)
  eden space 18432K, 0% used [0x00000000d5580000,0x00000000d5580000,0x00000000d6780000)
  from space 512K, 56% used [0x00000000d6880000,0x00000000d68c8000,0x00000000d6900000)
  to   space 512K, 0% used [0x00000000d6780000,0x00000000d6780000,0x00000000d6800000)
 ParOldGen       total 92160K, used 91758K [0x0000000080000000, 0x0000000085a00000, 0x00000000d5580000)
  object space 92160K, 99% used [0x0000000080000000,0x000000008599b970,0x0000000085a00000)
 Metaspace       used 59877K, committed 61376K, reserved 1114112K
  class space    used 6348K, committed 6976K, reserved 1048576K
}
Event: 12.938 GC heap before
{Heap before GC invocations=128 (full 3):
 PSYoungGen      total 18944K, used 18719K [0x00000000d5580000, 0x00000000d6900000, 0x0000000100000000)
  eden space 18432K, 99% used [0x00000000d5580000,0x00000000d677fff0,0x00000000d6780000)
  from space 512K, 56% used [0x00000000d6880000,0x00000000d68c8000,0x00000000d6900000)
  to   space 512K, 0% used [0x00000000d6780000,0x00000000d6780000,0x00000000d6800000)
 ParOldGen       total 92160K, used 91758K [0x0000000080000000, 0x0000000085a00000, 0x00000000d5580000)
  object space 92160K, 99% used [0x0000000080000000,0x000000008599b970,0x0000000085a00000)
 Metaspace       used 59877K, committed 61376K, reserved 1114112K
  class space    used 6348K, committed 6976K, reserved 1048576K
}
Event: 12.939 GC heap after
{Heap after GC invocations=128 (full 3):
 PSYoungGen      total 18944K, used 320K [0x00000000d5580000, 0x00000000d6900000, 0x0000000100000000)
  eden space 18432K, 0% used [0x00000000d5580000,0x00000000d5580000,0x00000000d6780000)
  from space 512K, 62% used [0x00000000d6780000,0x00000000d67d0000,0x00000000d6800000)
  to   space 512K, 0% used [0x00000000d6880000,0x00000000d6880000,0x00000000d6900000)
 ParOldGen       total 92160K, used 91902K [0x0000000080000000, 0x0000000085a00000, 0x00000000d5580000)
  object space 92160K, 99% used [0x0000000080000000,0x00000000859bf970,0x0000000085a00000)
 Metaspace       used 59877K, committed 61376K, reserved 1114112K
  class space    used 6348K, committed 6976K, reserved 1048576K
}
Event: 12.952 GC heap before
{Heap before GC invocations=129 (full 3):
 PSYoungGen      total 18944K, used 18752K [0x00000000d5580000, 0x00000000d6900000, 0x0000000100000000)
  eden space 18432K, 100% used [0x00000000d5580000,0x00000000d6780000,0x00000000d6780000)
  from space 512K, 62% used [0x00000000d6780000,0x00000000d67d0000,0x00000000d6800000)
  to   space 512K, 0% used [0x00000000d6880000,0x00000000d6880000,0x00000000d6900000)
 ParOldGen       total 92160K, used 91902K [0x0000000080000000, 0x0000000085a00000, 0x00000000d5580000)
  object space 92160K, 99% used [0x0000000080000000,0x00000000859bf970,0x0000000085a00000)
 Metaspace       used 59878K, committed 61376K, reserved 1114112K
  class space    used 6348K, committed 6976K, reserved 1048576K
}
Event: 12.953 GC heap after
{Heap after GC invocations=129 (full 3):
 PSYoungGen      total 18944K, used 256K [0x00000000d5580000, 0x00000000d6900000, 0x0000000100000000)
  eden space 18432K, 0% used [0x00000000d5580000,0x00000000d5580000,0x00000000d6780000)
  from space 512K, 50% used [0x00000000d6880000,0x00000000d68c0000,0x00000000d6900000)
  to   space 512K, 0% used [0x00000000d6780000,0x00000000d6780000,0x00000000d6800000)
 ParOldGen       total 92160K, used 92022K [0x0000000080000000, 0x0000000085a00000, 0x00000000d5580000)
  object space 92160K, 99% used [0x0000000080000000,0x00000000859dd970,0x0000000085a00000)
 Metaspace       used 59878K, committed 61376K, reserved 1114112K
  class space    used 6348K, committed 6976K, reserved 1048576K
}
Event: 12.965 GC heap before
{Heap before GC invocations=130 (full 3):
 PSYoungGen      total 18944K, used 18687K [0x00000000d5580000, 0x00000000d6900000, 0x0000000100000000)
  eden space 18432K, 99% used [0x00000000d5580000,0x00000000d677fff0,0x00000000d6780000)
  from space 512K, 50% used [0x00000000d6880000,0x00000000d68c0000,0x00000000d6900000)
  to   space 512K, 0% used [0x00000000d6780000,0x00000000d6780000,0x00000000d6800000)
 ParOldGen       total 92160K, used 92022K [0x0000000080000000, 0x0000000085a00000, 0x00000000d5580000)
  object space 92160K, 99% used [0x0000000080000000,0x00000000859dd970,0x0000000085a00000)
 Metaspace       used 59878K, committed 61376K, reserved 1114112K
  class space    used 6348K, committed 6976K, reserved 1048576K
}
Event: 12.965 GC heap after
{Heap after GC invocations=130 (full 3):
 PSYoungGen      total 18944K, used 256K [0x00000000d5580000, 0x00000000d6900000, 0x0000000100000000)
  eden space 18432K, 0% used [0x00000000d5580000,0x00000000d5580000,0x00000000d6780000)
  from space 512K, 50% used [0x00000000d6780000,0x00000000d67c0000,0x00000000d6800000)
  to   space 512K, 0% used [0x00000000d6880000,0x00000000d6880000,0x00000000d6900000)
 ParOldGen       total 92672K, used 92190K [0x0000000080000000, 0x0000000085a80000, 0x00000000d5580000)
  object space 92672K, 99% used [0x0000000080000000,0x0000000085a07970,0x0000000085a80000)
 Metaspace       used 59878K, committed 61376K, reserved 1114112K
  class space    used 6348K, committed 6976K, reserved 1048576K
}
Event: 13.088 GC heap before
{Heap before GC invocations=131 (full 3):
 PSYoungGen      total 18944K, used 18688K [0x00000000d5580000, 0x00000000d6900000, 0x0000000100000000)
  eden space 18432K, 100% used [0x00000000d5580000,0x00000000d6780000,0x00000000d6780000)
  from space 512K, 50% used [0x00000000d6780000,0x00000000d67c0000,0x00000000d6800000)
  to   space 512K, 0% used [0x00000000d6880000,0x00000000d6880000,0x00000000d6900000)
 ParOldGen       total 92672K, used 92190K [0x0000000080000000, 0x0000000085a80000, 0x00000000d5580000)
  object space 92672K, 99% used [0x0000000080000000,0x0000000085a07970,0x0000000085a80000)
 Metaspace       used 60597K, committed 62080K, reserved 1114112K
  class space    used 6436K, committed 7104K, reserved 1048576K
}
Event: 13.090 GC heap after
{Heap after GC invocations=131 (full 3):
 PSYoungGen      total 17920K, used 502K [0x00000000d5580000, 0x00000000d6b80000, 0x0000000100000000)
  eden space 17408K, 0% used [0x00000000d5580000,0x00000000d5580000,0x00000000d6680000)
  from space 512K, 98% used [0x00000000d6880000,0x00000000d68fdba0,0x00000000d6900000)
  to   space 2048K, 0% used [0x00000000d6680000,0x00000000d6680000,0x00000000d6880000)
 ParOldGen       total 93184K, used 93062K [0x0000000080000000, 0x0000000085b00000, 0x00000000d5580000)
  object space 93184K, 99% used [0x0000000080000000,0x0000000085ae19a0,0x0000000085b00000)
 Metaspace       used 60597K, committed 62080K, reserved 1114112K
  class space    used 6436K, committed 7104K, reserved 1048576K
}

Dll operation events (10 events):
Event: 0.012 Loaded shared library c:\Users\gabri\.vscode\extensions\redhat.java-1.51.0-win32-x64\jre\21.0.9-win32-x86_64\bin\java.dll
Event: 0.096 Loaded shared library c:\Users\gabri\.vscode\extensions\redhat.java-1.51.0-win32-x64\jre\21.0.9-win32-x86_64\bin\zip.dll
Event: 0.120 Loaded shared library C:\Users\gabri\.vscode\extensions\redhat.java-1.51.0-win32-x64\jre\21.0.9-win32-x86_64\bin\instrument.dll
Event: 0.124 Loaded shared library C:\Users\gabri\.vscode\extensions\redhat.java-1.51.0-win32-x64\jre\21.0.9-win32-x86_64\bin\net.dll
Event: 0.127 Loaded shared library C:\Users\gabri\.vscode\extensions\redhat.java-1.51.0-win32-x64\jre\21.0.9-win32-x86_64\bin\nio.dll
Event: 0.131 Loaded shared library C:\Users\gabri\.vscode\extensions\redhat.java-1.51.0-win32-x64\jre\21.0.9-win32-x86_64\bin\zip.dll
Event: 0.153 Loaded shared library C:\Users\gabri\.vscode\extensions\redhat.java-1.51.0-win32-x64\jre\21.0.9-win32-x86_64\bin\jimage.dll
Event: 0.255 Loaded shared library c:\Users\gabri\.vscode\extensions\redhat.java-1.51.0-win32-x64\jre\21.0.9-win32-x86_64\bin\verify.dll
Event: 1.422 Loaded shared library C:\Users\gabri\AppData\Roaming\Code\User\globalStorage\redhat.java\1.51.0\config_win\org.eclipse.equinox.launcher\org.eclipse.equinox.launcher.win32.win32.x86_64_1.2.1400.v20250801-0854\eclipse_11916.dll
Event: 2.732 Loaded shared library C:\Users\gabri\AppData\Local\Temp\jna-98110207\jna16455377231675137058.dll

Deoptimization events (20 events):
Event: 13.028 Thread 0x000001999191cdc0 Uncommon trap: trap_request=0xffffff45 fr.pc=0x000001993c976970 relative=0x0000000000000230
Event: 13.028 Thread 0x000001999191cdc0 Uncommon trap: reason=unstable_if action=reinterpret pc=0x000001993c976970 method=java.util.Arrays.hashCode([C)I @ 8 c2
Event: 13.028 Thread 0x000001999191cdc0 DEOPT PACKING pc=0x000001993c976970 sp=0x0000003be9ffe0e0
Event: 13.028 Thread 0x000001999191cdc0 DEOPT UNPACKING pc=0x000001993c403aa2 sp=0x0000003be9ffe080 mode 2
Event: 13.124 Thread 0x000001999191cdc0 Uncommon trap: trap_request=0xffffff45 fr.pc=0x000001993cccb040 relative=0x0000000000004a00
Event: 13.124 Thread 0x000001999191b380 Uncommon trap: trap_request=0xffffff45 fr.pc=0x000001993cccb040 relative=0x0000000000004a00
Event: 13.124 Thread 0x000001999191cdc0 Uncommon trap: reason=unstable_if action=reinterpret pc=0x000001993cccb040 method=java.util.concurrent.locks.ReentrantReadWriteLock$Sync.tryReleaseShared(I)Z @ 129 c2
Event: 13.124 Thread 0x000001999191b380 Uncommon trap: reason=unstable_if action=reinterpret pc=0x000001993cccb040 method=java.util.concurrent.locks.ReentrantReadWriteLock$Sync.tryReleaseShared(I)Z @ 129 c2
Event: 13.124 Thread 0x000001999191cdc0 DEOPT PACKING pc=0x000001993cccb040 sp=0x0000003be9ffc5a0
Event: 13.124 Thread 0x000001999191b380 DEOPT PACKING pc=0x000001993cccb040 sp=0x0000003be9bfc410
Event: 13.124 Thread 0x000001999191cdc0 DEOPT UNPACKING pc=0x000001993c403aa2 sp=0x0000003be9ffc250 mode 2
Event: 13.124 Thread 0x000001999191b380 DEOPT UNPACKING pc=0x000001993c403aa2 sp=0x0000003be9bfc0c0 mode 2
Event: 13.145 Thread 0x000001999191cdc0 Uncommon trap: trap_request=0xffffff45 fr.pc=0x000001993cf1e6cc relative=0x00000000000001ac
Event: 13.145 Thread 0x000001999191cdc0 Uncommon trap: reason=unstable_if action=reinterpret pc=0x000001993cf1e6cc method=java.util.Arrays.equals([C[C)Z @ 8 c2
Event: 13.146 Thread 0x000001999191cdc0 DEOPT PACKING pc=0x000001993cf1e6cc sp=0x0000003be9ffdc70
Event: 13.146 Thread 0x000001999191cdc0 DEOPT UNPACKING pc=0x000001993c403aa2 sp=0x0000003be9ffdc28 mode 2
Event: 13.155 Thread 0x00000199903af050 DEOPT PACKING pc=0x00000199356d4f7b sp=0x0000003be86fe1e0
Event: 13.155 Thread 0x00000199903af050 DEOPT UNPACKING pc=0x000001993c404242 sp=0x0000003be86fd650 mode 0
Event: 13.156 Thread 0x00000199903af050 DEOPT PACKING pc=0x00000199356d4f7b sp=0x0000003be86fe1e0
Event: 13.156 Thread 0x00000199903af050 DEOPT UNPACKING pc=0x000001993c404242 sp=0x0000003be86fd650 mode 0

Classes loaded (20 events):
Event: 9.302 Loading class java/nio/charset/CharacterCodingException
Event: 9.302 Loading class java/nio/charset/CharacterCodingException done
Event: 9.302 Loading class java/io/SequenceInputStream
Event: 9.302 Loading class java/io/SequenceInputStream done
Event: 9.344 Loading class java/util/WeakHashMap$KeyIterator
Event: 9.344 Loading class java/util/WeakHashMap$KeyIterator done
Event: 9.404 Loading class java/util/concurrent/CompletableFuture$UniApply
Event: 9.404 Loading class java/util/concurrent/CompletableFuture$UniApply done
Event: 9.405 Loading class java/util/concurrent/CompletableFuture$UniExceptionally
Event: 9.405 Loading class java/util/concurrent/CompletableFuture$UniExceptionally done
Event: 9.480 Loading class java/util/Hashtable$KeySet
Event: 9.481 Loading class java/util/Hashtable$KeySet done
Event: 9.836 Loading class java/lang/UnsupportedClassVersionError
Event: 9.836 Loading class java/lang/UnsupportedClassVersionError done
Event: 13.040 Loading class java/util/Collections$2
Event: 13.040 Loading class java/util/Collections$2 done
Event: 13.101 Loading class java/util/stream/ReduceOps$4
Event: 13.101 Loading class java/util/stream/ReduceOps$4 done
Event: 13.101 Loading class java/util/stream/ReduceOps$4ReducingSink
Event: 13.101 Loading class java/util/stream/ReduceOps$4ReducingSink done

Classes unloaded (7 events):
Event: 3.199 Thread 0x00000199484225f0 Unloading class 0x000001994a1ad400 'java/lang/invoke/LambdaForm$MH+0x000001994a1ad400'
Event: 3.199 Thread 0x00000199484225f0 Unloading class 0x000001994a1ad000 'java/lang/invoke/LambdaForm$MH+0x000001994a1ad000'
Event: 3.199 Thread 0x00000199484225f0 Unloading class 0x000001994a1acc00 'java/lang/invoke/LambdaForm$MH+0x000001994a1acc00'
Event: 3.199 Thread 0x00000199484225f0 Unloading class 0x000001994a1ac800 'java/lang/invoke/LambdaForm$MH+0x000001994a1ac800'
Event: 3.199 Thread 0x00000199484225f0 Unloading class 0x000001994a1ac400 'java/lang/invoke/LambdaForm$BMH+0x000001994a1ac400'
Event: 3.199 Thread 0x00000199484225f0 Unloading class 0x000001994a1ac000 'java/lang/invoke/LambdaForm$DMH+0x000001994a1ac000'
Event: 3.199 Thread 0x00000199484225f0 Unloading class 0x000001994a1aac00 'java/lang/invoke/LambdaForm$DMH+0x000001994a1aac00'

Classes redefined (0 events):
No events

Internal exceptions (20 events):
Event: 9.536 Thread 0x00000199903af050 Exception <a 'sun/nio/fs/WindowsException'{0x00000000d66ce080}> (0x00000000d66ce080) 
thrown [s\src\hotspot\share\prims\jni.cpp, line 520]
Event: 9.704 Thread 0x00000199903af050 Exception <a 'java/lang/NoSuchMethodError'{0x00000000d5902b50}: 'void java.lang.invoke.DirectMethodHandle$Holder.invokeStatic(java.lang.Object, java.lang.Object, java.lang.Object, int)'> (0x00000000d5902b50) 
thrown [s\src\hotspot\share\interpreter\linkResolver.cpp, line 773]
Event: 9.713 Thread 0x00000199903af050 Exception <a 'java/lang/NoSuchMethodError'{0x00000000d59717c0}: 'void java.lang.invoke.DirectMethodHandle$Holder.invokeVirtual(java.lang.Object, java.lang.Object, int)'> (0x00000000d59717c0) 
thrown [s\src\hotspot\share\interpreter\linkResolver.cpp, line 773]
Event: 9.797 Thread 0x00000199903ac8f0 Exception <a 'java/lang/NoSuchMethodError'{0x00000000d5db7fa8}: 'java.lang.Object java.lang.invoke.DirectMethodHandle$Holder.invokeSpecial(java.lang.Object, java.lang.Object, int, long)'> (0x00000000d5db7fa8) 
thrown [s\src\hotspot\share\interpreter\linkResolver.cpp, line 773]
Event: 9.865 Thread 0x000001999191ba10 Exception <a 'java/lang/NoSuchMethodError'{0x00000000d6465208}: 'int java.lang.invoke.Invokers$Holder.invokeExact_MT(java.lang.Object, java.lang.Object)'> (0x00000000d6465208) 
thrown [s\src\hotspot\share\interpreter\linkResolver.cpp, line 773]
Event: 11.212 Thread 0x000001999191ba10 Implicit null exception at 0x000001993ccde124 to 0x000001993ccde450
Event: 11.921 Thread 0x00000199903af050 Exception <a 'java/lang/NoSuchMethodError'{0x00000000d6675930}: 'void java.lang.invoke.DirectMethodHandle$Holder.invokeInterface(java.lang.Object, java.lang.Object)'> (0x00000000d6675930) 
thrown [s\src\hotspot\share\interpreter\linkResolver.cpp, line 773]
Event: 12.246 Thread 0x000001999191ba10 Exception <a 'java/lang/IncompatibleClassChangeError'{0x00000000d6399c78}: Found class java.lang.Object, but interface was expected> (0x00000000d6399c78) 
thrown [s\src\hotspot\share\interpreter\linkResolver.cpp, line 840]
Event: 12.811 Thread 0x00000199903af050 Implicit null exception at 0x000001993cee2b39 to 0x000001993cee2d00
Event: 12.811 Thread 0x00000199903af050 Implicit null exception at 0x000001993cec3cb9 to 0x000001993cec3e8c
Event: 13.042 Thread 0x00000199903af050 Exception <a 'sun/nio/fs/WindowsException'{0x00000000d63c7040}> (0x00000000d63c7040) 
thrown [s\src\hotspot\share\prims\jni.cpp, line 520]
Event: 13.042 Thread 0x00000199903af050 Exception <a 'sun/nio/fs/WindowsException'{0x00000000d63de340}> (0x00000000d63de340) 
thrown [s\src\hotspot\share\prims\jni.cpp, line 520]
Event: 13.108 Thread 0x000001999191cdc0 Exception <a 'java/lang/NoSuchMethodError'{0x00000000d57e4100}: 'int java.lang.invoke.DirectMethodHandle$Holder.invokeSpecialIFC(java.lang.Object, java.lang.Object, java.lang.Object)'> (0x00000000d57e4100) 
thrown [s\src\hotspot\share\interpreter\linkResolver.cpp, line 773]
Event: 13.108 Thread 0x000001999191b380 Exception <a 'java/lang/NoSuchMethodError'{0x00000000d5806080}: 'int java.lang.invoke.DirectMethodHandle$Holder.invokeSpecialIFC(java.lang.Object, java.lang.Object, java.lang.Object)'> (0x00000000d5806080) 
thrown [s\src\hotspot\share\interpreter\linkResolver.cpp, line 773]
Event: 13.108 Thread 0x00000199903ae9c0 Exception <a 'java/lang/NoSuchMethodError'{0x00000000d57fd6c8}: 'int java.lang.invoke.DirectMethodHandle$Holder.invokeSpecialIFC(java.lang.Object, java.lang.Object, java.lang.Object)'> (0x00000000d57fd6c8) 
thrown [s\src\hotspot\share\interpreter\linkResolver.cpp, line 773]
Event: 13.108 Thread 0x000001999191ba10 Exception <a 'java/lang/NoSuchMethodError'{0x00000000d57d35c8}: 'int java.lang.invoke.DirectMethodHandle$Holder.invokeSpecialIFC(java.lang.Object, java.lang.Object, java.lang.Object)'> (0x00000000d57d35c8) 
thrown [s\src\hotspot\share\interpreter\linkResolver.cpp, line 773]
Event: 13.145 Thread 0x000001999191cdc0 Implicit null exception at 0x000001993cf1e54b to 0x000001993cf1e6bc
Event: 13.162 Thread 0x000001999191b380 Exception <a 'java/lang/LinkageError'{0x00000000d5f60808}: loader lombok.launch.ShadowClassLoader @606a4459 attempted duplicate class definition for lombok.launch.PatchFixesHider$Delegate. (lombok.launch.PatchFixesHider$Delegate is in unnamed module of loader lombok.launch.ShadowClassLoader @606a4459, parent loader org.eclipse.osgi.internal.loader.EquinoxClassLoader @3ae032a5)> (0x00000000d5f60808) 
thrown [s\src\hotspot\share\classfile\systemDictionary.cpp, line 1682]
Event: 13.162 Thread 0x000001999191cdc0 Exception <a 'java/lang/LinkageError'{0x00000000d5f7c9f0}: loader lombok.launch.ShadowClassLoader @606a4459 attempted duplicate class definition for lombok.launch.PatchFixesHider$Delegate. (lombok.launch.PatchFixesHider$Delegate is in unnamed module of loader lombok.launch.ShadowClassLoader @606a4459, parent loader org.eclipse.osgi.internal.loader.EquinoxClassLoader @3ae032a5)> (0x00000000d5f7c9f0) 
thrown [s\src\hotspot\share\classfile\systemDictionary.cpp, line 1682]
Event: 13.162 Thread 0x00000199903ae9c0 Exception <a 'java/lang/LinkageError'{0x00000000d5ede080}: loader lombok.launch.ShadowClassLoader @606a4459 attempted duplicate class definition for lombok.launch.PatchFixesHider$Delegate. (lombok.launch.PatchFixesHider$Delegate is in unnamed module of loader lombok.launch.ShadowClassLoader @606a4459, parent loader org.eclipse.osgi.internal.loader.EquinoxClassLoader @3ae032a5)> (0x00000000d5ede080) 
thrown [s\src\hotspot\share\classfile\systemDictionary.cpp, line 1682]

ZGC Phase Switch (0 events):
No events

VM Operations (20 events):
Event: 12.882 Executing VM operation: ParallelGCFailedAllocation (Allocation Failure)
Event: 12.884 Executing VM operation: ParallelGCFailedAllocation (Allocation Failure) done
Event: 12.896 Executing VM operation: ParallelGCFailedAllocation (Allocation Failure)
Event: 12.898 Executing VM operation: ParallelGCFailedAllocation (Allocation Failure) done
Event: 12.911 Executing VM operation: ParallelGCFailedAllocation (Allocation Failure)
Event: 12.913 Executing VM operation: ParallelGCFailedAllocation (Allocation Failure) done
Event: 12.924 Executing VM operation: ParallelGCFailedAllocation (Allocation Failure)
Event: 12.925 Executing VM operation: ParallelGCFailedAllocation (Allocation Failure) done
Event: 12.938 Executing VM operation: ParallelGCFailedAllocation (Allocation Failure)
Event: 12.939 Executing VM operation: ParallelGCFailedAllocation (Allocation Failure) done
Event: 12.952 Executing VM operation: ParallelGCFailedAllocation (Allocation Failure)
Event: 12.953 Executing VM operation: ParallelGCFailedAllocation (Allocation Failure) done
Event: 12.965 Executing VM operation: ParallelGCFailedAllocation (Allocation Failure)
Event: 12.965 Executing VM operation: ParallelGCFailedAllocation (Allocation Failure) done
Event: 13.077 Executing VM operation: ParallelGCFailedAllocation (Allocation Failure)
Event: 13.090 Executing VM operation: ParallelGCFailedAllocation (Allocation Failure) done
Event: 13.115 Executing VM operation: HandshakeAllThreads (Deoptimize)
Event: 13.116 Executing VM operation: HandshakeAllThreads (Deoptimize) done
Event: 14.115 Executing VM operation: Cleanup
Event: 14.115 Executing VM operation: Cleanup done

Memory protections (0 events):
No events

Nmethod flushes (20 events):
Event: 10.969 Thread 0x00000199484225f0 flushing osr nmethod 0x000001993568a590
Event: 10.969 Thread 0x00000199484225f0 flushing osr nmethod 0x00000199356d5310
Event: 10.969 Thread 0x00000199484225f0 flushing  nmethod 0x0000019935701790
Event: 10.969 Thread 0x00000199484225f0 flushing  nmethod 0x0000019935719b90
Event: 10.969 Thread 0x00000199484225f0 flushing  nmethod 0x000001993571aa90
Event: 10.969 Thread 0x00000199484225f0 flushing  nmethod 0x000001993571ce90
Event: 10.969 Thread 0x00000199484225f0 flushing  nmethod 0x0000019935738c10
Event: 10.969 Thread 0x00000199484225f0 flushing  nmethod 0x0000019935739310
Event: 10.969 Thread 0x00000199484225f0 flushing  nmethod 0x000001993573cc10
Event: 10.969 Thread 0x00000199484225f0 flushing  nmethod 0x000001993573d590
Event: 10.969 Thread 0x00000199484225f0 flushing  nmethod 0x000001993573db90
Event: 10.969 Thread 0x00000199484225f0 flushing  nmethod 0x0000019935741a90
Event: 10.969 Thread 0x00000199484225f0 flushing  nmethod 0x000001993576d590
Event: 10.969 Thread 0x00000199484225f0 flushing  nmethod 0x0000019935773810
Event: 10.969 Thread 0x00000199484225f0 flushing  nmethod 0x00000199357c2d10
Event: 10.969 Thread 0x00000199484225f0 flushing  nmethod 0x00000199357c4610
Event: 10.969 Thread 0x00000199484225f0 flushing  nmethod 0x00000199357c6110
Event: 10.969 Thread 0x00000199484225f0 flushing  nmethod 0x00000199357d1f90
Event: 10.969 Thread 0x00000199484225f0 flushing  nmethod 0x00000199357d2710
Event: 10.969 Thread 0x00000199484225f0 flushing  nmethod 0x00000199357d3b10

Events (20 events):
Event: 4.782 Thread 0x00000199903ac8f0 Thread added: 0x000001999191e800
Event: 4.782 Thread 0x00000199903ac8f0 Thread added: 0x000001999191b380
Event: 4.783 Thread 0x000001999191e800 Thread added: 0x000001999191ee90
Event: 4.783 Thread 0x000001999191b380 Thread added: 0x000001999191ba10
Event: 4.784 Thread 0x000001999191ee90 Thread added: 0x000001999191f520
Event: 4.784 Thread 0x000001999191ba10 Thread added: 0x000001999191cdc0
Event: 4.785 Thread 0x000001999191cdc0 Thread added: 0x000001999191c0a0
Event: 8.873 Thread 0x0000019991edcab0 Thread exited: 0x0000019991edcab0
Event: 8.942 Thread 0x000001998f1fa090 Thread added: 0x0000019992b1e830
Event: 9.392 Thread 0x000001999191e170 Thread added: 0x000001999191d450
Event: 11.951 Thread 0x00000199903af050 Thread added: 0x000001999191c730
Event: 11.951 Thread 0x00000199903af050 Thread added: 0x0000019991920240
Event: 11.951 Thread 0x00000199903af050 Thread added: 0x00000199919208d0
Event: 11.951 Thread 0x00000199903af050 Thread added: 0x0000019991920f60
Event: 11.952 Thread 0x00000199903af050 Thread added: 0x000001999191dae0
Event: 12.800 Thread 0x00000199919208d0 Thread exited: 0x00000199919208d0
Event: 12.800 Thread 0x0000019991920240 Thread exited: 0x0000019991920240
Event: 12.800 Thread 0x000001999191dae0 Thread exited: 0x000001999191dae0
Event: 12.800 Thread 0x0000019991920f60 Thread exited: 0x0000019991920f60
Event: 12.801 Thread 0x000001999191c730 Thread exited: 0x000001999191c730


Dynamic libraries:
0x00007ff65cb80000 - 0x00007ff65cb8e000 	c:\Users\gabri\.vscode\extensions\redhat.java-1.51.0-win32-x64\jre\21.0.9-win32-x86_64\bin\java.exe
0x00007ffd96000000 - 0x00007ffd96267000 	C:\WINDOWS\SYSTEM32\ntdll.dll
0x00007ffd94330000 - 0x00007ffd943f9000 	C:\WINDOWS\System32\KERNEL32.DLL
0x00007ffd93830000 - 0x00007ffd93c1f000 	C:\WINDOWS\System32\KERNELBASE.dll
0x00007ffd93620000 - 0x00007ffd9376b000 	C:\WINDOWS\System32\ucrtbase.dll
0x00007ffd81b70000 - 0x00007ffd81b88000 	c:\Users\gabri\.vscode\extensions\redhat.java-1.51.0-win32-x64\jre\21.0.9-win32-x86_64\bin\jli.dll
0x00007ffd81fd0000 - 0x00007ffd81fee000 	c:\Users\gabri\.vscode\extensions\redhat.java-1.51.0-win32-x64\jre\21.0.9-win32-x86_64\bin\VCRUNTIME140.dll
0x00007ffd95a20000 - 0x00007ffd95be5000 	C:\WINDOWS\System32\USER32.dll
0x00007ffd93770000 - 0x00007ffd93797000 	C:\WINDOWS\System32\win32u.dll
0x00007ffd7a140000 - 0x00007ffd7a3d3000 	C:\WINDOWS\WinSxS\amd64_microsoft.windows.common-controls_6595b64144ccf1df_6.0.26100.7309_none_3e05feeae336a044\COMCTL32.dll
0x00007ffd94c50000 - 0x00007ffd94c7b000 	C:\WINDOWS\System32\GDI32.dll
0x00007ffd94ba0000 - 0x00007ffd94c49000 	C:\WINDOWS\System32\msvcrt.dll
0x00007ffd93370000 - 0x00007ffd9349c000 	C:\WINDOWS\System32\gdi32full.dll
0x00007ffd93210000 - 0x00007ffd932b3000 	C:\WINDOWS\System32\msvcp_win.dll
0x00007ffd94400000 - 0x00007ffd94431000 	C:\WINDOWS\System32\IMM32.DLL
0x00007ffd8dff0000 - 0x00007ffd8dffc000 	c:\Users\gabri\.vscode\extensions\redhat.java-1.51.0-win32-x64\jre\21.0.9-win32-x86_64\bin\vcruntime140_1.dll
0x00007ffd68580000 - 0x00007ffd6860d000 	c:\Users\gabri\.vscode\extensions\redhat.java-1.51.0-win32-x64\jre\21.0.9-win32-x86_64\bin\msvcp140.dll
0x00007ffce1cd0000 - 0x00007ffce2a70000 	c:\Users\gabri\.vscode\extensions\redhat.java-1.51.0-win32-x64\jre\21.0.9-win32-x86_64\bin\server\jvm.dll
0x00007ffd954a0000 - 0x00007ffd95554000 	C:\WINDOWS\System32\ADVAPI32.dll
0x00007ffd95bf0000 - 0x00007ffd95c96000 	C:\WINDOWS\System32\sechost.dll
0x00007ffd94070000 - 0x00007ffd94188000 	C:\WINDOWS\System32\RPCRT4.dll
0x00007ffd942b0000 - 0x00007ffd94324000 	C:\WINDOWS\System32\WS2_32.dll
0x00007ffd92fb0000 - 0x00007ffd9300e000 	C:\WINDOWS\SYSTEM32\POWRPROF.dll
0x00007ffd80b60000 - 0x00007ffd80b95000 	C:\WINDOWS\SYSTEM32\WINMM.dll
0x00007ffd8add0000 - 0x00007ffd8addb000 	C:\WINDOWS\SYSTEM32\VERSION.dll
0x00007ffd92f90000 - 0x00007ffd92fa4000 	C:\WINDOWS\SYSTEM32\UMPDC.dll
0x00007ffd91ec0000 - 0x00007ffd91edb000 	C:\WINDOWS\SYSTEM32\kernel.appcore.dll
0x00007ffd8dfb0000 - 0x00007ffd8dfba000 	c:\Users\gabri\.vscode\extensions\redhat.java-1.51.0-win32-x64\jre\21.0.9-win32-x86_64\bin\jimage.dll
0x00007ffd7a3e0000 - 0x00007ffd7a622000 	C:\WINDOWS\SYSTEM32\DBGHELP.DLL
0x00007ffd94dd0000 - 0x00007ffd95155000 	C:\WINDOWS\System32\combase.dll
0x00007ffd94ce0000 - 0x00007ffd94db6000 	C:\WINDOWS\System32\OLEAUT32.dll
0x00007ffd6af60000 - 0x00007ffd6af9c000 	C:\WINDOWS\SYSTEM32\dbgcore.DLL
0x00007ffd932c0000 - 0x00007ffd93365000 	C:\WINDOWS\System32\bcryptPrimitives.dll
0x00007ffd8d630000 - 0x00007ffd8d63f000 	c:\Users\gabri\.vscode\extensions\redhat.java-1.51.0-win32-x64\jre\21.0.9-win32-x86_64\bin\instrument.dll
0x00007ffd82010000 - 0x00007ffd82030000 	c:\Users\gabri\.vscode\extensions\redhat.java-1.51.0-win32-x64\jre\21.0.9-win32-x86_64\bin\java.dll
0x00007ffd94440000 - 0x00007ffd94b93000 	C:\WINDOWS\System32\SHELL32.dll
0x00007ffd93c30000 - 0x00007ffd93d9a000 	C:\WINDOWS\System32\wintypes.dll
0x00007ffd90d30000 - 0x00007ffd9158e000 	C:\WINDOWS\SYSTEM32\windows.storage.dll
0x00007ffd95ec0000 - 0x00007ffd95fb5000 	C:\WINDOWS\System32\SHCORE.dll
0x00007ffd952d0000 - 0x00007ffd95336000 	C:\WINDOWS\System32\shlwapi.dll
0x00007ffd93070000 - 0x00007ffd93099000 	C:\WINDOWS\SYSTEM32\profapi.dll
0x00007ffd81850000 - 0x00007ffd81868000 	c:\Users\gabri\.vscode\extensions\redhat.java-1.51.0-win32-x64\jre\21.0.9-win32-x86_64\bin\zip.dll
0x00007ffd83520000 - 0x00007ffd83530000 	C:\Users\gabri\.vscode\extensions\redhat.java-1.51.0-win32-x64\jre\21.0.9-win32-x86_64\bin\net.dll
0x00007ffd89a70000 - 0x00007ffd89b98000 	C:\WINDOWS\SYSTEM32\WINHTTP.dll
0x00007ffd92420000 - 0x00007ffd9248b000 	C:\WINDOWS\system32\mswsock.dll
0x00007ffd81830000 - 0x00007ffd81846000 	C:\Users\gabri\.vscode\extensions\redhat.java-1.51.0-win32-x64\jre\21.0.9-win32-x86_64\bin\nio.dll
0x00007ffd832b0000 - 0x00007ffd832c0000 	c:\Users\gabri\.vscode\extensions\redhat.java-1.51.0-win32-x64\jre\21.0.9-win32-x86_64\bin\verify.dll
0x00007ffd80cc0000 - 0x00007ffd80d04000 	C:\Users\gabri\AppData\Roaming\Code\User\globalStorage\redhat.java\1.51.0\config_win\org.eclipse.equinox.launcher\org.eclipse.equinox.launcher.win32.win32.x86_64_1.2.1400.v20250801-0854\eclipse_11916.dll
0x00007ffd95ca0000 - 0x00007ffd95e37000 	C:\WINDOWS\System32\ole32.dll
0x00007ffd92720000 - 0x00007ffd9273b000 	C:\WINDOWS\SYSTEM32\CRYPTSP.dll
0x00007ffd91e20000 - 0x00007ffd91e5a000 	C:\WINDOWS\system32\rsaenh.dll
0x00007ffd924d0000 - 0x00007ffd924fb000 	C:\WINDOWS\SYSTEM32\USERENV.dll
0x00007ffd93040000 - 0x00007ffd9306a000 	C:\WINDOWS\SYSTEM32\bcrypt.dll
0x00007ffd92710000 - 0x00007ffd9271c000 	C:\WINDOWS\SYSTEM32\CRYPTBASE.dll
0x00007ffd918b0000 - 0x00007ffd918e4000 	C:\WINDOWS\SYSTEM32\IPHLPAPI.DLL
0x00007ffd94dc0000 - 0x00007ffd94dca000 	C:\WINDOWS\System32\NSI.dll
0x00007ffd6d4c0000 - 0x00007ffd6d509000 	C:\Users\gabri\AppData\Local\Temp\jna-98110207\jna16455377231675137058.dll
0x00007ffd95340000 - 0x00007ffd95348000 	C:\WINDOWS\System32\PSAPI.DLL
0x00007ffd89920000 - 0x00007ffd8993e000 	C:\WINDOWS\SYSTEM32\dhcpcsvc6.DLL
0x00007ffd897d0000 - 0x00007ffd897f3000 	C:\WINDOWS\SYSTEM32\dhcpcsvc.DLL

JVMTI agents:
c:\Users\gabri\.vscode\extensions\redhat.java-1.51.0-win32-x64\lombok\lombok-1.18.39-4050.jar path:c:\Users\gabri\.vscode\extensions\redhat.java-1.51.0-win32-x64\jre\21.0.9-win32-x86_64\bin\instrument.dll, loaded, initialized, instrumentlib options:none

dbghelp: loaded successfully - version: 4.0.5 - missing functions: none
symbol engine: initialized successfully - sym options: 0x614 - pdb path: .;c:\Users\gabri\.vscode\extensions\redhat.java-1.51.0-win32-x64\jre\21.0.9-win32-x86_64\bin;C:\WINDOWS\SYSTEM32;C:\WINDOWS\WinSxS\amd64_microsoft.windows.common-controls_6595b64144ccf1df_6.0.26100.7309_none_3e05feeae336a044;c:\Users\gabri\.vscode\extensions\redhat.java-1.51.0-win32-x64\jre\21.0.9-win32-x86_64\bin\server;C:\Users\gabri\AppData\Roaming\Code\User\globalStorage\redhat.java\1.51.0\config_win\org.eclipse.equinox.launcher\org.eclipse.equinox.launcher.win32.win32.x86_64_1.2.1400.v20250801-0854;C:\Users\gabri\AppData\Local\Temp\jna-98110207

VM Arguments:
jvm_args: --add-modules=ALL-SYSTEM --add-opens=java.base/java.util=ALL-UNNAMED --add-opens=java.base/java.lang=ALL-UNNAMED --add-opens=java.base/sun.nio.fs=ALL-UNNAMED -Declipse.application=org.eclipse.jdt.ls.core.id1 -Dosgi.bundles.defaultStartLevel=4 -Declipse.product=org.eclipse.jdt.ls.core.product -Djava.import.generatesMetadataFilesAtProjectRoot=false -DDetectVMInstallationsJob.disabled=true -Dfile.encoding=utf8 -XX:+UseParallelGC -XX:GCTimeRatio=4 -XX:AdaptiveSizePolicyWeight=90 -Dsun.zip.disableMemoryMapping=true -Xmx2G -Xms100m -Xlog:disable -javaagent:c:\Users\gabri\.vscode\extensions\redhat.java-1.51.0-win32-x64\lombok\lombok-1.18.39-4050.jar -XX:+HeapDumpOnOutOfMemoryError -XX:HeapDumpPath=c:\Users\gabri\AppData\Roaming\Code\User\workspaceStorage\e14d0158649c4a8f8b96c9572e09e2af\redhat.java -Daether.dependencyCollector.impl=bf 
java_command: c:\Users\gabri\.vscode\extensions\redhat.java-1.51.0-win32-x64\server\plugins\org.eclipse.equinox.launcher_1.7.100.v20251111-0406.jar -configuration c:\Users\gabri\AppData\Roaming\Code\User\globalStorage\redhat.java\1.51.0\config_win -data c:\Users\gabri\AppData\Roaming\Code\User\workspaceStorage\e14d0158649c4a8f8b96c9572e09e2af\redhat.java\jdt_ws --pipe=\\.\pipe\lsp-7c1c3eb29280299c8bc9bb7109afe5e6-sock
java_class_path (initial): c:\Users\gabri\.vscode\extensions\redhat.java-1.51.0-win32-x64\server\plugins\org.eclipse.equinox.launcher_1.7.100.v20251111-0406.jar
Launcher Type: SUN_STANDARD

[Global flags]
    uintx AdaptiveSizePolicyWeight                 = 90                                        {product} {command line}
     intx CICompilerCount                          = 4                                         {product} {ergonomic}
    uintx GCTimeRatio                              = 4                                         {product} {command line}
     bool HeapDumpOnOutOfMemoryError               = true                                   {manageable} {command line}
    ccstr HeapDumpPath                             = c:\Users\gabri\AppData\Roaming\Code\User\workspaceStorage\e14d0158649c4a8f8b96c9572e09e2af\redhat.java         {manageable} {command line}
   size_t InitialHeapSize                          = 104857600                                 {product} {command line}
   size_t MaxHeapSize                              = 2147483648                                {product} {command line}
   size_t MaxNewSize                               = 715653120                                 {product} {ergonomic}
   size_t MinHeapDeltaBytes                        = 524288                                    {product} {ergonomic}
   size_t MinHeapSize                              = 104857600                                 {product} {command line}
   size_t NewSize                                  = 34603008                                  {product} {ergonomic}
    uintx NonNMethodCodeHeapSize                   = 5839372                                {pd product} {ergonomic}
    uintx NonProfiledCodeHeapSize                  = 122909434                              {pd product} {ergonomic}
   size_t OldSize                                  = 70254592                                  {product} {ergonomic}
    uintx ProfiledCodeHeapSize                     = 122909434                              {pd product} {ergonomic}
    uintx ReservedCodeCacheSize                    = 251658240                              {pd product} {ergonomic}
     bool SegmentedCodeCache                       = true                                      {product} {ergonomic}
   size_t SoftMaxHeapSize                          = 2147483648                             {manageable} {ergonomic}
     bool UseCompressedOops                        = true                           {product lp64_product} {ergonomic}
     bool UseLargePagesIndividualAllocation        = false                                  {pd product} {ergonomic}
     bool UseParallelGC                            = true                                      {product} {command line}

Logging:
Log output configuration:
 #0: stdout all=off uptime,level,tags foldmultilines=false
 #1: stderr all=off uptime,level,tags foldmultilines=false

Release file:
JAVA_VERSION="21.0.9" 
MODULES="java.base java.compiler java.datatransfer java.xml java.prefs java.desktop java.instrument java.logging java.management java.security.sasl java.naming java.rmi java.management.rmi java.net.http java.scripting java.security.jgss java.transaction.xa java.sql java.sql.rowset java.xml.crypto java.se java.smartcardio jdk.accessibility jdk.internal.jvmstat jdk.attach jdk.charsets jdk.internal.opt jdk.zipfs jdk.compiler jdk.crypto.ec jdk.crypto.cryptoki jdk.crypto.mscapi jdk.dynalink jdk.internal.ed jdk.editpad jdk.hotspot.agent jdk.httpserver jdk.internal.le jdk.internal.vm.ci jdk.internal.vm.compiler jdk.internal.vm.compiler.management jdk.jartool jdk.javadoc jdk.jcmd jdk.management jdk.management.agent jdk.jconsole jdk.jdeps jdk.jdwp.agent jdk.jdi jdk.jfr jdk.jshell jdk.jsobject jdk.jstatd jdk.localedata jdk.management.jfr jdk.naming.dns jdk.naming.rmi jdk.net jdk.nio.mapmode jdk.random jdk.sctp jdk.security.auth jdk.security.jgss jdk.unsupported jdk.unsupported.desktop jdk.xml.dom" 

Environment Variables:
JAVA_HOME=C:\Program Files\Java\jdk-25_windows-x64_bin\jdk-25.0.1
PATH=C:\Program Files\Eclipse Adoptium\jdk-25.0.1.8-hotspot\bin;C:\Python314\Scripts\;C:\Python314\;C:\Program Files\Java\jdk-25_windows-x64_bin\jdk-25.0.1\bin;C:\WINDOWS\system32;C:\WINDOWS;C:\WINDOWS\System32\Wbem;C:\WINDOWS\System32\WindowsPowerShell\v1.0\;C:\WINDOWS\System32\OpenSSH\;C:\Program Files\NVIDIA Corporation\NVIDIA App\NvDLISR;C:\Program Files (x86)\NVIDIA Corporation\PhysX\Common;C:\Program Files\nodejs\;C:\ProgramData\chocolatey\bin;C:\Program Files\Git\cmd;C:\Program Files\MySQL\MySQL Shell 8.0\bin\;C:\Program Files\PostgreSQL\18\bin;C:\Users\gabri\AppData\Local\Microsoft\WindowsApps;D:\VsCode\Microsoft VS Code\bin;D:\IntellJi\IntelliJ IDEA Community Edition 2025.2.4\bin;C:\Users\gabri\AppData\Roaming\npm;
USERNAME=gabri
OS=Windows_NT
PROCESSOR_IDENTIFIER=Intel64 Family 6 Model 158 Stepping 10, GenuineIntel
TMP=C:\Users\gabri\AppData\Local\Temp
TEMP=C:\Users\gabri\AppData\Local\Temp




Periodic native trim disabled

---------------  S Y S T E M  ---------------

OS:
 Windows 11 , 64 bit Build 26100 (10.0.26100.7309)
OS uptime: 1 days 17:37 hours
Hyper-V role detected

CPU: total 8 (initial active 8) (4 cores per cpu, 2 threads per core) family 6 model 158 stepping 10 microcode 0xde, cx8, cmov, fxsr, ht, mmx, 3dnowpref, sse, sse2, sse3, ssse3, sse4.1, sse4.2, popcnt, lzcnt, tsc, tscinvbit, avx, avx2, aes, erms, clmul, bmi1, bmi2, adx, fma, vzeroupper, clflush, clflushopt, hv, rdtscp, f16c
Processor Information for the first 8 processors :
  Max Mhz: 2400, Current Mhz: 2400, Mhz Limit: 2400

Memory: 4k page, system-wide physical 16221M (5958M free)
TotalPageFile size 31340M (AvailPageFile size 5M)
current process WorkingSet (physical memory assigned to process): 340M, peak: 340M
current process commit charge ("private bytes"): 411M, peak: 412M

vm_info: OpenJDK 64-Bit Server VM (21.0.9+10-LTS) for windows-amd64 JRE (21.0.9+10-LTS), built on 2025-10-21T00:00:00Z by "admin" with unknown MS VC++:1942

END.
