#
# There is insufficient memory for the Java Runtime Environment to continue.
# Native memory allocation (malloc) failed to allocate 1048576 bytes. Error detail: AllocateHeap
# Possible reasons:
#   The system is out of physical RAM or swap space
#   This process is running with CompressedOops enabled, and the Java Heap may be blocking the growth of the native heap
# Possible solutions:
#   Reduce memory load on the system
#   Increase physical memory or swap space
#   Check if swap backing store is full
#   Decrease Java heap size (-Xmx/-Xms)
#   Decrease number of Java threads
#   Decrease Java thread stack sizes (-Xss)
#   Set larger code cache with -XX:ReservedCodeCacheSize=
#   JVM is running with Unscaled Compressed Oops mode in which the Java heap is
#     placed in the first 4GB address space. The Java Heap base address is the
#     maximum limit for the native heap growth. Please use -XX:HeapBaseMinAddress
#     to set the Java Heap base and to place the Java Heap above 4GB virtual address.
# This output file may be truncated or incomplete.
#
#  Out of Memory Error (allocation.cpp:44), pid=13796, tid=20336
#
# JRE version: OpenJDK Runtime Environment Temurin-21.0.9+10 (21.0.9+10) (build 21.0.9+10-LTS)
# Java VM: OpenJDK 64-Bit Server VM Temurin-21.0.9+10 (21.0.9+10-LTS, mixed mode, sharing, tiered, compressed oops, compressed class ptrs, parallel gc, windows-amd64)
# No core dump will be written. Minidumps are not enabled by default on client versions of Windows
#

---------------  S U M M A R Y ------------

Command Line: --add-modules=ALL-SYSTEM --add-opens=java.base/java.util=ALL-UNNAMED --add-opens=java.base/java.lang=ALL-UNNAMED --add-opens=java.base/sun.nio.fs=ALL-UNNAMED -Declipse.application=org.eclipse.jdt.ls.core.id1 -Dosgi.bundles.defaultStartLevel=4 -Declipse.product=org.eclipse.jdt.ls.core.product -Djava.import.generatesMetadataFilesAtProjectRoot=false -DDetectVMInstallationsJob.disabled=true -Dfile.encoding=utf8 -XX:+UseParallelGC -XX:GCTimeRatio=4 -XX:AdaptiveSizePolicyWeight=90 -Dsun.zip.disableMemoryMapping=true -Xmx2G -Xms100m -Xlog:disable -javaagent:c:\Users\gabri\.vscode\extensions\redhat.java-1.51.0-win32-x64\lombok\lombok-1.18.39-4050.jar -XX:+HeapDumpOnOutOfMemoryError -XX:HeapDumpPath=c:\Users\gabri\AppData\Roaming\Code\User\workspaceStorage\e14d0158649c4a8f8b96c9572e09e2af\redhat.java -Daether.dependencyCollector.impl=bf c:\Users\gabri\.vscode\extensions\redhat.java-1.51.0-win32-x64\server\plugins\org.eclipse.equinox.launcher_1.7.100.v20251111-0406.jar -configuration c:\Users\gabri\AppData\Roaming\Code\User\globalStorage\redhat.java\1.51.0\config_win -data c:\Users\gabri\AppData\Roaming\Code\User\workspaceStorage\e14d0158649c4a8f8b96c9572e09e2af\redhat.java\jdt_ws --pipe=\\.\pipe\lsp-17eed27e82b4123355293e03d60b8bdc-sock

Host: Intel(R) Core(TM) i5-9300H CPU @ 2.40GHz, 8 cores, 15G,  Windows 11 , 64 bit Build 26100 (10.0.26100.7309)
Time: Fri Jan  9 11:52:55 2026 Hora oficial do Brasil elapsed time: 798.285629 seconds (0d 0h 13m 18s)

---------------  T H R E A D  ---------------

Current thread (0x000001df4856df70):  JavaThread "Attach Listener" daemon [_thread_in_vm, id=20336, stack(0x000000bff9100000,0x000000bff9200000) (1024K)]

Stack: [0x000000bff9100000,0x000000bff9200000]
Native frames: (J=compiled Java code, j=interpreted, Vv=VM code, C=native code)
V  [jvm.dll+0x6d6e29]
V  [jvm.dll+0x8b4b76]
V  [jvm.dll+0x8b712e]
V  [jvm.dll+0x8b7813]
V  [jvm.dll+0x283d86]
V  [jvm.dll+0xc1277]
V  [jvm.dll+0x6d76d9]
V  [jvm.dll+0x133466]
V  [jvm.dll+0x3f7ea6]
V  [jvm.dll+0x85e9ad]
V  [jvm.dll+0x6d565d]
C  [ucrtbase.dll+0x37b0]
C  [KERNEL32.DLL+0x2e8d7]
C  [ntdll.dll+0x8c53c]


---------------  P R O C E S S  ---------------

Threads class SMR info:
_java_thread_list=0x000001df9cf0e2d0, length=40, elements={
0x000001df2fdfb5e0, 0x000001df4855d520, 0x000001df4855e430, 0x000001df4856b900,
0x000001df4856df70, 0x000001df4856f1e0, 0x000001df48574470, 0x000001df48581fe0,
0x000001df48583690, 0x000001df8f1a99a0, 0x000001df8f1eb470, 0x000001df8fbb3800,
0x000001df8fd3b7e0, 0x000001df8f90f7b0, 0x000001df8f90fe10, 0x000001df90391000,
0x000001df9033a520, 0x000001df90366940, 0x000001df903690a0, 0x000001df90368a10,
0x000001df90367cf0, 0x000001df915d7220, 0x000001df915d8c60, 0x000001df915dad30,
0x000001df915d9980, 0x000001df915da6a0, 0x000001df915d85d0, 0x000001df915d92f0,
0x000001df915da010, 0x000001df915d7f40, 0x000001df915d78b0, 0x000001df915db3c0,
0x000001df915dd490, 0x000001df915ddb20, 0x000001df8f56c840, 0x000001df92bd2370,
0x000001df92bd57f0, 0x000001df903662b0, 0x000001df92bd4440, 0x000001df9374ecf0
}

Java Threads: ( => current thread )
  0x000001df2fdfb5e0 JavaThread "main"                              [_thread_blocked, id=2952, stack(0x000000bff8a00000,0x000000bff8b00000) (1024K)]
  0x000001df4855d520 JavaThread "Reference Handler"          daemon [_thread_blocked, id=1148, stack(0x000000bff8e00000,0x000000bff8f00000) (1024K)]
  0x000001df4855e430 JavaThread "Finalizer"                  daemon [_thread_blocked, id=8244, stack(0x000000bff8f00000,0x000000bff9000000) (1024K)]
  0x000001df4856b900 JavaThread "Signal Dispatcher"          daemon [_thread_blocked, id=8920, stack(0x000000bff9000000,0x000000bff9100000) (1024K)]
=>0x000001df4856df70 JavaThread "Attach Listener"            daemon [_thread_in_vm, id=20336, stack(0x000000bff9100000,0x000000bff9200000) (1024K)]
  0x000001df4856f1e0 JavaThread "Service Thread"             daemon [_thread_blocked, id=10896, stack(0x000000bff9200000,0x000000bff9300000) (1024K)]
  0x000001df48574470 JavaThread "Monitor Deflation Thread"   daemon [_thread_blocked, id=13892, stack(0x000000bff9300000,0x000000bff9400000) (1024K)]
  0x000001df48581fe0 JavaThread "C2 CompilerThread0"         daemon [_thread_blocked, id=18820, stack(0x000000bff9400000,0x000000bff9500000) (1024K)]
  0x000001df48583690 JavaThread "C1 CompilerThread0"         daemon [_thread_blocked, id=14176, stack(0x000000bff9500000,0x000000bff9600000) (1024K)]
  0x000001df8f1a99a0 JavaThread "Common-Cleaner"             daemon [_thread_blocked, id=8276, stack(0x000000bff9600000,0x000000bff9700000) (1024K)]
  0x000001df8f1eb470 JavaThread "Notification Thread"        daemon [_thread_blocked, id=3916, stack(0x000000bff9800000,0x000000bff9900000) (1024K)]
  0x000001df8fbb3800 JavaThread "Active Thread: Equinox Container: 0e0b814c-bb86-45a3-949a-ca7a904ea2d2"        [_thread_blocked, id=20308, stack(0x000000bffa000000,0x000000bffa100000) (1024K)]
  0x000001df8fd3b7e0 JavaThread "Refresh Thread: Equinox Container: 0e0b814c-bb86-45a3-949a-ca7a904ea2d2" daemon [_thread_blocked, id=14524, stack(0x000000bffa200000,0x000000bffa300000) (1024K)]
  0x000001df8f90f7b0 JavaThread "Framework Event Dispatcher: Equinox Container: 0e0b814c-bb86-45a3-949a-ca7a904ea2d2" daemon [_thread_blocked, id=19120, stack(0x000000bffa300000,0x000000bffa400000) (1024K)]
  0x000001df8f90fe10 JavaThread "Start Level: Equinox Container: 0e0b814c-bb86-45a3-949a-ca7a904ea2d2" daemon [_thread_blocked, id=2784, stack(0x000000bffa400000,0x000000bffa500000) (1024K)]
  0x000001df90391000 JavaThread "Bundle File Closer"         daemon [_thread_blocked, id=2844, stack(0x000000bffa500000,0x000000bffa600000) (1024K)]
  0x000001df9033a520 JavaThread "SCR Component Actor"        daemon [_thread_blocked, id=18592, stack(0x000000bffa600000,0x000000bffa700000) (1024K)]
  0x000001df90366940 JavaThread "Worker-JM"                         [_thread_blocked, id=20380, stack(0x000000bffa700000,0x000000bffa800000) (1024K)]
  0x000001df903690a0 JavaThread "JNA Cleaner"                daemon [_thread_blocked, id=13932, stack(0x000000bff9900000,0x000000bff9a00000) (1024K)]
  0x000001df90368a10 JavaThread "Java indexing"              daemon [_thread_blocked, id=21020, stack(0x000000bffac00000,0x000000bffad00000) (1024K)]
  0x000001df90367cf0 JavaThread "Thread-1"                   daemon [_thread_in_native, id=20292, stack(0x000000bffb000000,0x000000bffb100000) (1024K)]
  0x000001df915d7220 JavaThread "Thread-2"                   daemon [_thread_in_native, id=2268, stack(0x000000bffb100000,0x000000bffb200000) (1024K)]
  0x000001df915d8c60 JavaThread "Thread-3"                   daemon [_thread_in_native, id=21028, stack(0x000000bffb200000,0x000000bffb300000) (1024K)]
  0x000001df915dad30 JavaThread "Thread-4"                   daemon [_thread_in_native, id=16796, stack(0x000000bffb300000,0x000000bffb400000) (1024K)]
  0x000001df915d9980 JavaThread "Thread-5"                   daemon [_thread_in_native, id=18460, stack(0x000000bffb400000,0x000000bffb500000) (1024K)]
  0x000001df915da6a0 JavaThread "Thread-6"                   daemon [_thread_in_native, id=15760, stack(0x000000bffb500000,0x000000bffb600000) (1024K)]
  0x000001df915d85d0 JavaThread "Thread-7"                   daemon [_thread_in_native, id=18824, stack(0x000000bffb600000,0x000000bffb700000) (1024K)]
  0x000001df915d92f0 JavaThread "Thread-8"                   daemon [_thread_in_native, id=2128, stack(0x000000bffb700000,0x000000bffb800000) (1024K)]
  0x000001df915da010 JavaThread "Thread-9"                   daemon [_thread_in_native, id=18804, stack(0x000000bffb800000,0x000000bffb900000) (1024K)]
  0x000001df915d7f40 JavaThread "pool-2-thread-1"                   [_thread_blocked, id=4104, stack(0x000000bffb900000,0x000000bffba00000) (1024K)]
  0x000001df915d78b0 JavaThread "WorkspaceEventsHandler"            [_thread_blocked, id=19288, stack(0x000000bffba00000,0x000000bffbb00000) (1024K)]
  0x000001df915db3c0 JavaThread "pool-1-thread-1"                   [_thread_blocked, id=13828, stack(0x000000bffbb00000,0x000000bffbc00000) (1024K)]
  0x000001df915dd490 JavaThread "ForkJoinPool.commonPool-worker-6" daemon [_thread_blocked, id=14436, stack(0x000000bffc100000,0x000000bffc200000) (1024K)]
  0x000001df915ddb20 JavaThread "ForkJoinPool.commonPool-worker-7" daemon [_thread_blocked, id=6904, stack(0x000000bffc200000,0x000000bffc300000) (1024K)]
  0x000001df8f56c840 JavaThread "Cleaner-0"                  daemon [_thread_blocked, id=13568, stack(0x000000bffc400000,0x000000bffc500000) (1024K)]
  0x000001df92bd2370 JavaThread "Compiler Source File Reader" daemon [_thread_blocked, id=21080, stack(0x000000bffc800000,0x000000bffc900000) (1024K)]
  0x000001df92bd57f0 JavaThread "ForkJoinPool.commonPool-worker-9" daemon [_thread_blocked, id=8036, stack(0x000000bff8700000,0x000000bff8800000) (1024K)]
  0x000001df903662b0 JavaThread "Worker-9"                          [_thread_blocked, id=18260, stack(0x000000bff8900000,0x000000bff8a00000) (1024K)]
  0x000001df92bd4440 JavaThread "Worker-10"                         [_thread_blocked, id=15736, stack(0x000000bffab00000,0x000000bffac00000) (1024K)]
  0x000001df9374ecf0 JavaThread "C2 CompilerThread1"         daemon [_thread_blocked, id=1996, stack(0x000000bff9700000,0x000000bff9800000) (1024K)]
Total: 40

Other Threads:
  0x000001df485425f0 VMThread "VM Thread"                           [id=13820, stack(0x000000bff8d00000,0x000000bff8e00000) (1024K)]
  0x000001df4847ca00 WatcherThread "VM Periodic Task Thread"        [id=3512, stack(0x000000bff8c00000,0x000000bff8d00000) (1024K)]
  0x000001df2fe1a790 WorkerThread "GC Thread#0"                     [id=14084, stack(0x000000bff8b00000,0x000000bff8c00000) (1024K)]
  0x000001df8f3b1430 WorkerThread "GC Thread#1"                     [id=20084, stack(0x000000bff9a00000,0x000000bff9b00000) (1024K)]
  0x000001df8f9f1e80 WorkerThread "GC Thread#2"                     [id=20552, stack(0x000000bff9b00000,0x000000bff9c00000) (1024K)]
  0x000001df8f61b8c0 WorkerThread "GC Thread#3"                     [id=21112, stack(0x000000bff9c00000,0x000000bff9d00000) (1024K)]
  0x000001df8f61bc60 WorkerThread "GC Thread#4"                     [id=5392, stack(0x000000bff9d00000,0x000000bff9e00000) (1024K)]
  0x000001df8f4adcb0 WorkerThread "GC Thread#5"                     [id=18872, stack(0x000000bff9e00000,0x000000bff9f00000) (1024K)]
  0x000001df8f4ae050 WorkerThread "GC Thread#6"                     [id=4728, stack(0x000000bff9f00000,0x000000bffa000000) (1024K)]
  0x000001df8fd27ed0 WorkerThread "GC Thread#7"                     [id=17772, stack(0x000000bffa100000,0x000000bffa200000) (1024K)]
Total: 10

Threads with active compile tasks:
Total: 0

VM state: not at safepoint (normal execution)

VM Mutex/Monitor currently owned by a thread: None

Heap address: 0x0000000080000000, size: 2048 MB, Compressed Oops mode: 32-bit

CDS archive(s) mapped at: [0x000001df49000000-0x000001df49ba0000-0x000001df49ba0000), size 12189696, SharedBaseAddress: 0x000001df49000000, ArchiveRelocationMode: 1.
Compressed class space mapped at: 0x000001df4a000000-0x000001df8a000000, reserved size: 1073741824
Narrow klass base: 0x000001df49000000, Narrow klass shift: 0, Narrow klass range: 0x100000000

GC Precious Log:
 CardTable entry size: 512
 CPUs: 8 total, 8 available
 Memory: 16221M
 Large Page Support: Disabled
 NUMA Support: Disabled
 Compressed Oops: Enabled (32-bit)
 Alignments: Space 512K, Generation 512K, Heap 2M
 Heap Min Capacity: 100M
 Heap Initial Capacity: 100M
 Heap Max Capacity: 2G
 Pre-touch: Disabled
 Parallel Workers: 8

Heap:
 PSYoungGen      total 8192K, used 4109K [0x00000000d5580000, 0x00000000d6380000, 0x0000000100000000)
  eden space 7680K, 51% used [0x00000000d5580000,0x00000000d5953638,0x00000000d5d00000)
  from space 512K, 37% used [0x00000000d6300000,0x00000000d6330000,0x00000000d6380000)
  to   space 512K, 0% used [0x00000000d6280000,0x00000000d6280000,0x00000000d6300000)
 ParOldGen       total 618496K, used 618343K [0x0000000080000000, 0x00000000a5c00000, 0x00000000d5580000)
  object space 618496K, 99% used [0x0000000080000000,0x00000000a5bd9f10,0x00000000a5c00000)
 Metaspace       used 82674K, committed 84544K, reserved 1179648K
  class space    used 8491K, committed 9344K, reserved 1048576K

Card table byte_map: [0x000001df438e0000,0x000001df43cf0000] _byte_map_base: 0x000001df434e0000

Marking Bits: (ParMarkBitMap*) 0x00007ffce2992460
 Begin Bits: [0x000001df43fa0000, 0x000001df45fa0000)
 End Bits:   [0x000001df45fa0000, 0x000001df47fa0000)

Polling page: 0x000001df2faf0000

Metaspace:

Usage:
  Non-class:     72.44 MB used.
      Class:      8.29 MB used.
       Both:     80.74 MB used.

Virtual space:
  Non-class space:      128.00 MB reserved,      73.44 MB ( 57%) committed,  2 nodes.
      Class space:        1.00 GB reserved,       9.12 MB ( <1%) committed,  1 nodes.
             Both:        1.12 GB reserved,      82.56 MB (  7%) committed. 

Chunk freelists:
   Non-Class:  6.00 MB
       Class:  6.81 MB
        Both:  12.81 MB

MaxMetaspaceSize: unlimited
CompressedClassSpaceSize: 1.00 GB
Initial GC threshold: 21.00 MB
Current GC threshold: 132.19 MB
CDS: on
 - commit_granule_bytes: 65536.
 - commit_granule_words: 8192.
 - virtual_space_node_default_size: 8388608.
 - enlarge_chunks_in_place: 1.
 - use_allocation_guard: 0.


Internal statistics:

num_allocs_failed_limit: 9.
num_arena_births: 1688.
num_arena_deaths: 82.
num_vsnodes_births: 3.
num_vsnodes_deaths: 0.
num_space_committed: 1321.
num_space_uncommitted: 0.
num_chunks_returned_to_freelist: 123.
num_chunks_taken_from_freelist: 5934.
num_chunk_merges: 42.
num_chunk_splits: 3547.
num_chunks_enlarged: 1932.
num_inconsistent_stats: 0.

CodeHeap 'non-profiled nmethods': size=120000Kb used=15693Kb max_used=15693Kb free=104306Kb
 bounds [0x000001df3c1d0000, 0x000001df3d130000, 0x000001df43700000]
CodeHeap 'profiled nmethods': size=120000Kb used=44033Kb max_used=44033Kb free=75966Kb
 bounds [0x000001df34700000, 0x000001df37210000, 0x000001df3bc30000]
CodeHeap 'non-nmethods': size=5760Kb used=1486Kb max_used=1573Kb free=4273Kb
 bounds [0x000001df3bc30000, 0x000001df3bea0000, 0x000001df3c1d0000]
CodeCache: size=245760Kb, used=61212Kb, max_used=61299Kb, free=184545Kb
 total_blobs=19118, nmethods=18314, adapters=706, full_count=0
Compilation: enabled, stopped_count=0, restarted_count=0

Compilation events (20 events):
Event: 795.261 Thread 0x000001df9374ecf0 19906       4       com.sun.org.apache.xerces.internal.util.XMLAttributesImpl::addAttribute (9 bytes)
Event: 795.261 Thread 0x000001df48581fe0 19907       4       com.sun.org.apache.xerces.internal.dom.DeferredDocumentImpl::createDeferredAttribute (95 bytes)
Event: 795.262 Thread 0x000001df9374ecf0 nmethod 19906 0x000001df3d11eb90 code [0x000001df3d11ed20, 0x000001df3d11edd8]
Event: 795.262 Thread 0x000001df9374ecf0 19909       4       com.sun.org.apache.xerces.internal.dom.DeferredDocumentImpl::getNodeValueString (435 bytes)
Event: 795.265 Thread 0x000001df9374ecf0 nmethod 19909 0x000001df3d11ee90 code [0x000001df3d11f060, 0x000001df3d11f478]
Event: 795.265 Thread 0x000001df9374ecf0 19908       4       com.sun.org.apache.xerces.internal.impl.XMLDocumentFragmentScannerImpl::scanAttribute (249 bytes)
Event: 795.268 Thread 0x000001df48583690 19910       3       com.sun.org.apache.xerces.internal.util.XMLResourceIdentifierImpl::setValues (28 bytes)
Event: 795.268 Thread 0x000001df48583690 nmethod 19910 0x000001df371fe490 code [0x000001df371fe620, 0x000001df371fe790]
Event: 795.268 Thread 0x000001df48583690 19912       3       com.sun.org.apache.xerces.internal.impl.XMLEntityScanner::invokeListeners (37 bytes)
Event: 795.269 Thread 0x000001df48583690 nmethod 19912 0x000001df371fe810 code [0x000001df371fea00, 0x000001df371ff0d0]
Event: 795.269 Thread 0x000001df48583690 19913       3       com.sun.org.apache.xerces.internal.dom.DeferredDocumentImpl::createChunk (24 bytes)
Event: 795.269 Thread 0x000001df48583690 nmethod 19913 0x000001df371ff310 code [0x000001df371ff4e0, 0x000001df371ffa70]
Event: 795.269 Thread 0x000001df48583690 19914       3       com.sun.org.apache.xerces.internal.dom.DeferredDocumentImpl$RefCount::<init> (5 bytes)
Event: 795.269 Thread 0x000001df48583690 nmethod 19914 0x000001df371ffc90 code [0x000001df371ffe40, 0x000001df371fffa8]
Event: 795.275 Thread 0x000001df9374ecf0 nmethod 19908 0x000001df3d11f890 code [0x000001df3d11fb00, 0x000001df3d1202f0]
Event: 795.275 Thread 0x000001df9374ecf0 19911       4       com.sun.org.apache.xerces.internal.xni.QName::<init> (9 bytes)
Event: 795.275 Thread 0x000001df9374ecf0 nmethod 19911 0x000001df3d120b90 code [0x000001df3d120d20, 0x000001df3d120db8]
Event: 795.276 Thread 0x000001df48583690 19915       3       java.lang.Thread::getPriority (17 bytes)
Event: 795.276 Thread 0x000001df48583690 nmethod 19915 0x000001df37200090 code [0x000001df37200240, 0x000001df37200508]
Event: 795.278 Thread 0x000001df48581fe0 nmethod 19907 0x000001df3d120e90 code [0x000001df3d121160, 0x000001df3d1225c8]

GC Heap History (20 events):
Event: 511.670 GC heap before
{Heap before GC invocations=435 (full 4):
 PSYoungGen      total 8192K, used 8186K [0x00000000d5580000, 0x00000000d6500000, 0x0000000100000000)
  eden space 7680K, 100% used [0x00000000d5580000,0x00000000d5d00000,0x00000000d5d00000)
  from space 512K, 98% used [0x00000000d6480000,0x00000000d64fe900,0x00000000d6500000)
  to   space 1024K, 0% used [0x00000000d6300000,0x00000000d6300000,0x00000000d6400000)
 ParOldGen       total 607744K, used 607393K [0x0000000080000000, 0x00000000a5180000, 0x00000000d5580000)
  object space 607744K, 99% used [0x0000000080000000,0x00000000a5128628,0x00000000a5180000)
 Metaspace       used 82215K, committed 84032K, reserved 1179648K
  class space    used 8442K, committed 9280K, reserved 1048576K
}
Event: 511.672 GC heap after
{Heap after GC invocations=435 (full 4):
 PSYoungGen      total 8704K, used 998K [0x00000000d5580000, 0x00000000d6500000, 0x0000000100000000)
  eden space 7680K, 0% used [0x00000000d5580000,0x00000000d5580000,0x00000000d5d00000)
  from space 1024K, 97% used [0x00000000d6300000,0x00000000d63f9850,0x00000000d6400000)
  to   space 1024K, 0% used [0x00000000d6400000,0x00000000d6400000,0x00000000d6500000)
 ParOldGen       total 609280K, used 609222K [0x0000000080000000, 0x00000000a5300000, 0x00000000d5580000)
  object space 609280K, 99% used [0x0000000080000000,0x00000000a52f1ac8,0x00000000a5300000)
 Metaspace       used 82215K, committed 84032K, reserved 1179648K
  class space    used 8442K, committed 9280K, reserved 1048576K
}
Event: 511.686 GC heap before
{Heap before GC invocations=436 (full 4):
 PSYoungGen      total 8704K, used 8678K [0x00000000d5580000, 0x00000000d6500000, 0x0000000100000000)
  eden space 7680K, 100% used [0x00000000d5580000,0x00000000d5d00000,0x00000000d5d00000)
  from space 1024K, 97% used [0x00000000d6300000,0x00000000d63f9850,0x00000000d6400000)
  to   space 1024K, 0% used [0x00000000d6400000,0x00000000d6400000,0x00000000d6500000)
 ParOldGen       total 609280K, used 609222K [0x0000000080000000, 0x00000000a5300000, 0x00000000d5580000)
  object space 609280K, 99% used [0x0000000080000000,0x00000000a52f1ac8,0x00000000a5300000)
 Metaspace       used 82215K, committed 84032K, reserved 1179648K
  class space    used 8442K, committed 9280K, reserved 1048576K
}
Event: 511.687 GC heap after
{Heap after GC invocations=436 (full 4):
 PSYoungGen      total 8704K, used 788K [0x00000000d5580000, 0x00000000d6500000, 0x0000000100000000)
  eden space 7680K, 0% used [0x00000000d5580000,0x00000000d5580000,0x00000000d5d00000)
  from space 1024K, 77% used [0x00000000d6400000,0x00000000d64c5200,0x00000000d6500000)
  to   space 1536K, 0% used [0x00000000d6200000,0x00000000d6200000,0x00000000d6380000)
 ParOldGen       total 609792K, used 609697K [0x0000000080000000, 0x00000000a5380000, 0x00000000d5580000)
  object space 609792K, 99% used [0x0000000080000000,0x00000000a5368558,0x00000000a5380000)
 Metaspace       used 82215K, committed 84032K, reserved 1179648K
  class space    used 8442K, committed 9280K, reserved 1048576K
}
Event: 511.699 GC heap before
{Heap before GC invocations=437 (full 4):
 PSYoungGen      total 8704K, used 8468K [0x00000000d5580000, 0x00000000d6500000, 0x0000000100000000)
  eden space 7680K, 100% used [0x00000000d5580000,0x00000000d5d00000,0x00000000d5d00000)
  from space 1024K, 77% used [0x00000000d6400000,0x00000000d64c5200,0x00000000d6500000)
  to   space 1536K, 0% used [0x00000000d6200000,0x00000000d6200000,0x00000000d6380000)
 ParOldGen       total 609792K, used 609697K [0x0000000080000000, 0x00000000a5380000, 0x00000000d5580000)
  object space 609792K, 99% used [0x0000000080000000,0x00000000a5368558,0x00000000a5380000)
 Metaspace       used 82229K, committed 84096K, reserved 1179648K
  class space    used 8442K, committed 9280K, reserved 1048576K
}
Event: 511.702 GC heap after
{Heap after GC invocations=437 (full 4):
 PSYoungGen      total 9216K, used 1516K [0x00000000d5580000, 0x00000000d6500000, 0x0000000100000000)
  eden space 7680K, 0% used [0x00000000d5580000,0x00000000d5580000,0x00000000d5d00000)
  from space 1536K, 98% used [0x00000000d6200000,0x00000000d637b0a0,0x00000000d6380000)
  to   space 1536K, 0% used [0x00000000d6380000,0x00000000d6380000,0x00000000d6500000)
 ParOldGen       total 611840K, used 611397K [0x0000000080000000, 0x00000000a5580000, 0x00000000d5580000)
  object space 611840K, 99% used [0x0000000080000000,0x00000000a5511758,0x00000000a5580000)
 Metaspace       used 82229K, committed 84096K, reserved 1179648K
  class space    used 8442K, committed 9280K, reserved 1048576K
}
Event: 514.269 GC heap before
{Heap before GC invocations=438 (full 4):
 PSYoungGen      total 9216K, used 9196K [0x00000000d5580000, 0x00000000d6500000, 0x0000000100000000)
  eden space 7680K, 100% used [0x00000000d5580000,0x00000000d5d00000,0x00000000d5d00000)
  from space 1536K, 98% used [0x00000000d6200000,0x00000000d637b0a0,0x00000000d6380000)
  to   space 1536K, 0% used [0x00000000d6380000,0x00000000d6380000,0x00000000d6500000)
 ParOldGen       total 611840K, used 611397K [0x0000000080000000, 0x00000000a5580000, 0x00000000d5580000)
  object space 611840K, 99% used [0x0000000080000000,0x00000000a5511758,0x00000000a5580000)
 Metaspace       used 82247K, committed 84096K, reserved 1179648K
  class space    used 8442K, committed 9280K, reserved 1048576K
}
Event: 514.270 GC heap after
{Heap after GC invocations=438 (full 4):
 PSYoungGen      total 8192K, used 192K [0x00000000d5580000, 0x00000000d6400000, 0x0000000100000000)
  eden space 7680K, 0% used [0x00000000d5580000,0x00000000d5580000,0x00000000d5d00000)
  from space 512K, 37% used [0x00000000d6380000,0x00000000d63b0000,0x00000000d6400000)
  to   space 1536K, 0% used [0x00000000d6100000,0x00000000d6100000,0x00000000d6280000)
 ParOldGen       total 612352K, used 611877K [0x0000000080000000, 0x00000000a5600000, 0x00000000d5580000)
  object space 612352K, 99% used [0x0000000080000000,0x00000000a5589798,0x00000000a5600000)
 Metaspace       used 82247K, committed 84096K, reserved 1179648K
  class space    used 8442K, committed 9280K, reserved 1048576K
}
Event: 517.149 GC heap before
{Heap before GC invocations=439 (full 4):
 PSYoungGen      total 8192K, used 7872K [0x00000000d5580000, 0x00000000d6400000, 0x0000000100000000)
  eden space 7680K, 100% used [0x00000000d5580000,0x00000000d5d00000,0x00000000d5d00000)
  from space 512K, 37% used [0x00000000d6380000,0x00000000d63b0000,0x00000000d6400000)
  to   space 1536K, 0% used [0x00000000d6100000,0x00000000d6100000,0x00000000d6280000)
 ParOldGen       total 612352K, used 611877K [0x0000000080000000, 0x00000000a5600000, 0x00000000d5580000)
  object space 612352K, 99% used [0x0000000080000000,0x00000000a5589798,0x00000000a5600000)
 Metaspace       used 82252K, committed 84096K, reserved 1179648K
  class space    used 8442K, committed 9280K, reserved 1048576K
}
Event: 517.150 GC heap after
{Heap after GC invocations=439 (full 4):
 PSYoungGen      total 9216K, used 506K [0x00000000d5580000, 0x00000000d6400000, 0x0000000100000000)
  eden space 7680K, 0% used [0x00000000d5580000,0x00000000d5580000,0x00000000d5d00000)
  from space 1536K, 32% used [0x00000000d6100000,0x00000000d617e900,0x00000000d6280000)
  to   space 1024K, 0% used [0x00000000d6300000,0x00000000d6300000,0x00000000d6400000)
 ParOldGen       total 612352K, used 611917K [0x0000000080000000, 0x00000000a5600000, 0x00000000d5580000)
  object space 612352K, 99% used [0x0000000080000000,0x00000000a5593798,0x00000000a5600000)
 Metaspace       used 82252K, committed 84096K, reserved 1179648K
  class space    used 8442K, committed 9280K, reserved 1048576K
}
Event: 517.185 GC heap before
{Heap before GC invocations=440 (full 4):
 PSYoungGen      total 9216K, used 8186K [0x00000000d5580000, 0x00000000d6400000, 0x0000000100000000)
  eden space 7680K, 100% used [0x00000000d5580000,0x00000000d5d00000,0x00000000d5d00000)
  from space 1536K, 32% used [0x00000000d6100000,0x00000000d617e900,0x00000000d6280000)
  to   space 1024K, 0% used [0x00000000d6300000,0x00000000d6300000,0x00000000d6400000)
 ParOldGen       total 612352K, used 611917K [0x0000000080000000, 0x00000000a5600000, 0x00000000d5580000)
  object space 612352K, 99% used [0x0000000080000000,0x00000000a5593798,0x00000000a5600000)
 Metaspace       used 82536K, committed 84352K, reserved 1179648K
  class space    used 8469K, committed 9280K, reserved 1048576K
}
Event: 517.187 GC heap after
{Heap after GC invocations=440 (full 4):
 PSYoungGen      total 8192K, used 282K [0x00000000d5580000, 0x00000000d6380000, 0x0000000100000000)
  eden space 7680K, 0% used [0x00000000d5580000,0x00000000d5580000,0x00000000d5d00000)
  from space 512K, 55% used [0x00000000d6300000,0x00000000d6346900,0x00000000d6380000)
  to   space 512K, 0% used [0x00000000d6280000,0x00000000d6280000,0x00000000d6300000)
 ParOldGen       total 612352K, used 611957K [0x0000000080000000, 0x00000000a5600000, 0x00000000d5580000)
  object space 612352K, 99% used [0x0000000080000000,0x00000000a559d798,0x00000000a5600000)
 Metaspace       used 82536K, committed 84352K, reserved 1179648K
  class space    used 8469K, committed 9280K, reserved 1048576K
}
Event: 517.203 GC heap before
{Heap before GC invocations=441 (full 4):
 PSYoungGen      total 8192K, used 7962K [0x00000000d5580000, 0x00000000d6380000, 0x0000000100000000)
  eden space 7680K, 100% used [0x00000000d5580000,0x00000000d5d00000,0x00000000d5d00000)
  from space 512K, 55% used [0x00000000d6300000,0x00000000d6346900,0x00000000d6380000)
  to   space 512K, 0% used [0x00000000d6280000,0x00000000d6280000,0x00000000d6300000)
 ParOldGen       total 612352K, used 611957K [0x0000000080000000, 0x00000000a5600000, 0x00000000d5580000)
  object space 612352K, 99% used [0x0000000080000000,0x00000000a559d798,0x00000000a5600000)
 Metaspace       used 82536K, committed 84352K, reserved 1179648K
  class space    used 8469K, committed 9280K, reserved 1048576K
}
Event: 517.205 GC heap after
{Heap after GC invocations=441 (full 4):
 PSYoungGen      total 8192K, used 500K [0x00000000d5580000, 0x00000000d6a00000, 0x0000000100000000)
  eden space 7680K, 0% used [0x00000000d5580000,0x00000000d5580000,0x00000000d5d00000)
  from space 512K, 97% used [0x00000000d6280000,0x00000000d62fd398,0x00000000d6300000)
  to   space 6656K, 0% used [0x00000000d6380000,0x00000000d6380000,0x00000000d6a00000)
 ParOldGen       total 617472K, used 616986K [0x0000000080000000, 0x00000000a5b00000, 0x00000000d5580000)
  object space 617472K, 99% used [0x0000000080000000,0x00000000a5a86998,0x00000000a5b00000)
 Metaspace       used 82536K, committed 84352K, reserved 1179648K
  class space    used 8469K, committed 9280K, reserved 1048576K
}
Event: 517.234 GC heap before
{Heap before GC invocations=442 (full 4):
 PSYoungGen      total 8192K, used 8180K [0x00000000d5580000, 0x00000000d6a00000, 0x0000000100000000)
  eden space 7680K, 100% used [0x00000000d5580000,0x00000000d5d00000,0x00000000d5d00000)
  from space 512K, 97% used [0x00000000d6280000,0x00000000d62fd398,0x00000000d6300000)
  to   space 6656K, 0% used [0x00000000d6380000,0x00000000d6380000,0x00000000d6a00000)
 ParOldGen       total 617472K, used 616986K [0x0000000080000000, 0x00000000a5b00000, 0x00000000d5580000)
  object space 617472K, 99% used [0x0000000080000000,0x00000000a5a86998,0x00000000a5b00000)
 Metaspace       used 82625K, committed 84416K, reserved 1179648K
  class space    used 8489K, committed 9280K, reserved 1048576K
}
Event: 517.236 GC heap after
{Heap after GC invocations=442 (full 4):
 PSYoungGen      total 9216K, used 1428K [0x00000000d5580000, 0x00000000d6500000, 0x0000000100000000)
  eden space 7680K, 0% used [0x00000000d5580000,0x00000000d5580000,0x00000000d5d00000)
  from space 1536K, 93% used [0x00000000d6380000,0x00000000d64e5210,0x00000000d6500000)
  to   space 3072K, 0% used [0x00000000d5f00000,0x00000000d5f00000,0x00000000d6200000)
 ParOldGen       total 617472K, used 617034K [0x0000000080000000, 0x00000000a5b00000, 0x00000000d5580000)
  object space 617472K, 99% used [0x0000000080000000,0x00000000a5a92998,0x00000000a5b00000)
 Metaspace       used 82625K, committed 84416K, reserved 1179648K
  class space    used 8489K, committed 9280K, reserved 1048576K
}
Event: 789.257 GC heap before
{Heap before GC invocations=443 (full 4):
 PSYoungGen      total 9216K, used 9108K [0x00000000d5580000, 0x00000000d6500000, 0x0000000100000000)
  eden space 7680K, 100% used [0x00000000d5580000,0x00000000d5d00000,0x00000000d5d00000)
  from space 1536K, 93% used [0x00000000d6380000,0x00000000d64e5210,0x00000000d6500000)
  to   space 3072K, 0% used [0x00000000d5f00000,0x00000000d5f00000,0x00000000d6200000)
 ParOldGen       total 617472K, used 617034K [0x0000000080000000, 0x00000000a5b00000, 0x00000000d5580000)
  object space 617472K, 99% used [0x0000000080000000,0x00000000a5a92998,0x00000000a5b00000)
 Metaspace       used 82647K, committed 84480K, reserved 1179648K
  class space    used 8491K, committed 9344K, reserved 1048576K
}
Event: 789.259 GC heap after
{Heap after GC invocations=443 (full 4):
 PSYoungGen      total 10752K, used 256K [0x00000000d5580000, 0x00000000d6400000, 0x0000000100000000)
  eden space 7680K, 0% used [0x00000000d5580000,0x00000000d5580000,0x00000000d5d00000)
  from space 3072K, 8% used [0x00000000d5f00000,0x00000000d5f40000,0x00000000d6200000)
  to   space 1024K, 0% used [0x00000000d6300000,0x00000000d6300000,0x00000000d6400000)
 ParOldGen       total 618496K, used 618303K [0x0000000080000000, 0x00000000a5c00000, 0x00000000d5580000)
  object space 618496K, 99% used [0x0000000080000000,0x00000000a5bcff10,0x00000000a5c00000)
 Metaspace       used 82647K, committed 84480K, reserved 1179648K
  class space    used 8491K, committed 9344K, reserved 1048576K
}
Event: 793.828 GC heap before
{Heap before GC invocations=444 (full 4):
 PSYoungGen      total 10752K, used 7936K [0x00000000d5580000, 0x00000000d6400000, 0x0000000100000000)
  eden space 7680K, 100% used [0x00000000d5580000,0x00000000d5d00000,0x00000000d5d00000)
  from space 3072K, 8% used [0x00000000d5f00000,0x00000000d5f40000,0x00000000d6200000)
  to   space 1024K, 0% used [0x00000000d6300000,0x00000000d6300000,0x00000000d6400000)
 ParOldGen       total 618496K, used 618303K [0x0000000080000000, 0x00000000a5c00000, 0x00000000d5580000)
  object space 618496K, 99% used [0x0000000080000000,0x00000000a5bcff10,0x00000000a5c00000)
 Metaspace       used 82663K, committed 84480K, reserved 1179648K
  class space    used 8491K, committed 9344K, reserved 1048576K
}
Event: 793.830 GC heap after
{Heap after GC invocations=444 (full 4):
 PSYoungGen      total 8192K, used 192K [0x00000000d5580000, 0x00000000d6380000, 0x0000000100000000)
  eden space 7680K, 0% used [0x00000000d5580000,0x00000000d5580000,0x00000000d5d00000)
  from space 512K, 37% used [0x00000000d6300000,0x00000000d6330000,0x00000000d6380000)
  to   space 512K, 0% used [0x00000000d6280000,0x00000000d6280000,0x00000000d6300000)
 ParOldGen       total 618496K, used 618343K [0x0000000080000000, 0x00000000a5c00000, 0x00000000d5580000)
  object space 618496K, 99% used [0x0000000080000000,0x00000000a5bd9f10,0x00000000a5c00000)
 Metaspace       used 82663K, committed 84480K, reserved 1179648K
  class space    used 8491K, committed 9344K, reserved 1048576K
}

Dll operation events (10 events):
Event: 0.010 Loaded shared library c:\Users\gabri\.vscode\extensions\redhat.java-1.51.0-win32-x64\jre\21.0.9-win32-x86_64\bin\java.dll
Event: 0.066 Loaded shared library c:\Users\gabri\.vscode\extensions\redhat.java-1.51.0-win32-x64\jre\21.0.9-win32-x86_64\bin\zip.dll
Event: 0.086 Loaded shared library C:\Users\gabri\.vscode\extensions\redhat.java-1.51.0-win32-x64\jre\21.0.9-win32-x86_64\bin\instrument.dll
Event: 0.092 Loaded shared library C:\Users\gabri\.vscode\extensions\redhat.java-1.51.0-win32-x64\jre\21.0.9-win32-x86_64\bin\net.dll
Event: 0.095 Loaded shared library C:\Users\gabri\.vscode\extensions\redhat.java-1.51.0-win32-x64\jre\21.0.9-win32-x86_64\bin\nio.dll
Event: 0.100 Loaded shared library C:\Users\gabri\.vscode\extensions\redhat.java-1.51.0-win32-x64\jre\21.0.9-win32-x86_64\bin\zip.dll
Event: 0.115 Loaded shared library C:\Users\gabri\.vscode\extensions\redhat.java-1.51.0-win32-x64\jre\21.0.9-win32-x86_64\bin\jimage.dll
Event: 0.181 Loaded shared library c:\Users\gabri\.vscode\extensions\redhat.java-1.51.0-win32-x64\jre\21.0.9-win32-x86_64\bin\verify.dll
Event: 1.399 Loaded shared library C:\Users\gabri\AppData\Roaming\Code\User\globalStorage\redhat.java\1.51.0\config_win\org.eclipse.equinox.launcher\org.eclipse.equinox.launcher.win32.win32.x86_64_1.2.1400.v20250801-0854\eclipse_11916.dll
Event: 2.718 Loaded shared library C:\Users\gabri\AppData\Local\Temp\jna-98110207\jna4774934977012481519.dll

Deoptimization events (20 events):
Event: 795.131 Thread 0x000001df92bd1ce0 Uncommon trap: trap_request=0xffffffc6 fr.pc=0x000001df3ccd6e7c relative=0x000000000000005c
Event: 795.131 Thread 0x000001df92bd1ce0 Uncommon trap: reason=bimorphic_or_optimized_type_check action=maybe_recompile pc=0x000001df3ccd6e7c method=java.util.stream.Nodes.flatten(Ljava/util/stream/Node;Ljava/util/function/IntFunction;)Ljava/util/stream/Node; @ 1 c2
Event: 795.131 Thread 0x000001df92bd1ce0 DEOPT PACKING pc=0x000001df3ccd6e7c sp=0x000000bff97feda0
Event: 795.131 Thread 0x000001df92bd1ce0 DEOPT UNPACKING pc=0x000001df3bc83aa2 sp=0x000000bff97fed18 mode 2
Event: 795.135 Thread 0x000001df92bd4440 Uncommon trap: trap_request=0xffffffde fr.pc=0x000001df3cfe5e8c relative=0x0000000000000d6c
Event: 795.136 Thread 0x000001df92bd4440 Uncommon trap: reason=class_check action=maybe_recompile pc=0x000001df3cfe5e8c method=java.io.DataOutputStream.write([BII)V @ 7 c2
Event: 795.136 Thread 0x000001df92bd4440 DEOPT PACKING pc=0x000001df3cfe5e8c sp=0x000000bffabff070
Event: 795.136 Thread 0x000001df92bd4440 DEOPT UNPACKING pc=0x000001df3bc83aa2 sp=0x000000bffabfefa0 mode 2
Event: 795.136 Thread 0x000001df92bd4440 Uncommon trap: trap_request=0xffffffde fr.pc=0x000001df3cfe5e8c relative=0x0000000000000d6c
Event: 795.136 Thread 0x000001df92bd4440 Uncommon trap: reason=class_check action=maybe_recompile pc=0x000001df3cfe5e8c method=java.io.DataOutputStream.write([BII)V @ 7 c2
Event: 795.136 Thread 0x000001df92bd4440 DEOPT PACKING pc=0x000001df3cfe5e8c sp=0x000000bffabfefb0
Event: 795.136 Thread 0x000001df92bd4440 DEOPT UNPACKING pc=0x000001df3bc83aa2 sp=0x000000bffabfeee0 mode 2
Event: 795.137 Thread 0x000001df92bd4440 Uncommon trap: trap_request=0xffffffde fr.pc=0x000001df3cfe5e8c relative=0x0000000000000d6c
Event: 795.137 Thread 0x000001df92bd4440 Uncommon trap: reason=class_check action=maybe_recompile pc=0x000001df3cfe5e8c method=java.io.DataOutputStream.write([BII)V @ 7 c2
Event: 795.137 Thread 0x000001df92bd4440 DEOPT PACKING pc=0x000001df3cfe5e8c sp=0x000000bffabfef00
Event: 795.137 Thread 0x000001df92bd4440 DEOPT UNPACKING pc=0x000001df3bc83aa2 sp=0x000000bffabfee30 mode 2
Event: 795.137 Thread 0x000001df92bd4440 Uncommon trap: trap_request=0xffffffde fr.pc=0x000001df3cfe5e8c relative=0x0000000000000d6c
Event: 795.137 Thread 0x000001df92bd4440 Uncommon trap: reason=class_check action=maybe_recompile pc=0x000001df3cfe5e8c method=java.io.DataOutputStream.write([BII)V @ 7 c2
Event: 795.137 Thread 0x000001df92bd4440 DEOPT PACKING pc=0x000001df3cfe5e8c sp=0x000000bffabfee40
Event: 795.137 Thread 0x000001df92bd4440 DEOPT UNPACKING pc=0x000001df3bc83aa2 sp=0x000000bffabfed70 mode 2

Classes loaded (20 events):
Event: 467.604 Loading class java/util/stream/Nodes$AbstractConcNode done
Event: 467.604 Loading class java/util/stream/Nodes$ConcNode done
Event: 467.618 Loading class java/util/stream/Nodes$ToArrayTask$OfRef
Event: 467.618 Loading class java/util/stream/Nodes$ToArrayTask
Event: 467.618 Loading class java/util/stream/Nodes$ToArrayTask done
Event: 467.618 Loading class java/util/stream/Nodes$ToArrayTask$OfRef done
Event: 467.621 Loading class java/io/ObjectOutputStream$BlockDataOutputStream
Event: 467.621 Loading class java/io/ObjectOutputStream$BlockDataOutputStream done
Event: 467.621 Loading class java/io/ObjectOutputStream$HandleTable
Event: 467.621 Loading class java/io/ObjectOutputStream$HandleTable done
Event: 467.621 Loading class java/io/ObjectOutputStream$ReplaceTable
Event: 467.621 Loading class java/io/ObjectOutputStream$ReplaceTable done
Event: 494.097 Loading class java/lang/StringLatin1$CharsSpliterator
Event: 494.097 Loading class java/lang/StringLatin1$CharsSpliterator done
Event: 495.235 Loading class jdk/internal/module/IllegalAccessLogger
Event: 495.235 Loading class jdk/internal/module/IllegalAccessLogger done
Event: 497.693 Loading class jdk/internal/module/IllegalAccessLogger
Event: 497.693 Loading class jdk/internal/module/IllegalAccessLogger done
Event: 503.206 Loading class jdk/internal/module/IllegalAccessLogger
Event: 503.206 Loading class jdk/internal/module/IllegalAccessLogger done

Classes unloaded (20 events):
Event: 248.930 Thread 0x000001df485425f0 Unloading class 0x000001df4a735400 'java/lang/invoke/LambdaForm$MH+0x000001df4a735400'
Event: 248.930 Thread 0x000001df485425f0 Unloading class 0x000001df4a735000 'java/lang/invoke/LambdaForm$MH+0x000001df4a735000'
Event: 248.930 Thread 0x000001df485425f0 Unloading class 0x000001df4a728800 'java/lang/invoke/LambdaForm$MH+0x000001df4a728800'
Event: 248.930 Thread 0x000001df485425f0 Unloading class 0x000001df4a728400 'java/lang/invoke/LambdaForm$MH+0x000001df4a728400'
Event: 248.930 Thread 0x000001df485425f0 Unloading class 0x000001df4a728000 'java/lang/invoke/LambdaForm$MH+0x000001df4a728000'
Event: 248.930 Thread 0x000001df485425f0 Unloading class 0x000001df4a727800 'java/lang/invoke/LambdaForm$MH+0x000001df4a727800'
Event: 248.930 Thread 0x000001df485425f0 Unloading class 0x000001df4a727000 'java/lang/invoke/LambdaForm$MH+0x000001df4a727000'
Event: 248.930 Thread 0x000001df485425f0 Unloading class 0x000001df4a727400 'java/lang/invoke/LambdaForm$MH+0x000001df4a727400'
Event: 248.930 Thread 0x000001df485425f0 Unloading class 0x000001df4a726800 'java/lang/invoke/LambdaForm$MH+0x000001df4a726800'
Event: 248.930 Thread 0x000001df485425f0 Unloading class 0x000001df4a726400 'java/lang/invoke/LambdaForm$MH+0x000001df4a726400'
Event: 248.930 Thread 0x000001df485425f0 Unloading class 0x000001df4a726000 'java/lang/invoke/LambdaForm$MH+0x000001df4a726000'
Event: 248.930 Thread 0x000001df485425f0 Unloading class 0x000001df4a725c00 'java/lang/invoke/LambdaForm$DMH+0x000001df4a725c00'
Event: 248.930 Thread 0x000001df485425f0 Unloading class 0x000001df4a725800 'java/lang/invoke/LambdaForm$DMH+0x000001df4a725800'
Event: 248.930 Thread 0x000001df485425f0 Unloading class 0x000001df4a725400 'java/lang/invoke/LambdaForm$DMH+0x000001df4a725400'
Event: 248.930 Thread 0x000001df485425f0 Unloading class 0x000001df4a724800 'java/lang/invoke/LambdaForm$DMH+0x000001df4a724800'
Event: 248.930 Thread 0x000001df485425f0 Unloading class 0x000001df4a724c00 'java/lang/invoke/LambdaForm$DMH+0x000001df4a724c00'
Event: 248.930 Thread 0x000001df485425f0 Unloading class 0x000001df4a724400 'java/lang/invoke/LambdaForm$DMH+0x000001df4a724400'
Event: 248.930 Thread 0x000001df485425f0 Unloading class 0x000001df4a70cc00 'java/lang/invoke/LambdaForm$DMH+0x000001df4a70cc00'
Event: 248.930 Thread 0x000001df485425f0 Unloading class 0x000001df4a70c400 'java/lang/invoke/LambdaForm$DMH+0x000001df4a70c400'
Event: 248.930 Thread 0x000001df485425f0 Unloading class 0x000001df4a70c800 'java/lang/invoke/LambdaForm$DMH+0x000001df4a70c800'

Classes redefined (0 events):
No events

Internal exceptions (20 events):
Event: 462.795 Thread 0x000001df90368a10 Exception <a 'sun/nio/fs/WindowsException'{0x00000000d5740038}> (0x00000000d5740038) 
thrown [s\src\hotspot\share\prims\jni.cpp, line 520]
Event: 462.940 Thread 0x000001df90368a10 Exception <a 'sun/nio/fs/WindowsException'{0x00000000d57c1b00}> (0x00000000d57c1b00) 
thrown [s\src\hotspot\share\prims\jni.cpp, line 520]
Event: 467.615 Thread 0x000001df92bd3720 Exception <a 'sun/nio/fs/WindowsException'{0x00000000d5630728}> (0x00000000d5630728) 
thrown [s\src\hotspot\share\prims\jni.cpp, line 520]
Event: 467.615 Thread 0x000001df92bd3720 Exception <a 'sun/nio/fs/WindowsException'{0x00000000d56310f0}> (0x00000000d56310f0) 
thrown [s\src\hotspot\share\prims\jni.cpp, line 520]
Event: 467.616 Thread 0x000001df92bd3720 Exception <a 'sun/nio/fs/WindowsException'{0x00000000d5632b40}> (0x00000000d5632b40) 
thrown [s\src\hotspot\share\prims\jni.cpp, line 520]
Event: 467.616 Thread 0x000001df92bd3720 Exception <a 'sun/nio/fs/WindowsException'{0x00000000d5633508}> (0x00000000d5633508) 
thrown [s\src\hotspot\share\prims\jni.cpp, line 520]
Event: 467.616 Thread 0x000001df92bd3720 Implicit null exception at 0x000001df3c79ab89 to 0x000001df3c79af28
Event: 467.634 Thread 0x000001df92bd3720 Exception <a 'java/lang/NoSuchMethodError'{0x00000000d56d7498}: static [J.<clinit>()V> (0x00000000d56d7498) 
thrown [s\src\hotspot\share\prims\jni.cpp, line 1111]
Event: 467.639 Thread 0x000001df92bd3720 Exception <a 'java/lang/NoSuchMethodError'{0x00000000d5708670}: 'java.lang.Object java.lang.invoke.DirectMethodHandle$Holder.newInvokeSpecial(java.lang.Object, java.lang.Object, java.lang.Object, java.lang.Object, java.lang.Object, java.lang.Object, java.lang.Object, java.lang.Object)'> (0x00000000d5708670) 
thrown [s\src\hotspot\share\interpreter\linkResolver.cpp, line 773]
Event: 495.078 Thread 0x000001df90368a10 Exception <a 'sun/nio/fs/WindowsException'{0x00000000d5780440}> (0x00000000d5780440) 
thrown [s\src\hotspot\share\prims\jni.cpp, line 520]
Event: 495.260 Thread 0x000001df90368a10 Exception <a 'sun/nio/fs/WindowsException'{0x00000000d55ed050}> (0x00000000d55ed050) 
thrown [s\src\hotspot\share\prims\jni.cpp, line 520]
Event: 497.529 Thread 0x000001df90368a10 Exception <a 'sun/nio/fs/WindowsException'{0x00000000d59d5120}> (0x00000000d59d5120) 
thrown [s\src\hotspot\share\prims\jni.cpp, line 520]
Event: 497.793 Thread 0x000001df90368a10 Exception <a 'sun/nio/fs/WindowsException'{0x00000000d5818148}> (0x00000000d5818148) 
thrown [s\src\hotspot\share\prims\jni.cpp, line 520]
Event: 503.013 Thread 0x000001df90368a10 Exception <a 'sun/nio/fs/WindowsException'{0x00000000d5900e00}> (0x00000000d5900e00) 
thrown [s\src\hotspot\share\prims\jni.cpp, line 520]
Event: 503.165 Thread 0x000001df90368a10 Exception <a 'sun/nio/fs/WindowsException'{0x00000000d5ad6948}> (0x00000000d5ad6948) 
thrown [s\src\hotspot\share\prims\jni.cpp, line 520]
Event: 517.178 Thread 0x000001df915dba50 Implicit null exception at 0x000001df3c54e3a9 to 0x000001df3c54e59e
Event: 795.130 Thread 0x000001df92bd4440 Exception <a 'sun/nio/fs/WindowsException'{0x00000000d57371a0}> (0x00000000d57371a0) 
thrown [s\src\hotspot\share\prims\jni.cpp, line 520]
Event: 795.130 Thread 0x000001df92bd4440 Exception <a 'sun/nio/fs/WindowsException'{0x00000000d5737df0}> (0x00000000d5737df0) 
thrown [s\src\hotspot\share\prims\jni.cpp, line 520]
Event: 795.130 Thread 0x000001df92bd4440 Exception <a 'sun/nio/fs/WindowsException'{0x00000000d5739f28}> (0x00000000d5739f28) 
thrown [s\src\hotspot\share\prims\jni.cpp, line 520]
Event: 795.130 Thread 0x000001df92bd4440 Exception <a 'sun/nio/fs/WindowsException'{0x00000000d573ab18}> (0x00000000d573ab18) 
thrown [s\src\hotspot\share\prims\jni.cpp, line 520]

ZGC Phase Switch (0 events):
No events

VM Operations (20 events):
Event: 781.524 Executing VM operation: Cleanup
Event: 781.524 Executing VM operation: Cleanup done
Event: 781.546 Executing VM operation: HandshakeAllThreads (HandshakeForDeflation)
Event: 781.546 Executing VM operation: HandshakeAllThreads (HandshakeForDeflation) done
Event: 781.546 Executing VM operation: RendezvousGCThreads
Event: 781.546 Executing VM operation: RendezvousGCThreads done
Event: 789.257 Executing VM operation: ParallelGCFailedAllocation (Allocation Failure)
Event: 789.259 Executing VM operation: ParallelGCFailedAllocation (Allocation Failure) done
Event: 790.259 Executing VM operation: Cleanup
Event: 790.259 Executing VM operation: Cleanup done
Event: 791.260 Executing VM operation: Cleanup
Event: 791.260 Executing VM operation: Cleanup done
Event: 792.261 Executing VM operation: Cleanup
Event: 792.261 Executing VM operation: Cleanup done
Event: 793.262 Executing VM operation: Cleanup
Event: 793.262 Executing VM operation: Cleanup done
Event: 793.828 Executing VM operation: ParallelGCFailedAllocation (Allocation Failure)
Event: 793.830 Executing VM operation: ParallelGCFailedAllocation (Allocation Failure) done
Event: 795.831 Executing VM operation: Cleanup
Event: 795.831 Executing VM operation: Cleanup done

Memory protections (0 events):
No events

Nmethod flushes (20 events):
Event: 248.956 Thread 0x000001df485425f0 flushing osr nmethod 0x000001df35614590
Event: 248.956 Thread 0x000001df485425f0 flushing  nmethod 0x000001df3566d590
Event: 248.956 Thread 0x000001df485425f0 flushing  nmethod 0x000001df356d0c10
Event: 248.956 Thread 0x000001df485425f0 flushing  nmethod 0x000001df356d9310
Event: 248.956 Thread 0x000001df485425f0 flushing  nmethod 0x000001df3571bd10
Event: 248.956 Thread 0x000001df485425f0 flushing osr nmethod 0x000001df35722c90
Event: 248.956 Thread 0x000001df485425f0 flushing  nmethod 0x000001df35735910
Event: 248.956 Thread 0x000001df485425f0 flushing  nmethod 0x000001df3573cd10
Event: 248.956 Thread 0x000001df485425f0 flushing  nmethod 0x000001df3573e790
Event: 248.956 Thread 0x000001df485425f0 flushing  nmethod 0x000001df35740190
Event: 248.956 Thread 0x000001df485425f0 flushing  nmethod 0x000001df35741090
Event: 248.956 Thread 0x000001df485425f0 flushing  nmethod 0x000001df35741890
Event: 248.956 Thread 0x000001df485425f0 flushing  nmethod 0x000001df35742590
Event: 248.956 Thread 0x000001df485425f0 flushing  nmethod 0x000001df35744c90
Event: 248.956 Thread 0x000001df485425f0 flushing  nmethod 0x000001df35745190
Event: 248.956 Thread 0x000001df485425f0 flushing  nmethod 0x000001df35753c10
Event: 248.956 Thread 0x000001df485425f0 flushing  nmethod 0x000001df35782e10
Event: 248.956 Thread 0x000001df485425f0 flushing  nmethod 0x000001df35784290
Event: 248.956 Thread 0x000001df485425f0 flushing  nmethod 0x000001df35789010
Event: 248.956 Thread 0x000001df485425f0 flushing osr nmethod 0x000001df3578bb10

Events (20 events):
Event: 577.262 Thread 0x000001df915dba50 Thread exited: 0x000001df915dba50
Event: 588.834 Thread 0x000001df90368380 Thread exited: 0x000001df90368380
Event: 637.273 Thread 0x000001df915de840 Thread exited: 0x000001df915de840
Event: 648.847 Thread 0x000001df8f56efa0 Thread exited: 0x000001df8f56efa0
Event: 660.193 Thread 0x000001df92bd0fc0 Thread exited: 0x000001df92bd0fc0
Event: 660.241 Thread 0x000001df92bd02a0 Thread exited: 0x000001df92bd02a0
Event: 697.277 Thread 0x000001df915dc770 Thread exited: 0x000001df915dc770
Event: 757.283 Thread 0x000001df915dc0e0 Thread exited: 0x000001df915dc0e0
Event: 763.524 Thread 0x000001df92bd0930 Thread exited: 0x000001df92bd0930
Event: 795.128 Thread 0x000001df92bd4440 Thread added: 0x000001df92bd3090
Event: 795.128 Thread 0x000001df92bd3090 Thread exited: 0x000001df92bd3090
Event: 795.130 Thread 0x000001df92bd4440 Thread added: 0x000001df92bd1ce0
Event: 795.131 Thread 0x000001df92bd1ce0 Thread added: 0x000001df92bd02a0
Event: 795.131 Thread 0x000001df92bd1ce0 Thread added: 0x000001df92bd0fc0
Event: 795.131 Thread 0x000001df92bd0fc0 Thread exited: 0x000001df92bd0fc0
Event: 795.131 Thread 0x000001df92bd1ce0 Thread exited: 0x000001df92bd1ce0
Event: 795.131 Thread 0x000001df92bd02a0 Thread exited: 0x000001df92bd02a0
Event: 795.133 Thread 0x000001df48583690 Thread added: 0x000001df9374ecf0
Event: 795.222 Thread 0x000001df92bcf580 Thread exited: 0x000001df92bcf580
Event: 797.666 Thread 0x000001df92bceef0 Thread exited: 0x000001df92bceef0


Dynamic libraries:
0x00007ff65cb80000 - 0x00007ff65cb8e000 	c:\Users\gabri\.vscode\extensions\redhat.java-1.51.0-win32-x64\jre\21.0.9-win32-x86_64\bin\java.exe
0x00007ffd96000000 - 0x00007ffd96267000 	C:\WINDOWS\SYSTEM32\ntdll.dll
0x00007ffd94330000 - 0x00007ffd943f9000 	C:\WINDOWS\System32\KERNEL32.DLL
0x00007ffd93830000 - 0x00007ffd93c1f000 	C:\WINDOWS\System32\KERNELBASE.dll
0x00007ffd93620000 - 0x00007ffd9376b000 	C:\WINDOWS\System32\ucrtbase.dll
0x00007ffd81fd0000 - 0x00007ffd81fee000 	c:\Users\gabri\.vscode\extensions\redhat.java-1.51.0-win32-x64\jre\21.0.9-win32-x86_64\bin\VCRUNTIME140.dll
0x00007ffd81b70000 - 0x00007ffd81b88000 	c:\Users\gabri\.vscode\extensions\redhat.java-1.51.0-win32-x64\jre\21.0.9-win32-x86_64\bin\jli.dll
0x00007ffd95a20000 - 0x00007ffd95be5000 	C:\WINDOWS\System32\USER32.dll
0x00007ffd93770000 - 0x00007ffd93797000 	C:\WINDOWS\System32\win32u.dll
0x00007ffd94c50000 - 0x00007ffd94c7b000 	C:\WINDOWS\System32\GDI32.dll
0x00007ffd7a140000 - 0x00007ffd7a3d3000 	C:\WINDOWS\WinSxS\amd64_microsoft.windows.common-controls_6595b64144ccf1df_6.0.26100.7309_none_3e05feeae336a044\COMCTL32.dll
0x00007ffd94ba0000 - 0x00007ffd94c49000 	C:\WINDOWS\System32\msvcrt.dll
0x00007ffd93370000 - 0x00007ffd9349c000 	C:\WINDOWS\System32\gdi32full.dll
0x00007ffd93210000 - 0x00007ffd932b3000 	C:\WINDOWS\System32\msvcp_win.dll
0x00007ffd94400000 - 0x00007ffd94431000 	C:\WINDOWS\System32\IMM32.DLL
0x00007ffd8dff0000 - 0x00007ffd8dffc000 	c:\Users\gabri\.vscode\extensions\redhat.java-1.51.0-win32-x64\jre\21.0.9-win32-x86_64\bin\vcruntime140_1.dll
0x00007ffd68580000 - 0x00007ffd6860d000 	c:\Users\gabri\.vscode\extensions\redhat.java-1.51.0-win32-x64\jre\21.0.9-win32-x86_64\bin\msvcp140.dll
0x00007ffce1cd0000 - 0x00007ffce2a70000 	c:\Users\gabri\.vscode\extensions\redhat.java-1.51.0-win32-x64\jre\21.0.9-win32-x86_64\bin\server\jvm.dll
0x00007ffd954a0000 - 0x00007ffd95554000 	C:\WINDOWS\System32\ADVAPI32.dll
0x00007ffd95bf0000 - 0x00007ffd95c96000 	C:\WINDOWS\System32\sechost.dll
0x00007ffd94070000 - 0x00007ffd94188000 	C:\WINDOWS\System32\RPCRT4.dll
0x00007ffd942b0000 - 0x00007ffd94324000 	C:\WINDOWS\System32\WS2_32.dll
0x00007ffd80b60000 - 0x00007ffd80b95000 	C:\WINDOWS\SYSTEM32\WINMM.dll
0x00007ffd8add0000 - 0x00007ffd8addb000 	C:\WINDOWS\SYSTEM32\VERSION.dll
0x00007ffd92fb0000 - 0x00007ffd9300e000 	C:\WINDOWS\SYSTEM32\POWRPROF.dll
0x00007ffd92f90000 - 0x00007ffd92fa4000 	C:\WINDOWS\SYSTEM32\UMPDC.dll
0x00007ffd91ec0000 - 0x00007ffd91edb000 	C:\WINDOWS\SYSTEM32\kernel.appcore.dll
0x00007ffd8dfb0000 - 0x00007ffd8dfba000 	c:\Users\gabri\.vscode\extensions\redhat.java-1.51.0-win32-x64\jre\21.0.9-win32-x86_64\bin\jimage.dll
0x00007ffd7a3e0000 - 0x00007ffd7a622000 	C:\WINDOWS\SYSTEM32\DBGHELP.DLL
0x00007ffd94dd0000 - 0x00007ffd95155000 	C:\WINDOWS\System32\combase.dll
0x00007ffd94ce0000 - 0x00007ffd94db6000 	C:\WINDOWS\System32\OLEAUT32.dll
0x00007ffd6af60000 - 0x00007ffd6af9c000 	C:\WINDOWS\SYSTEM32\dbgcore.DLL
0x00007ffd932c0000 - 0x00007ffd93365000 	C:\WINDOWS\System32\bcryptPrimitives.dll
0x00007ffd8d630000 - 0x00007ffd8d63f000 	c:\Users\gabri\.vscode\extensions\redhat.java-1.51.0-win32-x64\jre\21.0.9-win32-x86_64\bin\instrument.dll
0x00007ffd82010000 - 0x00007ffd82030000 	c:\Users\gabri\.vscode\extensions\redhat.java-1.51.0-win32-x64\jre\21.0.9-win32-x86_64\bin\java.dll
0x00007ffd94440000 - 0x00007ffd94b93000 	C:\WINDOWS\System32\SHELL32.dll
0x00007ffd93c30000 - 0x00007ffd93d9a000 	C:\WINDOWS\System32\wintypes.dll
0x00007ffd90d30000 - 0x00007ffd9158e000 	C:\WINDOWS\SYSTEM32\windows.storage.dll
0x00007ffd95ec0000 - 0x00007ffd95fb5000 	C:\WINDOWS\System32\SHCORE.dll
0x00007ffd952d0000 - 0x00007ffd95336000 	C:\WINDOWS\System32\shlwapi.dll
0x00007ffd93070000 - 0x00007ffd93099000 	C:\WINDOWS\SYSTEM32\profapi.dll
0x00007ffd81850000 - 0x00007ffd81868000 	c:\Users\gabri\.vscode\extensions\redhat.java-1.51.0-win32-x64\jre\21.0.9-win32-x86_64\bin\zip.dll
0x00007ffd83520000 - 0x00007ffd83530000 	C:\Users\gabri\.vscode\extensions\redhat.java-1.51.0-win32-x64\jre\21.0.9-win32-x86_64\bin\net.dll
0x00007ffd89a70000 - 0x00007ffd89b98000 	C:\WINDOWS\SYSTEM32\WINHTTP.dll
0x00007ffd92420000 - 0x00007ffd9248b000 	C:\WINDOWS\system32\mswsock.dll
0x00007ffd81830000 - 0x00007ffd81846000 	C:\Users\gabri\.vscode\extensions\redhat.java-1.51.0-win32-x64\jre\21.0.9-win32-x86_64\bin\nio.dll
0x00007ffd832b0000 - 0x00007ffd832c0000 	c:\Users\gabri\.vscode\extensions\redhat.java-1.51.0-win32-x64\jre\21.0.9-win32-x86_64\bin\verify.dll
0x00007ffd80cc0000 - 0x00007ffd80d04000 	C:\Users\gabri\AppData\Roaming\Code\User\globalStorage\redhat.java\1.51.0\config_win\org.eclipse.equinox.launcher\org.eclipse.equinox.launcher.win32.win32.x86_64_1.2.1400.v20250801-0854\eclipse_11916.dll
0x00007ffd95ca0000 - 0x00007ffd95e37000 	C:\WINDOWS\System32\ole32.dll
0x00007ffd92720000 - 0x00007ffd9273b000 	C:\WINDOWS\SYSTEM32\CRYPTSP.dll
0x00007ffd91e20000 - 0x00007ffd91e5a000 	C:\WINDOWS\system32\rsaenh.dll
0x00007ffd924d0000 - 0x00007ffd924fb000 	C:\WINDOWS\SYSTEM32\USERENV.dll
0x00007ffd93040000 - 0x00007ffd9306a000 	C:\WINDOWS\SYSTEM32\bcrypt.dll
0x00007ffd92710000 - 0x00007ffd9271c000 	C:\WINDOWS\SYSTEM32\CRYPTBASE.dll
0x00007ffd918b0000 - 0x00007ffd918e4000 	C:\WINDOWS\SYSTEM32\IPHLPAPI.DLL
0x00007ffd94dc0000 - 0x00007ffd94dca000 	C:\WINDOWS\System32\NSI.dll
0x00007ffd6d4c0000 - 0x00007ffd6d509000 	C:\Users\gabri\AppData\Local\Temp\jna-98110207\jna4774934977012481519.dll
0x00007ffd95340000 - 0x00007ffd95348000 	C:\WINDOWS\System32\PSAPI.DLL
0x00007ffd89920000 - 0x00007ffd8993e000 	C:\WINDOWS\SYSTEM32\dhcpcsvc6.DLL
0x00007ffd897d0000 - 0x00007ffd897f3000 	C:\WINDOWS\SYSTEM32\dhcpcsvc.DLL

JVMTI agents:
c:\Users\gabri\.vscode\extensions\redhat.java-1.51.0-win32-x64\lombok\lombok-1.18.39-4050.jar path:c:\Users\gabri\.vscode\extensions\redhat.java-1.51.0-win32-x64\jre\21.0.9-win32-x86_64\bin\instrument.dll, loaded, initialized, instrumentlib options:none

dbghelp: loaded successfully - version: 4.0.5 - missing functions: none
symbol engine: initialized successfully - sym options: 0x614 - pdb path: .;c:\Users\gabri\.vscode\extensions\redhat.java-1.51.0-win32-x64\jre\21.0.9-win32-x86_64\bin;C:\WINDOWS\SYSTEM32;C:\WINDOWS\WinSxS\amd64_microsoft.windows.common-controls_6595b64144ccf1df_6.0.26100.7309_none_3e05feeae336a044;c:\Users\gabri\.vscode\extensions\redhat.java-1.51.0-win32-x64\jre\21.0.9-win32-x86_64\bin\server;C:\Users\gabri\AppData\Roaming\Code\User\globalStorage\redhat.java\1.51.0\config_win\org.eclipse.equinox.launcher\org.eclipse.equinox.launcher.win32.win32.x86_64_1.2.1400.v20250801-0854;C:\Users\gabri\AppData\Local\Temp\jna-98110207

VM Arguments:
jvm_args: --add-modules=ALL-SYSTEM --add-opens=java.base/java.util=ALL-UNNAMED --add-opens=java.base/java.lang=ALL-UNNAMED --add-opens=java.base/sun.nio.fs=ALL-UNNAMED -Declipse.application=org.eclipse.jdt.ls.core.id1 -Dosgi.bundles.defaultStartLevel=4 -Declipse.product=org.eclipse.jdt.ls.core.product -Djava.import.generatesMetadataFilesAtProjectRoot=false -DDetectVMInstallationsJob.disabled=true -Dfile.encoding=utf8 -XX:+UseParallelGC -XX:GCTimeRatio=4 -XX:AdaptiveSizePolicyWeight=90 -Dsun.zip.disableMemoryMapping=true -Xmx2G -Xms100m -Xlog:disable -javaagent:c:\Users\gabri\.vscode\extensions\redhat.java-1.51.0-win32-x64\lombok\lombok-1.18.39-4050.jar -XX:+HeapDumpOnOutOfMemoryError -XX:HeapDumpPath=c:\Users\gabri\AppData\Roaming\Code\User\workspaceStorage\e14d0158649c4a8f8b96c9572e09e2af\redhat.java -Daether.dependencyCollector.impl=bf 
java_command: c:\Users\gabri\.vscode\extensions\redhat.java-1.51.0-win32-x64\server\plugins\org.eclipse.equinox.launcher_1.7.100.v20251111-0406.jar -configuration c:\Users\gabri\AppData\Roaming\Code\User\globalStorage\redhat.java\1.51.0\config_win -data c:\Users\gabri\AppData\Roaming\Code\User\workspaceStorage\e14d0158649c4a8f8b96c9572e09e2af\redhat.java\jdt_ws --pipe=\\.\pipe\lsp-17eed27e82b4123355293e03d60b8bdc-sock
java_class_path (initial): c:\Users\gabri\.vscode\extensions\redhat.java-1.51.0-win32-x64\server\plugins\org.eclipse.equinox.launcher_1.7.100.v20251111-0406.jar
Launcher Type: SUN_STANDARD

[Global flags]
    uintx AdaptiveSizePolicyWeight                 = 90                                        {product} {command line}
     intx CICompilerCount                          = 4                                         {product} {ergonomic}
    uintx GCTimeRatio                              = 4                                         {product} {command line}
     bool HeapDumpOnOutOfMemoryError               = true                                   {manageable} {command line}
    ccstr HeapDumpPath                             = c:\Users\gabri\AppData\Roaming\Code\User\workspaceStorage\e14d0158649c4a8f8b96c9572e09e2af\redhat.java         {manageable} {command line}
   size_t InitialHeapSize                          = 104857600                                 {product} {command line}
   size_t MaxHeapSize                              = 2147483648                                {product} {command line}
   size_t MaxNewSize                               = 715653120                                 {product} {ergonomic}
   size_t MinHeapDeltaBytes                        = 524288                                    {product} {ergonomic}
   size_t MinHeapSize                              = 104857600                                 {product} {command line}
   size_t NewSize                                  = 34603008                                  {product} {ergonomic}
    uintx NonNMethodCodeHeapSize                   = 5839372                                {pd product} {ergonomic}
    uintx NonProfiledCodeHeapSize                  = 122909434                              {pd product} {ergonomic}
   size_t OldSize                                  = 70254592                                  {product} {ergonomic}
    uintx ProfiledCodeHeapSize                     = 122909434                              {pd product} {ergonomic}
    uintx ReservedCodeCacheSize                    = 251658240                              {pd product} {ergonomic}
     bool SegmentedCodeCache                       = true                                      {product} {ergonomic}
   size_t SoftMaxHeapSize                          = 2147483648                             {manageable} {ergonomic}
     bool UseCompressedOops                        = true                           {product lp64_product} {ergonomic}
     bool UseLargePagesIndividualAllocation        = false                                  {pd product} {ergonomic}
     bool UseParallelGC                            = true                                      {product} {command line}

Logging:
Log output configuration:
 #0: stdout all=off uptime,level,tags foldmultilines=false
 #1: stderr all=off uptime,level,tags foldmultilines=false

Release file:
JAVA_VERSION="21.0.9" 
MODULES="java.base java.compiler java.datatransfer java.xml java.prefs java.desktop java.instrument java.logging java.management java.security.sasl java.naming java.rmi java.management.rmi java.net.http java.scripting java.security.jgss java.transaction.xa java.sql java.sql.rowset java.xml.crypto java.se java.smartcardio jdk.accessibility jdk.internal.jvmstat jdk.attach jdk.charsets jdk.internal.opt jdk.zipfs jdk.compiler jdk.crypto.ec jdk.crypto.cryptoki jdk.crypto.mscapi jdk.dynalink jdk.internal.ed jdk.editpad jdk.hotspot.agent jdk.httpserver jdk.internal.le jdk.internal.vm.ci jdk.internal.vm.compiler jdk.internal.vm.compiler.management jdk.jartool jdk.javadoc jdk.jcmd jdk.management jdk.management.agent jdk.jconsole jdk.jdeps jdk.jdwp.agent jdk.jdi jdk.jfr jdk.jshell jdk.jsobject jdk.jstatd jdk.localedata jdk.management.jfr jdk.naming.dns jdk.naming.rmi jdk.net jdk.nio.mapmode jdk.random jdk.sctp jdk.security.auth jdk.security.jgss jdk.unsupported jdk.unsupported.desktop jdk.xml.dom" 

Environment Variables:
JAVA_HOME=C:\Program Files\Java\jdk-25_windows-x64_bin\jdk-25.0.1
PATH=C:\Program Files\Eclipse Adoptium\jdk-25.0.1.8-hotspot\bin;C:\Python314\Scripts\;C:\Python314\;C:\Program Files\Java\jdk-25_windows-x64_bin\jdk-25.0.1\bin;C:\WINDOWS\system32;C:\WINDOWS;C:\WINDOWS\System32\Wbem;C:\WINDOWS\System32\WindowsPowerShell\v1.0\;C:\WINDOWS\System32\OpenSSH\;C:\Program Files\NVIDIA Corporation\NVIDIA App\NvDLISR;C:\Program Files (x86)\NVIDIA Corporation\PhysX\Common;C:\Program Files\nodejs\;C:\ProgramData\chocolatey\bin;C:\Program Files\Git\cmd;C:\Program Files\MySQL\MySQL Shell 8.0\bin\;C:\Program Files\PostgreSQL\18\bin;C:\Users\gabri\AppData\Local\Microsoft\WindowsApps;D:\VsCode\Microsoft VS Code\bin;D:\IntellJi\IntelliJ IDEA Community Edition 2025.2.4\bin;C:\Users\gabri\AppData\Roaming\npm;
USERNAME=gabri
OS=Windows_NT
PROCESSOR_IDENTIFIER=Intel64 Family 6 Model 158 Stepping 10, GenuineIntel
TMP=C:\Users\gabri\AppData\Local\Temp
TEMP=C:\Users\gabri\AppData\Local\Temp




Periodic native trim disabled

---------------  S Y S T E M  ---------------

OS:
 Windows 11 , 64 bit Build 26100 (10.0.26100.7309)
OS uptime: 1 days 16:50 hours
Hyper-V role detected

CPU: total 8 (initial active 8) (4 cores per cpu, 2 threads per core) family 6 model 158 stepping 10 microcode 0xde, cx8, cmov, fxsr, ht, mmx, 3dnowpref, sse, sse2, sse3, ssse3, sse4.1, sse4.2, popcnt, lzcnt, tsc, tscinvbit, avx, avx2, aes, erms, clmul, bmi1, bmi2, adx, fma, vzeroupper, clflush, clflushopt, hv, rdtscp, f16c
Processor Information for the first 8 processors :
  Max Mhz: 2400, Current Mhz: 2400, Mhz Limit: 2400

Memory: 4k page, system-wide physical 16221M (5085M free)
TotalPageFile size 31340M (AvailPageFile size 4M)
current process WorkingSet (physical memory assigned to process): 913M, peak: 913M
current process commit charge ("private bytes"): 974M, peak: 976M

vm_info: OpenJDK 64-Bit Server VM (21.0.9+10-LTS) for windows-amd64 JRE (21.0.9+10-LTS), built on 2025-10-21T00:00:00Z by "admin" with unknown MS VC++:1942

END.
