#
# There is insufficient memory for the Java Runtime Environment to continue.
# Native memory allocation (malloc) failed to allocate 1112160 bytes. Error detail: Chunk::new
# Possible reasons:
#   The system is out of physical RAM or swap space
#   This process is running with CompressedOops enabled, and the Java Heap may be blocking the growth of the native heap
# Possible solutions:
#   Reduce memory load on the system
#   Increase physical memory or swap space
#   Check if swap backing store is full
#   Decrease Java heap size (-Xmx/-Xms)
#   Decrease number of Java threads
#   Decrease Java thread stack sizes (-Xss)
#   Set larger code cache with -XX:ReservedCodeCacheSize=
#   JVM is running with Unscaled Compressed Oops mode in which the Java heap is
#     placed in the first 4GB address space. The Java Heap base address is the
#     maximum limit for the native heap growth. Please use -XX:HeapBaseMinAddress
#     to set the Java Heap base and to place the Java Heap above 4GB virtual address.
# This output file may be truncated or incomplete.
#
#  Out of Memory Error (arena.cpp:168), pid=14392, tid=20696
#
# JRE version: OpenJDK Runtime Environment Temurin-21.0.9+10 (21.0.9+10) (build 21.0.9+10-LTS)
# Java VM: OpenJDK 64-Bit Server VM Temurin-21.0.9+10 (21.0.9+10-LTS, mixed mode, sharing, tiered, compressed oops, compressed class ptrs, parallel gc, windows-amd64)
# No core dump will be written. Minidumps are not enabled by default on client versions of Windows
#

---------------  S U M M A R Y ------------

Command Line: --add-modules=ALL-SYSTEM --add-opens=java.base/java.util=ALL-UNNAMED --add-opens=java.base/java.lang=ALL-UNNAMED --add-opens=java.base/sun.nio.fs=ALL-UNNAMED -Declipse.application=org.eclipse.jdt.ls.core.id1 -Dosgi.bundles.defaultStartLevel=4 -Declipse.product=org.eclipse.jdt.ls.core.product -Djava.import.generatesMetadataFilesAtProjectRoot=false -DDetectVMInstallationsJob.disabled=true -Dfile.encoding=utf8 -XX:+UseParallelGC -XX:GCTimeRatio=4 -XX:AdaptiveSizePolicyWeight=90 -Dsun.zip.disableMemoryMapping=true -Xmx2G -Xms100m -Xlog:disable -javaagent:c:\Users\gabri\.vscode\extensions\redhat.java-1.51.0-win32-x64\lombok\lombok-1.18.39-4050.jar -XX:+HeapDumpOnOutOfMemoryError -XX:HeapDumpPath=c:\Users\gabri\AppData\Roaming\Code\User\workspaceStorage\e14d0158649c4a8f8b96c9572e09e2af\redhat.java -Daether.dependencyCollector.impl=bf c:\Users\gabri\.vscode\extensions\redhat.java-1.51.0-win32-x64\server\plugins\org.eclipse.equinox.launcher_1.7.100.v20251111-0406.jar -configuration c:\Users\gabri\AppData\Roaming\Code\User\globalStorage\redhat.java\1.51.0\config_win -data c:\Users\gabri\AppData\Roaming\Code\User\workspaceStorage\e14d0158649c4a8f8b96c9572e09e2af\redhat.java\jdt_ws --pipe=\\.\pipe\lsp-8e377ae8ce67b64d6b0f44018bbdb56f-sock

Host: Intel(R) Core(TM) i5-9300H CPU @ 2.40GHz, 8 cores, 15G,  Windows 11 , 64 bit Build 26100 (10.0.26100.7309)
Time: Fri Jan  9 17:11:14 2026 Hora oficial do Brasil elapsed time: 274.119082 seconds (0d 0h 4m 34s)

---------------  T H R E A D  ---------------

Current thread (0x0000018d6424b910):  JavaThread "C2 CompilerThread0" daemon [_thread_in_native, id=20696, stack(0x00000020a8f00000,0x00000020a9000000) (1024K)]


Current CompileTask:
C2:274119 15320       4       org.eclipse.jdt.internal.compiler.lookup.LookupEnvironment::getTypeFromTypeSignature (770 bytes)

Stack: [0x00000020a8f00000,0x00000020a9000000]
Native frames: (J=compiled Java code, j=interpreted, Vv=VM code, C=native code)
V  [jvm.dll+0x6d6e29]
V  [jvm.dll+0x8b4b76]
V  [jvm.dll+0x8b712e]
V  [jvm.dll+0x8b7813]
V  [jvm.dll+0x283d86]
V  [jvm.dll+0xc66ed]
V  [jvm.dll+0xc6c31]
V  [jvm.dll+0x3be53b]
V  [jvm.dll+0x1e3d59]
V  [jvm.dll+0x24c0f3]
V  [jvm.dll+0x24b580]
V  [jvm.dll+0x1cb13e]
V  [jvm.dll+0x25b29d]
V  [jvm.dll+0x25982a]
V  [jvm.dll+0x3f7ea6]
V  [jvm.dll+0x85e9ad]
V  [jvm.dll+0x6d565d]
C  [ucrtbase.dll+0x37b0]
C  [KERNEL32.DLL+0x2e8d7]
C  [ntdll.dll+0x8c53c]


---------------  P R O C E S S  ---------------

Threads class SMR info:
_java_thread_list=0x0000018d78937160, length=68, elements={
0x0000018d4d7cabe0, 0x0000018d6423cb90, 0x0000018d64240010, 0x0000018d64243420,
0x0000018d64245220, 0x0000018d64247c80, 0x0000018d642486d0, 0x0000018d6424b910,
0x0000018d65b26ef0, 0x0000018d65c7eee0, 0x0000018d65e8ed90, 0x0000018d6a7e70b0,
0x0000018d6a0fe180, 0x0000018d6a79e0a0, 0x0000018d6a79f0a0, 0x0000018d6afc5510,
0x0000018d6ae58e40, 0x0000018d6b028eb0, 0x0000018d6b0260c0, 0x0000018d6b026de0,
0x0000018d6b027b00, 0x0000018d6b029540, 0x0000018d6c7eb9d0, 0x0000018d6c7edaa0,
0x0000018d6c7ec6f0, 0x0000018d6c7ee130, 0x0000018d6c7ee7c0, 0x0000018d6c7ed410,
0x0000018d6c7eb340, 0x0000018d6c7eee50, 0x0000018d6c7ef4e0, 0x0000018d6c7ec060,
0x0000018d6c7f22d0, 0x0000018d6c7f1c40, 0x0000018d6c7efb70, 0x0000018d6c7f0200,
0x0000018d6c7f0f20, 0x0000018d6c7f2960, 0x0000018d6c7f0890, 0x0000018d6c7f15b0,
0x0000018d6cc7e0e0, 0x0000018d6cc7b980, 0x0000018d6cc7f490, 0x0000018d6cc7d3c0,
0x0000018d6cc7ee00, 0x0000018d6cc801b0, 0x0000018d6cc7fb20, 0x0000018d6cc7cd30,
0x0000018d6cc80840, 0x0000018d6cc80ed0, 0x0000018d6cc82280, 0x0000018d6cc81560,
0x0000018d6cc81bf0, 0x0000018d6b026750, 0x0000018d6b027470, 0x0000018d6b028190,
0x0000018d6c7ecd80, 0x0000018d6dfb7d00, 0x0000018d6dfb6950, 0x0000018d6dfba460,
0x0000018d6dfb7670, 0x0000018d6dfb90b0, 0x0000018d6dfb9740, 0x0000018d6dfb8a20,
0x0000018d6dfb6fe0, 0x0000018d6dfb8390, 0x0000018d6dfbd250, 0x0000018d6dfb9dd0
}

Java Threads: ( => current thread )
  0x0000018d4d7cabe0 JavaThread "main"                              [_thread_blocked, id=6424, stack(0x00000020a8500000,0x00000020a8600000) (1024K)]
  0x0000018d6423cb90 JavaThread "Reference Handler"          daemon [_thread_blocked, id=20644, stack(0x00000020a8900000,0x00000020a8a00000) (1024K)]
  0x0000018d64240010 JavaThread "Finalizer"                  daemon [_thread_blocked, id=5660, stack(0x00000020a8a00000,0x00000020a8b00000) (1024K)]
  0x0000018d64243420 JavaThread "Signal Dispatcher"          daemon [_thread_blocked, id=16536, stack(0x00000020a8b00000,0x00000020a8c00000) (1024K)]
  0x0000018d64245220 JavaThread "Attach Listener"            daemon [_thread_blocked, id=7344, stack(0x00000020a8c00000,0x00000020a8d00000) (1024K)]
  0x0000018d64247c80 JavaThread "Service Thread"             daemon [_thread_blocked, id=14976, stack(0x00000020a8d00000,0x00000020a8e00000) (1024K)]
  0x0000018d642486d0 JavaThread "Monitor Deflation Thread"   daemon [_thread_blocked, id=21084, stack(0x00000020a8e00000,0x00000020a8f00000) (1024K)]
=>0x0000018d6424b910 JavaThread "C2 CompilerThread0"         daemon [_thread_in_native, id=20696, stack(0x00000020a8f00000,0x00000020a9000000) (1024K)]
  0x0000018d65b26ef0 JavaThread "C1 CompilerThread0"         daemon [_thread_blocked, id=15536, stack(0x00000020a9000000,0x00000020a9100000) (1024K)]
  0x0000018d65c7eee0 JavaThread "Common-Cleaner"             daemon [_thread_blocked, id=12480, stack(0x00000020a9100000,0x00000020a9200000) (1024K)]
  0x0000018d65e8ed90 JavaThread "Notification Thread"        daemon [_thread_blocked, id=4140, stack(0x00000020a9300000,0x00000020a9400000) (1024K)]
  0x0000018d6a7e70b0 JavaThread "Active Thread: Equinox Container: 6e878e6a-691b-4fe1-baa0-dd64145aed1e"        [_thread_blocked, id=17588, stack(0x00000020a9b00000,0x00000020a9c00000) (1024K)]
  0x0000018d6a0fe180 JavaThread "Refresh Thread: Equinox Container: 6e878e6a-691b-4fe1-baa0-dd64145aed1e" daemon [_thread_blocked, id=20976, stack(0x00000020a9d00000,0x00000020a9e00000) (1024K)]
  0x0000018d6a79e0a0 JavaThread "Framework Event Dispatcher: Equinox Container: 6e878e6a-691b-4fe1-baa0-dd64145aed1e" daemon [_thread_blocked, id=19828, stack(0x00000020a9e00000,0x00000020a9f00000) (1024K)]
  0x0000018d6a79f0a0 JavaThread "Start Level: Equinox Container: 6e878e6a-691b-4fe1-baa0-dd64145aed1e" daemon [_thread_blocked, id=11952, stack(0x00000020a9f00000,0x00000020aa000000) (1024K)]
  0x0000018d6afc5510 JavaThread "Bundle File Closer"         daemon [_thread_blocked, id=7876, stack(0x00000020aa000000,0x00000020aa100000) (1024K)]
  0x0000018d6ae58e40 JavaThread "SCR Component Actor"        daemon [_thread_blocked, id=21320, stack(0x00000020aa100000,0x00000020aa200000) (1024K)]
  0x0000018d6b028eb0 JavaThread "Worker-JM"                         [_thread_blocked, id=18504, stack(0x00000020aa200000,0x00000020aa300000) (1024K)]
  0x0000018d6b0260c0 JavaThread "JNA Cleaner"                daemon [_thread_blocked, id=12500, stack(0x00000020aa300000,0x00000020aa400000) (1024K)]
  0x0000018d6b026de0 JavaThread "Worker-1"                          [_thread_blocked, id=18292, stack(0x00000020aa500000,0x00000020aa600000) (1024K)]
  0x0000018d6b027b00 JavaThread "Java indexing"              daemon [_thread_blocked, id=6952, stack(0x00000020aa600000,0x00000020aa700000) (1024K)]
  0x0000018d6b029540 JavaThread "Worker-2"                          [_thread_blocked, id=16984, stack(0x00000020aa900000,0x00000020aaa00000) (1024K)]
  0x0000018d6c7eb9d0 JavaThread "Thread-1"                   daemon [_thread_in_native, id=3840, stack(0x00000020aad00000,0x00000020aae00000) (1024K)]
  0x0000018d6c7edaa0 JavaThread "Thread-2"                   daemon [_thread_in_native, id=5908, stack(0x00000020aae00000,0x00000020aaf00000) (1024K)]
  0x0000018d6c7ec6f0 JavaThread "Thread-3"                   daemon [_thread_in_native, id=18060, stack(0x00000020aaf00000,0x00000020ab000000) (1024K)]
  0x0000018d6c7ee130 JavaThread "Thread-4"                   daemon [_thread_in_native, id=16476, stack(0x00000020ab000000,0x00000020ab100000) (1024K)]
  0x0000018d6c7ee7c0 JavaThread "Thread-5"                   daemon [_thread_in_native, id=16952, stack(0x00000020ab100000,0x00000020ab200000) (1024K)]
  0x0000018d6c7ed410 JavaThread "Thread-6"                   daemon [_thread_in_native, id=20388, stack(0x00000020ab200000,0x00000020ab300000) (1024K)]
  0x0000018d6c7eb340 JavaThread "Thread-7"                   daemon [_thread_in_native, id=3452, stack(0x00000020ab300000,0x00000020ab400000) (1024K)]
  0x0000018d6c7eee50 JavaThread "Thread-8"                   daemon [_thread_in_native, id=16148, stack(0x00000020ab400000,0x00000020ab500000) (1024K)]
  0x0000018d6c7ef4e0 JavaThread "Thread-9"                   daemon [_thread_in_native, id=312, stack(0x00000020ab500000,0x00000020ab600000) (1024K)]
  0x0000018d6c7ec060 JavaThread "pool-2-thread-1"                   [_thread_blocked, id=18384, stack(0x00000020ab600000,0x00000020ab700000) (1024K)]
  0x0000018d6c7f22d0 JavaThread "WorkspaceEventsHandler"            [_thread_blocked, id=3976, stack(0x00000020ab700000,0x00000020ab800000) (1024K)]
  0x0000018d6c7f1c40 JavaThread "pool-1-thread-1"                   [_thread_blocked, id=20848, stack(0x00000020ab800000,0x00000020ab900000) (1024K)]
  0x0000018d6c7efb70 JavaThread "ForkJoinPool.commonPool-worker-1" daemon [_thread_blocked, id=2832, stack(0x00000020ab900000,0x00000020aba00000) (1024K)]
  0x0000018d6c7f0200 JavaThread "ForkJoinPool.commonPool-worker-2" daemon [_thread_blocked, id=4820, stack(0x00000020aba00000,0x00000020abb00000) (1024K)]
  0x0000018d6c7f0f20 JavaThread "ForkJoinPool.commonPool-worker-3" daemon [_thread_blocked, id=20516, stack(0x00000020abb00000,0x00000020abc00000) (1024K)]
  0x0000018d6c7f2960 JavaThread "ForkJoinPool.commonPool-worker-4" daemon [_thread_blocked, id=9684, stack(0x00000020abc00000,0x00000020abd00000) (1024K)]
  0x0000018d6c7f0890 JavaThread "ForkJoinPool.commonPool-worker-5" daemon [_thread_blocked, id=3988, stack(0x00000020abd00000,0x00000020abe00000) (1024K)]
  0x0000018d6c7f15b0 JavaThread "ForkJoinPool.commonPool-worker-6" daemon [_thread_blocked, id=20864, stack(0x00000020abe00000,0x00000020abf00000) (1024K)]
  0x0000018d6cc7e0e0 JavaThread "ForkJoinPool.commonPool-worker-7" daemon [_thread_blocked, id=20424, stack(0x00000020abf00000,0x00000020ac000000) (1024K)]
  0x0000018d6cc7b980 JavaThread "Cleaner-0"                  daemon [_thread_blocked, id=13076, stack(0x00000020ac000000,0x00000020ac100000) (1024K)]
  0x0000018d6cc7f490 JavaThread "Worker-6"                          [_thread_blocked, id=8396, stack(0x00000020a8200000,0x00000020a8300000) (1024K)]
  0x0000018d6cc7d3c0 JavaThread "Worker-7"                          [_thread_blocked, id=5992, stack(0x00000020a8300000,0x00000020a8400000) (1024K)]
  0x0000018d6cc7ee00 JavaThread "Worker-8"                          [_thread_blocked, id=15884, stack(0x00000020a8400000,0x00000020a8500000) (1024K)]
  0x0000018d6cc801b0 JavaThread "LocalFile Deleter"          daemon [_thread_blocked, id=13096, stack(0x00000020aa400000,0x00000020aa500000) (1024K)]
  0x0000018d6cc7fb20 JavaThread "LocalFile Deleter"          daemon [_thread_blocked, id=17596, stack(0x00000020aa700000,0x00000020aa800000) (1024K)]
  0x0000018d6cc7cd30 JavaThread "LocalFile Deleter"          daemon [_thread_blocked, id=19048, stack(0x00000020aa800000,0x00000020aa900000) (1024K)]
  0x0000018d6cc80840 JavaThread "LocalFile Deleter"          daemon [_thread_blocked, id=14588, stack(0x00000020aaa00000,0x00000020aab00000) (1024K)]
  0x0000018d6cc80ed0 JavaThread "LocalFile Deleter"          daemon [_thread_blocked, id=11784, stack(0x00000020aab00000,0x00000020aac00000) (1024K)]
  0x0000018d6cc82280 JavaThread "LocalFile Deleter"          daemon [_thread_blocked, id=7764, stack(0x00000020aac00000,0x00000020aad00000) (1024K)]
  0x0000018d6cc81560 JavaThread "LocalFile Deleter"          daemon [_thread_blocked, id=4444, stack(0x00000020ac100000,0x00000020ac200000) (1024K)]
  0x0000018d6cc81bf0 JavaThread "LocalFile Deleter"          daemon [_thread_blocked, id=20868, stack(0x00000020ac200000,0x00000020ac300000) (1024K)]
  0x0000018d6b026750 JavaThread "Compiler Source File Reader" daemon [_thread_blocked, id=18288, stack(0x00000020a9200000,0x00000020a9300000) (1024K)]
  0x0000018d6b027470 JavaThread "Compiler Source File Reader" daemon [_thread_blocked, id=18132, stack(0x00000020a9400000,0x00000020a9500000) (1024K)]
  0x0000018d6b028190 JavaThread "Compiler Source File Reader" daemon [_thread_blocked, id=17504, stack(0x00000020ac300000,0x00000020ac400000) (1024K)]
  0x0000018d6c7ecd80 JavaThread "Compiler Source File Reader" daemon [_thread_blocked, id=4792, stack(0x00000020ac400000,0x00000020ac500000) (1024K)]
  0x0000018d6dfb7d00 JavaThread "Compiler Source File Reader" daemon [_thread_blocked, id=7972, stack(0x00000020ac500000,0x00000020ac600000) (1024K)]
  0x0000018d6dfb6950 JavaThread "Compiler Source File Reader" daemon [_thread_blocked, id=15820, stack(0x00000020ac600000,0x00000020ac700000) (1024K)]
  0x0000018d6dfba460 JavaThread "Compiler Processing Task"   daemon [_thread_blocked, id=17816, stack(0x00000020ac900000,0x00000020aca00000) (1024K)]
  0x0000018d6dfb7670 JavaThread "Compiler Class File Writer" daemon [_thread_blocked, id=13704, stack(0x00000020aca00000,0x00000020acb00000) (1024K)]
  0x0000018d6dfb90b0 JavaThread "Compiler Class File Writer" daemon [_thread_blocked, id=8692, stack(0x00000020acb00000,0x00000020acc00000) (1024K)]
  0x0000018d6dfb9740 JavaThread "Compiler Class File Writer" daemon [_thread_blocked, id=9720, stack(0x00000020acc00000,0x00000020acd00000) (1024K)]
  0x0000018d6dfb8a20 JavaThread "Compiler Class File Writer" daemon [_thread_blocked, id=18476, stack(0x00000020acd00000,0x00000020ace00000) (1024K)]
  0x0000018d6dfb6fe0 JavaThread "Compiler Class File Writer" daemon [_thread_blocked, id=10148, stack(0x00000020ace00000,0x00000020acf00000) (1024K)]
  0x0000018d6dfb8390 JavaThread "Compiler Class File Writer" daemon [_thread_blocked, id=16940, stack(0x00000020acf00000,0x00000020ad000000) (1024K)]
  0x0000018d6dfbd250 JavaThread "Worker-9"                          [_thread_blocked, id=6368, stack(0x00000020ad000000,0x00000020ad100000) (1024K)]
  0x0000018d6dfb9dd0 JavaThread "Worker-10"                         [_thread_blocked, id=4628, stack(0x00000020ac700000,0x00000020ac800000) (1024K)]
Total: 68

Other Threads:
  0x0000018d642225f0 VMThread "VM Thread"                           [id=8340, stack(0x00000020a8800000,0x00000020a8900000) (1024K)]
  0x0000018d6415ca00 WatcherThread "VM Periodic Task Thread"        [id=1788, stack(0x00000020a8700000,0x00000020a8800000) (1024K)]
  0x0000018d4d7e9e20 WorkerThread "GC Thread#0"                     [id=19232, stack(0x00000020a8600000,0x00000020a8700000) (1024K)]
  0x0000018d6a137b60 WorkerThread "GC Thread#1"                     [id=13724, stack(0x00000020a9500000,0x00000020a9600000) (1024K)]
  0x0000018d6a137f00 WorkerThread "GC Thread#2"                     [id=15204, stack(0x00000020a9600000,0x00000020a9700000) (1024K)]
  0x0000018d6a2ce410 WorkerThread "GC Thread#3"                     [id=15180, stack(0x00000020a9700000,0x00000020a9800000) (1024K)]
  0x0000018d6a2ce7b0 WorkerThread "GC Thread#4"                     [id=304, stack(0x00000020a9800000,0x00000020a9900000) (1024K)]
  0x0000018d6a2ceb50 WorkerThread "GC Thread#5"                     [id=7920, stack(0x00000020a9900000,0x00000020a9a00000) (1024K)]
  0x0000018d6a53bda0 WorkerThread "GC Thread#6"                     [id=17840, stack(0x00000020a9a00000,0x00000020a9b00000) (1024K)]
  0x0000018d6a98c880 WorkerThread "GC Thread#7"                     [id=19624, stack(0x00000020a9c00000,0x00000020a9d00000) (1024K)]
Total: 10

Threads with active compile tasks:
C2 CompilerThread0  274145 15320       4       org.eclipse.jdt.internal.compiler.lookup.LookupEnvironment::getTypeFromTypeSignature (770 bytes)
Total: 1

VM state: not at safepoint (normal execution)

VM Mutex/Monitor currently owned by a thread: None

Heap address: 0x0000000080000000, size: 2048 MB, Compressed Oops mode: 32-bit

CDS archive(s) mapped at: [0x0000018d00000000-0x0000018d00ba0000-0x0000018d00ba0000), size 12189696, SharedBaseAddress: 0x0000018d00000000, ArchiveRelocationMode: 1.
Compressed class space mapped at: 0x0000018d01000000-0x0000018d41000000, reserved size: 1073741824
Narrow klass base: 0x0000018d00000000, Narrow klass shift: 0, Narrow klass range: 0x100000000

GC Precious Log:
 CardTable entry size: 512
 CPUs: 8 total, 8 available
 Memory: 16221M
 Large Page Support: Disabled
 NUMA Support: Disabled
 Compressed Oops: Enabled (32-bit)
 Alignments: Space 512K, Generation 512K, Heap 2M
 Heap Min Capacity: 100M
 Heap Initial Capacity: 100M
 Heap Max Capacity: 2G
 Pre-touch: Disabled
 Parallel Workers: 8

Heap:
 PSYoungGen      total 3072K, used 1823K [0x00000000d5580000, 0x00000000d5d00000, 0x0000000100000000)
  eden space 2560K, 51% used [0x00000000d5580000,0x00000000d56c7f18,0x00000000d5800000)
  from space 512K, 100% used [0x00000000d5c80000,0x00000000d5d00000,0x00000000d5d00000)
  to   space 1024K, 0% used [0x00000000d5b00000,0x00000000d5b00000,0x00000000d5c00000)
 ParOldGen       total 283648K, used 283208K [0x0000000080000000, 0x0000000091500000, 0x00000000d5580000)
  object space 283648K, 99% used [0x0000000080000000,0x00000000914923f8,0x0000000091500000)
 Metaspace       used 76893K, committed 78656K, reserved 1179648K
  class space    used 8112K, committed 8896K, reserved 1048576K

Card table byte_map: [0x0000018d4d170000,0x0000018d4d580000] _byte_map_base: 0x0000018d4cd70000

Marking Bits: (ParMarkBitMap*) 0x00007ffce2992460
 Begin Bits: [0x0000018d5fc80000, 0x0000018d61c80000)
 End Bits:   [0x0000018d61c80000, 0x0000018d63c80000)

Polling page: 0x0000018d4b640000

Metaspace:

Usage:
  Non-class:     67.17 MB used.
      Class:      7.92 MB used.
       Both:     75.09 MB used.

Virtual space:
  Non-class space:      128.00 MB reserved,      68.12 MB ( 53%) committed,  2 nodes.
      Class space:        1.00 GB reserved,       8.69 MB ( <1%) committed,  1 nodes.
             Both:        1.12 GB reserved,      76.81 MB (  7%) committed. 

Chunk freelists:
   Non-Class:  11.32 MB
       Class:  7.14 MB
        Both:  18.46 MB

MaxMetaspaceSize: unlimited
CompressedClassSpaceSize: 1.00 GB
Initial GC threshold: 21.00 MB
Current GC threshold: 97.31 MB
CDS: on
 - commit_granule_bytes: 65536.
 - commit_granule_words: 8192.
 - virtual_space_node_default_size: 8388608.
 - enlarge_chunks_in_place: 1.
 - use_allocation_guard: 0.


Internal statistics:

num_allocs_failed_limit: 9.
num_arena_births: 1544.
num_arena_deaths: 14.
num_vsnodes_births: 3.
num_vsnodes_deaths: 0.
num_space_committed: 1229.
num_space_uncommitted: 0.
num_chunks_returned_to_freelist: 23.
num_chunks_taken_from_freelist: 5356.
num_chunk_merges: 11.
num_chunk_splits: 3279.
num_chunks_enlarged: 1774.
num_inconsistent_stats: 0.

CodeHeap 'non-profiled nmethods': size=120000Kb used=11688Kb max_used=11688Kb free=108311Kb
 bounds [0x0000018d584a0000, 0x0000018d59010000, 0x0000018d5f9d0000]
CodeHeap 'profiled nmethods': size=120000Kb used=33891Kb max_used=33891Kb free=86108Kb
 bounds [0x0000018d509d0000, 0x0000018d52af0000, 0x0000018d57f00000]
CodeHeap 'non-nmethods': size=5760Kb used=1482Kb max_used=1589Kb free=4277Kb
 bounds [0x0000018d57f00000, 0x0000018d58170000, 0x0000018d584a0000]
CodeCache: size=245760Kb, used=47061Kb, max_used=47168Kb, free=198696Kb
 total_blobs=15317, nmethods=14514, adapters=705, full_count=0
Compilation: enabled, stopped_count=0, restarted_count=0

Compilation events (20 events):
Event: 271.917 Thread 0x0000018d65b26ef0 nmethod 15310 0x0000018d52ae3c90 code [0x0000018d52ae3ee0, 0x0000018d52ae4928]
Event: 271.918 Thread 0x0000018d6424b910 15311       4       sun.nio.fs.WindowsPath::getParent (74 bytes)
Event: 271.923 Thread 0x0000018d65b26ef0 15313       3       org.eclipse.jdt.internal.core.JavaProject::computePackageFragmentRoots (63 bytes)
Event: 271.925 Thread 0x0000018d65b26ef0 nmethod 15313 0x0000018d52ae4c90 code [0x0000018d52ae4fc0, 0x0000018d52ae62d0]
Event: 271.925 Thread 0x0000018d65b26ef0 15316       3       org.eclipse.jdt.internal.compiler.parser.Scanner::isInModuleDeclaration (18 bytes)
Event: 271.925 Thread 0x0000018d65b26ef0 nmethod 15316 0x0000018d52ae6a90 code [0x0000018d52ae6c40, 0x0000018d52ae6de8]
Event: 271.925 Thread 0x0000018d65b26ef0 15315       3       java.lang.Runtime$Version::isSimpleNumber (49 bytes)
Event: 271.926 Thread 0x0000018d65b26ef0 nmethod 15315 0x0000018d52ae6e90 code [0x0000018d52ae70c0, 0x0000018d52ae7890]
Event: 271.926 Thread 0x0000018d65b26ef0 15314       3       java.lang.Runtime$Version::<init> (26 bytes)
Event: 271.926 Thread 0x0000018d65b26ef0 nmethod 15314 0x0000018d52ae7c10 code [0x0000018d52ae7dc0, 0x0000018d52ae7f78]
Event: 271.929 Thread 0x0000018d65b26ef0 15318       3       org.eclipse.jdt.internal.compiler.codegen.ConstantPool::literalIndexForType (35 bytes)
Event: 271.929 Thread 0x0000018d65b26ef0 nmethod 15318 0x0000018d52ae8010 code [0x0000018d52ae8200, 0x0000018d52ae8568]
Event: 272.932 Thread 0x0000018d6424b910 nmethod 15311 0x0000018d59008010 code [0x0000018d59008200, 0x0000018d59008b98]
Event: 272.932 Thread 0x0000018d6424b910 15312       4       sun.nio.fs.WindowsPath::getParent (5 bytes)
Event: 272.942 Thread 0x0000018d6424b910 nmethod 15312 0x0000018d59009190 code [0x0000018d59009380, 0x0000018d59009d18]
Event: 272.942 Thread 0x0000018d6424b910 15320       4       org.eclipse.jdt.internal.compiler.lookup.LookupEnvironment::getTypeFromTypeSignature (770 bytes)
Event: 272.944 Thread 0x0000018d65b26ef0 15321       3       java.util.stream.Nodes$SpinedNodeBuilder::begin (38 bytes)
Event: 272.944 Thread 0x0000018d65b26ef0 nmethod 15321 0x0000018d52ae8690 code [0x0000018d52ae8840, 0x0000018d52ae8a68]
Event: 272.944 Thread 0x0000018d65b26ef0 15322       3       java.util.stream.Nodes$SpinedNodeBuilder::end (29 bytes)
Event: 272.944 Thread 0x0000018d65b26ef0 nmethod 15322 0x0000018d52ae8b10 code [0x0000018d52ae8ca0, 0x0000018d52ae8dc0]

GC Heap History (20 events):
Event: 271.044 GC heap before
{Heap before GC invocations=162 (full 3):
 PSYoungGen      total 2048K, used 1664K [0x00000000d5580000, 0x00000000d5d00000, 0x0000000100000000)
  eden space 1536K, 100% used [0x00000000d5580000,0x00000000d5700000,0x00000000d5700000)
  from space 512K, 25% used [0x00000000d5c80000,0x00000000d5ca0000,0x00000000d5d00000)
  to   space 512K, 0% used [0x00000000d5c00000,0x00000000d5c00000,0x00000000d5c80000)
 ParOldGen       total 281600K, used 281586K [0x0000000080000000, 0x0000000091300000, 0x00000000d5580000)
  object space 281600K, 99% used [0x0000000080000000,0x00000000912fc8b8,0x0000000091300000)
 Metaspace       used 76874K, committed 78656K, reserved 1179648K
  class space    used 8111K, committed 8896K, reserved 1048576K
}
Event: 271.047 GC heap after
{Heap after GC invocations=162 (full 3):
 PSYoungGen      total 2048K, used 288K [0x00000000d5580000, 0x00000000d5d00000, 0x0000000100000000)
  eden space 1536K, 0% used [0x00000000d5580000,0x00000000d5580000,0x00000000d5700000)
  from space 512K, 56% used [0x00000000d5c00000,0x00000000d5c48000,0x00000000d5c80000)
  to   space 512K, 0% used [0x00000000d5c80000,0x00000000d5c80000,0x00000000d5d00000)
 ParOldGen       total 282112K, used 281666K [0x0000000080000000, 0x0000000091380000, 0x00000000d5580000)
  object space 282112K, 99% used [0x0000000080000000,0x00000000913108b8,0x0000000091380000)
 Metaspace       used 76874K, committed 78656K, reserved 1179648K
  class space    used 8111K, committed 8896K, reserved 1048576K
}
Event: 271.068 GC heap before
{Heap before GC invocations=163 (full 3):
 PSYoungGen      total 2048K, used 1824K [0x00000000d5580000, 0x00000000d5d00000, 0x0000000100000000)
  eden space 1536K, 100% used [0x00000000d5580000,0x00000000d5700000,0x00000000d5700000)
  from space 512K, 56% used [0x00000000d5c00000,0x00000000d5c48000,0x00000000d5c80000)
  to   space 512K, 0% used [0x00000000d5c80000,0x00000000d5c80000,0x00000000d5d00000)
 ParOldGen       total 282112K, used 281666K [0x0000000080000000, 0x0000000091380000, 0x00000000d5580000)
  object space 282112K, 99% used [0x0000000080000000,0x00000000913108b8,0x0000000091380000)
 Metaspace       used 76874K, committed 78656K, reserved 1179648K
  class space    used 8111K, committed 8896K, reserved 1048576K
}
Event: 271.070 GC heap after
{Heap after GC invocations=163 (full 3):
 PSYoungGen      total 2048K, used 218K [0x00000000d5580000, 0x00000000d5d00000, 0x0000000100000000)
  eden space 1536K, 0% used [0x00000000d5580000,0x00000000d5580000,0x00000000d5700000)
  from space 512K, 42% used [0x00000000d5c80000,0x00000000d5cb6900,0x00000000d5d00000)
  to   space 512K, 0% used [0x00000000d5c00000,0x00000000d5c00000,0x00000000d5c80000)
 ParOldGen       total 282112K, used 281818K [0x0000000080000000, 0x0000000091380000, 0x00000000d5580000)
  object space 282112K, 99% used [0x0000000080000000,0x00000000913368b8,0x0000000091380000)
 Metaspace       used 76874K, committed 78656K, reserved 1179648K
  class space    used 8111K, committed 8896K, reserved 1048576K
}
Event: 271.079 GC heap before
{Heap before GC invocations=164 (full 3):
 PSYoungGen      total 2048K, used 1754K [0x00000000d5580000, 0x00000000d5d00000, 0x0000000100000000)
  eden space 1536K, 100% used [0x00000000d5580000,0x00000000d5700000,0x00000000d5700000)
  from space 512K, 42% used [0x00000000d5c80000,0x00000000d5cb6900,0x00000000d5d00000)
  to   space 512K, 0% used [0x00000000d5c00000,0x00000000d5c00000,0x00000000d5c80000)
 ParOldGen       total 282112K, used 281818K [0x0000000080000000, 0x0000000091380000, 0x00000000d5580000)
  object space 282112K, 99% used [0x0000000080000000,0x00000000913368b8,0x0000000091380000)
 Metaspace       used 76874K, committed 78656K, reserved 1179648K
  class space    used 8111K, committed 8896K, reserved 1048576K
}
Event: 271.080 GC heap after
{Heap after GC invocations=164 (full 3):
 PSYoungGen      total 2048K, used 416K [0x00000000d5580000, 0x00000000d5d00000, 0x0000000100000000)
  eden space 1536K, 0% used [0x00000000d5580000,0x00000000d5580000,0x00000000d5700000)
  from space 512K, 81% used [0x00000000d5c00000,0x00000000d5c68000,0x00000000d5c80000)
  to   space 512K, 0% used [0x00000000d5c80000,0x00000000d5c80000,0x00000000d5d00000)
 ParOldGen       total 282112K, used 281974K [0x0000000080000000, 0x0000000091380000, 0x00000000d5580000)
  object space 282112K, 99% used [0x0000000080000000,0x000000009135dac8,0x0000000091380000)
 Metaspace       used 76874K, committed 78656K, reserved 1179648K
  class space    used 8111K, committed 8896K, reserved 1048576K
}
Event: 271.187 GC heap before
{Heap before GC invocations=165 (full 3):
 PSYoungGen      total 2048K, used 1952K [0x00000000d5580000, 0x00000000d5d00000, 0x0000000100000000)
  eden space 1536K, 100% used [0x00000000d5580000,0x00000000d5700000,0x00000000d5700000)
  from space 512K, 81% used [0x00000000d5c00000,0x00000000d5c68000,0x00000000d5c80000)
  to   space 512K, 0% used [0x00000000d5c80000,0x00000000d5c80000,0x00000000d5d00000)
 ParOldGen       total 282112K, used 281974K [0x0000000080000000, 0x0000000091380000, 0x00000000d5580000)
  object space 282112K, 99% used [0x0000000080000000,0x000000009135dac8,0x0000000091380000)
 Metaspace       used 76883K, committed 78656K, reserved 1179648K
  class space    used 8112K, committed 8896K, reserved 1048576K
}
Event: 271.193 GC heap after
{Heap after GC invocations=165 (full 3):
 PSYoungGen      total 2048K, used 288K [0x00000000d5580000, 0x00000000d5d00000, 0x0000000100000000)
  eden space 1536K, 0% used [0x00000000d5580000,0x00000000d5580000,0x00000000d5700000)
  from space 512K, 56% used [0x00000000d5c80000,0x00000000d5cc8000,0x00000000d5d00000)
  to   space 512K, 0% used [0x00000000d5c00000,0x00000000d5c00000,0x00000000d5c80000)
 ParOldGen       total 282624K, used 282262K [0x0000000080000000, 0x0000000091400000, 0x00000000d5580000)
  object space 282624K, 99% used [0x0000000080000000,0x00000000913a5ac8,0x0000000091400000)
 Metaspace       used 76883K, committed 78656K, reserved 1179648K
  class space    used 8112K, committed 8896K, reserved 1048576K
}
Event: 271.204 GC heap before
{Heap before GC invocations=166 (full 3):
 PSYoungGen      total 2048K, used 1824K [0x00000000d5580000, 0x00000000d5d00000, 0x0000000100000000)
  eden space 1536K, 100% used [0x00000000d5580000,0x00000000d5700000,0x00000000d5700000)
  from space 512K, 56% used [0x00000000d5c80000,0x00000000d5cc8000,0x00000000d5d00000)
  to   space 512K, 0% used [0x00000000d5c00000,0x00000000d5c00000,0x00000000d5c80000)
 ParOldGen       total 282624K, used 282262K [0x0000000080000000, 0x0000000091400000, 0x00000000d5580000)
  object space 282624K, 99% used [0x0000000080000000,0x00000000913a5ac8,0x0000000091400000)
 Metaspace       used 76886K, committed 78656K, reserved 1179648K
  class space    used 8112K, committed 8896K, reserved 1048576K
}
Event: 271.207 GC heap after
{Heap after GC invocations=166 (full 3):
 PSYoungGen      total 2048K, used 250K [0x00000000d5580000, 0x00000000d5d00000, 0x0000000100000000)
  eden space 1536K, 0% used [0x00000000d5580000,0x00000000d5580000,0x00000000d5700000)
  from space 512K, 48% used [0x00000000d5c00000,0x00000000d5c3e900,0x00000000d5c80000)
  to   space 512K, 0% used [0x00000000d5c80000,0x00000000d5c80000,0x00000000d5d00000)
 ParOldGen       total 282624K, used 282411K [0x0000000080000000, 0x0000000091400000, 0x00000000d5580000)
  object space 282624K, 99% used [0x0000000080000000,0x00000000913cad58,0x0000000091400000)
 Metaspace       used 76886K, committed 78656K, reserved 1179648K
  class space    used 8112K, committed 8896K, reserved 1048576K
}
Event: 271.212 GC heap before
{Heap before GC invocations=167 (full 3):
 PSYoungGen      total 2048K, used 1786K [0x00000000d5580000, 0x00000000d5d00000, 0x0000000100000000)
  eden space 1536K, 99% used [0x00000000d5580000,0x00000000d56fffe0,0x00000000d5700000)
  from space 512K, 48% used [0x00000000d5c00000,0x00000000d5c3e900,0x00000000d5c80000)
  to   space 512K, 0% used [0x00000000d5c80000,0x00000000d5c80000,0x00000000d5d00000)
 ParOldGen       total 282624K, used 282411K [0x0000000080000000, 0x0000000091400000, 0x00000000d5580000)
  object space 282624K, 99% used [0x0000000080000000,0x00000000913cad58,0x0000000091400000)
 Metaspace       used 76886K, committed 78656K, reserved 1179648K
  class space    used 8112K, committed 8896K, reserved 1048576K
}
Event: 271.214 GC heap after
{Heap after GC invocations=167 (full 3):
 PSYoungGen      total 2048K, used 352K [0x00000000d5580000, 0x00000000d5d00000, 0x0000000100000000)
  eden space 1536K, 0% used [0x00000000d5580000,0x00000000d5580000,0x00000000d5700000)
  from space 512K, 68% used [0x00000000d5c80000,0x00000000d5cd8000,0x00000000d5d00000)
  to   space 512K, 0% used [0x00000000d5c00000,0x00000000d5c00000,0x00000000d5c80000)
 ParOldGen       total 282624K, used 282583K [0x0000000080000000, 0x0000000091400000, 0x00000000d5580000)
  object space 282624K, 99% used [0x0000000080000000,0x00000000913f5f68,0x0000000091400000)
 Metaspace       used 76886K, committed 78656K, reserved 1179648K
  class space    used 8112K, committed 8896K, reserved 1048576K
}
Event: 271.919 GC heap before
{Heap before GC invocations=168 (full 3):
 PSYoungGen      total 2048K, used 1887K [0x00000000d5580000, 0x00000000d5d00000, 0x0000000100000000)
  eden space 1536K, 99% used [0x00000000d5580000,0x00000000d56fffb8,0x00000000d5700000)
  from space 512K, 68% used [0x00000000d5c80000,0x00000000d5cd8000,0x00000000d5d00000)
  to   space 512K, 0% used [0x00000000d5c00000,0x00000000d5c00000,0x00000000d5c80000)
 ParOldGen       total 282624K, used 282583K [0x0000000080000000, 0x0000000091400000, 0x00000000d5580000)
  object space 282624K, 99% used [0x0000000080000000,0x00000000913f5f68,0x0000000091400000)
 Metaspace       used 76890K, committed 78656K, reserved 1179648K
  class space    used 8112K, committed 8896K, reserved 1048576K
}
Event: 271.923 GC heap after
{Heap after GC invocations=168 (full 3):
 PSYoungGen      total 2048K, used 340K [0x00000000d5580000, 0x00000000d5d00000, 0x0000000100000000)
  eden space 1536K, 0% used [0x00000000d5580000,0x00000000d5580000,0x00000000d5700000)
  from space 512K, 66% used [0x00000000d5c00000,0x00000000d5c55200,0x00000000d5c80000)
  to   space 512K, 0% used [0x00000000d5c80000,0x00000000d5c80000,0x00000000d5d00000)
 ParOldGen       total 283136K, used 282863K [0x0000000080000000, 0x0000000091480000, 0x00000000d5580000)
  object space 283136K, 99% used [0x0000000080000000,0x000000009143bf68,0x0000000091480000)
 Metaspace       used 76890K, committed 78656K, reserved 1179648K
  class space    used 8112K, committed 8896K, reserved 1048576K
}
Event: 271.926 GC heap before
{Heap before GC invocations=169 (full 3):
 PSYoungGen      total 2048K, used 1876K [0x00000000d5580000, 0x00000000d5d00000, 0x0000000100000000)
  eden space 1536K, 99% used [0x00000000d5580000,0x00000000d56ffff8,0x00000000d5700000)
  from space 512K, 66% used [0x00000000d5c00000,0x00000000d5c55200,0x00000000d5c80000)
  to   space 512K, 0% used [0x00000000d5c80000,0x00000000d5c80000,0x00000000d5d00000)
 ParOldGen       total 283136K, used 282863K [0x0000000080000000, 0x0000000091480000, 0x00000000d5580000)
  object space 283136K, 99% used [0x0000000080000000,0x000000009143bf68,0x0000000091480000)
 Metaspace       used 76891K, committed 78656K, reserved 1179648K
  class space    used 8112K, committed 8896K, reserved 1048576K
}
Event: 271.928 GC heap after
{Heap after GC invocations=169 (full 3):
 PSYoungGen      total 2048K, used 448K [0x00000000d5580000, 0x00000000d5d00000, 0x0000000100000000)
  eden space 1536K, 0% used [0x00000000d5580000,0x00000000d5580000,0x00000000d5700000)
  from space 512K, 87% used [0x00000000d5c80000,0x00000000d5cf0000,0x00000000d5d00000)
  to   space 512K, 0% used [0x00000000d5c00000,0x00000000d5c00000,0x00000000d5c80000)
 ParOldGen       total 283136K, used 283080K [0x0000000080000000, 0x0000000091480000, 0x00000000d5580000)
  object space 283136K, 99% used [0x0000000080000000,0x00000000914723f8,0x0000000091480000)
 Metaspace       used 76891K, committed 78656K, reserved 1179648K
  class space    used 8112K, committed 8896K, reserved 1048576K
}
Event: 271.930 GC heap before
{Heap before GC invocations=170 (full 3):
 PSYoungGen      total 2048K, used 1969K [0x00000000d5580000, 0x00000000d5d00000, 0x0000000100000000)
  eden space 1536K, 99% used [0x00000000d5580000,0x00000000d56fc448,0x00000000d5700000)
  from space 512K, 87% used [0x00000000d5c80000,0x00000000d5cf0000,0x00000000d5d00000)
  to   space 512K, 0% used [0x00000000d5c00000,0x00000000d5c00000,0x00000000d5c80000)
 ParOldGen       total 283136K, used 283080K [0x0000000080000000, 0x0000000091480000, 0x00000000d5580000)
  object space 283136K, 99% used [0x0000000080000000,0x00000000914723f8,0x0000000091480000)
 Metaspace       used 76891K, committed 78656K, reserved 1179648K
  class space    used 8112K, committed 8896K, reserved 1048576K
}
Event: 272.931 GC heap after
{Heap after GC invocations=170 (full 3):
 PSYoungGen      total 2560K, used 192K [0x00000000d5580000, 0x00000000d5d00000, 0x0000000100000000)
  eden space 2048K, 0% used [0x00000000d5580000,0x00000000d5580000,0x00000000d5780000)
  from space 512K, 37% used [0x00000000d5c00000,0x00000000d5c30000,0x00000000d5c80000)
  to   space 512K, 0% used [0x00000000d5c80000,0x00000000d5c80000,0x00000000d5d00000)
 ParOldGen       total 283648K, used 283136K [0x0000000080000000, 0x0000000091500000, 0x00000000d5580000)
  object space 283648K, 99% used [0x0000000080000000,0x00000000914803f8,0x0000000091500000)
 Metaspace       used 76891K, committed 78656K, reserved 1179648K
  class space    used 8112K, committed 8896K, reserved 1048576K
}
Event: 272.937 GC heap before
{Heap before GC invocations=171 (full 3):
 PSYoungGen      total 2560K, used 2240K [0x00000000d5580000, 0x00000000d5d00000, 0x0000000100000000)
  eden space 2048K, 100% used [0x00000000d5580000,0x00000000d5780000,0x00000000d5780000)
  from space 512K, 37% used [0x00000000d5c00000,0x00000000d5c30000,0x00000000d5c80000)
  to   space 512K, 0% used [0x00000000d5c80000,0x00000000d5c80000,0x00000000d5d00000)
 ParOldGen       total 283648K, used 283136K [0x0000000080000000, 0x0000000091500000, 0x00000000d5580000)
  object space 283648K, 99% used [0x0000000080000000,0x00000000914803f8,0x0000000091500000)
 Metaspace       used 76891K, committed 78656K, reserved 1179648K
  class space    used 8112K, committed 8896K, reserved 1048576K
}
Event: 272.938 GC heap after
{Heap after GC invocations=171 (full 3):
 PSYoungGen      total 3072K, used 512K [0x00000000d5580000, 0x00000000d5d00000, 0x0000000100000000)
  eden space 2560K, 0% used [0x00000000d5580000,0x00000000d5580000,0x00000000d5800000)
  from space 512K, 100% used [0x00000000d5c80000,0x00000000d5d00000,0x00000000d5d00000)
  to   space 1024K, 0% used [0x00000000d5b00000,0x00000000d5b00000,0x00000000d5c00000)
 ParOldGen       total 283648K, used 283208K [0x0000000080000000, 0x0000000091500000, 0x00000000d5580000)
  object space 283648K, 99% used [0x0000000080000000,0x00000000914923f8,0x0000000091500000)
 Metaspace       used 76891K, committed 78656K, reserved 1179648K
  class space    used 8112K, committed 8896K, reserved 1048576K
}

Dll operation events (10 events):
Event: 0.016 Loaded shared library c:\Users\gabri\.vscode\extensions\redhat.java-1.51.0-win32-x64\jre\21.0.9-win32-x86_64\bin\java.dll
Event: 0.129 Loaded shared library c:\Users\gabri\.vscode\extensions\redhat.java-1.51.0-win32-x64\jre\21.0.9-win32-x86_64\bin\zip.dll
Event: 0.171 Loaded shared library C:\Users\gabri\.vscode\extensions\redhat.java-1.51.0-win32-x64\jre\21.0.9-win32-x86_64\bin\instrument.dll
Event: 0.178 Loaded shared library C:\Users\gabri\.vscode\extensions\redhat.java-1.51.0-win32-x64\jre\21.0.9-win32-x86_64\bin\net.dll
Event: 0.182 Loaded shared library C:\Users\gabri\.vscode\extensions\redhat.java-1.51.0-win32-x64\jre\21.0.9-win32-x86_64\bin\nio.dll
Event: 0.187 Loaded shared library C:\Users\gabri\.vscode\extensions\redhat.java-1.51.0-win32-x64\jre\21.0.9-win32-x86_64\bin\zip.dll
Event: 0.209 Loaded shared library C:\Users\gabri\.vscode\extensions\redhat.java-1.51.0-win32-x64\jre\21.0.9-win32-x86_64\bin\jimage.dll
Event: 0.300 Loaded shared library c:\Users\gabri\.vscode\extensions\redhat.java-1.51.0-win32-x64\jre\21.0.9-win32-x86_64\bin\verify.dll
Event: 2.069 Loaded shared library C:\Users\gabri\AppData\Roaming\Code\User\globalStorage\redhat.java\1.51.0\config_win\org.eclipse.equinox.launcher\org.eclipse.equinox.launcher.win32.win32.x86_64_1.2.1400.v20250801-0854\eclipse_11916.dll
Event: 3.440 Loaded shared library C:\Users\gabri\AppData\Local\Temp\jna-98110207\jna16243894924112305655.dll

Deoptimization events (20 events):
Event: 270.723 Thread 0x0000018d6c7f1c40 DEOPT PACKING pc=0x0000018d58fdac54 sp=0x00000020ab8fdbf0
Event: 270.723 Thread 0x0000018d6c7f1c40 DEOPT UNPACKING pc=0x0000018d57f53aa2 sp=0x00000020ab8fdb40 mode 2
Event: 270.723 Thread 0x0000018d6c7f1c40 Uncommon trap: trap_request=0xffffffbe fr.pc=0x0000018d58fdac54 relative=0x00000000000002b4
Event: 270.723 Thread 0x0000018d6c7f1c40 Uncommon trap: reason=profile_predicate action=maybe_recompile pc=0x0000018d58fdac54 method=sun.security.provider.HashDrbg.addBytes([BI[[B)V @ 36 c2
Event: 270.723 Thread 0x0000018d6c7f1c40 DEOPT PACKING pc=0x0000018d58fdac54 sp=0x00000020ab8fdbf0
Event: 270.723 Thread 0x0000018d6c7f1c40 DEOPT UNPACKING pc=0x0000018d57f53aa2 sp=0x00000020ab8fdb40 mode 2
Event: 270.750 Thread 0x0000018d6c7f1c40 DEOPT PACKING pc=0x0000018d518fe3c4 sp=0x00000020ab8fe4a0
Event: 270.750 Thread 0x0000018d6c7f1c40 DEOPT UNPACKING pc=0x0000018d57f54242 sp=0x00000020ab8fd980 mode 0
Event: 270.751 Thread 0x0000018d6c7f1c40 Uncommon trap: trap_request=0xffffffde fr.pc=0x0000018d5880b7c4 relative=0x0000000000001e04
Event: 270.751 Thread 0x0000018d6c7f1c40 Uncommon trap: reason=class_check action=maybe_recompile pc=0x0000018d5880b7c4 method=com.google.gson.internal.bind.TypeAdapters$15.read(Lcom/google/gson/stream/JsonReader;)Ljava/lang/String; @ 1 c2
Event: 270.751 Thread 0x0000018d6c7f1c40 DEOPT PACKING pc=0x0000018d5880b7c4 sp=0x00000020ab8fdf50
Event: 270.751 Thread 0x0000018d6c7f1c40 DEOPT UNPACKING pc=0x0000018d57f53aa2 sp=0x00000020ab8fdfa8 mode 2
Event: 270.762 Thread 0x0000018d6c7f1c40 Uncommon trap: trap_request=0xffffffde fr.pc=0x0000018d5880b7c4 relative=0x0000000000001e04
Event: 270.762 Thread 0x0000018d6c7f1c40 Uncommon trap: reason=class_check action=maybe_recompile pc=0x0000018d5880b7c4 method=com.google.gson.internal.bind.TypeAdapters$15.read(Lcom/google/gson/stream/JsonReader;)Ljava/lang/String; @ 1 c2
Event: 270.762 Thread 0x0000018d6c7f1c40 DEOPT PACKING pc=0x0000018d5880b7c4 sp=0x00000020ab8fdf50
Event: 270.762 Thread 0x0000018d6c7f1c40 DEOPT UNPACKING pc=0x0000018d57f53aa2 sp=0x00000020ab8fdfa8 mode 2
Event: 270.905 Thread 0x0000018d6b026de0 Uncommon trap: trap_request=0xffffff45 fr.pc=0x0000018d58d01584 relative=0x0000000000001824
Event: 270.905 Thread 0x0000018d6b026de0 Uncommon trap: reason=unstable_if action=reinterpret pc=0x0000018d58d01584 method=org.eclipse.jdt.internal.compiler.parser.Scanner.internalScanIdentifierOrKeyword(II[C)Lorg/eclipse/jdt/internal/compiler/parser/TerminalToken; @ 1731 c2
Event: 270.905 Thread 0x0000018d6b026de0 DEOPT PACKING pc=0x0000018d58d01584 sp=0x00000020aa5fe8b0
Event: 270.905 Thread 0x0000018d6b026de0 DEOPT UNPACKING pc=0x0000018d57f53aa2 sp=0x00000020aa5fe840 mode 2

Classes loaded (20 events):
Event: 259.932 Loading class java/io/CharArrayWriter
Event: 259.932 Loading class java/io/CharArrayWriter done
Event: 260.179 Loading class org/xml/sax/SAXNotRecognizedException
Event: 260.179 Loading class org/xml/sax/SAXNotRecognizedException done
Event: 260.180 Loading class org/xml/sax/SAXNotSupportedException
Event: 260.180 Loading class org/xml/sax/SAXNotSupportedException done
Event: 260.180 Loading class sun/nio/fs/WindowsFileCopy
Event: 260.181 Loading class sun/nio/fs/WindowsFileCopy done
Event: 260.181 Loading class com/sun/org/apache/xerces/internal/util/URI
Event: 260.182 Loading class com/sun/org/apache/xerces/internal/util/URI done
Event: 260.183 Loading class com/sun/org/apache/xerces/internal/xni/XNIException
Event: 260.183 Loading class com/sun/org/apache/xerces/internal/xni/XNIException done
Event: 260.186 Loading class com/sun/org/apache/xerces/internal/xni/parser/XMLParseException
Event: 260.186 Loading class com/sun/org/apache/xerces/internal/xni/parser/XMLParseException done
Event: 267.633 Loading class jdk/internal/module/IllegalAccessLogger
Event: 267.633 Loading class jdk/internal/module/IllegalAccessLogger done
Event: 267.687 Loading class java/nio/BufferMismatch
Event: 267.687 Loading class java/nio/BufferMismatch done
Event: 270.655 Loading class jdk/internal/module/IllegalAccessLogger
Event: 270.655 Loading class jdk/internal/module/IllegalAccessLogger done

Classes unloaded (7 events):
Event: 4.093 Thread 0x0000018d642225f0 Unloading class 0x0000018d011a3800 'java/lang/invoke/LambdaForm$MH+0x0000018d011a3800'
Event: 4.093 Thread 0x0000018d642225f0 Unloading class 0x0000018d011a3400 'java/lang/invoke/LambdaForm$MH+0x0000018d011a3400'
Event: 4.093 Thread 0x0000018d642225f0 Unloading class 0x0000018d011a3000 'java/lang/invoke/LambdaForm$MH+0x0000018d011a3000'
Event: 4.093 Thread 0x0000018d642225f0 Unloading class 0x0000018d011a2c00 'java/lang/invoke/LambdaForm$MH+0x0000018d011a2c00'
Event: 4.093 Thread 0x0000018d642225f0 Unloading class 0x0000018d011a2800 'java/lang/invoke/LambdaForm$BMH+0x0000018d011a2800'
Event: 4.093 Thread 0x0000018d642225f0 Unloading class 0x0000018d011a2400 'java/lang/invoke/LambdaForm$DMH+0x0000018d011a2400'
Event: 4.093 Thread 0x0000018d642225f0 Unloading class 0x0000018d011a1000 'java/lang/invoke/LambdaForm$DMH+0x0000018d011a1000'

Classes redefined (0 events):
No events

Internal exceptions (20 events):
Event: 259.992 Thread 0x0000018d6cc7f490 Exception <a 'sun/nio/fs/WindowsException'{0x00000000d62a1da0}> (0x00000000d62a1da0) 
thrown [s\src\hotspot\share\prims\jni.cpp, line 520]
Event: 259.993 Thread 0x0000018d6cc7f490 Exception <a 'sun/nio/fs/WindowsException'{0x00000000d62a3b18}> (0x00000000d62a3b18) 
thrown [s\src\hotspot\share\prims\jni.cpp, line 520]
Event: 259.993 Thread 0x0000018d6cc7f490 Exception <a 'sun/nio/fs/WindowsException'{0x00000000d62a4230}> (0x00000000d62a4230) 
thrown [s\src\hotspot\share\prims\jni.cpp, line 520]
Event: 260.181 Thread 0x0000018d6b027b00 Exception <a 'sun/nio/fs/WindowsException'{0x00000000d5aaf1e8}> (0x00000000d5aaf1e8) 
thrown [s\src\hotspot\share\prims\jni.cpp, line 520]
Event: 260.255 Thread 0x0000018d6cc7f490 Exception <a 'sun/nio/fs/WindowsException'{0x00000000d5cdd1c8}> (0x00000000d5cdd1c8) 
thrown [s\src\hotspot\share\prims\jni.cpp, line 520]
Event: 260.256 Thread 0x0000018d6cc801b0 Exception <a 'sun/nio/fs/WindowsException'{0x00000000d5d341c0}> (0x00000000d5d341c0) 
thrown [s\src\hotspot\share\prims\jni.cpp, line 520]
Event: 260.256 Thread 0x0000018d6cc7fb20 Exception <a 'sun/nio/fs/WindowsException'{0x00000000d5d592d0}> (0x00000000d5d592d0) 
thrown [s\src\hotspot\share\prims\jni.cpp, line 520]
Event: 260.275 Thread 0x0000018d6cc7f490 Exception <a 'sun/nio/fs/WindowsException'{0x00000000d5f0ac80}> (0x00000000d5f0ac80) 
thrown [s\src\hotspot\share\prims\jni.cpp, line 520]
Event: 260.275 Thread 0x0000018d6cc7f490 Exception <a 'sun/nio/fs/WindowsException'{0x00000000d5f0b398}> (0x00000000d5f0b398) 
thrown [s\src\hotspot\share\prims\jni.cpp, line 520]
Event: 260.433 Thread 0x0000018d6b027b00 Exception <a 'sun/nio/fs/WindowsException'{0x00000000d57cda48}> (0x00000000d57cda48) 
thrown [s\src\hotspot\share\prims\jni.cpp, line 520]
Event: 260.435 Thread 0x0000018d6b027b00 Implicit null exception at 0x0000018d58bc9e62 to 0x0000018d58bca2d0
Event: 267.439 Thread 0x0000018d6b027b00 Exception <a 'sun/nio/fs/WindowsException'{0x00000000d5e1cd50}> (0x00000000d5e1cd50) 
thrown [s\src\hotspot\share\prims\jni.cpp, line 520]
Event: 267.609 Thread 0x0000018d6b027b00 Exception <a 'sun/nio/fs/WindowsException'{0x00000000d56d9110}> (0x00000000d56d9110) 
thrown [s\src\hotspot\share\prims\jni.cpp, line 520]
Event: 270.488 Thread 0x0000018d6b027b00 Exception <a 'sun/nio/fs/WindowsException'{0x00000000d5686c08}> (0x00000000d5686c08) 
thrown [s\src\hotspot\share\prims\jni.cpp, line 520]
Event: 270.597 Thread 0x0000018d6c7f1c40 Exception <a 'java/lang/IncompatibleClassChangeError'{0x00000000d59e47d8}: Found class java.lang.Object, but interface was expected> (0x00000000d59e47d8) 
thrown [s\src\hotspot\share\interpreter\linkResolver.cpp, line 840]
Event: 270.671 Thread 0x0000018d6c7f1c40 Exception <a 'java/lang/ArrayIndexOutOfBoundsException'{0x00000000d567f850}: Index 94 out of bounds for length 94> (0x00000000d567f850) 
thrown [s\src\hotspot\share\interpreter\interpreterRuntime.cpp, line 439]
Event: 270.671 Thread 0x0000018d6c7f1c40 Exception <a 'java/lang/ArrayIndexOutOfBoundsException'{0x00000000d5690f58}: Index 94 out of bounds for length 94> (0x00000000d5690f58) 
thrown [s\src\hotspot\share\interpreter\interpreterRuntime.cpp, line 439]
Event: 270.671 Thread 0x0000018d6c7f1c40 Exception <a 'java/lang/ArrayIndexOutOfBoundsException'{0x00000000d56912d0}: Index 95 out of bounds for length 94> (0x00000000d56912d0) 
thrown [s\src\hotspot\share\interpreter\interpreterRuntime.cpp, line 439]
Event: 270.687 Thread 0x0000018d6b027b00 Exception <a 'sun/nio/fs/WindowsException'{0x00000000d5582560}> (0x00000000d5582560) 
thrown [s\src\hotspot\share\prims\jni.cpp, line 520]
Event: 270.751 Thread 0x0000018d6c7f1c40 Exception <a 'java/lang/IncompatibleClassChangeError'{0x00000000d55b6078}: Found class java.lang.Object, but interface was expected> (0x00000000d55b6078) 
thrown [s\src\hotspot\share\interpreter\linkResolver.cpp, line 840]

ZGC Phase Switch (0 events):
No events

VM Operations (20 events):
Event: 271.044 Executing VM operation: ParallelGCFailedAllocation (Allocation Failure)
Event: 271.047 Executing VM operation: ParallelGCFailedAllocation (Allocation Failure) done
Event: 271.068 Executing VM operation: ParallelGCFailedAllocation (Allocation Failure)
Event: 271.071 Executing VM operation: ParallelGCFailedAllocation (Allocation Failure) done
Event: 271.079 Executing VM operation: ParallelGCFailedAllocation (Allocation Failure)
Event: 271.080 Executing VM operation: ParallelGCFailedAllocation (Allocation Failure) done
Event: 271.186 Executing VM operation: ParallelGCFailedAllocation (Allocation Failure)
Event: 271.193 Executing VM operation: ParallelGCFailedAllocation (Allocation Failure) done
Event: 271.204 Executing VM operation: ParallelGCFailedAllocation (Allocation Failure)
Event: 271.207 Executing VM operation: ParallelGCFailedAllocation (Allocation Failure) done
Event: 271.212 Executing VM operation: ParallelGCFailedAllocation (Allocation Failure)
Event: 271.214 Executing VM operation: ParallelGCFailedAllocation (Allocation Failure) done
Event: 271.919 Executing VM operation: ParallelGCFailedAllocation (Allocation Failure)
Event: 271.923 Executing VM operation: ParallelGCFailedAllocation (Allocation Failure) done
Event: 271.926 Executing VM operation: ParallelGCFailedAllocation (Allocation Failure)
Event: 271.928 Executing VM operation: ParallelGCFailedAllocation (Allocation Failure) done
Event: 271.930 Executing VM operation: ParallelGCFailedAllocation (Allocation Failure)
Event: 272.931 Executing VM operation: ParallelGCFailedAllocation (Allocation Failure) done
Event: 272.937 Executing VM operation: ParallelGCFailedAllocation (Allocation Failure)
Event: 272.938 Executing VM operation: ParallelGCFailedAllocation (Allocation Failure) done

Memory protections (0 events):
No events

Nmethod flushes (20 events):
Event: 11.643 Thread 0x0000018d642225f0 flushing  nmethod 0x0000018d51279890
Event: 11.643 Thread 0x0000018d642225f0 flushing  nmethod 0x0000018d51298990
Event: 11.643 Thread 0x0000018d642225f0 flushing  nmethod 0x0000018d51299090
Event: 11.643 Thread 0x0000018d642225f0 flushing  nmethod 0x0000018d51299690
Event: 11.643 Thread 0x0000018d642225f0 flushing  nmethod 0x0000018d51299f10
Event: 11.643 Thread 0x0000018d642225f0 flushing  nmethod 0x0000018d5129a510
Event: 11.643 Thread 0x0000018d642225f0 flushing  nmethod 0x0000018d5129dd10
Event: 11.643 Thread 0x0000018d642225f0 flushing  nmethod 0x0000018d512a9290
Event: 11.643 Thread 0x0000018d642225f0 flushing  nmethod 0x0000018d512ad310
Event: 11.643 Thread 0x0000018d642225f0 flushing  nmethod 0x0000018d512c4610
Event: 11.643 Thread 0x0000018d642225f0 flushing  nmethod 0x0000018d512d8e10
Event: 11.643 Thread 0x0000018d642225f0 flushing  nmethod 0x0000018d512fb990
Event: 11.643 Thread 0x0000018d642225f0 flushing  nmethod 0x0000018d51338410
Event: 11.643 Thread 0x0000018d642225f0 flushing  nmethod 0x0000018d51339f10
Event: 11.643 Thread 0x0000018d642225f0 flushing  nmethod 0x0000018d51346410
Event: 11.643 Thread 0x0000018d642225f0 flushing  nmethod 0x0000018d51349a10
Event: 11.643 Thread 0x0000018d642225f0 flushing  nmethod 0x0000018d5134a190
Event: 11.643 Thread 0x0000018d642225f0 flushing  nmethod 0x0000018d5134a510
Event: 11.643 Thread 0x0000018d642225f0 flushing  nmethod 0x0000018d5134a890
Event: 11.643 Thread 0x0000018d642225f0 flushing  nmethod 0x0000018d5134d810

Events (20 events):
Event: 260.047 Thread 0x0000018d6cc7f490 Thread added: 0x0000018d6dfbb180
Event: 260.047 Thread 0x0000018d6cc7f490 Thread added: 0x0000018d6dfbb810
Event: 260.047 Thread 0x0000018d6cc7f490 Thread added: 0x0000018d6dfbbea0
Event: 260.047 Thread 0x0000018d6cc7f490 Thread added: 0x0000018d6dfbcbc0
Event: 260.132 Thread 0x0000018d6dfbaaf0 Thread exited: 0x0000018d6dfbaaf0
Event: 260.133 Thread 0x0000018d6dfbb180 Thread exited: 0x0000018d6dfbb180
Event: 260.133 Thread 0x0000018d6dfbcbc0 Thread exited: 0x0000018d6dfbcbc0
Event: 260.133 Thread 0x0000018d6dfbb810 Thread exited: 0x0000018d6dfbb810
Event: 260.133 Thread 0x0000018d6dfbbea0 Thread exited: 0x0000018d6dfbbea0
Event: 264.980 Thread 0x0000018d6ea9e820 Thread exited: 0x0000018d6ea9e820
Event: 266.271 Thread 0x0000018d6b6c29b0 Thread exited: 0x0000018d6b6c29b0
Event: 267.197 Thread 0x0000018d6424b910 Thread added: 0x0000018d6ae3c760
Event: 267.434 Thread 0x0000018d6ae3c760 Thread exited: 0x0000018d6ae3c760
Event: 267.435 Thread 0x0000018d6b029540 Thread added: 0x0000018d6dfb9dd0
Event: 267.604 Thread 0x0000018d65b26ef0 Thread added: 0x0000018d6ae3c760
Event: 269.327 Thread 0x0000018d6ae3c760 Thread exited: 0x0000018d6ae3c760
Event: 269.393 Thread 0x0000018d65b26ef0 Thread added: 0x0000018d6ae3c760
Event: 269.529 Thread 0x0000018d6ae3c760 Thread exited: 0x0000018d6ae3c760
Event: 270.613 Thread 0x0000018d65b26ef0 Thread added: 0x0000018d6b6ba9e0
Event: 271.164 Thread 0x0000018d6b6ba9e0 Thread exited: 0x0000018d6b6ba9e0


Dynamic libraries:
0x00007ff65cb80000 - 0x00007ff65cb8e000 	c:\Users\gabri\.vscode\extensions\redhat.java-1.51.0-win32-x64\jre\21.0.9-win32-x86_64\bin\java.exe
0x00007ffd96000000 - 0x00007ffd96267000 	C:\WINDOWS\SYSTEM32\ntdll.dll
0x00007ffd94330000 - 0x00007ffd943f9000 	C:\WINDOWS\System32\KERNEL32.DLL
0x00007ffd93830000 - 0x00007ffd93c1f000 	C:\WINDOWS\System32\KERNELBASE.dll
0x00007ffd93620000 - 0x00007ffd9376b000 	C:\WINDOWS\System32\ucrtbase.dll
0x00007ffd82010000 - 0x00007ffd82028000 	c:\Users\gabri\.vscode\extensions\redhat.java-1.51.0-win32-x64\jre\21.0.9-win32-x86_64\bin\jli.dll
0x00007ffd831d0000 - 0x00007ffd831ee000 	c:\Users\gabri\.vscode\extensions\redhat.java-1.51.0-win32-x64\jre\21.0.9-win32-x86_64\bin\VCRUNTIME140.dll
0x00007ffd95a20000 - 0x00007ffd95be5000 	C:\WINDOWS\System32\USER32.dll
0x00007ffd93770000 - 0x00007ffd93797000 	C:\WINDOWS\System32\win32u.dll
0x00007ffd94c50000 - 0x00007ffd94c7b000 	C:\WINDOWS\System32\GDI32.dll
0x00007ffd7a140000 - 0x00007ffd7a3d3000 	C:\WINDOWS\WinSxS\amd64_microsoft.windows.common-controls_6595b64144ccf1df_6.0.26100.7309_none_3e05feeae336a044\COMCTL32.dll
0x00007ffd93370000 - 0x00007ffd9349c000 	C:\WINDOWS\System32\gdi32full.dll
0x00007ffd94ba0000 - 0x00007ffd94c49000 	C:\WINDOWS\System32\msvcrt.dll
0x00007ffd93210000 - 0x00007ffd932b3000 	C:\WINDOWS\System32\msvcp_win.dll
0x00007ffd94400000 - 0x00007ffd94431000 	C:\WINDOWS\System32\IMM32.DLL
0x00007ffd8dff0000 - 0x00007ffd8dffc000 	c:\Users\gabri\.vscode\extensions\redhat.java-1.51.0-win32-x64\jre\21.0.9-win32-x86_64\bin\vcruntime140_1.dll
0x00007ffd53f20000 - 0x00007ffd53fad000 	c:\Users\gabri\.vscode\extensions\redhat.java-1.51.0-win32-x64\jre\21.0.9-win32-x86_64\bin\msvcp140.dll
0x00007ffce1cd0000 - 0x00007ffce2a70000 	c:\Users\gabri\.vscode\extensions\redhat.java-1.51.0-win32-x64\jre\21.0.9-win32-x86_64\bin\server\jvm.dll
0x00007ffd954a0000 - 0x00007ffd95554000 	C:\WINDOWS\System32\ADVAPI32.dll
0x00007ffd95bf0000 - 0x00007ffd95c96000 	C:\WINDOWS\System32\sechost.dll
0x00007ffd94070000 - 0x00007ffd94188000 	C:\WINDOWS\System32\RPCRT4.dll
0x00007ffd942b0000 - 0x00007ffd94324000 	C:\WINDOWS\System32\WS2_32.dll
0x00007ffd92fb0000 - 0x00007ffd9300e000 	C:\WINDOWS\SYSTEM32\POWRPROF.dll
0x00007ffd80b60000 - 0x00007ffd80b95000 	C:\WINDOWS\SYSTEM32\WINMM.dll
0x00007ffd8add0000 - 0x00007ffd8addb000 	C:\WINDOWS\SYSTEM32\VERSION.dll
0x00007ffd92f90000 - 0x00007ffd92fa4000 	C:\WINDOWS\SYSTEM32\UMPDC.dll
0x00007ffd91ec0000 - 0x00007ffd91edb000 	C:\WINDOWS\SYSTEM32\kernel.appcore.dll
0x00007ffd83520000 - 0x00007ffd8352a000 	c:\Users\gabri\.vscode\extensions\redhat.java-1.51.0-win32-x64\jre\21.0.9-win32-x86_64\bin\jimage.dll
0x00007ffd7a3e0000 - 0x00007ffd7a622000 	C:\WINDOWS\SYSTEM32\DBGHELP.DLL
0x00007ffd94dd0000 - 0x00007ffd95155000 	C:\WINDOWS\System32\combase.dll
0x00007ffd94ce0000 - 0x00007ffd94db6000 	C:\WINDOWS\System32\OLEAUT32.dll
0x00007ffd6af60000 - 0x00007ffd6af9c000 	C:\WINDOWS\SYSTEM32\dbgcore.DLL
0x00007ffd932c0000 - 0x00007ffd93365000 	C:\WINDOWS\System32\bcryptPrimitives.dll
0x00007ffd832f0000 - 0x00007ffd832ff000 	c:\Users\gabri\.vscode\extensions\redhat.java-1.51.0-win32-x64\jre\21.0.9-win32-x86_64\bin\instrument.dll
0x00007ffd81fd0000 - 0x00007ffd81ff0000 	c:\Users\gabri\.vscode\extensions\redhat.java-1.51.0-win32-x64\jre\21.0.9-win32-x86_64\bin\java.dll
0x00007ffd94440000 - 0x00007ffd94b93000 	C:\WINDOWS\System32\SHELL32.dll
0x00007ffd93c30000 - 0x00007ffd93d9a000 	C:\WINDOWS\System32\wintypes.dll
0x00007ffd90d30000 - 0x00007ffd9158e000 	C:\WINDOWS\SYSTEM32\windows.storage.dll
0x00007ffd95ec0000 - 0x00007ffd95fb5000 	C:\WINDOWS\System32\SHCORE.dll
0x00007ffd952d0000 - 0x00007ffd95336000 	C:\WINDOWS\System32\shlwapi.dll
0x00007ffd93070000 - 0x00007ffd93099000 	C:\WINDOWS\SYSTEM32\profapi.dll
0x00007ffd8dfb0000 - 0x00007ffd8dfc8000 	c:\Users\gabri\.vscode\extensions\redhat.java-1.51.0-win32-x64\jre\21.0.9-win32-x86_64\bin\zip.dll
0x00007ffd83180000 - 0x00007ffd83190000 	C:\Users\gabri\.vscode\extensions\redhat.java-1.51.0-win32-x64\jre\21.0.9-win32-x86_64\bin\net.dll
0x00007ffd89a70000 - 0x00007ffd89b98000 	C:\WINDOWS\SYSTEM32\WINHTTP.dll
0x00007ffd92420000 - 0x00007ffd9248b000 	C:\WINDOWS\system32\mswsock.dll
0x00007ffd81b70000 - 0x00007ffd81b86000 	C:\Users\gabri\.vscode\extensions\redhat.java-1.51.0-win32-x64\jre\21.0.9-win32-x86_64\bin\nio.dll
0x00007ffd83110000 - 0x00007ffd83120000 	c:\Users\gabri\.vscode\extensions\redhat.java-1.51.0-win32-x64\jre\21.0.9-win32-x86_64\bin\verify.dll
0x00007ffd66370000 - 0x00007ffd663b4000 	C:\Users\gabri\AppData\Roaming\Code\User\globalStorage\redhat.java\1.51.0\config_win\org.eclipse.equinox.launcher\org.eclipse.equinox.launcher.win32.win32.x86_64_1.2.1400.v20250801-0854\eclipse_11916.dll
0x00007ffd95ca0000 - 0x00007ffd95e37000 	C:\WINDOWS\System32\ole32.dll
0x00007ffd92720000 - 0x00007ffd9273b000 	C:\WINDOWS\SYSTEM32\CRYPTSP.dll
0x00007ffd91e20000 - 0x00007ffd91e5a000 	C:\WINDOWS\system32\rsaenh.dll
0x00007ffd924d0000 - 0x00007ffd924fb000 	C:\WINDOWS\SYSTEM32\USERENV.dll
0x00007ffd93040000 - 0x00007ffd9306a000 	C:\WINDOWS\SYSTEM32\bcrypt.dll
0x00007ffd92710000 - 0x00007ffd9271c000 	C:\WINDOWS\SYSTEM32\CRYPTBASE.dll
0x00007ffd918b0000 - 0x00007ffd918e4000 	C:\WINDOWS\SYSTEM32\IPHLPAPI.DLL
0x00007ffd94dc0000 - 0x00007ffd94dca000 	C:\WINDOWS\System32\NSI.dll
0x00007ffd650a0000 - 0x00007ffd650e9000 	C:\Users\gabri\AppData\Local\Temp\jna-98110207\jna16243894924112305655.dll
0x00007ffd95340000 - 0x00007ffd95348000 	C:\WINDOWS\System32\PSAPI.DLL
0x00007ffd89920000 - 0x00007ffd8993e000 	C:\WINDOWS\SYSTEM32\dhcpcsvc6.DLL
0x00007ffd897d0000 - 0x00007ffd897f3000 	C:\WINDOWS\SYSTEM32\dhcpcsvc.DLL

JVMTI agents:
c:\Users\gabri\.vscode\extensions\redhat.java-1.51.0-win32-x64\lombok\lombok-1.18.39-4050.jar path:c:\Users\gabri\.vscode\extensions\redhat.java-1.51.0-win32-x64\jre\21.0.9-win32-x86_64\bin\instrument.dll, loaded, initialized, instrumentlib options:none

dbghelp: loaded successfully - version: 4.0.5 - missing functions: none
symbol engine: initialized successfully - sym options: 0x614 - pdb path: .;c:\Users\gabri\.vscode\extensions\redhat.java-1.51.0-win32-x64\jre\21.0.9-win32-x86_64\bin;C:\WINDOWS\SYSTEM32;C:\WINDOWS\WinSxS\amd64_microsoft.windows.common-controls_6595b64144ccf1df_6.0.26100.7309_none_3e05feeae336a044;c:\Users\gabri\.vscode\extensions\redhat.java-1.51.0-win32-x64\jre\21.0.9-win32-x86_64\bin\server;C:\Users\gabri\AppData\Roaming\Code\User\globalStorage\redhat.java\1.51.0\config_win\org.eclipse.equinox.launcher\org.eclipse.equinox.launcher.win32.win32.x86_64_1.2.1400.v20250801-0854;C:\Users\gabri\AppData\Local\Temp\jna-98110207

VM Arguments:
jvm_args: --add-modules=ALL-SYSTEM --add-opens=java.base/java.util=ALL-UNNAMED --add-opens=java.base/java.lang=ALL-UNNAMED --add-opens=java.base/sun.nio.fs=ALL-UNNAMED -Declipse.application=org.eclipse.jdt.ls.core.id1 -Dosgi.bundles.defaultStartLevel=4 -Declipse.product=org.eclipse.jdt.ls.core.product -Djava.import.generatesMetadataFilesAtProjectRoot=false -DDetectVMInstallationsJob.disabled=true -Dfile.encoding=utf8 -XX:+UseParallelGC -XX:GCTimeRatio=4 -XX:AdaptiveSizePolicyWeight=90 -Dsun.zip.disableMemoryMapping=true -Xmx2G -Xms100m -Xlog:disable -javaagent:c:\Users\gabri\.vscode\extensions\redhat.java-1.51.0-win32-x64\lombok\lombok-1.18.39-4050.jar -XX:+HeapDumpOnOutOfMemoryError -XX:HeapDumpPath=c:\Users\gabri\AppData\Roaming\Code\User\workspaceStorage\e14d0158649c4a8f8b96c9572e09e2af\redhat.java -Daether.dependencyCollector.impl=bf 
java_command: c:\Users\gabri\.vscode\extensions\redhat.java-1.51.0-win32-x64\server\plugins\org.eclipse.equinox.launcher_1.7.100.v20251111-0406.jar -configuration c:\Users\gabri\AppData\Roaming\Code\User\globalStorage\redhat.java\1.51.0\config_win -data c:\Users\gabri\AppData\Roaming\Code\User\workspaceStorage\e14d0158649c4a8f8b96c9572e09e2af\redhat.java\jdt_ws --pipe=\\.\pipe\lsp-8e377ae8ce67b64d6b0f44018bbdb56f-sock
java_class_path (initial): c:\Users\gabri\.vscode\extensions\redhat.java-1.51.0-win32-x64\server\plugins\org.eclipse.equinox.launcher_1.7.100.v20251111-0406.jar
Launcher Type: SUN_STANDARD

[Global flags]
    uintx AdaptiveSizePolicyWeight                 = 90                                        {product} {command line}
     intx CICompilerCount                          = 4                                         {product} {ergonomic}
    uintx GCTimeRatio                              = 4                                         {product} {command line}
     bool HeapDumpOnOutOfMemoryError               = true                                   {manageable} {command line}
    ccstr HeapDumpPath                             = c:\Users\gabri\AppData\Roaming\Code\User\workspaceStorage\e14d0158649c4a8f8b96c9572e09e2af\redhat.java         {manageable} {command line}
   size_t InitialHeapSize                          = 104857600                                 {product} {command line}
   size_t MaxHeapSize                              = 2147483648                                {product} {command line}
   size_t MaxNewSize                               = 715653120                                 {product} {ergonomic}
   size_t MinHeapDeltaBytes                        = 524288                                    {product} {ergonomic}
   size_t MinHeapSize                              = 104857600                                 {product} {command line}
   size_t NewSize                                  = 34603008                                  {product} {ergonomic}
    uintx NonNMethodCodeHeapSize                   = 5839372                                {pd product} {ergonomic}
    uintx NonProfiledCodeHeapSize                  = 122909434                              {pd product} {ergonomic}
   size_t OldSize                                  = 70254592                                  {product} {ergonomic}
    uintx ProfiledCodeHeapSize                     = 122909434                              {pd product} {ergonomic}
    uintx ReservedCodeCacheSize                    = 251658240                              {pd product} {ergonomic}
     bool SegmentedCodeCache                       = true                                      {product} {ergonomic}
   size_t SoftMaxHeapSize                          = 2147483648                             {manageable} {ergonomic}
     bool UseCompressedOops                        = true                           {product lp64_product} {ergonomic}
     bool UseLargePagesIndividualAllocation        = false                                  {pd product} {ergonomic}
     bool UseParallelGC                            = true                                      {product} {command line}

Logging:
Log output configuration:
 #0: stdout all=off uptime,level,tags foldmultilines=false
 #1: stderr all=off uptime,level,tags foldmultilines=false

Release file:
JAVA_VERSION="21.0.9" 
MODULES="java.base java.compiler java.datatransfer java.xml java.prefs java.desktop java.instrument java.logging java.management java.security.sasl java.naming java.rmi java.management.rmi java.net.http java.scripting java.security.jgss java.transaction.xa java.sql java.sql.rowset java.xml.crypto java.se java.smartcardio jdk.accessibility jdk.internal.jvmstat jdk.attach jdk.charsets jdk.internal.opt jdk.zipfs jdk.compiler jdk.crypto.ec jdk.crypto.cryptoki jdk.crypto.mscapi jdk.dynalink jdk.internal.ed jdk.editpad jdk.hotspot.agent jdk.httpserver jdk.internal.le jdk.internal.vm.ci jdk.internal.vm.compiler jdk.internal.vm.compiler.management jdk.jartool jdk.javadoc jdk.jcmd jdk.management jdk.management.agent jdk.jconsole jdk.jdeps jdk.jdwp.agent jdk.jdi jdk.jfr jdk.jshell jdk.jsobject jdk.jstatd jdk.localedata jdk.management.jfr jdk.naming.dns jdk.naming.rmi jdk.net jdk.nio.mapmode jdk.random jdk.sctp jdk.security.auth jdk.security.jgss jdk.unsupported jdk.unsupported.desktop jdk.xml.dom" 

Environment Variables:
JAVA_HOME=C:\Program Files\Java\jdk-25_windows-x64_bin\jdk-25.0.1
PATH=C:\Program Files\Eclipse Adoptium\jdk-25.0.1.8-hotspot\bin;C:\Python314\Scripts\;C:\Python314\;C:\Program Files\Java\jdk-25_windows-x64_bin\jdk-25.0.1\bin;C:\WINDOWS\system32;C:\WINDOWS;C:\WINDOWS\System32\Wbem;C:\WINDOWS\System32\WindowsPowerShell\v1.0\;C:\WINDOWS\System32\OpenSSH\;C:\Program Files\NVIDIA Corporation\NVIDIA App\NvDLISR;C:\Program Files (x86)\NVIDIA Corporation\PhysX\Common;C:\Program Files\nodejs\;C:\ProgramData\chocolatey\bin;C:\Program Files\Git\cmd;C:\Program Files\MySQL\MySQL Shell 8.0\bin\;C:\Program Files\PostgreSQL\18\bin;C:\Users\gabri\AppData\Local\Microsoft\WindowsApps;D:\VsCode\Microsoft VS Code\bin;D:\IntellJi\IntelliJ IDEA Community Edition 2025.2.4\bin;C:\Users\gabri\AppData\Roaming\npm;
USERNAME=gabri
OS=Windows_NT
PROCESSOR_IDENTIFIER=Intel64 Family 6 Model 158 Stepping 10, GenuineIntel
TMP=C:\Users\gabri\AppData\Local\Temp
TEMP=C:\Users\gabri\AppData\Local\Temp




Periodic native trim disabled

---------------  S Y S T E M  ---------------

OS:
 Windows 11 , 64 bit Build 26100 (10.0.26100.7309)
OS uptime: 1 days 22:08 hours
Hyper-V role detected

CPU: total 8 (initial active 8) (4 cores per cpu, 2 threads per core) family 6 model 158 stepping 10 microcode 0xde, cx8, cmov, fxsr, ht, mmx, 3dnowpref, sse, sse2, sse3, ssse3, sse4.1, sse4.2, popcnt, lzcnt, tsc, tscinvbit, avx, avx2, aes, erms, clmul, bmi1, bmi2, adx, fma, vzeroupper, clflush, clflushopt, hv, rdtscp, f16c
Processor Information for the first 8 processors :
  Max Mhz: 2400, Current Mhz: 2400, Mhz Limit: 2400

Memory: 4k page, system-wide physical 16221M (7264M free)
TotalPageFile size 31340M (AvailPageFile size 10M)
current process WorkingSet (physical memory assigned to process): 520M, peak: 549M
current process commit charge ("private bytes"): 588M, peak: 618M

vm_info: OpenJDK 64-Bit Server VM (21.0.9+10-LTS) for windows-amd64 JRE (21.0.9+10-LTS), built on 2025-10-21T00:00:00Z by "admin" with unknown MS VC++:1942

END.
