#
# There is insufficient memory for the Java Runtime Environment to continue.
# Native memory allocation (malloc) failed to allocate 459856 bytes. Error detail: Chunk::new
# Possible reasons:
#   The system is out of physical RAM or swap space
#   This process is running with CompressedOops enabled, and the Java Heap may be blocking the growth of the native heap
# Possible solutions:
#   Reduce memory load on the system
#   Increase physical memory or swap space
#   Check if swap backing store is full
#   Decrease Java heap size (-Xmx/-Xms)
#   Decrease number of Java threads
#   Decrease Java thread stack sizes (-Xss)
#   Set larger code cache with -XX:ReservedCodeCacheSize=
#   JVM is running with Unscaled Compressed Oops mode in which the Java heap is
#     placed in the first 4GB address space. The Java Heap base address is the
#     maximum limit for the native heap growth. Please use -XX:HeapBaseMinAddress
#     to set the Java Heap base and to place the Java Heap above 4GB virtual address.
# This output file may be truncated or incomplete.
#
#  Out of Memory Error (arena.cpp:168), pid=5988, tid=14700
#
# JRE version: OpenJDK Runtime Environment Temurin-21.0.9+10 (21.0.9+10) (build 21.0.9+10-LTS)
# Java VM: OpenJDK 64-Bit Server VM Temurin-21.0.9+10 (21.0.9+10-LTS, mixed mode, sharing, tiered, compressed oops, compressed class ptrs, parallel gc, windows-amd64)
# No core dump will be written. Minidumps are not enabled by default on client versions of Windows
#

---------------  S U M M A R Y ------------

Command Line: --add-modules=ALL-SYSTEM --add-opens=java.base/java.util=ALL-UNNAMED --add-opens=java.base/java.lang=ALL-UNNAMED --add-opens=java.base/sun.nio.fs=ALL-UNNAMED -Declipse.application=org.eclipse.jdt.ls.core.id1 -Dosgi.bundles.defaultStartLevel=4 -Declipse.product=org.eclipse.jdt.ls.core.product -Djava.import.generatesMetadataFilesAtProjectRoot=false -DDetectVMInstallationsJob.disabled=true -Dfile.encoding=utf8 -XX:+UseParallelGC -XX:GCTimeRatio=4 -XX:AdaptiveSizePolicyWeight=90 -Dsun.zip.disableMemoryMapping=true -Xmx2G -Xms100m -Xlog:disable -javaagent:c:\Users\gabri\.vscode\extensions\redhat.java-1.51.0-win32-x64\lombok\lombok-1.18.39-4050.jar -XX:+HeapDumpOnOutOfMemoryError -XX:HeapDumpPath=c:\Users\gabri\AppData\Roaming\Code\User\workspaceStorage\e14d0158649c4a8f8b96c9572e09e2af\redhat.java -Daether.dependencyCollector.impl=bf c:\Users\gabri\.vscode\extensions\redhat.java-1.51.0-win32-x64\server\plugins\org.eclipse.equinox.launcher_1.7.100.v20251111-0406.jar -configuration c:\Users\gabri\AppData\Roaming\Code\User\globalStorage\redhat.java\1.51.0\config_win -data c:\Users\gabri\AppData\Roaming\Code\User\workspaceStorage\e14d0158649c4a8f8b96c9572e09e2af\redhat.java\jdt_ws --pipe=\\.\pipe\lsp-1bcac085e76cc424f1af4e3892ff090e-sock

Host: Intel(R) Core(TM) i5-9300H CPU @ 2.40GHz, 8 cores, 15G,  Windows 11 , 64 bit Build 26100 (10.0.26100.7309)
Time: Fri Jan  9 17:12:33 2026 Hora oficial do Brasil elapsed time: 59.535715 seconds (0d 0h 0m 59s)

---------------  T H R E A D  ---------------

Current thread (0x000001f0f0b0a280):  JavaThread "C2 CompilerThread1" daemon [_thread_in_native, id=14700, stack(0x00000099a4000000,0x00000099a4100000) (1024K)]


Current CompileTask:
C2:59536 14154       4       org.eclipse.jdt.internal.core.builder.NameEnvironment::findClass (486 bytes)

Stack: [0x00000099a4000000,0x00000099a4100000]
Native frames: (J=compiled Java code, j=interpreted, Vv=VM code, C=native code)
V  [jvm.dll+0x6d6e29]
V  [jvm.dll+0x8b4b76]
V  [jvm.dll+0x8b712e]
V  [jvm.dll+0x8b7813]
V  [jvm.dll+0x283d86]
V  [jvm.dll+0xc66ed]
V  [jvm.dll+0xc6c31]
V  [jvm.dll+0x3be501]
V  [jvm.dll+0x38ab92]
V  [jvm.dll+0x389fda]
V  [jvm.dll+0x24bfa0]
V  [jvm.dll+0x24b580]
V  [jvm.dll+0x1cb13e]
V  [jvm.dll+0x25b29d]
V  [jvm.dll+0x25982a]
V  [jvm.dll+0x3f7ea6]
V  [jvm.dll+0x85e9ad]
V  [jvm.dll+0x6d565d]
C  [ucrtbase.dll+0x37b0]
C  [KERNEL32.DLL+0x2e8d7]
C  [ntdll.dll+0x8c53c]


---------------  P R O C E S S  ---------------

Threads class SMR info:
_java_thread_list=0x000001f0f7dcfdb0, length=70, elements={
0x000001f09758ba90, 0x000001f0974fd570, 0x000001f097500250, 0x000001f097506460,
0x000001f097506eb0, 0x000001f09750fb30, 0x000001f097512590, 0x000001f0975133c0,
0x000001f0f08a0110, 0x000001f0f0abc1f0, 0x000001f0f0ba22c0, 0x000001f0f5110190,
0x000001f0f5934f40, 0x000001f0f597ce50, 0x000001f0f55da790, 0x000001f0f6085800,
0x000001f0f5db8ba0, 0x000001f0f5db9230, 0x000001f0f5db7160, 0x000001f0f5db77f0,
0x000001f0f5db98c0, 0x000001f0f5db8510, 0x000001f0f5db9f50, 0x000001f0f5db7e80,
0x000001f0f6b6f2c0, 0x000001f0f6b6df10, 0x000001f0f6b6e5a0, 0x000001f0f6b6f950,
0x000001f0f6b6ffe0, 0x000001f0f6b6ec30, 0x000001f0f6b70670, 0x000001f0f6b70d00,
0x000001f0f6b6d880, 0x000001f0f82e3a00, 0x000001f0f82e5ad0, 0x000001f0f82e5440,
0x000001f0f82e6160, 0x000001f0f82e6e80, 0x000001f0f82e4720, 0x000001f0f82e7510,
0x000001f0f82e4090, 0x000001f0f82e7ba0, 0x000001f0f82e8f50, 0x000001f0f82e88c0,
0x000001f0f82e95e0, 0x000001f0f82ea300, 0x000001f0f82e9c70, 0x000001f0f6105650,
0x000001f0f6102ef0, 0x000001f0f61021d0, 0x000001f0f6102860, 0x000001f0f61042a0,
0x000001f0f6105ce0, 0x000001f0f6104fc0, 0x000001f0f6106a00, 0x000001f0f6106370,
0x000001f0f6103580, 0x000001f0f6107090, 0x000001f0f6107720, 0x000001f0f6104930,
0x000001f0f6109160, 0x000001f0f61097f0, 0x000001f0f6108440, 0x000001f0f6108ad0,
0x000001f0faf00420, 0x000001f0faefe9e0, 0x000001f0faf00ab0, 0x000001f0f545ded0,
0x000001f0f545be00, 0x000001f0f0b0a280
}

Java Threads: ( => current thread )
  0x000001f09758ba90 JavaThread "main"                              [_thread_blocked, id=13612, stack(0x00000099a3300000,0x00000099a3400000) (1024K)]
  0x000001f0974fd570 JavaThread "Reference Handler"          daemon [_thread_blocked, id=20000, stack(0x00000099a3700000,0x00000099a3800000) (1024K)]
  0x000001f097500250 JavaThread "Finalizer"                  daemon [_thread_blocked, id=15348, stack(0x00000099a3800000,0x00000099a3900000) (1024K)]
  0x000001f097506460 JavaThread "Signal Dispatcher"          daemon [_thread_blocked, id=15864, stack(0x00000099a3900000,0x00000099a3a00000) (1024K)]
  0x000001f097506eb0 JavaThread "Attach Listener"            daemon [_thread_blocked, id=18636, stack(0x00000099a3a00000,0x00000099a3b00000) (1024K)]
  0x000001f09750fb30 JavaThread "Service Thread"             daemon [_thread_blocked, id=1436, stack(0x00000099a3b00000,0x00000099a3c00000) (1024K)]
  0x000001f097512590 JavaThread "Monitor Deflation Thread"   daemon [_thread_blocked, id=14608, stack(0x00000099a3c00000,0x00000099a3d00000) (1024K)]
  0x000001f0975133c0 JavaThread "C2 CompilerThread0"         daemon [_thread_blocked, id=14600, stack(0x00000099a3d00000,0x00000099a3e00000) (1024K)]
  0x000001f0f08a0110 JavaThread "C1 CompilerThread0"         daemon [_thread_blocked, id=19948, stack(0x00000099a3e00000,0x00000099a3f00000) (1024K)]
  0x000001f0f0abc1f0 JavaThread "Common-Cleaner"             daemon [_thread_blocked, id=17936, stack(0x00000099a3f00000,0x00000099a4000000) (1024K)]
  0x000001f0f0ba22c0 JavaThread "Notification Thread"        daemon [_thread_blocked, id=6508, stack(0x00000099a4100000,0x00000099a4200000) (1024K)]
  0x000001f0f5110190 JavaThread "Active Thread: Equinox Container: 34f90fc0-21c2-4546-a4f1-8914f6200ee0"        [_thread_blocked, id=20408, stack(0x00000099a4900000,0x00000099a4a00000) (1024K)]
  0x000001f0f5934f40 JavaThread "Refresh Thread: Equinox Container: 34f90fc0-21c2-4546-a4f1-8914f6200ee0" daemon [_thread_blocked, id=7272, stack(0x00000099a4b00000,0x00000099a4c00000) (1024K)]
  0x000001f0f597ce50 JavaThread "Framework Event Dispatcher: Equinox Container: 34f90fc0-21c2-4546-a4f1-8914f6200ee0" daemon [_thread_blocked, id=18252, stack(0x00000099a4c00000,0x00000099a4d00000) (1024K)]
  0x000001f0f55da790 JavaThread "Start Level: Equinox Container: 34f90fc0-21c2-4546-a4f1-8914f6200ee0" daemon [_thread_blocked, id=21112, stack(0x00000099a4d00000,0x00000099a4e00000) (1024K)]
  0x000001f0f6085800 JavaThread "Bundle File Closer"         daemon [_thread_blocked, id=13904, stack(0x00000099a4e00000,0x00000099a4f00000) (1024K)]
  0x000001f0f5db8ba0 JavaThread "SCR Component Actor"        daemon [_thread_blocked, id=5836, stack(0x00000099a4f00000,0x00000099a5000000) (1024K)]
  0x000001f0f5db9230 JavaThread "Worker-JM"                         [_thread_blocked, id=20324, stack(0x00000099a5000000,0x00000099a5100000) (1024K)]
  0x000001f0f5db7160 JavaThread "JNA Cleaner"                daemon [_thread_blocked, id=17252, stack(0x00000099a5100000,0x00000099a5200000) (1024K)]
  0x000001f0f5db77f0 JavaThread "Worker-0"                          [_thread_blocked, id=7420, stack(0x00000099a5200000,0x00000099a5300000) (1024K)]
  0x000001f0f5db98c0 JavaThread "Worker-1"                          [_thread_blocked, id=18604, stack(0x00000099a5300000,0x00000099a5400000) (1024K)]
  0x000001f0f5db8510 JavaThread "Java indexing"              daemon [_thread_blocked, id=17280, stack(0x00000099a5400000,0x00000099a5500000) (1024K)]
  0x000001f0f5db9f50 JavaThread "Worker-2"                          [_thread_blocked, id=13896, stack(0x00000099a5700000,0x00000099a5800000) (1024K)]
  0x000001f0f5db7e80 JavaThread "Worker-3"                          [_thread_blocked, id=18852, stack(0x00000099a5800000,0x00000099a5900000) (1024K)]
  0x000001f0f6b6f2c0 JavaThread "Thread-1"                   daemon [_thread_in_native, id=7596, stack(0x00000099a5900000,0x00000099a5a00000) (1024K)]
  0x000001f0f6b6df10 JavaThread "Thread-2"                   daemon [_thread_in_native, id=20928, stack(0x00000099a5a00000,0x00000099a5b00000) (1024K)]
  0x000001f0f6b6e5a0 JavaThread "Thread-3"                   daemon [_thread_in_native, id=2704, stack(0x00000099a5b00000,0x00000099a5c00000) (1024K)]
  0x000001f0f6b6f950 JavaThread "Thread-4"                   daemon [_thread_in_native, id=9708, stack(0x00000099a5c00000,0x00000099a5d00000) (1024K)]
  0x000001f0f6b6ffe0 JavaThread "Thread-5"                   daemon [_thread_in_native, id=10876, stack(0x00000099a5d00000,0x00000099a5e00000) (1024K)]
  0x000001f0f6b6ec30 JavaThread "Thread-6"                   daemon [_thread_in_native, id=5404, stack(0x00000099a5e00000,0x00000099a5f00000) (1024K)]
  0x000001f0f6b70670 JavaThread "Thread-7"                   daemon [_thread_in_native, id=13796, stack(0x00000099a5f00000,0x00000099a6000000) (1024K)]
  0x000001f0f6b70d00 JavaThread "Thread-8"                   daemon [_thread_in_native, id=3532, stack(0x00000099a6000000,0x00000099a6100000) (1024K)]
  0x000001f0f6b6d880 JavaThread "Thread-9"                   daemon [_thread_blocked, id=10668, stack(0x00000099a6100000,0x00000099a6200000) (1024K)]
  0x000001f0f82e3a00 JavaThread "pool-2-thread-1"                   [_thread_blocked, id=6172, stack(0x00000099a6200000,0x00000099a6300000) (1024K)]
  0x000001f0f82e5ad0 JavaThread "Worker-4"                          [_thread_blocked, id=17996, stack(0x00000099a6300000,0x00000099a6400000) (1024K)]
  0x000001f0f82e5440 JavaThread "WorkspaceEventsHandler"            [_thread_blocked, id=18268, stack(0x00000099a6400000,0x00000099a6500000) (1024K)]
  0x000001f0f82e6160 JavaThread "pool-1-thread-1"                   [_thread_blocked, id=17176, stack(0x00000099a6500000,0x00000099a6600000) (1024K)]
  0x000001f0f82e6e80 JavaThread "ForkJoinPool.commonPool-worker-1" daemon [_thread_blocked, id=16732, stack(0x00000099a6600000,0x00000099a6700000) (1024K)]
  0x000001f0f82e4720 JavaThread "ForkJoinPool.commonPool-worker-2" daemon [_thread_blocked, id=17652, stack(0x00000099a6700000,0x00000099a6800000) (1024K)]
  0x000001f0f82e7510 JavaThread "ForkJoinPool.commonPool-worker-3" daemon [_thread_blocked, id=19896, stack(0x00000099a6800000,0x00000099a6900000) (1024K)]
  0x000001f0f82e4090 JavaThread "ForkJoinPool.commonPool-worker-4" daemon [_thread_blocked, id=18088, stack(0x00000099a6900000,0x00000099a6a00000) (1024K)]
  0x000001f0f82e7ba0 JavaThread "ForkJoinPool.commonPool-worker-5" daemon [_thread_blocked, id=21044, stack(0x00000099a6a00000,0x00000099a6b00000) (1024K)]
  0x000001f0f82e8f50 JavaThread "ForkJoinPool.commonPool-worker-6" daemon [_thread_blocked, id=19832, stack(0x00000099a6b00000,0x00000099a6c00000) (1024K)]
  0x000001f0f82e88c0 JavaThread "ForkJoinPool.commonPool-worker-7" daemon [_thread_blocked, id=8104, stack(0x00000099a6c00000,0x00000099a6d00000) (1024K)]
  0x000001f0f82e95e0 JavaThread "LocalFile Deleter"          daemon [_thread_blocked, id=2168, stack(0x00000099a6d00000,0x00000099a6e00000) (1024K)]
  0x000001f0f82ea300 JavaThread "LocalFile Deleter"          daemon [_thread_blocked, id=11148, stack(0x00000099a6e00000,0x00000099a6f00000) (1024K)]
  0x000001f0f82e9c70 JavaThread "LocalFile Deleter"          daemon [_thread_blocked, id=19056, stack(0x00000099a6f00000,0x00000099a7000000) (1024K)]
  0x000001f0f6105650 JavaThread "LocalFile Deleter"          daemon [_thread_blocked, id=20728, stack(0x00000099a7000000,0x00000099a7100000) (1024K)]
  0x000001f0f6102ef0 JavaThread "LocalFile Deleter"          daemon [_thread_blocked, id=13832, stack(0x00000099a7100000,0x00000099a7200000) (1024K)]
  0x000001f0f61021d0 JavaThread "LocalFile Deleter"          daemon [_thread_blocked, id=19488, stack(0x00000099a7200000,0x00000099a7300000) (1024K)]
  0x000001f0f6102860 JavaThread "LocalFile Deleter"          daemon [_thread_blocked, id=10920, stack(0x00000099a7300000,0x00000099a7400000) (1024K)]
  0x000001f0f61042a0 JavaThread "LocalFile Deleter"          daemon [_thread_blocked, id=20304, stack(0x00000099a7400000,0x00000099a7500000) (1024K)]
  0x000001f0f6105ce0 JavaThread "Compiler Source File Reader" daemon [_thread_blocked, id=7792, stack(0x00000099a7500000,0x00000099a7600000) (1024K)]
  0x000001f0f6104fc0 JavaThread "Compiler Source File Reader" daemon [_thread_blocked, id=17260, stack(0x00000099a7600000,0x00000099a7700000) (1024K)]
  0x000001f0f6106a00 JavaThread "Compiler Source File Reader" daemon [_thread_blocked, id=19988, stack(0x00000099a7700000,0x00000099a7800000) (1024K)]
  0x000001f0f6106370 JavaThread "Compiler Source File Reader" daemon [_thread_blocked, id=19564, stack(0x00000099a7800000,0x00000099a7900000) (1024K)]
  0x000001f0f6103580 JavaThread "Compiler Source File Reader" daemon [_thread_blocked, id=16716, stack(0x00000099a7900000,0x00000099a7a00000) (1024K)]
  0x000001f0f6107090 JavaThread "Compiler Source File Reader" daemon [_thread_blocked, id=5936, stack(0x00000099a7a00000,0x00000099a7b00000) (1024K)]
  0x000001f0f6107720 JavaThread "Worker-5"                          [_thread_blocked, id=16876, stack(0x00000099a7b00000,0x00000099a7c00000) (1024K)]
  0x000001f0f6104930 JavaThread "Compiler Processing Task"   daemon [_thread_blocked, id=3504, stack(0x00000099a7c00000,0x00000099a7d00000) (1024K)]
  0x000001f0f6109160 JavaThread "Compiler Class File Writer" daemon [_thread_blocked, id=16128, stack(0x00000099a7d00000,0x00000099a7e00000) (1024K)]
  0x000001f0f61097f0 JavaThread "Compiler Class File Writer" daemon [_thread_blocked, id=18660, stack(0x00000099a7e00000,0x00000099a7f00000) (1024K)]
  0x000001f0f6108440 JavaThread "Compiler Class File Writer" daemon [_thread_blocked, id=18920, stack(0x00000099a7f00000,0x00000099a8000000) (1024K)]
  0x000001f0f6108ad0 JavaThread "Compiler Class File Writer" daemon [_thread_blocked, id=2768, stack(0x00000099a8000000,0x00000099a8100000) (1024K)]
  0x000001f0faf00420 JavaThread "Compiler Class File Writer" daemon [_thread_blocked, id=17228, stack(0x00000099a8100000,0x00000099a8200000) (1024K)]
  0x000001f0faefe9e0 JavaThread "Compiler Class File Writer" daemon [_thread_blocked, id=15220, stack(0x00000099a8200000,0x00000099a8300000) (1024K)]
  0x000001f0faf00ab0 JavaThread "Cleaner-0"                  daemon [_thread_blocked, id=17812, stack(0x00000099a8300000,0x00000099a8400000) (1024K)]
  0x000001f0f545ded0 JavaThread "Worker-6: Building"                [_thread_blocked, id=19780, stack(0x00000099a8400000,0x00000099a8500000) (1024K)]
  0x000001f0f545be00 JavaThread "Worker-7"                          [_thread_blocked, id=8692, stack(0x00000099a3100000,0x00000099a3200000) (1024K)]
=>0x000001f0f0b0a280 JavaThread "C2 CompilerThread1"         daemon [_thread_in_native, id=14700, stack(0x00000099a4000000,0x00000099a4100000) (1024K)]
Total: 70

Other Threads:
  0x000001f095140830 VMThread "VM Thread"                           [id=16856, stack(0x00000099a3600000,0x00000099a3700000) (1024K)]
  0x000001f09741ca00 WatcherThread "VM Periodic Task Thread"        [id=13308, stack(0x00000099a3500000,0x00000099a3600000) (1024K)]
  0x000001f095141310 WorkerThread "GC Thread#0"                     [id=18756, stack(0x00000099a3400000,0x00000099a3500000) (1024K)]
  0x000001f095141df0 WorkerThread "GC Thread#1"                     [id=18872, stack(0x00000099a4300000,0x00000099a4400000) (1024K)]
  0x000001f095140490 WorkerThread "GC Thread#2"                     [id=3836, stack(0x00000099a4400000,0x00000099a4500000) (1024K)]
  0x000001f0f5507c50 WorkerThread "GC Thread#3"                     [id=12580, stack(0x00000099a4500000,0x00000099a4600000) (1024K)]
  0x000001f0f55095b0 WorkerThread "GC Thread#4"                     [id=576, stack(0x00000099a4600000,0x00000099a4700000) (1024K)]
  0x000001f0f5506a30 WorkerThread "GC Thread#5"                     [id=17104, stack(0x00000099a4700000,0x00000099a4800000) (1024K)]
  0x000001f0f5507ff0 WorkerThread "GC Thread#6"                     [id=18028, stack(0x00000099a4800000,0x00000099a4900000) (1024K)]
  0x000001f0f5505f50 WorkerThread "GC Thread#7"                     [id=1544, stack(0x00000099a4a00000,0x00000099a4b00000) (1024K)]
Total: 10

Threads with active compile tasks:
C2 CompilerThread1  59563 14154       4       org.eclipse.jdt.internal.core.builder.NameEnvironment::findClass (486 bytes)
Total: 1

VM state: at safepoint (normal execution)

VM Mutex/Monitor currently owned by a thread:  ([mutex/lock_event])
[0x00007ffce298d570] Threads_lock - owner thread: 0x000001f095140830
[0x00007ffce298d670] Heap_lock - owner thread: 0x000001f0f5db8510
[0x00007ffce298daf0] PSOldGenExpand_lock - owner thread: 0x000001f0f5505f50

Heap address: 0x0000000080000000, size: 2048 MB, Compressed Oops mode: 32-bit

CDS archive(s) mapped at: [0x000001f0ae000000-0x000001f0aeba0000-0x000001f0aeba0000), size 12189696, SharedBaseAddress: 0x000001f0ae000000, ArchiveRelocationMode: 1.
Compressed class space mapped at: 0x000001f0af000000-0x000001f0ef000000, reserved size: 1073741824
Narrow klass base: 0x000001f0ae000000, Narrow klass shift: 0, Narrow klass range: 0x100000000

GC Precious Log:
 CardTable entry size: 512
 CPUs: 8 total, 8 available
 Memory: 16221M
 Large Page Support: Disabled
 NUMA Support: Disabled
 Compressed Oops: Enabled (32-bit)
 Alignments: Space 512K, Generation 512K, Heap 2M
 Heap Min Capacity: 100M
 Heap Initial Capacity: 100M
 Heap Max Capacity: 2G
 Pre-touch: Disabled
 Parallel Workers: 8

Heap:
 PSYoungGen      total 5632K, used 5581K [0x00000000d5580000, 0x00000000d5e80000, 0x0000000100000000)
  eden space 3072K, 100% used [0x00000000d5580000,0x00000000d5880000,0x00000000d5880000)
  from space 2560K, 98% used [0x00000000d5c00000,0x00000000d5e73660,0x00000000d5e80000)
  to   space 3072K, 92% used [0x00000000d5880000,0x00000000d5b44e80,0x00000000d5b80000)
 ParOldGen       total 166400K, used 166397K [0x0000000080000000, 0x000000008a280000, 0x00000000d5580000)
  object space 166400K, 99% used [0x0000000080000000,0x000000008a27f4a8,0x000000008a280000)
 Metaspace       used 72445K, committed 74048K, reserved 1179648K
  class space    used 7601K, committed 8320K, reserved 1048576K

Card table byte_map: [0x000001f096f30000,0x000001f097340000] _byte_map_base: 0x000001f096b30000

Marking Bits: (ParMarkBitMap*) 0x00007ffce2992460
 Begin Bits: [0x000001f0a9a40000, 0x000001f0aba40000)
 End Bits:   [0x000001f0aba40000, 0x000001f0ada40000)

Polling page: 0x000001f095390000

Metaspace:

Usage:
  Non-class:     63.32 MB used.
      Class:      7.42 MB used.
       Both:     70.75 MB used.

Virtual space:
  Non-class space:      128.00 MB reserved,      64.19 MB ( 50%) committed,  2 nodes.
      Class space:        1.00 GB reserved,       8.12 MB ( <1%) committed,  1 nodes.
             Both:        1.12 GB reserved,      72.31 MB (  6%) committed. 

Chunk freelists:
   Non-Class:  15.69 MB
       Class:  7.84 MB
        Both:  23.53 MB

MaxMetaspaceSize: unlimited
CompressedClassSpaceSize: 1.00 GB
Initial GC threshold: 21.00 MB
Current GC threshold: 118.25 MB
CDS: on
 - commit_granule_bytes: 65536.
 - commit_granule_words: 8192.
 - virtual_space_node_default_size: 8388608.
 - enlarge_chunks_in_place: 1.
 - use_allocation_guard: 0.


Internal statistics:

num_allocs_failed_limit: 9.
num_arena_births: 1344.
num_arena_deaths: 22.
num_vsnodes_births: 3.
num_vsnodes_deaths: 0.
num_space_committed: 1157.
num_space_uncommitted: 0.
num_chunks_returned_to_freelist: 35.
num_chunks_taken_from_freelist: 4837.
num_chunk_merges: 19.
num_chunk_splits: 2954.
num_chunks_enlarged: 1636.
num_inconsistent_stats: 0.

CodeHeap 'non-profiled nmethods': size=120000Kb used=8836Kb max_used=9010Kb free=111163Kb
 bounds [0x000001f0a2260000, 0x000001f0a2b30000, 0x000001f0a9790000]
CodeHeap 'profiled nmethods': size=120000Kb used=27277Kb max_used=28229Kb free=92722Kb
 bounds [0x000001f09a790000, 0x000001f09c350000, 0x000001f0a1cc0000]
CodeHeap 'non-nmethods': size=5760Kb used=1474Kb max_used=1578Kb free=4285Kb
 bounds [0x000001f0a1cc0000, 0x000001f0a1f30000, 0x000001f0a2260000]
CodeCache: size=245760Kb, used=37587Kb, max_used=38817Kb, free=208170Kb
 total_blobs=13361, nmethods=12572, adapters=693, full_count=0
Compilation: enabled, stopped_count=0, restarted_count=0

Compilation events (20 events):
Event: 57.371 Thread 0x000001f0975133c0 14141       4       com.sun.org.apache.xerces.internal.util.XMLAttributesImpl::getValue (69 bytes)
Event: 57.373 Thread 0x000001f0f0b0a280 nmethod 14149 0x000001f0a2542910 code [0x000001f0a2542ae0, 0x000001f0a2543008]
Event: 57.374 Thread 0x000001f0f08a0110 14150       3       org.eclipse.jdt.internal.compiler.util.HashtableOfModule::put (113 bytes)
Event: 57.375 Thread 0x000001f0f08a0110 nmethod 14150 0x000001f09af20310 code [0x000001f09af20540, 0x000001f09af20e38]
Event: 57.375 Thread 0x000001f0f0b0a280 14152       4       org.eclipse.jdt.internal.compiler.lookup.LookupEnvironment::getModule (114 bytes)
Event: 57.375 Thread 0x000001f0f08a0110 14151       3       org.eclipse.jdt.internal.core.builder.ClasspathMultiReleaseJar::initializeVersions (96 bytes)
Event: 57.378 Thread 0x000001f0975133c0 nmethod 14141 0x000001f0a2541810 code [0x000001f0a2541a00, 0x000001f0a2542230]
Event: 57.379 Thread 0x000001f0975133c0 14155  s    4       org.eclipse.jdt.internal.compiler.classfmt.MethodInfo::readModifierRelatedAttributes (213 bytes)
Event: 57.379 Thread 0x000001f0f08a0110 nmethod 14151 0x000001f09a8f6490 code [0x000001f09a8f6840, 0x000001f09a8f8248]
Event: 57.379 Thread 0x000001f0f08a0110 14153       3       org.eclipse.jdt.internal.core.builder.NameEnvironment::getModule (52 bytes)
Event: 57.379 Thread 0x000001f0f08a0110 nmethod 14153 0x000001f09af89490 code [0x000001f09af896c0, 0x000001f09af89e40]
Event: 57.380 Thread 0x000001f0f08a0110 14157       3       org.eclipse.jdt.internal.compiler.lookup.MethodVerifier::computeSubstituteMethod (351 bytes)
Event: 57.381 Thread 0x000001f0f08a0110 nmethod 14157 0x000001f09b66d910 code [0x000001f09b66dc80, 0x000001f09b66f3f8]
Event: 57.381 Thread 0x000001f0f08a0110 14158   !   3       org.eclipse.core.internal.jobs.LockManager::aboutToRelease (24 bytes)
Event: 57.381 Thread 0x000001f0f08a0110 nmethod 14158 0x000001f09b1a3390 code [0x000001f09b1a3560, 0x000001f09b1a3788]
Event: 57.390 Thread 0x000001f0975133c0 nmethod 14155 0x000001f0a249b490 code [0x000001f0a249b680, 0x000001f0a249c530]
Event: 57.391 Thread 0x000001f0975133c0 14156       4       org.eclipse.jdt.internal.compiler.classfmt.MethodInfo::createMethod (710 bytes)
Event: 57.392 Thread 0x000001f0f0b0a280 nmethod 14152 0x000001f0a2499590 code [0x000001f0a24998c0, 0x000001f0a249acb8]
Event: 57.393 Thread 0x000001f0f0b0a280 14154       4       org.eclipse.jdt.internal.core.builder.NameEnvironment::findClass (486 bytes)
Event: 57.407 Thread 0x000001f0975133c0 nmethod 14156 0x000001f0a262ed10 code [0x000001f0a262ef80, 0x000001f0a2630480]

GC Heap History (20 events):
Event: 55.481 GC heap after
{Heap after GC invocations=245 (full 4):
 PSYoungGen      total 8192K, used 468K [0x00000000d5580000, 0x00000000d6000000, 0x0000000100000000)
  eden space 7168K, 0% used [0x00000000d5580000,0x00000000d5580000,0x00000000d5c80000)
  from space 1024K, 45% used [0x00000000d5e00000,0x00000000d5e75200,0x00000000d5f00000)
  to   space 512K, 0% used [0x00000000d5f80000,0x00000000d5f80000,0x00000000d6000000)
 ParOldGen       total 140288K, used 140007K [0x0000000080000000, 0x0000000088900000, 0x00000000d5580000)
  object space 140288K, 99% used [0x0000000080000000,0x00000000888b9d68,0x0000000088900000)
 Metaspace       used 72373K, committed 73984K, reserved 1179648K
  class space    used 7601K, committed 8320K, reserved 1048576K
}
Event: 55.889 GC heap before
{Heap before GC invocations=246 (full 4):
 PSYoungGen      total 8192K, used 7636K [0x00000000d5580000, 0x00000000d6000000, 0x0000000100000000)
  eden space 7168K, 99% used [0x00000000d5580000,0x00000000d5c7ffe0,0x00000000d5c80000)
  from space 1024K, 45% used [0x00000000d5e00000,0x00000000d5e75200,0x00000000d5f00000)
  to   space 512K, 0% used [0x00000000d5f80000,0x00000000d5f80000,0x00000000d6000000)
 ParOldGen       total 140288K, used 140007K [0x0000000080000000, 0x0000000088900000, 0x00000000d5580000)
  object space 140288K, 99% used [0x0000000080000000,0x00000000888b9d68,0x0000000088900000)
 Metaspace       used 72390K, committed 73984K, reserved 1179648K
  class space    used 7601K, committed 8320K, reserved 1048576K
}
Event: 55.891 GC heap after
{Heap after GC invocations=246 (full 4):
 PSYoungGen      total 7680K, used 494K [0x00000000d5580000, 0x00000000d6000000, 0x0000000100000000)
  eden space 7168K, 0% used [0x00000000d5580000,0x00000000d5580000,0x00000000d5c80000)
  from space 512K, 96% used [0x00000000d5f80000,0x00000000d5ffbb20,0x00000000d6000000)
  to   space 1024K, 0% used [0x00000000d5e00000,0x00000000d5e00000,0x00000000d5f00000)
 ParOldGen       total 140800K, used 140351K [0x0000000080000000, 0x0000000088980000, 0x00000000d5580000)
  object space 140800K, 99% used [0x0000000080000000,0x000000008890fd68,0x0000000088980000)
 Metaspace       used 72390K, committed 73984K, reserved 1179648K
  class space    used 7601K, committed 8320K, reserved 1048576K
}
Event: 56.297 GC heap before
{Heap before GC invocations=247 (full 4):
 PSYoungGen      total 7680K, used 7662K [0x00000000d5580000, 0x00000000d6000000, 0x0000000100000000)
  eden space 7168K, 100% used [0x00000000d5580000,0x00000000d5c80000,0x00000000d5c80000)
  from space 512K, 96% used [0x00000000d5f80000,0x00000000d5ffbb20,0x00000000d6000000)
  to   space 1024K, 0% used [0x00000000d5e00000,0x00000000d5e00000,0x00000000d5f00000)
 ParOldGen       total 140800K, used 140351K [0x0000000080000000, 0x0000000088980000, 0x00000000d5580000)
  object space 140800K, 99% used [0x0000000080000000,0x000000008890fd68,0x0000000088980000)
 Metaspace       used 72436K, committed 74048K, reserved 1179648K
  class space    used 7601K, committed 8320K, reserved 1048576K
}
Event: 56.299 GC heap after
{Heap after GC invocations=247 (full 4):
 PSYoungGen      total 8192K, used 999K [0x00000000d5580000, 0x00000000d6580000, 0x0000000100000000)
  eden space 7168K, 0% used [0x00000000d5580000,0x00000000d5580000,0x00000000d5c80000)
  from space 1024K, 97% used [0x00000000d5e00000,0x00000000d5ef9ed0,0x00000000d5f00000)
  to   space 4608K, 0% used [0x00000000d6100000,0x00000000d6100000,0x00000000d6580000)
 ParOldGen       total 143360K, used 143008K [0x0000000080000000, 0x0000000088c00000, 0x00000000d5580000)
  object space 143360K, 99% used [0x0000000080000000,0x0000000088ba8058,0x0000000088c00000)
 Metaspace       used 72436K, committed 74048K, reserved 1179648K
  class space    used 7601K, committed 8320K, reserved 1048576K
}
Event: 56.316 GC heap before
{Heap before GC invocations=248 (full 4):
 PSYoungGen      total 8192K, used 8167K [0x00000000d5580000, 0x00000000d6580000, 0x0000000100000000)
  eden space 7168K, 100% used [0x00000000d5580000,0x00000000d5c80000,0x00000000d5c80000)
  from space 1024K, 97% used [0x00000000d5e00000,0x00000000d5ef9ed0,0x00000000d5f00000)
  to   space 4608K, 0% used [0x00000000d6100000,0x00000000d6100000,0x00000000d6580000)
 ParOldGen       total 143360K, used 143008K [0x0000000080000000, 0x0000000088c00000, 0x00000000d5580000)
  object space 143360K, 99% used [0x0000000080000000,0x0000000088ba8058,0x0000000088c00000)
 Metaspace       used 72436K, committed 74048K, reserved 1179648K
  class space    used 7601K, committed 8320K, reserved 1048576K
}
Event: 56.321 GC heap after
{Heap after GC invocations=248 (full 4):
 PSYoungGen      total 7168K, used 4608K [0x00000000d5580000, 0x00000000d6e80000, 0x0000000100000000)
  eden space 2560K, 0% used [0x00000000d5580000,0x00000000d5580000,0x00000000d5800000)
  from space 4608K, 100% used [0x00000000d6100000,0x00000000d6580000,0x00000000d6580000)
  to   space 9216K, 0% used [0x00000000d5800000,0x00000000d5800000,0x00000000d6100000)
 ParOldGen       total 146944K, used 146567K [0x0000000080000000, 0x0000000088f80000, 0x00000000d5580000)
  object space 146944K, 99% used [0x0000000080000000,0x0000000088f21f38,0x0000000088f80000)
 Metaspace       used 72436K, committed 74048K, reserved 1179648K
  class space    used 7601K, committed 8320K, reserved 1048576K
}
Event: 56.326 GC heap before
{Heap before GC invocations=249 (full 4):
 PSYoungGen      total 7168K, used 7168K [0x00000000d5580000, 0x00000000d6e80000, 0x0000000100000000)
  eden space 2560K, 100% used [0x00000000d5580000,0x00000000d5800000,0x00000000d5800000)
  from space 4608K, 100% used [0x00000000d6100000,0x00000000d6580000,0x00000000d6580000)
  to   space 9216K, 0% used [0x00000000d5800000,0x00000000d5800000,0x00000000d6100000)
 ParOldGen       total 146944K, used 146567K [0x0000000080000000, 0x0000000088f80000, 0x00000000d5580000)
  object space 146944K, 99% used [0x0000000080000000,0x0000000088f21f38,0x0000000088f80000)
 Metaspace       used 72436K, committed 74048K, reserved 1179648K
  class space    used 7601K, committed 8320K, reserved 1048576K
}
Event: 57.331 GC heap after
{Heap after GC invocations=249 (full 4):
 PSYoungGen      total 5632K, used 2656K [0x00000000d5580000, 0x00000000d6280000, 0x0000000100000000)
  eden space 2560K, 0% used [0x00000000d5580000,0x00000000d5580000,0x00000000d5800000)
  from space 3072K, 86% used [0x00000000d5800000,0x00000000d5a98000,0x00000000d5b00000)
  to   space 5120K, 0% used [0x00000000d5d80000,0x00000000d5d80000,0x00000000d6280000)
 ParOldGen       total 151552K, used 151239K [0x0000000080000000, 0x0000000089400000, 0x00000000d5580000)
  object space 151552K, 99% used [0x0000000080000000,0x00000000893b1f38,0x0000000089400000)
 Metaspace       used 72436K, committed 74048K, reserved 1179648K
  class space    used 7601K, committed 8320K, reserved 1048576K
}
Event: 57.338 GC heap before
{Heap before GC invocations=250 (full 4):
 PSYoungGen      total 5632K, used 5216K [0x00000000d5580000, 0x00000000d6280000, 0x0000000100000000)
  eden space 2560K, 100% used [0x00000000d5580000,0x00000000d5800000,0x00000000d5800000)
  from space 3072K, 86% used [0x00000000d5800000,0x00000000d5a98000,0x00000000d5b00000)
  to   space 5120K, 0% used [0x00000000d5d80000,0x00000000d5d80000,0x00000000d6280000)
 ParOldGen       total 151552K, used 151239K [0x0000000080000000, 0x0000000089400000, 0x00000000d5580000)
  object space 151552K, 99% used [0x0000000080000000,0x00000000893b1f38,0x0000000089400000)
 Metaspace       used 72439K, committed 74048K, reserved 1179648K
  class space    used 7601K, committed 8320K, reserved 1048576K
}
Event: 57.340 GC heap after
{Heap after GC invocations=250 (full 4):
 PSYoungGen      total 5120K, used 1958K [0x00000000d5580000, 0x00000000d5f80000, 0x0000000100000000)
  eden space 3072K, 0% used [0x00000000d5580000,0x00000000d5580000,0x00000000d5880000)
  from space 2048K, 95% used [0x00000000d5d80000,0x00000000d5f69800,0x00000000d5f80000)
  to   space 2560K, 0% used [0x00000000d5a80000,0x00000000d5a80000,0x00000000d5d00000)
 ParOldGen       total 154112K, used 153815K [0x0000000080000000, 0x0000000089680000, 0x00000000d5580000)
  object space 154112K, 99% used [0x0000000080000000,0x0000000089635f38,0x0000000089680000)
 Metaspace       used 72439K, committed 74048K, reserved 1179648K
  class space    used 7601K, committed 8320K, reserved 1048576K
}
Event: 57.348 GC heap before
{Heap before GC invocations=251 (full 4):
 PSYoungGen      total 5120K, used 4931K [0x00000000d5580000, 0x00000000d5f80000, 0x0000000100000000)
  eden space 3072K, 96% used [0x00000000d5580000,0x00000000d58674a8,0x00000000d5880000)
  from space 2048K, 95% used [0x00000000d5d80000,0x00000000d5f69800,0x00000000d5f80000)
  to   space 2560K, 0% used [0x00000000d5a80000,0x00000000d5a80000,0x00000000d5d00000)
 ParOldGen       total 154112K, used 153815K [0x0000000080000000, 0x0000000089680000, 0x00000000d5580000)
  object space 154112K, 99% used [0x0000000080000000,0x0000000089635f38,0x0000000089680000)
 Metaspace       used 72440K, committed 74048K, reserved 1179648K
  class space    used 7601K, committed 8320K, reserved 1048576K
}
Event: 57.350 GC heap after
{Heap after GC invocations=251 (full 4):
 PSYoungGen      total 6656K, used 2240K [0x00000000d5580000, 0x00000000d5e80000, 0x0000000100000000)
  eden space 4096K, 0% used [0x00000000d5580000,0x00000000d5580000,0x00000000d5980000)
  from space 2560K, 87% used [0x00000000d5a80000,0x00000000d5cb0000,0x00000000d5d00000)
  to   space 1536K, 0% used [0x00000000d5d00000,0x00000000d5d00000,0x00000000d5e80000)
 ParOldGen       total 155648K, used 155623K [0x0000000080000000, 0x0000000089800000, 0x00000000d5580000)
  object space 155648K, 99% used [0x0000000080000000,0x00000000897f9f38,0x0000000089800000)
 Metaspace       used 72440K, committed 74048K, reserved 1179648K
  class space    used 7601K, committed 8320K, reserved 1048576K
}
Event: 57.363 GC heap before
{Heap before GC invocations=252 (full 4):
 PSYoungGen      total 6656K, used 6313K [0x00000000d5580000, 0x00000000d5e80000, 0x0000000100000000)
  eden space 4096K, 99% used [0x00000000d5580000,0x00000000d597a440,0x00000000d5980000)
  from space 2560K, 87% used [0x00000000d5a80000,0x00000000d5cb0000,0x00000000d5d00000)
  to   space 1536K, 0% used [0x00000000d5d00000,0x00000000d5d00000,0x00000000d5e80000)
 ParOldGen       total 155648K, used 155623K [0x0000000080000000, 0x0000000089800000, 0x00000000d5580000)
  object space 155648K, 99% used [0x0000000080000000,0x00000000897f9f38,0x0000000089800000)
 Metaspace       used 72440K, committed 74048K, reserved 1179648K
  class space    used 7601K, committed 8320K, reserved 1048576K
}
Event: 57.365 GC heap after
{Heap after GC invocations=252 (full 4):
 PSYoungGen      total 4096K, used 1525K [0x00000000d5580000, 0x00000000d6480000, 0x0000000100000000)
  eden space 2560K, 0% used [0x00000000d5580000,0x00000000d5580000,0x00000000d5800000)
  from space 1536K, 99% used [0x00000000d5d00000,0x00000000d5e7d710,0x00000000d5e80000)
  to   space 5120K, 0% used [0x00000000d5800000,0x00000000d5800000,0x00000000d5d00000)
 ParOldGen       total 159232K, used 158786K [0x0000000080000000, 0x0000000089b80000, 0x00000000d5580000)
  object space 159232K, 99% used [0x0000000080000000,0x0000000089b10950,0x0000000089b80000)
 Metaspace       used 72440K, committed 74048K, reserved 1179648K
  class space    used 7601K, committed 8320K, reserved 1048576K
}
Event: 57.366 GC heap before
{Heap before GC invocations=253 (full 4):
 PSYoungGen      total 4096K, used 3975K [0x00000000d5580000, 0x00000000d6480000, 0x0000000100000000)
  eden space 2560K, 95% used [0x00000000d5580000,0x00000000d57e4680,0x00000000d5800000)
  from space 1536K, 99% used [0x00000000d5d00000,0x00000000d5e7d710,0x00000000d5e80000)
  to   space 5120K, 0% used [0x00000000d5800000,0x00000000d5800000,0x00000000d5d00000)
 ParOldGen       total 159232K, used 158786K [0x0000000080000000, 0x0000000089b80000, 0x00000000d5580000)
  object space 159232K, 99% used [0x0000000080000000,0x0000000089b10950,0x0000000089b80000)
 Metaspace       used 72440K, committed 74048K, reserved 1179648K
  class space    used 7601K, committed 8320K, reserved 1048576K
}
Event: 57.368 GC heap after
{Heap after GC invocations=253 (full 4):
 PSYoungGen      total 5120K, used 2503K [0x00000000d5580000, 0x00000000d5f80000, 0x0000000100000000)
  eden space 2560K, 0% used [0x00000000d5580000,0x00000000d5580000,0x00000000d5800000)
  from space 2560K, 97% used [0x00000000d5800000,0x00000000d5a71ce8,0x00000000d5a80000)
  to   space 3584K, 0% used [0x00000000d5c00000,0x00000000d5c00000,0x00000000d5f80000)
 ParOldGen       total 160768K, used 160354K [0x0000000080000000, 0x0000000089d00000, 0x00000000d5580000)
  object space 160768K, 99% used [0x0000000080000000,0x0000000089c989d0,0x0000000089d00000)
 Metaspace       used 72440K, committed 74048K, reserved 1179648K
  class space    used 7601K, committed 8320K, reserved 1048576K
}
Event: 57.376 GC heap before
{Heap before GC invocations=254 (full 4):
 PSYoungGen      total 5120K, used 5063K [0x00000000d5580000, 0x00000000d5f80000, 0x0000000100000000)
  eden space 2560K, 100% used [0x00000000d5580000,0x00000000d5800000,0x00000000d5800000)
  from space 2560K, 97% used [0x00000000d5800000,0x00000000d5a71ce8,0x00000000d5a80000)
  to   space 3584K, 0% used [0x00000000d5c00000,0x00000000d5c00000,0x00000000d5f80000)
 ParOldGen       total 160768K, used 160354K [0x0000000080000000, 0x0000000089d00000, 0x00000000d5580000)
  object space 160768K, 99% used [0x0000000080000000,0x0000000089c989d0,0x0000000089d00000)
 Metaspace       used 72440K, committed 74048K, reserved 1179648K
  class space    used 7601K, committed 8320K, reserved 1048576K
}
Event: 57.378 GC heap after
{Heap after GC invocations=254 (full 4):
 PSYoungGen      total 5632K, used 2509K [0x00000000d5580000, 0x00000000d5e80000, 0x0000000100000000)
  eden space 3072K, 0% used [0x00000000d5580000,0x00000000d5580000,0x00000000d5880000)
  from space 2560K, 98% used [0x00000000d5c00000,0x00000000d5e73660,0x00000000d5e80000)
  to   space 3072K, 0% used [0x00000000d5880000,0x00000000d5880000,0x00000000d5b80000)
 ParOldGen       total 165376K, used 165025K [0x0000000080000000, 0x000000008a180000, 0x00000000d5580000)
  object space 165376K, 99% used [0x0000000080000000,0x000000008a1286b8,0x000000008a180000)
 Metaspace       used 72440K, committed 74048K, reserved 1179648K
  class space    used 7601K, committed 8320K, reserved 1048576K
}
Event: 57.409 GC heap before
{Heap before GC invocations=255 (full 4):
 PSYoungGen      total 5632K, used 5581K [0x00000000d5580000, 0x00000000d5e80000, 0x0000000100000000)
  eden space 3072K, 100% used [0x00000000d5580000,0x00000000d5880000,0x00000000d5880000)
  from space 2560K, 98% used [0x00000000d5c00000,0x00000000d5e73660,0x00000000d5e80000)
  to   space 3072K, 0% used [0x00000000d5880000,0x00000000d5880000,0x00000000d5b80000)
 ParOldGen       total 165376K, used 165025K [0x0000000080000000, 0x000000008a180000, 0x00000000d5580000)
  object space 165376K, 99% used [0x0000000080000000,0x000000008a1286b8,0x000000008a180000)
 Metaspace       used 72445K, committed 74048K, reserved 1179648K
  class space    used 7601K, committed 8320K, reserved 1048576K
}

Dll operation events (10 events):
Event: 0.011 Loaded shared library c:\Users\gabri\.vscode\extensions\redhat.java-1.51.0-win32-x64\jre\21.0.9-win32-x86_64\bin\java.dll
Event: 0.112 Loaded shared library c:\Users\gabri\.vscode\extensions\redhat.java-1.51.0-win32-x64\jre\21.0.9-win32-x86_64\bin\zip.dll
Event: 0.136 Loaded shared library C:\Users\gabri\.vscode\extensions\redhat.java-1.51.0-win32-x64\jre\21.0.9-win32-x86_64\bin\instrument.dll
Event: 0.139 Loaded shared library C:\Users\gabri\.vscode\extensions\redhat.java-1.51.0-win32-x64\jre\21.0.9-win32-x86_64\bin\net.dll
Event: 0.141 Loaded shared library C:\Users\gabri\.vscode\extensions\redhat.java-1.51.0-win32-x64\jre\21.0.9-win32-x86_64\bin\nio.dll
Event: 0.143 Loaded shared library C:\Users\gabri\.vscode\extensions\redhat.java-1.51.0-win32-x64\jre\21.0.9-win32-x86_64\bin\zip.dll
Event: 0.156 Loaded shared library C:\Users\gabri\.vscode\extensions\redhat.java-1.51.0-win32-x64\jre\21.0.9-win32-x86_64\bin\jimage.dll
Event: 0.208 Loaded shared library c:\Users\gabri\.vscode\extensions\redhat.java-1.51.0-win32-x64\jre\21.0.9-win32-x86_64\bin\verify.dll
Event: 1.104 Loaded shared library C:\Users\gabri\AppData\Roaming\Code\User\globalStorage\redhat.java\1.51.0\config_win\org.eclipse.equinox.launcher\org.eclipse.equinox.launcher.win32.win32.x86_64_1.2.1400.v20250801-0854\eclipse_11916.dll
Event: 2.177 Loaded shared library C:\Users\gabri\AppData\Local\Temp\jna-98110207\jna15114210254511931155.dll

Deoptimization events (20 events):
Event: 55.461 Thread 0x000001f0f5db9f50 Uncommon trap: trap_request=0xffffff45 fr.pc=0x000001f0a26a2b40 relative=0x0000000000000720
Event: 55.461 Thread 0x000001f0f5db9f50 Uncommon trap: reason=unstable_if action=reinterpret pc=0x000001f0a26a2b40 method=org.eclipse.jdt.internal.compiler.parser.Parser.consumeToken(Lorg/eclipse/jdt/internal/compiler/parser/TerminalToken;)V @ 8 c2
Event: 55.461 Thread 0x000001f0f5db9f50 DEOPT PACKING pc=0x000001f0a26a2b40 sp=0x00000099a57fee70
Event: 55.461 Thread 0x000001f0f5db9f50 DEOPT UNPACKING pc=0x000001f0a1d13aa2 sp=0x00000099a57fee38 mode 2
Event: 55.461 Thread 0x000001f0f5db9f50 Uncommon trap: trap_request=0xffffffc6 fr.pc=0x000001f0a24493bc relative=0x000000000000077c
Event: 55.461 Thread 0x000001f0f5db9f50 Uncommon trap: reason=bimorphic_or_optimized_type_check action=maybe_recompile pc=0x000001f0a24493bc method=org.eclipse.jdt.internal.compiler.parser.Scanner.getNextToken0()Lorg/eclipse/jdt/internal/compiler/parser/TerminalToken; @ 2888 c2
Event: 55.461 Thread 0x000001f0f5db9f50 DEOPT PACKING pc=0x000001f0a24493bc sp=0x00000099a57fece0
Event: 55.462 Thread 0x000001f0f5db9f50 DEOPT UNPACKING pc=0x000001f0a1d13aa2 sp=0x00000099a57fec30 mode 2
Event: 55.462 Thread 0x000001f0f5db9f50 Uncommon trap: trap_request=0xffffffc6 fr.pc=0x000001f0a24493bc relative=0x000000000000077c
Event: 55.462 Thread 0x000001f0f5db9f50 Uncommon trap: reason=bimorphic_or_optimized_type_check action=maybe_recompile pc=0x000001f0a24493bc method=org.eclipse.jdt.internal.compiler.parser.Scanner.getNextToken0()Lorg/eclipse/jdt/internal/compiler/parser/TerminalToken; @ 2888 c2
Event: 55.462 Thread 0x000001f0f5db9f50 DEOPT PACKING pc=0x000001f0a24493bc sp=0x00000099a57fe9e0
Event: 55.462 Thread 0x000001f0f5db9f50 DEOPT UNPACKING pc=0x000001f0a1d13aa2 sp=0x00000099a57fe930 mode 2
Event: 55.471 Thread 0x000001f0f82e4090 DEOPT PACKING pc=0x000001f09c2f5bf2 sp=0x00000099a69fd670
Event: 55.471 Thread 0x000001f0f82e4090 DEOPT UNPACKING pc=0x000001f0a1d14242 sp=0x00000099a69fcbe8 mode 0
Event: 55.473 Thread 0x000001f0f82e4090 Uncommon trap: trap_request=0xffffffc6 fr.pc=0x000001f0a24493bc relative=0x000000000000077c
Event: 55.473 Thread 0x000001f0f82e4090 Uncommon trap: reason=bimorphic_or_optimized_type_check action=maybe_recompile pc=0x000001f0a24493bc method=org.eclipse.jdt.internal.compiler.parser.Scanner.getNextToken0()Lorg/eclipse/jdt/internal/compiler/parser/TerminalToken; @ 2888 c2
Event: 55.473 Thread 0x000001f0f82e4090 DEOPT PACKING pc=0x000001f0a24493bc sp=0x00000099a69fdaa0
Event: 55.473 Thread 0x000001f0f82e4090 DEOPT UNPACKING pc=0x000001f0a1d13aa2 sp=0x00000099a69fd9f0 mode 2
Event: 55.473 Thread 0x000001f0f82e4090 DEOPT PACKING pc=0x000001f09aaa8a60 sp=0x00000099a69fd620
Event: 55.473 Thread 0x000001f0f82e4090 DEOPT UNPACKING pc=0x000001f0a1d14242 sp=0x00000099a69fcad0 mode 0

Classes loaded (20 events):
Event: 13.667 Loading class com/sun/org/apache/xerces/internal/xni/parser/XMLParseException
Event: 13.667 Loading class com/sun/org/apache/xerces/internal/xni/parser/XMLParseException done
Event: 25.014 Loading class jdk/internal/module/IllegalAccessLogger
Event: 25.014 Loading class jdk/internal/module/IllegalAccessLogger done
Event: 25.072 Loading class java/nio/BufferMismatch
Event: 25.072 Loading class java/nio/BufferMismatch done
Event: 27.678 Loading class jdk/internal/module/IllegalAccessLogger
Event: 27.678 Loading class jdk/internal/module/IllegalAccessLogger done
Event: 45.057 Loading class sun/nio/cs/ISO_8859_1$Encoder
Event: 45.057 Loading class sun/nio/cs/ISO_8859_1$Encoder done
Event: 45.057 Loading class sun/nio/cs/Surrogate$Parser
Event: 45.058 Loading class sun/nio/cs/Surrogate$Parser done
Event: 45.058 Loading class sun/nio/cs/Surrogate
Event: 45.058 Loading class sun/nio/cs/Surrogate done
Event: 45.918 Loading class java/lang/Throwable$WrappedPrintWriter
Event: 45.918 Loading class java/lang/Throwable$PrintStreamOrWriter
Event: 45.919 Loading class java/lang/Throwable$PrintStreamOrWriter done
Event: 45.919 Loading class java/lang/Throwable$WrappedPrintWriter done
Event: 57.376 Loading class jdk/internal/module/IllegalAccessLogger
Event: 57.376 Loading class jdk/internal/module/IllegalAccessLogger done

Classes unloaded (11 events):
Event: 2.600 Thread 0x000001f095140830 Unloading class 0x000001f0af1ab400 'java/lang/invoke/LambdaForm$MH+0x000001f0af1ab400'
Event: 2.600 Thread 0x000001f095140830 Unloading class 0x000001f0af1ab000 'java/lang/invoke/LambdaForm$MH+0x000001f0af1ab000'
Event: 2.600 Thread 0x000001f095140830 Unloading class 0x000001f0af1aac00 'java/lang/invoke/LambdaForm$MH+0x000001f0af1aac00'
Event: 2.600 Thread 0x000001f095140830 Unloading class 0x000001f0af1aa800 'java/lang/invoke/LambdaForm$MH+0x000001f0af1aa800'
Event: 2.600 Thread 0x000001f095140830 Unloading class 0x000001f0af1aa400 'java/lang/invoke/LambdaForm$BMH+0x000001f0af1aa400'
Event: 2.600 Thread 0x000001f095140830 Unloading class 0x000001f0af1aa000 'java/lang/invoke/LambdaForm$DMH+0x000001f0af1aa000'
Event: 2.600 Thread 0x000001f095140830 Unloading class 0x000001f0af1a8c00 'java/lang/invoke/LambdaForm$DMH+0x000001f0af1a8c00'
Event: 41.851 Thread 0x000001f095140830 Unloading class 0x000001f0af790800 'java/lang/invoke/LambdaForm$DMH+0x000001f0af790800'
Event: 41.851 Thread 0x000001f095140830 Unloading class 0x000001f0af790400 'java/lang/invoke/LambdaForm$DMH+0x000001f0af790400'
Event: 41.851 Thread 0x000001f095140830 Unloading class 0x000001f0af790000 'java/lang/invoke/LambdaForm$DMH+0x000001f0af790000'
Event: 41.851 Thread 0x000001f095140830 Unloading class 0x000001f0af788800 'java/lang/invoke/LambdaForm$DMH+0x000001f0af788800'

Classes redefined (0 events):
No events

Internal exceptions (20 events):
Event: 24.847 Thread 0x000001f0f5db8510 Exception <a 'sun/nio/fs/WindowsException'{0x00000000d5599468}> (0x00000000d5599468) 
thrown [s\src\hotspot\share\prims\jni.cpp, line 520]
Event: 25.121 Thread 0x000001f0f5db8510 Exception <a 'sun/nio/fs/WindowsException'{0x00000000d55e6518}> (0x00000000d55e6518) 
thrown [s\src\hotspot\share\prims\jni.cpp, line 520]
Event: 25.877 Thread 0x000001f0f82e8f50 Exception <a 'java/lang/NoSuchMethodError'{0x00000000d57e7a58}: 'java.lang.Object java.lang.invoke.DirectMethodHandle$Holder.newInvokeSpecial(java.lang.Object, java.lang.Object, int, java.lang.Object, java.lang.Object, java.lang.Object, java.lang.Object)'> (0x00000000d57e7a58) 
thrown [s\src\hotspot\share\interpreter\linkResolver.cpp, line 773]
Event: 25.878 Thread 0x000001f0f82e8f50 Exception <a 'java/lang/NoSuchMethodError'{0x00000000d57f1258}: 'java.lang.Object java.lang.invoke.Invokers$Holder.linkToTargetMethod(java.lang.Object, int, java.lang.Object, java.lang.Object, java.lang.Object, java.lang.Object, java.lang.Object)'> (0x00000000d57f1258) 
thrown [s\src\hotspot\share\interpreter\linkResolver.cpp, line 773]
Event: 27.507 Thread 0x000001f0f5db8510 Exception <a 'sun/nio/fs/WindowsException'{0x00000000d567b840}> (0x00000000d567b840) 
thrown [s\src\hotspot\share\prims\jni.cpp, line 520]
Event: 27.721 Thread 0x000001f0f5db8510 Exception <a 'sun/nio/fs/WindowsException'{0x00000000d56e0830}> (0x00000000d56e0830) 
thrown [s\src\hotspot\share\prims\jni.cpp, line 520]
Event: 44.969 Thread 0x000001f0f5db8510 Exception <a 'sun/nio/fs/WindowsException'{0x00000000d592fcd8}> (0x00000000d592fcd8) 
thrown [s\src\hotspot\share\prims\jni.cpp, line 520]
Event: 45.154 Thread 0x000001f0f5db8510 Exception <a 'sun/nio/fs/WindowsException'{0x00000000d5631110}> (0x00000000d5631110) 
thrown [s\src\hotspot\share\prims\jni.cpp, line 520]
Event: 45.927 Thread 0x000001f0f82e6e80 Exception <a 'java/lang/ArrayIndexOutOfBoundsException'{0x00000000d56648d8}> (0x00000000d56648d8) 
thrown [s\src\hotspot\share\runtime\sharedRuntime.cpp, line 625]
Event: 48.261 Thread 0x000001f0f82e4090 Exception <a 'java/lang/NoSuchMethodError'{0x00000000d59bc8e0}: 'java.lang.Object java.lang.invoke.DirectMethodHandle$Holder.invokeStatic(java.lang.Object, int, java.lang.Object, java.lang.Object, java.lang.Object, java.lang.Object)'> (0x00000000d59bc8e0) 
thrown [s\src\hotspot\share\interpreter\linkResolver.cpp, line 773]
Event: 48.263 Thread 0x000001f0f82e4090 Exception <a 'java/lang/NoSuchMethodError'{0x00000000d59c3da0}: 'java.lang.Object java.lang.invoke.DirectMethodHandle$Holder.newInvokeSpecial(java.lang.Object, int, java.lang.Object, java.lang.Object, java.lang.Object)'> (0x00000000d59c3da0) 
thrown [s\src\hotspot\share\interpreter\linkResolver.cpp, line 773]
Event: 53.721 Thread 0x000001f0f82e6160 Exception <a 'java/lang/IncompatibleClassChangeError'{0x00000000d59de8b8}: Found class java.lang.Object, but interface was expected> (0x00000000d59de8b8) 
thrown [s\src\hotspot\share\interpreter\linkResolver.cpp, line 840]
Event: 53.728 Thread 0x000001f0f82e4090 Exception <a 'java/lang/NoSuchMethodError'{0x00000000d5a09040}: 'java.lang.Object java.lang.invoke.DirectMethodHandle$Holder.invokeStatic(java.lang.Object, int, int, java.lang.Object)'> (0x00000000d5a09040) 
thrown [s\src\hotspot\share\interpreter\linkResolver.cpp, line 773]
Event: 54.215 Thread 0x000001f0f82e6160 Exception <a 'java/lang/IncompatibleClassChangeError'{0x00000000d5b38238}: Found class java.lang.Object, but interface was expected> (0x00000000d5b38238) 
thrown [s\src\hotspot\share\interpreter\linkResolver.cpp, line 840]
Event: 54.264 Thread 0x000001f0f82e6160 Exception <a 'java/lang/ArrayIndexOutOfBoundsException'{0x00000000d5715f20}: Index 120 out of bounds for length 120> (0x00000000d5715f20) 
thrown [s\src\hotspot\share\interpreter\interpreterRuntime.cpp, line 439]
Event: 54.264 Thread 0x000001f0f82e6160 Exception <a 'java/lang/ArrayIndexOutOfBoundsException'{0x00000000d5716548}: Index 120 out of bounds for length 120> (0x00000000d5716548) 
thrown [s\src\hotspot\share\interpreter\interpreterRuntime.cpp, line 439]
Event: 54.264 Thread 0x000001f0f82e6160 Exception <a 'java/lang/ArrayIndexOutOfBoundsException'{0x00000000d57168c0}: Index 121 out of bounds for length 120> (0x00000000d57168c0) 
thrown [s\src\hotspot\share\interpreter\interpreterRuntime.cpp, line 439]
Event: 54.352 Thread 0x000001f0f82e6160 Exception <a 'java/lang/IncompatibleClassChangeError'{0x00000000d5bd7738}: Found class java.lang.Object, but interface was expected> (0x00000000d5bd7738) 
thrown [s\src\hotspot\share\interpreter\linkResolver.cpp, line 840]
Event: 56.206 Thread 0x000001f0f82e4720 Exception <a 'java/lang/ArrayIndexOutOfBoundsException'{0x00000000d5854b68}> (0x00000000d5854b68) 
thrown [s\src\hotspot\share\runtime\sharedRuntime.cpp, line 625]
Event: 56.288 Thread 0x000001f0f5db8510 Exception <a 'sun/nio/fs/WindowsException'{0x00000000d59406e0}> (0x00000000d59406e0) 
thrown [s\src\hotspot\share\prims\jni.cpp, line 520]

ZGC Phase Switch (0 events):
No events

VM Operations (20 events):
Event: 55.481 Executing VM operation: ParallelGCFailedAllocation (Allocation Failure) done
Event: 55.889 Executing VM operation: ParallelGCFailedAllocation (Allocation Failure)
Event: 55.891 Executing VM operation: ParallelGCFailedAllocation (Allocation Failure) done
Event: 56.297 Executing VM operation: ParallelGCFailedAllocation (Allocation Failure)
Event: 56.299 Executing VM operation: ParallelGCFailedAllocation (Allocation Failure) done
Event: 56.316 Executing VM operation: ParallelGCFailedAllocation (Allocation Failure)
Event: 56.321 Executing VM operation: ParallelGCFailedAllocation (Allocation Failure) done
Event: 56.326 Executing VM operation: ParallelGCFailedAllocation (Allocation Failure)
Event: 57.331 Executing VM operation: ParallelGCFailedAllocation (Allocation Failure) done
Event: 57.338 Executing VM operation: ParallelGCFailedAllocation (Allocation Failure)
Event: 57.340 Executing VM operation: ParallelGCFailedAllocation (Allocation Failure) done
Event: 57.348 Executing VM operation: ParallelGCFailedAllocation (Allocation Failure)
Event: 57.350 Executing VM operation: ParallelGCFailedAllocation (Allocation Failure) done
Event: 57.363 Executing VM operation: ParallelGCFailedAllocation (Allocation Failure)
Event: 57.365 Executing VM operation: ParallelGCFailedAllocation (Allocation Failure) done
Event: 57.366 Executing VM operation: ParallelGCFailedAllocation (Allocation Failure)
Event: 57.368 Executing VM operation: ParallelGCFailedAllocation (Allocation Failure) done
Event: 57.376 Executing VM operation: ParallelGCFailedAllocation (Allocation Failure)
Event: 57.378 Executing VM operation: ParallelGCFailedAllocation (Allocation Failure) done
Event: 57.409 Executing VM operation: ParallelGCFailedAllocation (Allocation Failure)

Memory protections (0 events):
No events

Nmethod flushes (20 events):
Event: 44.893 Thread 0x000001f095140830 flushing  nmethod 0x000001f09b6bea10
Event: 44.893 Thread 0x000001f095140830 flushing  nmethod 0x000001f09b6bf110
Event: 44.893 Thread 0x000001f095140830 flushing  nmethod 0x000001f09b6bf890
Event: 44.893 Thread 0x000001f095140830 flushing  nmethod 0x000001f09b6c1190
Event: 44.893 Thread 0x000001f095140830 flushing  nmethod 0x000001f09b6c1590
Event: 44.893 Thread 0x000001f095140830 flushing  nmethod 0x000001f09b6c1b10
Event: 44.893 Thread 0x000001f095140830 flushing  nmethod 0x000001f09b6c2090
Event: 44.893 Thread 0x000001f095140830 flushing  nmethod 0x000001f09b6c2690
Event: 44.893 Thread 0x000001f095140830 flushing  nmethod 0x000001f09b6c2a90
Event: 44.893 Thread 0x000001f095140830 flushing  nmethod 0x000001f09b6c2e10
Event: 44.893 Thread 0x000001f095140830 flushing  nmethod 0x000001f09b6c3390
Event: 44.893 Thread 0x000001f095140830 flushing  nmethod 0x000001f09b6c3910
Event: 44.893 Thread 0x000001f095140830 flushing  nmethod 0x000001f09b6c3e90
Event: 44.893 Thread 0x000001f095140830 flushing  nmethod 0x000001f09b6c5810
Event: 44.893 Thread 0x000001f095140830 flushing  nmethod 0x000001f09b6c5d10
Event: 44.893 Thread 0x000001f095140830 flushing  nmethod 0x000001f09b6c6610
Event: 44.893 Thread 0x000001f095140830 flushing  nmethod 0x000001f09b6c6b90
Event: 44.893 Thread 0x000001f095140830 flushing  nmethod 0x000001f09b6c8390
Event: 44.893 Thread 0x000001f095140830 flushing  nmethod 0x000001f09b6c8790
Event: 44.893 Thread 0x000001f095140830 flushing  nmethod 0x000001f09b6c8e10

Events (20 events):
Event: 28.992 Thread 0x000001f0975133c0 Thread added: 0x000001f0f0b0a280
Event: 44.953 Thread 0x000001f0f0b0a280 Thread exited: 0x000001f0f0b0a280
Event: 44.954 Thread 0x000001f0f5db77f0 Thread added: 0x000001f0f545be00
Event: 44.963 Thread 0x000001f0f08a0110 Thread added: 0x000001f0f0b0a280
Event: 44.965 Thread 0x000001f0f08a0110 Thread added: 0x000001f0f6b71840
Event: 45.489 Thread 0x000001f0f6b71840 Thread exited: 0x000001f0f6b71840
Event: 45.489 Thread 0x000001f0f0b0a280 Thread exited: 0x000001f0f0b0a280
Event: 45.930 Thread 0x000001f0f08a0110 Thread added: 0x000001f0f0b0a280
Event: 46.077 Thread 0x000001f0f0b0a280 Thread exited: 0x000001f0f0b0a280
Event: 53.749 Thread 0x000001f0975133c0 Thread added: 0x000001f0f0b0a280
Event: 54.060 Thread 0x000001f0f0b0a280 Thread exited: 0x000001f0f0b0a280
Event: 54.304 Thread 0x000001f0f08a0110 Thread added: 0x000001f0f0b0a280
Event: 54.617 Thread 0x000001f0f0b0a280 Thread exited: 0x000001f0f0b0a280
Event: 54.661 Thread 0x000001f0f08a0110 Thread added: 0x000001f0f0b0a280
Event: 55.007 Thread 0x000001f0f0b0a280 Thread exited: 0x000001f0f0b0a280
Event: 55.578 Thread 0x000001f0f08a0110 Thread added: 0x000001f0f8821ff0
Event: 55.787 Thread 0x000001f0f8821ff0 Thread exited: 0x000001f0f8821ff0
Event: 55.878 Thread 0x000001f0f08a0110 Thread added: 0x000001f0f8821ff0
Event: 56.165 Thread 0x000001f0f8821ff0 Thread exited: 0x000001f0f8821ff0
Event: 57.347 Thread 0x000001f0975133c0 Thread added: 0x000001f0f0b0a280


Dynamic libraries:
0x00007ff65cb80000 - 0x00007ff65cb8e000 	c:\Users\gabri\.vscode\extensions\redhat.java-1.51.0-win32-x64\jre\21.0.9-win32-x86_64\bin\java.exe
0x00007ffd96000000 - 0x00007ffd96267000 	C:\WINDOWS\SYSTEM32\ntdll.dll
0x00007ffd94330000 - 0x00007ffd943f9000 	C:\WINDOWS\System32\KERNEL32.DLL
0x00007ffd93830000 - 0x00007ffd93c1f000 	C:\WINDOWS\System32\KERNELBASE.dll
0x00007ffd93620000 - 0x00007ffd9376b000 	C:\WINDOWS\System32\ucrtbase.dll
0x00007ffd82010000 - 0x00007ffd82028000 	c:\Users\gabri\.vscode\extensions\redhat.java-1.51.0-win32-x64\jre\21.0.9-win32-x86_64\bin\jli.dll
0x00007ffd831d0000 - 0x00007ffd831ee000 	c:\Users\gabri\.vscode\extensions\redhat.java-1.51.0-win32-x64\jre\21.0.9-win32-x86_64\bin\VCRUNTIME140.dll
0x00007ffd95a20000 - 0x00007ffd95be5000 	C:\WINDOWS\System32\USER32.dll
0x00007ffd93770000 - 0x00007ffd93797000 	C:\WINDOWS\System32\win32u.dll
0x00007ffd94c50000 - 0x00007ffd94c7b000 	C:\WINDOWS\System32\GDI32.dll
0x00007ffd7a140000 - 0x00007ffd7a3d3000 	C:\WINDOWS\WinSxS\amd64_microsoft.windows.common-controls_6595b64144ccf1df_6.0.26100.7309_none_3e05feeae336a044\COMCTL32.dll
0x00007ffd94ba0000 - 0x00007ffd94c49000 	C:\WINDOWS\System32\msvcrt.dll
0x00007ffd93370000 - 0x00007ffd9349c000 	C:\WINDOWS\System32\gdi32full.dll
0x00007ffd93210000 - 0x00007ffd932b3000 	C:\WINDOWS\System32\msvcp_win.dll
0x00007ffd94400000 - 0x00007ffd94431000 	C:\WINDOWS\System32\IMM32.DLL
0x00007ffd8dff0000 - 0x00007ffd8dffc000 	c:\Users\gabri\.vscode\extensions\redhat.java-1.51.0-win32-x64\jre\21.0.9-win32-x86_64\bin\vcruntime140_1.dll
0x00007ffd53f20000 - 0x00007ffd53fad000 	c:\Users\gabri\.vscode\extensions\redhat.java-1.51.0-win32-x64\jre\21.0.9-win32-x86_64\bin\msvcp140.dll
0x00007ffce1cd0000 - 0x00007ffce2a70000 	c:\Users\gabri\.vscode\extensions\redhat.java-1.51.0-win32-x64\jre\21.0.9-win32-x86_64\bin\server\jvm.dll
0x00007ffd954a0000 - 0x00007ffd95554000 	C:\WINDOWS\System32\ADVAPI32.dll
0x00007ffd95bf0000 - 0x00007ffd95c96000 	C:\WINDOWS\System32\sechost.dll
0x00007ffd94070000 - 0x00007ffd94188000 	C:\WINDOWS\System32\RPCRT4.dll
0x00007ffd942b0000 - 0x00007ffd94324000 	C:\WINDOWS\System32\WS2_32.dll
0x00007ffd8add0000 - 0x00007ffd8addb000 	C:\WINDOWS\SYSTEM32\VERSION.dll
0x00007ffd80b60000 - 0x00007ffd80b95000 	C:\WINDOWS\SYSTEM32\WINMM.dll
0x00007ffd92fb0000 - 0x00007ffd9300e000 	C:\WINDOWS\SYSTEM32\POWRPROF.dll
0x00007ffd92f90000 - 0x00007ffd92fa4000 	C:\WINDOWS\SYSTEM32\UMPDC.dll
0x00007ffd91ec0000 - 0x00007ffd91edb000 	C:\WINDOWS\SYSTEM32\kernel.appcore.dll
0x00007ffd83520000 - 0x00007ffd8352a000 	c:\Users\gabri\.vscode\extensions\redhat.java-1.51.0-win32-x64\jre\21.0.9-win32-x86_64\bin\jimage.dll
0x00007ffd7a3e0000 - 0x00007ffd7a622000 	C:\WINDOWS\SYSTEM32\DBGHELP.DLL
0x00007ffd94dd0000 - 0x00007ffd95155000 	C:\WINDOWS\System32\combase.dll
0x00007ffd94ce0000 - 0x00007ffd94db6000 	C:\WINDOWS\System32\OLEAUT32.dll
0x00007ffd6af60000 - 0x00007ffd6af9c000 	C:\WINDOWS\SYSTEM32\dbgcore.DLL
0x00007ffd932c0000 - 0x00007ffd93365000 	C:\WINDOWS\System32\bcryptPrimitives.dll
0x00007ffd832f0000 - 0x00007ffd832ff000 	c:\Users\gabri\.vscode\extensions\redhat.java-1.51.0-win32-x64\jre\21.0.9-win32-x86_64\bin\instrument.dll
0x00007ffd81fd0000 - 0x00007ffd81ff0000 	c:\Users\gabri\.vscode\extensions\redhat.java-1.51.0-win32-x64\jre\21.0.9-win32-x86_64\bin\java.dll
0x00007ffd94440000 - 0x00007ffd94b93000 	C:\WINDOWS\System32\SHELL32.dll
0x00007ffd93c30000 - 0x00007ffd93d9a000 	C:\WINDOWS\System32\wintypes.dll
0x00007ffd90d30000 - 0x00007ffd9158e000 	C:\WINDOWS\SYSTEM32\windows.storage.dll
0x00007ffd95ec0000 - 0x00007ffd95fb5000 	C:\WINDOWS\System32\SHCORE.dll
0x00007ffd952d0000 - 0x00007ffd95336000 	C:\WINDOWS\System32\shlwapi.dll
0x00007ffd93070000 - 0x00007ffd93099000 	C:\WINDOWS\SYSTEM32\profapi.dll
0x00007ffd8dfb0000 - 0x00007ffd8dfc8000 	c:\Users\gabri\.vscode\extensions\redhat.java-1.51.0-win32-x64\jre\21.0.9-win32-x86_64\bin\zip.dll
0x00007ffd83180000 - 0x00007ffd83190000 	C:\Users\gabri\.vscode\extensions\redhat.java-1.51.0-win32-x64\jre\21.0.9-win32-x86_64\bin\net.dll
0x00007ffd89a70000 - 0x00007ffd89b98000 	C:\WINDOWS\SYSTEM32\WINHTTP.dll
0x00007ffd92420000 - 0x00007ffd9248b000 	C:\WINDOWS\system32\mswsock.dll
0x00007ffd81b70000 - 0x00007ffd81b86000 	C:\Users\gabri\.vscode\extensions\redhat.java-1.51.0-win32-x64\jre\21.0.9-win32-x86_64\bin\nio.dll
0x00007ffd83110000 - 0x00007ffd83120000 	c:\Users\gabri\.vscode\extensions\redhat.java-1.51.0-win32-x64\jre\21.0.9-win32-x86_64\bin\verify.dll
0x00007ffd681d0000 - 0x00007ffd68214000 	C:\Users\gabri\AppData\Roaming\Code\User\globalStorage\redhat.java\1.51.0\config_win\org.eclipse.equinox.launcher\org.eclipse.equinox.launcher.win32.win32.x86_64_1.2.1400.v20250801-0854\eclipse_11916.dll
0x00007ffd95ca0000 - 0x00007ffd95e37000 	C:\WINDOWS\System32\ole32.dll
0x00007ffd92720000 - 0x00007ffd9273b000 	C:\WINDOWS\SYSTEM32\CRYPTSP.dll
0x00007ffd91e20000 - 0x00007ffd91e5a000 	C:\WINDOWS\system32\rsaenh.dll
0x00007ffd924d0000 - 0x00007ffd924fb000 	C:\WINDOWS\SYSTEM32\USERENV.dll
0x00007ffd93040000 - 0x00007ffd9306a000 	C:\WINDOWS\SYSTEM32\bcrypt.dll
0x00007ffd92710000 - 0x00007ffd9271c000 	C:\WINDOWS\SYSTEM32\CRYPTBASE.dll
0x00007ffd918b0000 - 0x00007ffd918e4000 	C:\WINDOWS\SYSTEM32\IPHLPAPI.DLL
0x00007ffd94dc0000 - 0x00007ffd94dca000 	C:\WINDOWS\System32\NSI.dll
0x00007ffd66370000 - 0x00007ffd663b9000 	C:\Users\gabri\AppData\Local\Temp\jna-98110207\jna15114210254511931155.dll
0x00007ffd95340000 - 0x00007ffd95348000 	C:\WINDOWS\System32\PSAPI.DLL
0x00007ffd89920000 - 0x00007ffd8993e000 	C:\WINDOWS\SYSTEM32\dhcpcsvc6.DLL
0x00007ffd897d0000 - 0x00007ffd897f3000 	C:\WINDOWS\SYSTEM32\dhcpcsvc.DLL

JVMTI agents:
c:\Users\gabri\.vscode\extensions\redhat.java-1.51.0-win32-x64\lombok\lombok-1.18.39-4050.jar path:c:\Users\gabri\.vscode\extensions\redhat.java-1.51.0-win32-x64\jre\21.0.9-win32-x86_64\bin\instrument.dll, loaded, initialized, instrumentlib options:none

dbghelp: loaded successfully - version: 4.0.5 - missing functions: none
symbol engine: initialized successfully - sym options: 0x614 - pdb path: .;c:\Users\gabri\.vscode\extensions\redhat.java-1.51.0-win32-x64\jre\21.0.9-win32-x86_64\bin;C:\WINDOWS\SYSTEM32;C:\WINDOWS\WinSxS\amd64_microsoft.windows.common-controls_6595b64144ccf1df_6.0.26100.7309_none_3e05feeae336a044;c:\Users\gabri\.vscode\extensions\redhat.java-1.51.0-win32-x64\jre\21.0.9-win32-x86_64\bin\server;C:\Users\gabri\AppData\Roaming\Code\User\globalStorage\redhat.java\1.51.0\config_win\org.eclipse.equinox.launcher\org.eclipse.equinox.launcher.win32.win32.x86_64_1.2.1400.v20250801-0854;C:\Users\gabri\AppData\Local\Temp\jna-98110207

VM Arguments:
jvm_args: --add-modules=ALL-SYSTEM --add-opens=java.base/java.util=ALL-UNNAMED --add-opens=java.base/java.lang=ALL-UNNAMED --add-opens=java.base/sun.nio.fs=ALL-UNNAMED -Declipse.application=org.eclipse.jdt.ls.core.id1 -Dosgi.bundles.defaultStartLevel=4 -Declipse.product=org.eclipse.jdt.ls.core.product -Djava.import.generatesMetadataFilesAtProjectRoot=false -DDetectVMInstallationsJob.disabled=true -Dfile.encoding=utf8 -XX:+UseParallelGC -XX:GCTimeRatio=4 -XX:AdaptiveSizePolicyWeight=90 -Dsun.zip.disableMemoryMapping=true -Xmx2G -Xms100m -Xlog:disable -javaagent:c:\Users\gabri\.vscode\extensions\redhat.java-1.51.0-win32-x64\lombok\lombok-1.18.39-4050.jar -XX:+HeapDumpOnOutOfMemoryError -XX:HeapDumpPath=c:\Users\gabri\AppData\Roaming\Code\User\workspaceStorage\e14d0158649c4a8f8b96c9572e09e2af\redhat.java -Daether.dependencyCollector.impl=bf 
java_command: c:\Users\gabri\.vscode\extensions\redhat.java-1.51.0-win32-x64\server\plugins\org.eclipse.equinox.launcher_1.7.100.v20251111-0406.jar -configuration c:\Users\gabri\AppData\Roaming\Code\User\globalStorage\redhat.java\1.51.0\config_win -data c:\Users\gabri\AppData\Roaming\Code\User\workspaceStorage\e14d0158649c4a8f8b96c9572e09e2af\redhat.java\jdt_ws --pipe=\\.\pipe\lsp-1bcac085e76cc424f1af4e3892ff090e-sock
java_class_path (initial): c:\Users\gabri\.vscode\extensions\redhat.java-1.51.0-win32-x64\server\plugins\org.eclipse.equinox.launcher_1.7.100.v20251111-0406.jar
Launcher Type: SUN_STANDARD

[Global flags]
    uintx AdaptiveSizePolicyWeight                 = 90                                        {product} {command line}
     intx CICompilerCount                          = 4                                         {product} {ergonomic}
    uintx GCTimeRatio                              = 4                                         {product} {command line}
     bool HeapDumpOnOutOfMemoryError               = true                                   {manageable} {command line}
    ccstr HeapDumpPath                             = c:\Users\gabri\AppData\Roaming\Code\User\workspaceStorage\e14d0158649c4a8f8b96c9572e09e2af\redhat.java         {manageable} {command line}
   size_t InitialHeapSize                          = 104857600                                 {product} {command line}
   size_t MaxHeapSize                              = 2147483648                                {product} {command line}
   size_t MaxNewSize                               = 715653120                                 {product} {ergonomic}
   size_t MinHeapDeltaBytes                        = 524288                                    {product} {ergonomic}
   size_t MinHeapSize                              = 104857600                                 {product} {command line}
   size_t NewSize                                  = 34603008                                  {product} {ergonomic}
    uintx NonNMethodCodeHeapSize                   = 5839372                                {pd product} {ergonomic}
    uintx NonProfiledCodeHeapSize                  = 122909434                              {pd product} {ergonomic}
   size_t OldSize                                  = 70254592                                  {product} {ergonomic}
    uintx ProfiledCodeHeapSize                     = 122909434                              {pd product} {ergonomic}
    uintx ReservedCodeCacheSize                    = 251658240                              {pd product} {ergonomic}
     bool SegmentedCodeCache                       = true                                      {product} {ergonomic}
   size_t SoftMaxHeapSize                          = 2147483648                             {manageable} {ergonomic}
     bool UseCompressedOops                        = true                           {product lp64_product} {ergonomic}
     bool UseLargePagesIndividualAllocation        = false                                  {pd product} {ergonomic}
     bool UseParallelGC                            = true                                      {product} {command line}

Logging:
Log output configuration:
 #0: stdout all=off uptime,level,tags foldmultilines=false
 #1: stderr all=off uptime,level,tags foldmultilines=false

Release file:
JAVA_VERSION="21.0.9" 
MODULES="java.base java.compiler java.datatransfer java.xml java.prefs java.desktop java.instrument java.logging java.management java.security.sasl java.naming java.rmi java.management.rmi java.net.http java.scripting java.security.jgss java.transaction.xa java.sql java.sql.rowset java.xml.crypto java.se java.smartcardio jdk.accessibility jdk.internal.jvmstat jdk.attach jdk.charsets jdk.internal.opt jdk.zipfs jdk.compiler jdk.crypto.ec jdk.crypto.cryptoki jdk.crypto.mscapi jdk.dynalink jdk.internal.ed jdk.editpad jdk.hotspot.agent jdk.httpserver jdk.internal.le jdk.internal.vm.ci jdk.internal.vm.compiler jdk.internal.vm.compiler.management jdk.jartool jdk.javadoc jdk.jcmd jdk.management jdk.management.agent jdk.jconsole jdk.jdeps jdk.jdwp.agent jdk.jdi jdk.jfr jdk.jshell jdk.jsobject jdk.jstatd jdk.localedata jdk.management.jfr jdk.naming.dns jdk.naming.rmi jdk.net jdk.nio.mapmode jdk.random jdk.sctp jdk.security.auth jdk.security.jgss jdk.unsupported jdk.unsupported.desktop jdk.xml.dom" 

Environment Variables:
JAVA_HOME=C:\Program Files\Java\jdk-25_windows-x64_bin\jdk-25.0.1
PATH=C:\Program Files\Eclipse Adoptium\jdk-25.0.1.8-hotspot\bin;C:\Python314\Scripts\;C:\Python314\;C:\Program Files\Java\jdk-25_windows-x64_bin\jdk-25.0.1\bin;C:\WINDOWS\system32;C:\WINDOWS;C:\WINDOWS\System32\Wbem;C:\WINDOWS\System32\WindowsPowerShell\v1.0\;C:\WINDOWS\System32\OpenSSH\;C:\Program Files\NVIDIA Corporation\NVIDIA App\NvDLISR;C:\Program Files (x86)\NVIDIA Corporation\PhysX\Common;C:\Program Files\nodejs\;C:\ProgramData\chocolatey\bin;C:\Program Files\Git\cmd;C:\Program Files\MySQL\MySQL Shell 8.0\bin\;C:\Program Files\PostgreSQL\18\bin;C:\Users\gabri\AppData\Local\Microsoft\WindowsApps;D:\VsCode\Microsoft VS Code\bin;D:\IntellJi\IntelliJ IDEA Community Edition 2025.2.4\bin;C:\Users\gabri\AppData\Roaming\npm;
USERNAME=gabri
OS=Windows_NT
PROCESSOR_IDENTIFIER=Intel64 Family 6 Model 158 Stepping 10, GenuineIntel
TMP=C:\Users\gabri\AppData\Local\Temp
TEMP=C:\Users\gabri\AppData\Local\Temp




Periodic native trim disabled

---------------  S Y S T E M  ---------------

OS:
 Windows 11 , 64 bit Build 26100 (10.0.26100.7309)
OS uptime: 1 days 22:09 hours
Hyper-V role detected

CPU: total 8 (initial active 8) (4 cores per cpu, 2 threads per core) family 6 model 158 stepping 10 microcode 0xde, cx8, cmov, fxsr, ht, mmx, 3dnowpref, sse, sse2, sse3, ssse3, sse4.1, sse4.2, popcnt, lzcnt, tsc, tscinvbit, avx, avx2, aes, erms, clmul, bmi1, bmi2, adx, fma, vzeroupper, clflush, clflushopt, hv, rdtscp, f16c
Processor Information for the first 8 processors :
  Max Mhz: 2400, Current Mhz: 2400, Mhz Limit: 2400

Memory: 4k page, system-wide physical 16221M (7141M free)
TotalPageFile size 31340M (AvailPageFile size 2M)
current process WorkingSet (physical memory assigned to process): 416M, peak: 527M
current process commit charge ("private bytes"): 1674M, peak: 1675M

vm_info: OpenJDK 64-Bit Server VM (21.0.9+10-LTS) for windows-amd64 JRE (21.0.9+10-LTS), built on 2025-10-21T00:00:00Z by "admin" with unknown MS VC++:1942

END.
