#
# There is insufficient memory for the Java Runtime Environment to continue.
# Native memory allocation (malloc) failed to allocate 1098784 bytes. Error detail: Chunk::new
# Possible reasons:
#   The system is out of physical RAM or swap space
#   This process is running with CompressedOops enabled, and the Java Heap may be blocking the growth of the native heap
# Possible solutions:
#   Reduce memory load on the system
#   Increase physical memory or swap space
#   Check if swap backing store is full
#   Decrease Java heap size (-Xmx/-Xms)
#   Decrease number of Java threads
#   Decrease Java thread stack sizes (-Xss)
#   Set larger code cache with -XX:ReservedCodeCacheSize=
#   JVM is running with Unscaled Compressed Oops mode in which the Java heap is
#     placed in the first 4GB address space. The Java Heap base address is the
#     maximum limit for the native heap growth. Please use -XX:HeapBaseMinAddress
#     to set the Java Heap base and to place the Java Heap above 4GB virtual address.
# This output file may be truncated or incomplete.
#
#  Out of Memory Error (arena.cpp:168), pid=15512, tid=5880
#
# JRE version: OpenJDK Runtime Environment Temurin-21.0.9+10 (21.0.9+10) (build 21.0.9+10-LTS)
# Java VM: OpenJDK 64-Bit Server VM Temurin-21.0.9+10 (21.0.9+10-LTS, mixed mode, sharing, tiered, compressed oops, compressed class ptrs, parallel gc, windows-amd64)
# No core dump will be written. Minidumps are not enabled by default on client versions of Windows
#

---------------  S U M M A R Y ------------

Command Line: --add-modules=ALL-SYSTEM --add-opens=java.base/java.util=ALL-UNNAMED --add-opens=java.base/java.lang=ALL-UNNAMED --add-opens=java.base/sun.nio.fs=ALL-UNNAMED -Declipse.application=org.eclipse.jdt.ls.core.id1 -Dosgi.bundles.defaultStartLevel=4 -Declipse.product=org.eclipse.jdt.ls.core.product -Djava.import.generatesMetadataFilesAtProjectRoot=false -DDetectVMInstallationsJob.disabled=true -Dfile.encoding=utf8 -XX:+UseParallelGC -XX:GCTimeRatio=4 -XX:AdaptiveSizePolicyWeight=90 -Dsun.zip.disableMemoryMapping=true -Xmx2G -Xms100m -Xlog:disable -javaagent:c:\Users\gabri\.vscode\extensions\redhat.java-1.50.0-win32-x64\lombok\lombok-1.18.39-4050.jar -XX:+HeapDumpOnOutOfMemoryError -XX:HeapDumpPath=c:\Users\gabri\AppData\Roaming\Code\User\workspaceStorage\e14d0158649c4a8f8b96c9572e09e2af\redhat.java -Daether.dependencyCollector.impl=bf c:\Users\gabri\.vscode\extensions\redhat.java-1.50.0-win32-x64\server\plugins\org.eclipse.equinox.launcher_1.7.100.v20251111-0406.jar -configuration c:\Users\gabri\AppData\Roaming\Code\User\globalStorage\redhat.java\1.50.0\config_win -data c:\Users\gabri\AppData\Roaming\Code\User\workspaceStorage\e14d0158649c4a8f8b96c9572e09e2af\redhat.java\jdt_ws --pipe=\\.\pipe\lsp-0bedfd745c4b0884a17ddfa7e35515f2-sock

Host: Intel(R) Core(TM) i5-9300H CPU @ 2.40GHz, 8 cores, 15G,  Windows 11 , 64 bit Build 26100 (10.0.26100.7309)
Time: Tue Dec 16 14:27:44 2025 Hora oficial do Brasil elapsed time: 14.797403 seconds (0d 0h 0m 14s)

---------------  T H R E A D  ---------------

Current thread (0x0000017867efa2f0):  JavaThread "C2 CompilerThread0" daemon [_thread_in_native, id=5880, stack(0x00000007e8c00000,0x00000007e8d00000) (1024K)]


Current CompileTask:
C2:14797 7861       4       java.lang.invoke.MethodHandleImpl::makePairwiseConvertByEditor (617 bytes)

Stack: [0x00000007e8c00000,0x00000007e8d00000]
Native frames: (J=compiled Java code, j=interpreted, Vv=VM code, C=native code)
V  [jvm.dll+0x6d6e29]
V  [jvm.dll+0x8b4b76]
V  [jvm.dll+0x8b712e]
V  [jvm.dll+0x8b7813]
V  [jvm.dll+0x283d86]
V  [jvm.dll+0xc66ed]
V  [jvm.dll+0xc6c31]
V  [jvm.dll+0x3be53b]
V  [jvm.dll+0x38ab92]
V  [jvm.dll+0x389fda]
V  [jvm.dll+0x24bfa0]
V  [jvm.dll+0x24b580]
V  [jvm.dll+0x1cb13e]
V  [jvm.dll+0x25b29d]
V  [jvm.dll+0x25982a]
V  [jvm.dll+0x3f7ea6]
V  [jvm.dll+0x85e9ad]
V  [jvm.dll+0x6d565d]
C  [ucrtbase.dll+0x37b0]
C  [KERNEL32.DLL+0x2e8d7]
C  [ntdll.dll+0x8c53c]


---------------  P R O C E S S  ---------------

Threads class SMR info:
_java_thread_list=0x000001786f675990, length=46, elements={
0x000001785146a600, 0x0000017867edbe10, 0x0000017867edf3f0, 0x0000017867ee2f50,
0x0000017867ee3c40, 0x0000017867eeb910, 0x0000017867eea560, 0x0000017867efa2f0,
0x0000017867eff9c0, 0x0000017867eec630, 0x0000017867eebfa0, 0x0000017867eeccc0,
0x0000017867eed350, 0x0000017867eeabf0, 0x0000017867eeb280, 0x000001786ee476b0,
0x000001786ee49e10, 0x000001786ee490f0, 0x000001786ee49780, 0x000001786ee4a4a0,
0x000001786ee47d40, 0x000001786ee4b850, 0x000001786ee4bee0, 0x000001786ee48a60,
0x000001786ee4d920, 0x000001786ee4cc00, 0x000001786ee4c570, 0x000001786ee4dfb0,
0x000001786ee4e640, 0x000001786ee4d290, 0x000001786ee4ecd0, 0x000001787083e2d0,
0x000001787083e960, 0x000001787083eff0, 0x000001787083f680, 0x000001787083c890,
0x000001787083c200, 0x000001787083cf20, 0x000001787083fd10, 0x00000178708403a0,
0x0000017870840a30, 0x000001787083d5b0, 0x000001787083dc40, 0x00000178708410c0,
0x000001786fe02f80, 0x0000017870b3b7d0
}

Java Threads: ( => current thread )
  0x000001785146a600 JavaThread "main"                              [_thread_blocked, id=608, stack(0x00000007e8200000,0x00000007e8300000) (1024K)]
  0x0000017867edbe10 JavaThread "Reference Handler"          daemon [_thread_blocked, id=21284, stack(0x00000007e8600000,0x00000007e8700000) (1024K)]
  0x0000017867edf3f0 JavaThread "Finalizer"                  daemon [_thread_blocked, id=24316, stack(0x00000007e8700000,0x00000007e8800000) (1024K)]
  0x0000017867ee2f50 JavaThread "Signal Dispatcher"          daemon [_thread_blocked, id=11128, stack(0x00000007e8800000,0x00000007e8900000) (1024K)]
  0x0000017867ee3c40 JavaThread "Attach Listener"            daemon [_thread_blocked, id=2908, stack(0x00000007e8900000,0x00000007e8a00000) (1024K)]
  0x0000017867eeb910 JavaThread "Service Thread"             daemon [_thread_blocked, id=17720, stack(0x00000007e8a00000,0x00000007e8b00000) (1024K)]
  0x0000017867eea560 JavaThread "Monitor Deflation Thread"   daemon [_thread_blocked, id=9476, stack(0x00000007e8b00000,0x00000007e8c00000) (1024K)]
=>0x0000017867efa2f0 JavaThread "C2 CompilerThread0"         daemon [_thread_in_native, id=5880, stack(0x00000007e8c00000,0x00000007e8d00000) (1024K)]
  0x0000017867eff9c0 JavaThread "C1 CompilerThread0"         daemon [_thread_blocked, id=3452, stack(0x00000007e8d00000,0x00000007e8e00000) (1024K)]
  0x0000017867eec630 JavaThread "Common-Cleaner"             daemon [_thread_blocked, id=21564, stack(0x00000007e8f00000,0x00000007e9000000) (1024K)]
  0x0000017867eebfa0 JavaThread "Notification Thread"        daemon [_thread_blocked, id=21380, stack(0x00000007e9000000,0x00000007e9100000) (1024K)]
  0x0000017867eeccc0 JavaThread "Active Thread: Equinox Container: 755a5dd6-5667-4fbc-8cac-d746f2886687"        [_thread_blocked, id=22320, stack(0x00000007e8e00000,0x00000007e8f00000) (1024K)]
  0x0000017867eed350 JavaThread "Refresh Thread: Equinox Container: 755a5dd6-5667-4fbc-8cac-d746f2886687" daemon [_thread_blocked, id=20284, stack(0x00000007e9800000,0x00000007e9900000) (1024K)]
  0x0000017867eeabf0 JavaThread "Framework Event Dispatcher: Equinox Container: 755a5dd6-5667-4fbc-8cac-d746f2886687" daemon [_thread_blocked, id=23392, stack(0x00000007e9a00000,0x00000007e9b00000) (1024K)]
  0x0000017867eeb280 JavaThread "Start Level: Equinox Container: 755a5dd6-5667-4fbc-8cac-d746f2886687" daemon [_thread_blocked, id=19904, stack(0x00000007e9b00000,0x00000007e9c00000) (1024K)]
  0x000001786ee476b0 JavaThread "Bundle File Closer"         daemon [_thread_blocked, id=13536, stack(0x00000007e9d00000,0x00000007e9e00000) (1024K)]
  0x000001786ee49e10 JavaThread "SCR Component Actor"        daemon [_thread_blocked, id=20824, stack(0x00000007e9e00000,0x00000007e9f00000) (1024K)]
  0x000001786ee490f0 JavaThread "Worker-JM"                         [_thread_blocked, id=16428, stack(0x00000007e9f00000,0x00000007ea000000) (1024K)]
  0x000001786ee49780 JavaThread "JNA Cleaner"                daemon [_thread_blocked, id=8620, stack(0x00000007ea000000,0x00000007ea100000) (1024K)]
  0x000001786ee4a4a0 JavaThread "Worker-0"                          [_thread_blocked, id=13756, stack(0x00000007ea100000,0x00000007ea200000) (1024K)]
  0x000001786ee47d40 JavaThread "Worker-1: Initialize workspace"        [_thread_in_vm, id=19972, stack(0x00000007ea200000,0x00000007ea300000) (1024K)]
  0x000001786ee4b850 JavaThread "Worker-2: Check JDK Index"         [_thread_blocked, id=22464, stack(0x00000007ea300000,0x00000007ea400000) (1024K)]
  0x000001786ee4bee0 JavaThread "Java indexing"              daemon [_thread_blocked, id=3776, stack(0x00000007e9c00000,0x00000007e9d00000) (1024K)]
  0x000001786ee48a60 JavaThread "Worker-3: Initialize Workspace"        [_thread_blocked, id=5628, stack(0x00000007ea700000,0x00000007ea800000) (1024K)]
  0x000001786ee4d920 JavaThread "Worker-4"                          [_thread_blocked, id=10740, stack(0x00000007ea800000,0x00000007ea900000) (1024K)]
  0x000001786ee4cc00 JavaThread "Thread-1"                   daemon [_thread_in_native, id=17184, stack(0x00000007ea900000,0x00000007eaa00000) (1024K)]
  0x000001786ee4c570 JavaThread "Thread-2"                   daemon [_thread_in_native, id=22788, stack(0x00000007eaa00000,0x00000007eab00000) (1024K)]
  0x000001786ee4dfb0 JavaThread "Thread-3"                   daemon [_thread_in_native, id=22576, stack(0x00000007eab00000,0x00000007eac00000) (1024K)]
  0x000001786ee4e640 JavaThread "Thread-4"                   daemon [_thread_in_native, id=22092, stack(0x00000007eac00000,0x00000007ead00000) (1024K)]
  0x000001786ee4d290 JavaThread "Thread-5"                   daemon [_thread_in_native, id=14284, stack(0x00000007ead00000,0x00000007eae00000) (1024K)]
  0x000001786ee4ecd0 JavaThread "Thread-6"                   daemon [_thread_in_native, id=18712, stack(0x00000007eae00000,0x00000007eaf00000) (1024K)]
  0x000001787083e2d0 JavaThread "Thread-7"                   daemon [_thread_in_native, id=7568, stack(0x00000007eaf00000,0x00000007eb000000) (1024K)]
  0x000001787083e960 JavaThread "Thread-8"                   daemon [_thread_in_native, id=23152, stack(0x00000007eb000000,0x00000007eb100000) (1024K)]
  0x000001787083eff0 JavaThread "Thread-9"                   daemon [_thread_in_native, id=20700, stack(0x00000007eb100000,0x00000007eb200000) (1024K)]
  0x000001787083f680 JavaThread "pool-2-thread-1"                   [_thread_blocked, id=20268, stack(0x00000007eb200000,0x00000007eb300000) (1024K)]
  0x000001787083c890 JavaThread "WorkspaceEventsHandler"            [_thread_blocked, id=19208, stack(0x00000007eb300000,0x00000007eb400000) (1024K)]
  0x000001787083c200 JavaThread "pool-1-thread-1"                   [_thread_blocked, id=18568, stack(0x00000007eb400000,0x00000007eb500000) (1024K)]
  0x000001787083cf20 JavaThread "ForkJoinPool.commonPool-worker-1" daemon [_thread_blocked, id=21236, stack(0x00000007eb500000,0x00000007eb600000) (1024K)]
  0x000001787083fd10 JavaThread "ForkJoinPool.commonPool-worker-2" daemon [_thread_in_vm, id=23204, stack(0x00000007eb600000,0x00000007eb700000) (1024K)]
  0x00000178708403a0 JavaThread "ForkJoinPool.commonPool-worker-3" daemon [_thread_in_Java, id=22268, stack(0x00000007eb700000,0x00000007eb800000) (1024K)]
  0x0000017870840a30 JavaThread "ForkJoinPool.commonPool-worker-4" daemon [_thread_in_Java, id=17248, stack(0x00000007eb800000,0x00000007eb900000) (1024K)]
  0x000001787083d5b0 JavaThread "ForkJoinPool.commonPool-worker-5" daemon [_thread_in_vm, id=16852, stack(0x00000007eb900000,0x00000007eba00000) (1024K)]
  0x000001787083dc40 JavaThread "ForkJoinPool.commonPool-worker-6" daemon [_thread_blocked, id=9644, stack(0x00000007eba00000,0x00000007ebb00000) (1024K)]
  0x00000178708410c0 JavaThread "ForkJoinPool.commonPool-worker-7" daemon [_thread_blocked, id=15444, stack(0x00000007ebb00000,0x00000007ebc00000) (1024K)]
  0x000001786fe02f80 JavaThread "C2 CompilerThread1"         daemon [_thread_in_native, id=22336, stack(0x00000007e9100000,0x00000007e9200000) (1024K)]
  0x0000017870b3b7d0 JavaThread "C2 CompilerThread2"         daemon [_thread_in_native, id=23640, stack(0x00000007ea400000,0x00000007ea500000) (1024K)]
Total: 46

Other Threads:
  0x0000017867ec25f0 VMThread "VM Thread"                           [id=17220, stack(0x00000007e8500000,0x00000007e8600000) (1024K)]
  0x0000017867dfca00 WatcherThread "VM Periodic Task Thread"        [id=1736, stack(0x00000007e8400000,0x00000007e8500000) (1024K)]
  0x000001785148af30 WorkerThread "GC Thread#0"                     [id=14116, stack(0x00000007e8300000,0x00000007e8400000) (1024K)]
  0x000001786e065310 WorkerThread "GC Thread#1"                     [id=12304, stack(0x00000007e9200000,0x00000007e9300000) (1024K)]
  0x000001786e553910 WorkerThread "GC Thread#2"                     [id=17148, stack(0x00000007e9300000,0x00000007e9400000) (1024K)]
  0x000001786e553cb0 WorkerThread "GC Thread#3"                     [id=19892, stack(0x00000007e9400000,0x00000007e9500000) (1024K)]
  0x000001786e554050 WorkerThread "GC Thread#4"                     [id=3288, stack(0x00000007e9500000,0x00000007e9600000) (1024K)]
  0x000001786e87f450 WorkerThread "GC Thread#5"                     [id=19468, stack(0x00000007e9600000,0x00000007e9700000) (1024K)]
  0x000001786e87f7f0 WorkerThread "GC Thread#6"                     [id=21288, stack(0x00000007e9700000,0x00000007e9800000) (1024K)]
  0x000001786e0804c0 WorkerThread "GC Thread#7"                     [id=24012, stack(0x00000007e9900000,0x00000007e9a00000) (1024K)]
Total: 10

Threads with active compile tasks:
C2 CompilerThread0  14833 7861       4       java.lang.invoke.MethodHandleImpl::makePairwiseConvertByEditor (617 bytes)
C2 CompilerThread1  14833 7962   !   4       org.eclipse.jdt.internal.core.util.DeduplicationUtil::intern (149 bytes)
C2 CompilerThread2  14833 8008       4       java.util.zip.ZipFile$Source::initCEN (612 bytes)
Total: 3

VM state: not at safepoint (normal execution)

VM Mutex/Monitor currently owned by a thread: None

Heap address: 0x0000000080000000, size: 2048 MB, Compressed Oops mode: 32-bit

CDS archive(s) mapped at: [0x0000017800000000-0x0000017800ba0000-0x0000017800ba0000), size 12189696, SharedBaseAddress: 0x0000017800000000, ArchiveRelocationMode: 1.
Compressed class space mapped at: 0x0000017801000000-0x0000017841000000, reserved size: 1073741824
Narrow klass base: 0x0000017800000000, Narrow klass shift: 0, Narrow klass range: 0x100000000

GC Precious Log:
 CardTable entry size: 512
 CPUs: 8 total, 8 available
 Memory: 16221M
 Large Page Support: Disabled
 NUMA Support: Disabled
 Compressed Oops: Enabled (32-bit)
 Alignments: Space 512K, Generation 512K, Heap 2M
 Heap Min Capacity: 100M
 Heap Initial Capacity: 100M
 Heap Max Capacity: 2G
 Pre-touch: Disabled
 Parallel Workers: 8

Heap:
 PSYoungGen      total 23040K, used 19096K [0x00000000d5580000, 0x00000000d6e00000, 0x0000000100000000)
  eden space 22016K, 83% used [0x00000000d5580000,0x00000000d67883b8,0x00000000d6b00000)
  from space 1024K, 82% used [0x00000000d6b00000,0x00000000d6bd21e0,0x00000000d6c00000)
  to   space 1536K, 0% used [0x00000000d6c80000,0x00000000d6c80000,0x00000000d6e00000)
 ParOldGen       total 68608K, used 62482K [0x0000000080000000, 0x0000000084300000, 0x00000000d5580000)
  object space 68608K, 91% used [0x0000000080000000,0x0000000083d04830,0x0000000084300000)
 Metaspace       used 56754K, committed 58240K, reserved 1114112K
  class space    used 6137K, committed 6784K, reserved 1048576K

Card table byte_map: [0x0000017850e10000,0x0000017851220000] _byte_map_base: 0x0000017850a10000

Marking Bits: (ParMarkBitMap*) 0x00007ffe193a2460
 Begin Bits: [0x0000017863920000, 0x0000017865920000)
 End Bits:   [0x0000017865920000, 0x0000017867920000)

Polling page: 0x000001784f310000

Metaspace:

Usage:
  Non-class:     49.43 MB used.
      Class:      5.99 MB used.
       Both:     55.42 MB used.

Virtual space:
  Non-class space:       64.00 MB reserved,      50.25 MB ( 79%) committed,  1 nodes.
      Class space:        1.00 GB reserved,       6.62 MB ( <1%) committed,  1 nodes.
             Both:        1.06 GB reserved,      56.88 MB (  5%) committed. 

Chunk freelists:
   Non-Class:  13.59 MB
       Class:  9.19 MB
        Both:  22.78 MB

MaxMetaspaceSize: unlimited
CompressedClassSpaceSize: 1.00 GB
Initial GC threshold: 21.00 MB
Current GC threshold: 58.38 MB
CDS: on
 - commit_granule_bytes: 65536.
 - commit_granule_words: 8192.
 - virtual_space_node_default_size: 8388608.
 - enlarge_chunks_in_place: 1.
 - use_allocation_guard: 0.


Internal statistics:

num_allocs_failed_limit: 6.
num_arena_births: 1074.
num_arena_deaths: 14.
num_vsnodes_births: 2.
num_vsnodes_deaths: 0.
num_space_committed: 910.
num_space_uncommitted: 0.
num_chunks_returned_to_freelist: 20.
num_chunks_taken_from_freelist: 3716.
num_chunk_merges: 12.
num_chunk_splits: 2301.
num_chunks_enlarged: 1276.
num_inconsistent_stats: 0.

CodeHeap 'non-profiled nmethods': size=120000Kb used=4728Kb max_used=4728Kb free=115271Kb
 bounds [0x000001785c140000, 0x000001785c5e0000, 0x0000017863670000]
CodeHeap 'profiled nmethods': size=120000Kb used=16241Kb max_used=16241Kb free=103758Kb
 bounds [0x0000017854670000, 0x0000017855650000, 0x000001785bba0000]
CodeHeap 'non-nmethods': size=5760Kb used=1414Kb max_used=1469Kb free=4345Kb
 bounds [0x000001785bba0000, 0x000001785be10000, 0x000001785c140000]
CodeCache: size=245760Kb, used=22383Kb, max_used=22438Kb, free=223374Kb
 total_blobs=8168, nmethods=7440, adapters=634, full_count=0
Compilation: enabled, stopped_count=0, restarted_count=0

Compilation events (20 events):
Event: 13.671 Thread 0x0000017867eff9c0 7952       3       org.eclipse.sisu.bean.BeanScheduler$CycleActivator$1::visitNoScoping (5 bytes)
Event: 13.671 Thread 0x0000017867eff9c0 nmethod 7952 0x0000017855617b10 code [0x0000017855617cc0, 0x0000017855617e40]
Event: 13.671 Thread 0x0000017867eff9c0 7953       3       org.eclipse.sisu.bean.BeanScheduler$CycleActivator$1::visitNoScoping (4 bytes)
Event: 13.671 Thread 0x0000017867eff9c0 nmethod 7953 0x0000017855617f10 code [0x00000178556180a0, 0x00000178556181b8]
Event: 13.671 Thread 0x0000017867eff9c0 7954       3       com.google.inject.internal.InternalFactoryToInitializableAdapter::get (23 bytes)
Event: 13.672 Thread 0x0000017867eff9c0 nmethod 7954 0x0000017855618290 code [0x0000017855618460, 0x0000017855618818]
Event: 13.672 Thread 0x0000017867eff9c0 7955   !   3       com.google.inject.internal.ProviderInternalFactory::circularGet (124 bytes)
Event: 13.673 Thread 0x0000017867eff9c0 nmethod 7955 0x0000017855618910 code [0x0000017855618b60, 0x00000178556194b0]
Event: 13.674 Thread 0x000001786fe02f80 nmethod 7869 0x000001785c5ccc10 code [0x000001785c5cce40, 0x000001785c5cd390]
Event: 13.674 Thread 0x000001786fe02f80 7923       4       com.google.inject.spi.InjectionPoint::getAtInject (26 bytes)
Event: 13.675 Thread 0x0000017867eff9c0 7957       3       com.google.common.collect.MapMakerInternalMap::rehash (49 bytes)
Event: 13.675 Thread 0x0000017867eff9c0 nmethod 7957 0x0000017855619990 code [0x0000017855619b20, 0x0000017855619c50]
Event: 13.676 Thread 0x0000017867eff9c0 7958   !   3       com.google.common.collect.MapMakerInternalMap$Segment::containsKey (58 bytes)
Event: 13.676 Thread 0x000001786fe02f80 nmethod 7923 0x000001785c5cd790 code [0x000001785c5cd960, 0x000001785c5cdae8]
Event: 13.676 Thread 0x000001786fe02f80 7920       4       java.lang.Class::getComponentType (14 bytes)
Event: 13.676 Thread 0x0000017867eff9c0 nmethod 7958 0x0000017855619d10 code [0x0000017855619f60, 0x000001785561aca0]
Event: 13.677 Thread 0x000001786fe02f80 nmethod 7920 0x000001785c5cdc90 code [0x000001785c5cde20, 0x000001785c5cded0]
Event: 13.677 Thread 0x000001786fe02f80 7959       4       org.eclipse.jdt.internal.core.util.WeakHashSet::cleanupGarbageCollectedValues (144 bytes)
Event: 13.678 Thread 0x0000017867eff9c0 7961       3       org.eclipse.jdt.internal.core.JarPackageFragmentRootInfo$PackageContent::<init> (15 bytes)
Event: 13.678 Thread 0x0000017867eff9c0 nmethod 7961 0x000001785561b090 code [0x000001785561b240, 0x000001785561b438]

GC Heap History (20 events):
Event: 9.900 GC heap before
{Heap before GC invocations=30 (full 2):
 PSYoungGen      total 24576K, used 24224K [0x00000000d5580000, 0x00000000d7280000, 0x0000000100000000)
  eden space 22016K, 100% used [0x00000000d5580000,0x00000000d6b00000,0x00000000d6b00000)
  from space 2560K, 86% used [0x00000000d6f80000,0x00000000d71a8010,0x00000000d7200000)
  to   space 512K, 0% used [0x00000000d7200000,0x00000000d7200000,0x00000000d7280000)
 ParOldGen       total 68608K, used 48597K [0x0000000080000000, 0x0000000084300000, 0x00000000d5580000)
  object space 68608K, 70% used [0x0000000080000000,0x0000000082f75670,0x0000000084300000)
 Metaspace       used 49137K, committed 50432K, reserved 1114112K
  class space    used 5359K, committed 5952K, reserved 1048576K
}
Event: 9.904 GC heap after
{Heap after GC invocations=30 (full 2):
 PSYoungGen      total 22528K, used 512K [0x00000000d5580000, 0x00000000d7400000, 0x0000000100000000)
  eden space 22016K, 0% used [0x00000000d5580000,0x00000000d5580000,0x00000000d6b00000)
  from space 512K, 100% used [0x00000000d7200000,0x00000000d7280000,0x00000000d7280000)
  to   space 4608K, 0% used [0x00000000d6b00000,0x00000000d6b00000,0x00000000d6f80000)
 ParOldGen       total 68608K, used 51982K [0x0000000080000000, 0x0000000084300000, 0x00000000d5580000)
  object space 68608K, 75% used [0x0000000080000000,0x00000000832c3880,0x0000000084300000)
 Metaspace       used 49137K, committed 50432K, reserved 1114112K
  class space    used 5359K, committed 5952K, reserved 1048576K
}
Event: 10.244 GC heap before
{Heap before GC invocations=31 (full 2):
 PSYoungGen      total 22528K, used 22528K [0x00000000d5580000, 0x00000000d7400000, 0x0000000100000000)
  eden space 22016K, 100% used [0x00000000d5580000,0x00000000d6b00000,0x00000000d6b00000)
  from space 512K, 100% used [0x00000000d7200000,0x00000000d7280000,0x00000000d7280000)
  to   space 4608K, 0% used [0x00000000d6b00000,0x00000000d6b00000,0x00000000d6f80000)
 ParOldGen       total 68608K, used 51982K [0x0000000080000000, 0x0000000084300000, 0x00000000d5580000)
  object space 68608K, 75% used [0x0000000080000000,0x00000000832c3880,0x0000000084300000)
 Metaspace       used 50454K, committed 51776K, reserved 1114112K
  class space    used 5536K, committed 6144K, reserved 1048576K
}
Event: 10.247 GC heap after
{Heap after GC invocations=31 (full 2):
 PSYoungGen      total 26624K, used 1836K [0x00000000d5580000, 0x00000000d7280000, 0x0000000100000000)
  eden space 22016K, 0% used [0x00000000d5580000,0x00000000d5580000,0x00000000d6b00000)
  from space 4608K, 39% used [0x00000000d6b00000,0x00000000d6ccb378,0x00000000d6f80000)
  to   space 3072K, 0% used [0x00000000d6f80000,0x00000000d6f80000,0x00000000d7280000)
 ParOldGen       total 68608K, used 52542K [0x0000000080000000, 0x0000000084300000, 0x00000000d5580000)
  object space 68608K, 76% used [0x0000000080000000,0x000000008334f880,0x0000000084300000)
 Metaspace       used 50454K, committed 51776K, reserved 1114112K
  class space    used 5536K, committed 6144K, reserved 1048576K
}
Event: 12.856 GC heap before
{Heap before GC invocations=32 (full 2):
 PSYoungGen      total 26624K, used 23807K [0x00000000d5580000, 0x00000000d7280000, 0x0000000100000000)
  eden space 22016K, 99% used [0x00000000d5580000,0x00000000d6af4b48,0x00000000d6b00000)
  from space 4608K, 39% used [0x00000000d6b00000,0x00000000d6ccb378,0x00000000d6f80000)
  to   space 3072K, 0% used [0x00000000d6f80000,0x00000000d6f80000,0x00000000d7280000)
 ParOldGen       total 68608K, used 52542K [0x0000000080000000, 0x0000000084300000, 0x00000000d5580000)
  object space 68608K, 76% used [0x0000000080000000,0x000000008334f880,0x0000000084300000)
 Metaspace       used 52063K, committed 53440K, reserved 1114112K
  class space    used 5704K, committed 6336K, reserved 1048576K
}
Event: 12.858 GC heap after
{Heap after GC invocations=32 (full 2):
 PSYoungGen      total 22528K, used 480K [0x00000000d5580000, 0x00000000d7000000, 0x0000000100000000)
  eden space 22016K, 0% used [0x00000000d5580000,0x00000000d5580000,0x00000000d6b00000)
  from space 512K, 93% used [0x00000000d6f80000,0x00000000d6ff8000,0x00000000d7000000)
  to   space 1536K, 0% used [0x00000000d6d00000,0x00000000d6d00000,0x00000000d6e80000)
 ParOldGen       total 68608K, used 53829K [0x0000000080000000, 0x0000000084300000, 0x00000000d5580000)
  object space 68608K, 78% used [0x0000000080000000,0x0000000083491598,0x0000000084300000)
 Metaspace       used 52063K, committed 53440K, reserved 1114112K
  class space    used 5704K, committed 6336K, reserved 1048576K
}
Event: 13.277 GC heap before
{Heap before GC invocations=33 (full 2):
 PSYoungGen      total 22528K, used 22496K [0x00000000d5580000, 0x00000000d7000000, 0x0000000100000000)
  eden space 22016K, 100% used [0x00000000d5580000,0x00000000d6b00000,0x00000000d6b00000)
  from space 512K, 93% used [0x00000000d6f80000,0x00000000d6ff8000,0x00000000d7000000)
  to   space 1536K, 0% used [0x00000000d6d00000,0x00000000d6d00000,0x00000000d6e80000)
 ParOldGen       total 68608K, used 53829K [0x0000000080000000, 0x0000000084300000, 0x00000000d5580000)
  object space 68608K, 78% used [0x0000000080000000,0x0000000083491598,0x0000000084300000)
 Metaspace       used 54172K, committed 55552K, reserved 1114112K
  class space    used 5912K, committed 6528K, reserved 1048576K
}
Event: 13.278 GC heap after
{Heap after GC invocations=33 (full 2):
 PSYoungGen      total 23552K, used 640K [0x00000000d5580000, 0x00000000d7000000, 0x0000000100000000)
  eden space 22016K, 0% used [0x00000000d5580000,0x00000000d5580000,0x00000000d6b00000)
  from space 1536K, 41% used [0x00000000d6d00000,0x00000000d6da0000,0x00000000d6e80000)
  to   space 1024K, 0% used [0x00000000d6f00000,0x00000000d6f00000,0x00000000d7000000)
 ParOldGen       total 68608K, used 54157K [0x0000000080000000, 0x0000000084300000, 0x00000000d5580000)
  object space 68608K, 78% used [0x0000000080000000,0x00000000834e3598,0x0000000084300000)
 Metaspace       used 54172K, committed 55552K, reserved 1114112K
  class space    used 5912K, committed 6528K, reserved 1048576K
}
Event: 13.380 GC heap before
{Heap before GC invocations=34 (full 2):
 PSYoungGen      total 23552K, used 22656K [0x00000000d5580000, 0x00000000d7000000, 0x0000000100000000)
  eden space 22016K, 100% used [0x00000000d5580000,0x00000000d6b00000,0x00000000d6b00000)
  from space 1536K, 41% used [0x00000000d6d00000,0x00000000d6da0000,0x00000000d6e80000)
  to   space 1024K, 0% used [0x00000000d6f00000,0x00000000d6f00000,0x00000000d7000000)
 ParOldGen       total 68608K, used 54157K [0x0000000080000000, 0x0000000084300000, 0x00000000d5580000)
  object space 68608K, 78% used [0x0000000080000000,0x00000000834e3598,0x0000000084300000)
 Metaspace       used 54430K, committed 55808K, reserved 1114112K
  class space    used 5942K, committed 6592K, reserved 1048576K
}
Event: 13.382 GC heap after
{Heap after GC invocations=34 (full 2):
 PSYoungGen      total 23040K, used 749K [0x00000000d5580000, 0x00000000d7000000, 0x0000000100000000)
  eden space 22016K, 0% used [0x00000000d5580000,0x00000000d5580000,0x00000000d6b00000)
  from space 1024K, 73% used [0x00000000d6f00000,0x00000000d6fbb580,0x00000000d7000000)
  to   space 1024K, 0% used [0x00000000d6e00000,0x00000000d6e00000,0x00000000d6f00000)
 ParOldGen       total 68608K, used 54629K [0x0000000080000000, 0x0000000084300000, 0x00000000d5580000)
  object space 68608K, 79% used [0x0000000080000000,0x0000000083559748,0x0000000084300000)
 Metaspace       used 54430K, committed 55808K, reserved 1114112K
  class space    used 5942K, committed 6592K, reserved 1048576K
}
Event: 13.434 GC heap before
{Heap before GC invocations=35 (full 2):
 PSYoungGen      total 23040K, used 22765K [0x00000000d5580000, 0x00000000d7000000, 0x0000000100000000)
  eden space 22016K, 100% used [0x00000000d5580000,0x00000000d6b00000,0x00000000d6b00000)
  from space 1024K, 73% used [0x00000000d6f00000,0x00000000d6fbb580,0x00000000d7000000)
  to   space 1024K, 0% used [0x00000000d6e00000,0x00000000d6e00000,0x00000000d6f00000)
 ParOldGen       total 68608K, used 54629K [0x0000000080000000, 0x0000000084300000, 0x00000000d5580000)
  object space 68608K, 79% used [0x0000000080000000,0x0000000083559748,0x0000000084300000)
 Metaspace       used 54866K, committed 56320K, reserved 1114112K
  class space    used 5984K, committed 6656K, reserved 1048576K
}
Event: 13.436 GC heap after
{Heap after GC invocations=35 (full 2):
 PSYoungGen      total 23040K, used 699K [0x00000000d5580000, 0x00000000d6f80000, 0x0000000100000000)
  eden space 22016K, 0% used [0x00000000d5580000,0x00000000d5580000,0x00000000d6b00000)
  from space 1024K, 68% used [0x00000000d6e00000,0x00000000d6eaee88,0x00000000d6f00000)
  to   space 512K, 0% used [0x00000000d6f00000,0x00000000d6f00000,0x00000000d6f80000)
 ParOldGen       total 68608K, used 54893K [0x0000000080000000, 0x0000000084300000, 0x00000000d5580000)
  object space 68608K, 80% used [0x0000000080000000,0x000000008359b758,0x0000000084300000)
 Metaspace       used 54866K, committed 56320K, reserved 1114112K
  class space    used 5984K, committed 6656K, reserved 1048576K
}
Event: 13.532 GC heap before
{Heap before GC invocations=36 (full 2):
 PSYoungGen      total 23040K, used 22277K [0x00000000d5580000, 0x00000000d6f80000, 0x0000000100000000)
  eden space 22016K, 98% used [0x00000000d5580000,0x00000000d6a92958,0x00000000d6b00000)
  from space 1024K, 68% used [0x00000000d6e00000,0x00000000d6eaee88,0x00000000d6f00000)
  to   space 512K, 0% used [0x00000000d6f00000,0x00000000d6f00000,0x00000000d6f80000)
 ParOldGen       total 68608K, used 54893K [0x0000000080000000, 0x0000000084300000, 0x00000000d5580000)
  object space 68608K, 80% used [0x0000000080000000,0x000000008359b758,0x0000000084300000)
 Metaspace       used 55353K, committed 56768K, reserved 1114112K
  class space    used 6026K, committed 6656K, reserved 1048576K
}
Event: 13.533 GC heap after
{Heap after GC invocations=36 (full 2):
 PSYoungGen      total 22528K, used 409K [0x00000000d5580000, 0x00000000d6f80000, 0x0000000100000000)
  eden space 22016K, 0% used [0x00000000d5580000,0x00000000d5580000,0x00000000d6b00000)
  from space 512K, 79% used [0x00000000d6f00000,0x00000000d6f66660,0x00000000d6f80000)
  to   space 1024K, 0% used [0x00000000d6d80000,0x00000000d6d80000,0x00000000d6e80000)
 ParOldGen       total 68608K, used 56170K [0x0000000080000000, 0x0000000084300000, 0x00000000d5580000)
  object space 68608K, 81% used [0x0000000080000000,0x00000000836da830,0x0000000084300000)
 Metaspace       used 55353K, committed 56768K, reserved 1114112K
  class space    used 6026K, committed 6656K, reserved 1048576K
}
Event: 13.586 GC heap before
{Heap before GC invocations=37 (full 2):
 PSYoungGen      total 22528K, used 22425K [0x00000000d5580000, 0x00000000d6f80000, 0x0000000100000000)
  eden space 22016K, 100% used [0x00000000d5580000,0x00000000d6b00000,0x00000000d6b00000)
  from space 512K, 79% used [0x00000000d6f00000,0x00000000d6f66660,0x00000000d6f80000)
  to   space 1024K, 0% used [0x00000000d6d80000,0x00000000d6d80000,0x00000000d6e80000)
 ParOldGen       total 68608K, used 56170K [0x0000000080000000, 0x0000000084300000, 0x00000000d5580000)
  object space 68608K, 81% used [0x0000000080000000,0x00000000836da830,0x0000000084300000)
 Metaspace       used 55577K, committed 57024K, reserved 1114112K
  class space    used 6048K, committed 6720K, reserved 1048576K
}
Event: 13.588 GC heap after
{Heap after GC invocations=37 (full 2):
 PSYoungGen      total 23040K, used 1010K [0x00000000d5580000, 0x00000000d6f80000, 0x0000000100000000)
  eden space 22016K, 0% used [0x00000000d5580000,0x00000000d5580000,0x00000000d6b00000)
  from space 1024K, 98% used [0x00000000d6d80000,0x00000000d6e7c928,0x00000000d6e80000)
  to   space 1024K, 0% used [0x00000000d6e80000,0x00000000d6e80000,0x00000000d6f80000)
 ParOldGen       total 68608K, used 56678K [0x0000000080000000, 0x0000000084300000, 0x00000000d5580000)
  object space 68608K, 82% used [0x0000000080000000,0x0000000083759ad0,0x0000000084300000)
 Metaspace       used 55577K, committed 57024K, reserved 1114112K
  class space    used 6048K, committed 6720K, reserved 1048576K
}
Event: 13.618 GC heap before
{Heap before GC invocations=38 (full 2):
 PSYoungGen      total 23040K, used 23026K [0x00000000d5580000, 0x00000000d6f80000, 0x0000000100000000)
  eden space 22016K, 100% used [0x00000000d5580000,0x00000000d6b00000,0x00000000d6b00000)
  from space 1024K, 98% used [0x00000000d6d80000,0x00000000d6e7c928,0x00000000d6e80000)
  to   space 1024K, 0% used [0x00000000d6e80000,0x00000000d6e80000,0x00000000d6f80000)
 ParOldGen       total 68608K, used 56678K [0x0000000080000000, 0x0000000084300000, 0x00000000d5580000)
  object space 68608K, 82% used [0x0000000080000000,0x0000000083759ad0,0x0000000084300000)
 Metaspace       used 55714K, committed 57152K, reserved 1114112K
  class space    used 6059K, committed 6720K, reserved 1048576K
}
Event: 13.620 GC heap after
{Heap after GC invocations=38 (full 2):
 PSYoungGen      total 23040K, used 544K [0x00000000d5580000, 0x00000000d6f80000, 0x0000000100000000)
  eden space 22016K, 0% used [0x00000000d5580000,0x00000000d5580000,0x00000000d6b00000)
  from space 1024K, 53% used [0x00000000d6e80000,0x00000000d6f08000,0x00000000d6f80000)
  to   space 1024K, 0% used [0x00000000d6d80000,0x00000000d6d80000,0x00000000d6e80000)
 ParOldGen       total 68608K, used 57687K [0x0000000080000000, 0x0000000084300000, 0x00000000d5580000)
  object space 68608K, 84% used [0x0000000080000000,0x0000000083855d70,0x0000000084300000)
 Metaspace       used 55714K, committed 57152K, reserved 1114112K
  class space    used 6059K, committed 6720K, reserved 1048576K
}
Event: 13.648 GC heap before
{Heap before GC invocations=39 (full 2):
 PSYoungGen      total 23040K, used 22560K [0x00000000d5580000, 0x00000000d6f80000, 0x0000000100000000)
  eden space 22016K, 100% used [0x00000000d5580000,0x00000000d6b00000,0x00000000d6b00000)
  from space 1024K, 53% used [0x00000000d6e80000,0x00000000d6f08000,0x00000000d6f80000)
  to   space 1024K, 0% used [0x00000000d6d80000,0x00000000d6d80000,0x00000000d6e80000)
 ParOldGen       total 68608K, used 57687K [0x0000000080000000, 0x0000000084300000, 0x00000000d5580000)
  object space 68608K, 84% used [0x0000000080000000,0x0000000083855d70,0x0000000084300000)
 Metaspace       used 55771K, committed 57216K, reserved 1114112K
  class space    used 6070K, committed 6720K, reserved 1048576K
}
Event: 13.650 GC heap after
{Heap after GC invocations=39 (full 2):
 PSYoungGen      total 23040K, used 608K [0x00000000d5580000, 0x00000000d6f00000, 0x0000000100000000)
  eden space 22016K, 0% used [0x00000000d5580000,0x00000000d5580000,0x00000000d6b00000)
  from space 1024K, 59% used [0x00000000d6d80000,0x00000000d6e18000,0x00000000d6e80000)
  to   space 512K, 0% used [0x00000000d6e80000,0x00000000d6e80000,0x00000000d6f00000)
 ParOldGen       total 68608K, used 58135K [0x0000000080000000, 0x0000000084300000, 0x00000000d5580000)
  object space 68608K, 84% used [0x0000000080000000,0x00000000838c5d90,0x0000000084300000)
 Metaspace       used 55771K, committed 57216K, reserved 1114112K
  class space    used 6070K, committed 6720K, reserved 1048576K
}

Dll operation events (10 events):
Event: 0.014 Loaded shared library c:\Users\gabri\.vscode\extensions\redhat.java-1.50.0-win32-x64\jre\21.0.9-win32-x86_64\bin\java.dll
Event: 0.089 Loaded shared library c:\Users\gabri\.vscode\extensions\redhat.java-1.50.0-win32-x64\jre\21.0.9-win32-x86_64\bin\zip.dll
Event: 0.107 Loaded shared library C:\Users\gabri\.vscode\extensions\redhat.java-1.50.0-win32-x64\jre\21.0.9-win32-x86_64\bin\instrument.dll
Event: 0.113 Loaded shared library C:\Users\gabri\.vscode\extensions\redhat.java-1.50.0-win32-x64\jre\21.0.9-win32-x86_64\bin\net.dll
Event: 0.115 Loaded shared library C:\Users\gabri\.vscode\extensions\redhat.java-1.50.0-win32-x64\jre\21.0.9-win32-x86_64\bin\nio.dll
Event: 0.117 Loaded shared library C:\Users\gabri\.vscode\extensions\redhat.java-1.50.0-win32-x64\jre\21.0.9-win32-x86_64\bin\zip.dll
Event: 0.132 Loaded shared library C:\Users\gabri\.vscode\extensions\redhat.java-1.50.0-win32-x64\jre\21.0.9-win32-x86_64\bin\jimage.dll
Event: 0.210 Loaded shared library c:\Users\gabri\.vscode\extensions\redhat.java-1.50.0-win32-x64\jre\21.0.9-win32-x86_64\bin\verify.dll
Event: 1.447 Loaded shared library C:\Users\gabri\AppData\Roaming\Code\User\globalStorage\redhat.java\1.50.0\config_win\org.eclipse.equinox.launcher\org.eclipse.equinox.launcher.win32.win32.x86_64_1.2.1400.v20250801-0854\eclipse_11916.dll
Event: 2.886 Loaded shared library C:\Users\gabri\AppData\Local\Temp\jna-98110207\jna4432531724462457526.dll

Deoptimization events (20 events):
Event: 13.524 Thread 0x000001787083cf20 DEOPT PACKING pc=0x000001785c59416c sp=0x00000007eb5fe750
Event: 13.524 Thread 0x000001787083cf20 DEOPT UNPACKING pc=0x000001785bbf3aa2 sp=0x00000007eb5fe6e0 mode 2
Event: 13.529 Thread 0x0000017870840a30 Uncommon trap: trap_request=0xffffff6e fr.pc=0x000001785c5c1a6c relative=0x00000000000001ac
Event: 13.529 Thread 0x00000178708403a0 Uncommon trap: trap_request=0xffffff6e fr.pc=0x000001785c5c1a6c relative=0x00000000000001ac
Event: 13.529 Thread 0x0000017870840a30 Uncommon trap: reason=loop_limit_check action=maybe_recompile pc=0x000001785c5c1a6c method=org.eclipse.jdt.internal.core.util.HashSetOfArray.hashCode([Ljava/lang/Object;I)I @ 27 c2
Event: 13.529 Thread 0x00000178708403a0 Uncommon trap: reason=loop_limit_check action=maybe_recompile pc=0x000001785c5c1a6c method=org.eclipse.jdt.internal.core.util.HashSetOfArray.hashCode([Ljava/lang/Object;I)I @ 27 c2
Event: 13.529 Thread 0x0000017870840a30 DEOPT PACKING pc=0x000001785c5c1a6c sp=0x00000007eb8fe2d0
Event: 13.529 Thread 0x0000017870840a30 DEOPT UNPACKING pc=0x000001785bbf3aa2 sp=0x00000007eb8fe258 mode 2
Event: 13.529 Thread 0x00000178708403a0 DEOPT PACKING pc=0x000001785c5c1a6c sp=0x00000007eb7fe3b0
Event: 13.530 Thread 0x00000178708403a0 DEOPT UNPACKING pc=0x000001785bbf3aa2 sp=0x00000007eb7fe338 mode 2
Event: 13.538 Thread 0x0000017870840a30 DEOPT PACKING pc=0x0000017854a325d9 sp=0x00000007eb8fda90
Event: 13.538 Thread 0x0000017870840a30 DEOPT UNPACKING pc=0x000001785bbf4242 sp=0x00000007eb8fcf18 mode 0
Event: 13.630 Thread 0x000001786ee47d40 Uncommon trap: trap_request=0xffffffde fr.pc=0x000001785c466b34 relative=0x0000000000000274
Event: 13.630 Thread 0x000001786ee47d40 Uncommon trap: reason=class_check action=maybe_recompile pc=0x000001785c466b34 method=java.util.Comparator.lambda$comparing$77a9974f$1(Ljava/util/function/Function;Ljava/lang/Object;Ljava/lang/Object;)I @ 7 c2
Event: 13.630 Thread 0x000001786ee47d40 DEOPT PACKING pc=0x000001785c466b34 sp=0x00000007ea2fd6c0
Event: 13.630 Thread 0x000001786ee47d40 DEOPT UNPACKING pc=0x000001785bbf3aa2 sp=0x00000007ea2fd5f0 mode 2
Event: 13.643 Thread 0x000001786ee47d40 Uncommon trap: trap_request=0xffffff6e fr.pc=0x000001785c497f34 relative=0x0000000000005334
Event: 13.643 Thread 0x000001786ee47d40 Uncommon trap: reason=loop_limit_check action=maybe_recompile pc=0x000001785c497f34 method=com.google.inject.spi.InjectionPoint.getInjectionPoints(Lcom/google/inject/TypeLiteral;ZLcom/google/inject/internal/Errors;)Ljava/util/Set; @ 34 c2
Event: 13.643 Thread 0x000001786ee47d40 DEOPT PACKING pc=0x000001785c497f34 sp=0x00000007ea2fae00
Event: 13.643 Thread 0x000001786ee47d40 DEOPT UNPACKING pc=0x000001785bbf3aa2 sp=0x00000007ea2fadd0 mode 2

Classes loaded (20 events):
Event: 13.109 Loading class java/util/stream/ReferencePipeline$4
Event: 13.110 Loading class java/util/stream/ReferencePipeline$4 done
Event: 13.110 Loading class java/util/stream/Nodes$IntFixedNodeBuilder
Event: 13.110 Loading class java/util/stream/Node$Builder$OfInt
Event: 13.110 Loading class java/util/stream/Node$Builder$OfInt done
Event: 13.110 Loading class java/util/stream/Nodes$IntArrayNode
Event: 13.111 Loading class java/util/stream/Nodes$IntArrayNode done
Event: 13.111 Loading class java/util/stream/Nodes$IntFixedNodeBuilder done
Event: 13.111 Loading class java/util/stream/ReferencePipeline$4$1
Event: 13.111 Loading class java/util/stream/ReferencePipeline$4$1 done
Event: 13.125 Loading class java/util/Hashtable$ValueCollection
Event: 13.126 Loading class java/util/Hashtable$ValueCollection done
Event: 13.264 Loading class java/nio/charset/CharacterCodingException
Event: 13.264 Loading class java/nio/charset/CharacterCodingException done
Event: 13.264 Loading class java/io/SequenceInputStream
Event: 13.264 Loading class java/io/SequenceInputStream done
Event: 13.293 Loading class java/util/WeakHashMap$KeyIterator
Event: 13.293 Loading class java/util/WeakHashMap$KeyIterator done
Event: 13.558 Loading class java/util/Hashtable$KeySet
Event: 13.559 Loading class java/util/Hashtable$KeySet done

Classes unloaded (7 events):
Event: 3.451 Thread 0x0000017867ec25f0 Unloading class 0x00000178011ad400 'java/lang/invoke/LambdaForm$MH+0x00000178011ad400'
Event: 3.451 Thread 0x0000017867ec25f0 Unloading class 0x00000178011ad000 'java/lang/invoke/LambdaForm$MH+0x00000178011ad000'
Event: 3.451 Thread 0x0000017867ec25f0 Unloading class 0x00000178011acc00 'java/lang/invoke/LambdaForm$MH+0x00000178011acc00'
Event: 3.451 Thread 0x0000017867ec25f0 Unloading class 0x00000178011ac800 'java/lang/invoke/LambdaForm$MH+0x00000178011ac800'
Event: 3.451 Thread 0x0000017867ec25f0 Unloading class 0x00000178011ac400 'java/lang/invoke/LambdaForm$BMH+0x00000178011ac400'
Event: 3.451 Thread 0x0000017867ec25f0 Unloading class 0x00000178011ac000 'java/lang/invoke/LambdaForm$DMH+0x00000178011ac000'
Event: 3.451 Thread 0x0000017867ec25f0 Unloading class 0x00000178011aac00 'java/lang/invoke/LambdaForm$DMH+0x00000178011aac00'

Classes redefined (0 events):
No events

Internal exceptions (20 events):
Event: 13.345 Thread 0x000001787083c200 Exception <a 'sun/nio/fs/WindowsException'{0x00000000d5eda970}> (0x00000000d5eda970) 
thrown [s\src\hotspot\share\prims\jni.cpp, line 520]
Event: 13.346 Thread 0x000001787083c200 Exception <a 'sun/nio/fs/WindowsException'{0x00000000d5eddca8}> (0x00000000d5eddca8) 
thrown [s\src\hotspot\share\prims\jni.cpp, line 520]
Event: 13.346 Thread 0x000001787083c200 Exception <a 'sun/nio/fs/WindowsException'{0x00000000d5ede3c0}> (0x00000000d5ede3c0) 
thrown [s\src\hotspot\share\prims\jni.cpp, line 520]
Event: 13.356 Thread 0x000001787083c200 Exception <a 'java/lang/IncompatibleClassChangeError'{0x00000000d60f4790}: Found class java.lang.Object, but interface was expected> (0x00000000d60f4790) 
thrown [s\src\hotspot\share\interpreter\linkResolver.cpp, line 840]
Event: 13.362 Thread 0x000001787083c200 Exception <a 'java/lang/IncompatibleClassChangeError'{0x00000000d6418b60}: Found class java.lang.Object, but interface was expected> (0x00000000d6418b60) 
thrown [s\src\hotspot\share\interpreter\linkResolver.cpp, line 840]
Event: 13.378 Thread 0x000001787083c200 Exception <a 'java/lang/IncompatibleClassChangeError'{0x00000000d6850260}: Found class java.lang.Object, but interface was expected> (0x00000000d6850260) 
thrown [s\src\hotspot\share\interpreter\linkResolver.cpp, line 840]
Event: 13.418 Thread 0x0000017870840a30 Implicit null exception at 0x000001785c4db0a9 to 0x000001785c4db6b4
Event: 13.469 Thread 0x000001787083c200 Exception <a 'java/lang/IncompatibleClassChangeError'{0x00000000d6007a08}: Found class java.lang.Object, but interface was expected> (0x00000000d6007a08) 
thrown [s\src\hotspot\share\interpreter\linkResolver.cpp, line 840]
Event: 13.488 Thread 0x000001787083c200 Exception <a 'java/lang/IncompatibleClassChangeError'{0x00000000d6012580}: Found class java.lang.Object, but interface was expected> (0x00000000d6012580) 
thrown [s\src\hotspot\share\interpreter\linkResolver.cpp, line 840]
Event: 13.560 Thread 0x000001786ee47d40 Exception <a 'java/io/FileNotFoundException'{0x00000000d5c39b38}> (0x00000000d5c39b38) 
thrown [s\src\hotspot\share\prims\jni.cpp, line 520]
Event: 13.561 Thread 0x000001786ee47d40 Exception <a 'java/io/FileNotFoundException'{0x00000000d5cb5e38}> (0x00000000d5cb5e38) 
thrown [s\src\hotspot\share\prims\jni.cpp, line 520]
Event: 13.561 Thread 0x000001786ee47d40 Exception <a 'java/io/FileNotFoundException'{0x00000000d5cb6e78}> (0x00000000d5cb6e78) 
thrown [s\src\hotspot\share\prims\jni.cpp, line 520]
Event: 13.594 Thread 0x000001786ee47d40 Exception <a 'sun/nio/fs/WindowsException'{0x00000000d57e6838}> (0x00000000d57e6838) 
thrown [s\src\hotspot\share\prims\jni.cpp, line 520]
Event: 13.594 Thread 0x000001786ee47d40 Exception <a 'sun/nio/fs/WindowsException'{0x00000000d57e7088}> (0x00000000d57e7088) 
thrown [s\src\hotspot\share\prims\jni.cpp, line 520]
Event: 13.595 Thread 0x000001786ee47d40 Exception <a 'sun/nio/fs/WindowsException'{0x00000000d5aad650}> (0x00000000d5aad650) 
thrown [s\src\hotspot\share\prims\jni.cpp, line 520]
Event: 13.595 Thread 0x000001786ee47d40 Exception <a 'sun/nio/fs/WindowsException'{0x00000000d5aadea0}> (0x00000000d5aadea0) 
thrown [s\src\hotspot\share\prims\jni.cpp, line 520]
Event: 13.602 Thread 0x000001786ee47d40 Exception <a 'java/io/FileNotFoundException'{0x00000000d5ff00e8}> (0x00000000d5ff00e8) 
thrown [s\src\hotspot\share\prims\jni.cpp, line 520]
Event: 13.603 Thread 0x000001786ee47d40 Exception <a 'java/io/FileNotFoundException'{0x00000000d6154820}> (0x00000000d6154820) 
thrown [s\src\hotspot\share\prims\jni.cpp, line 520]
Event: 13.613 Thread 0x000001786ee47d40 Exception <a 'sun/nio/fs/WindowsException'{0x00000000d674dee0}> (0x00000000d674dee0) 
thrown [s\src\hotspot\share\prims\jni.cpp, line 520]
Event: 13.613 Thread 0x000001786ee47d40 Exception <a 'sun/nio/fs/WindowsException'{0x00000000d674e730}> (0x00000000d674e730) 
thrown [s\src\hotspot\share\prims\jni.cpp, line 520]

ZGC Phase Switch (0 events):
No events

VM Operations (20 events):
Event: 12.248 Executing VM operation: Cleanup done
Event: 12.856 Executing VM operation: ParallelGCFailedAllocation (Allocation Failure)
Event: 12.858 Executing VM operation: ParallelGCFailedAllocation (Allocation Failure) done
Event: 13.276 Executing VM operation: ParallelGCFailedAllocation (Allocation Failure)
Event: 13.278 Executing VM operation: ParallelGCFailedAllocation (Allocation Failure) done
Event: 13.380 Executing VM operation: ParallelGCFailedAllocation (Allocation Failure)
Event: 13.382 Executing VM operation: ParallelGCFailedAllocation (Allocation Failure) done
Event: 13.434 Executing VM operation: ParallelGCFailedAllocation (Allocation Failure)
Event: 13.436 Executing VM operation: ParallelGCFailedAllocation (Allocation Failure) done
Event: 13.531 Executing VM operation: ParallelGCFailedAllocation (Allocation Failure)
Event: 13.533 Executing VM operation: ParallelGCFailedAllocation (Allocation Failure) done
Event: 13.586 Executing VM operation: ParallelGCFailedAllocation (Allocation Failure)
Event: 13.588 Executing VM operation: ParallelGCFailedAllocation (Allocation Failure) done
Event: 13.618 Executing VM operation: ParallelGCFailedAllocation (Allocation Failure)
Event: 13.620 Executing VM operation: ParallelGCFailedAllocation (Allocation Failure) done
Event: 13.638 Executing VM operation: HandshakeAllThreads (Deoptimize)
Event: 13.638 Executing VM operation: HandshakeAllThreads (Deoptimize) done
Event: 13.648 Executing VM operation: ParallelGCFailedAllocation (Allocation Failure)
Event: 13.650 Executing VM operation: ParallelGCFailedAllocation (Allocation Failure) done
Event: 14.656 Executing VM operation: Cleanup

Memory protections (0 events):
No events

Nmethod flushes (20 events):
Event: 5.012 Thread 0x0000017867ec25f0 flushing  nmethod 0x0000017854c89210
Event: 5.012 Thread 0x0000017867ec25f0 flushing  nmethod 0x0000017854c89b10
Event: 5.012 Thread 0x0000017867ec25f0 flushing  nmethod 0x0000017854c8ad10
Event: 5.012 Thread 0x0000017867ec25f0 flushing  nmethod 0x0000017854c8b510
Event: 5.012 Thread 0x0000017867ec25f0 flushing  nmethod 0x0000017854c8bc90
Event: 5.012 Thread 0x0000017867ec25f0 flushing  nmethod 0x0000017854c8d210
Event: 5.012 Thread 0x0000017867ec25f0 flushing  nmethod 0x0000017854c8d710
Event: 5.012 Thread 0x0000017867ec25f0 flushing  nmethod 0x0000017854c8ed10
Event: 5.012 Thread 0x0000017867ec25f0 flushing  nmethod 0x0000017854c8f190
Event: 5.012 Thread 0x0000017867ec25f0 flushing  nmethod 0x0000017854c90a10
Event: 5.012 Thread 0x0000017867ec25f0 flushing  nmethod 0x0000017854c92410
Event: 5.012 Thread 0x0000017867ec25f0 flushing  nmethod 0x0000017854caf090
Event: 5.012 Thread 0x0000017867ec25f0 flushing  nmethod 0x0000017854cb7690
Event: 5.012 Thread 0x0000017867ec25f0 flushing  nmethod 0x0000017854cba110
Event: 5.012 Thread 0x0000017867ec25f0 flushing  nmethod 0x0000017854cc3210
Event: 5.012 Thread 0x0000017867ec25f0 flushing  nmethod 0x0000017854cc8810
Event: 5.012 Thread 0x0000017867ec25f0 flushing  nmethod 0x0000017854d0c990
Event: 5.012 Thread 0x0000017867ec25f0 flushing  nmethod 0x0000017854d56b10
Event: 5.012 Thread 0x0000017867ec25f0 flushing  nmethod 0x0000017854d67710
Event: 5.012 Thread 0x0000017867ec25f0 flushing  nmethod 0x0000017854d71f10

Events (20 events):
Event: 4.772 Thread 0x000001785146a600 Thread added: 0x000001786ee4ecd0
Event: 4.772 Thread 0x000001785146a600 Thread added: 0x000001787083e2d0
Event: 4.773 Thread 0x000001785146a600 Thread added: 0x000001787083e960
Event: 4.773 Thread 0x000001785146a600 Thread added: 0x000001787083eff0
Event: 4.829 Thread 0x000001785146a600 Thread added: 0x000001787083f680
Event: 5.372 Thread 0x000001785146a600 Thread added: 0x000001787083c890
Event: 5.372 Thread 0x000001785146a600 Thread added: 0x000001787083c200
Event: 5.426 Thread 0x000001786ee47d40 Thread added: 0x000001787083cf20
Event: 5.426 Thread 0x000001787083cf20 Thread added: 0x000001787083fd10
Event: 5.426 Thread 0x000001786ee47d40 Thread added: 0x00000178708403a0
Event: 5.427 Thread 0x000001787083fd10 Thread added: 0x0000017870840a30
Event: 5.427 Thread 0x00000178708403a0 Thread added: 0x000001787083d5b0
Event: 5.427 Thread 0x0000017870840a30 Thread added: 0x000001787083dc40
Event: 5.428 Thread 0x000001787083d5b0 Thread added: 0x00000178708410c0
Event: 7.140 Thread 0x000001786f258730 Thread exited: 0x000001786f258730
Event: 7.864 Thread 0x000001786e89afb0 Thread exited: 0x000001786e89afb0
Event: 8.179 Thread 0x0000017867eff9c0 Thread added: 0x000001786fe02f80
Event: 8.732 Thread 0x0000017867eff9c0 Thread added: 0x000001786ea0cfe0
Event: 12.636 Thread 0x000001786ea0cfe0 Thread exited: 0x000001786ea0cfe0
Event: 13.299 Thread 0x0000017867eff9c0 Thread added: 0x0000017870b3b7d0


Dynamic libraries:
0x00007ff6092a0000 - 0x00007ff6092ae000 	c:\Users\gabri\.vscode\extensions\redhat.java-1.50.0-win32-x64\jre\21.0.9-win32-x86_64\bin\java.exe
0x00007ffec05e0000 - 0x00007ffec0847000 	C:\WINDOWS\SYSTEM32\ntdll.dll
0x00007ffebe550000 - 0x00007ffebe619000 	C:\WINDOWS\System32\KERNEL32.DLL
0x00007ffebdcb0000 - 0x00007ffebe09f000 	C:\WINDOWS\System32\KERNELBASE.dll
0x00007ffebdb60000 - 0x00007ffebdcab000 	C:\WINDOWS\System32\ucrtbase.dll
0x00007ffeaaba0000 - 0x00007ffeaabbe000 	c:\Users\gabri\.vscode\extensions\redhat.java-1.50.0-win32-x64\jre\21.0.9-win32-x86_64\bin\VCRUNTIME140.dll
0x00007ffeab310000 - 0x00007ffeab328000 	c:\Users\gabri\.vscode\extensions\redhat.java-1.50.0-win32-x64\jre\21.0.9-win32-x86_64\bin\jli.dll
0x00007ffebe840000 - 0x00007ffebea05000 	C:\WINDOWS\System32\USER32.dll
0x00007ffebd8a0000 - 0x00007ffebd8c7000 	C:\WINDOWS\System32\win32u.dll
0x00007ffebe380000 - 0x00007ffebe3ab000 	C:\WINDOWS\System32\GDI32.dll
0x00007ffebda30000 - 0x00007ffebdb5c000 	C:\WINDOWS\System32\gdi32full.dll
0x00007ffebd8d0000 - 0x00007ffebd973000 	C:\WINDOWS\System32\msvcp_win.dll
0x00007ffea8940000 - 0x00007ffea8bd3000 	C:\WINDOWS\WinSxS\amd64_microsoft.windows.common-controls_6595b64144ccf1df_6.0.26100.7309_none_3e05feeae336a044\COMCTL32.dll
0x00007ffec04f0000 - 0x00007ffec0599000 	C:\WINDOWS\System32\msvcrt.dll
0x00007ffebf4f0000 - 0x00007ffebf521000 	C:\WINDOWS\System32\IMM32.DLL
0x00007ffeb8550000 - 0x00007ffeb855c000 	c:\Users\gabri\.vscode\extensions\redhat.java-1.50.0-win32-x64\jre\21.0.9-win32-x86_64\bin\vcruntime140_1.dll
0x00007ffe7d070000 - 0x00007ffe7d0fd000 	c:\Users\gabri\.vscode\extensions\redhat.java-1.50.0-win32-x64\jre\21.0.9-win32-x86_64\bin\msvcp140.dll
0x00007ffe186e0000 - 0x00007ffe19480000 	c:\Users\gabri\.vscode\extensions\redhat.java-1.50.0-win32-x64\jre\21.0.9-win32-x86_64\bin\server\jvm.dll
0x00007ffebec60000 - 0x00007ffebed14000 	C:\WINDOWS\System32\ADVAPI32.dll
0x00007ffebe4a0000 - 0x00007ffebe546000 	C:\WINDOWS\System32\sechost.dll
0x00007ffebe720000 - 0x00007ffebe838000 	C:\WINDOWS\System32\RPCRT4.dll
0x00007ffebf530000 - 0x00007ffebf5a4000 	C:\WINDOWS\System32\WS2_32.dll
0x00007ffebd590000 - 0x00007ffebd5ee000 	C:\WINDOWS\SYSTEM32\POWRPROF.dll
0x00007ffeb5930000 - 0x00007ffeb593b000 	C:\WINDOWS\SYSTEM32\VERSION.dll
0x00007ffeaa3c0000 - 0x00007ffeaa3f5000 	C:\WINDOWS\SYSTEM32\WINMM.dll
0x00007ffebd570000 - 0x00007ffebd584000 	C:\WINDOWS\SYSTEM32\UMPDC.dll
0x00007ffebc4a0000 - 0x00007ffebc4bb000 	C:\WINDOWS\SYSTEM32\kernel.appcore.dll
0x00007ffeb69d0000 - 0x00007ffeb69da000 	c:\Users\gabri\.vscode\extensions\redhat.java-1.50.0-win32-x64\jre\21.0.9-win32-x86_64\bin\jimage.dll
0x00007ffea8be0000 - 0x00007ffea8e22000 	C:\WINDOWS\SYSTEM32\DBGHELP.DLL
0x00007ffebeec0000 - 0x00007ffebf245000 	C:\WINDOWS\System32\combase.dll
0x00007ffebf250000 - 0x00007ffebf326000 	C:\WINDOWS\System32\OLEAUT32.dll
0x00007ffe9d190000 - 0x00007ffe9d1cc000 	C:\WINDOWS\SYSTEM32\dbgcore.DLL
0x00007ffebd980000 - 0x00007ffebda25000 	C:\WINDOWS\System32\bcryptPrimitives.dll
0x00007ffeb8620000 - 0x00007ffeb862f000 	c:\Users\gabri\.vscode\extensions\redhat.java-1.50.0-win32-x64\jre\21.0.9-win32-x86_64\bin\instrument.dll
0x00007ffeaa470000 - 0x00007ffeaa490000 	c:\Users\gabri\.vscode\extensions\redhat.java-1.50.0-win32-x64\jre\21.0.9-win32-x86_64\bin\java.dll
0x00007ffebfd00000 - 0x00007ffec0453000 	C:\WINDOWS\System32\SHELL32.dll
0x00007ffebd730000 - 0x00007ffebd89a000 	C:\WINDOWS\System32\wintypes.dll
0x00007ffebb310000 - 0x00007ffebbb6e000 	C:\WINDOWS\SYSTEM32\windows.storage.dll
0x00007ffebe620000 - 0x00007ffebe715000 	C:\WINDOWS\System32\SHCORE.dll
0x00007ffebebf0000 - 0x00007ffebec56000 	C:\WINDOWS\System32\shlwapi.dll
0x00007ffebd650000 - 0x00007ffebd679000 	C:\WINDOWS\SYSTEM32\profapi.dll
0x00007ffea7d90000 - 0x00007ffea7da8000 	c:\Users\gabri\.vscode\extensions\redhat.java-1.50.0-win32-x64\jre\21.0.9-win32-x86_64\bin\zip.dll
0x00007ffeb8590000 - 0x00007ffeb85a0000 	C:\Users\gabri\.vscode\extensions\redhat.java-1.50.0-win32-x64\jre\21.0.9-win32-x86_64\bin\net.dll
0x00007ffeb4a40000 - 0x00007ffeb4b68000 	C:\WINDOWS\SYSTEM32\WINHTTP.dll
0x00007ffebca00000 - 0x00007ffebca6b000 	C:\WINDOWS\system32\mswsock.dll
0x00007ffeb6940000 - 0x00007ffeb6956000 	C:\Users\gabri\.vscode\extensions\redhat.java-1.50.0-win32-x64\jre\21.0.9-win32-x86_64\bin\nio.dll
0x00007ffeb6690000 - 0x00007ffeb66a0000 	c:\Users\gabri\.vscode\extensions\redhat.java-1.50.0-win32-x64\jre\21.0.9-win32-x86_64\bin\verify.dll
0x00007ffe864d0000 - 0x00007ffe86514000 	C:\Users\gabri\AppData\Roaming\Code\User\globalStorage\redhat.java\1.50.0\config_win\org.eclipse.equinox.launcher\org.eclipse.equinox.launcher.win32.win32.x86_64_1.2.1400.v20250801-0854\eclipse_11916.dll
0x00007ffebf340000 - 0x00007ffebf4d7000 	C:\WINDOWS\System32\ole32.dll
0x00007ffebcd00000 - 0x00007ffebcd1b000 	C:\WINDOWS\SYSTEM32\CRYPTSP.dll
0x00007ffebc400000 - 0x00007ffebc43a000 	C:\WINDOWS\system32\rsaenh.dll
0x00007ffebcab0000 - 0x00007ffebcadb000 	C:\WINDOWS\SYSTEM32\USERENV.dll
0x00007ffebd620000 - 0x00007ffebd64a000 	C:\WINDOWS\SYSTEM32\bcrypt.dll
0x00007ffebccf0000 - 0x00007ffebccfc000 	C:\WINDOWS\SYSTEM32\CRYPTBASE.dll
0x00007ffebbe90000 - 0x00007ffebbec4000 	C:\WINDOWS\SYSTEM32\IPHLPAPI.DLL
0x00007ffebf4e0000 - 0x00007ffebf4ea000 	C:\WINDOWS\System32\NSI.dll
0x00007ffeabb70000 - 0x00007ffeabbb9000 	C:\Users\gabri\AppData\Local\Temp\jna-98110207\jna4432531724462457526.dll
0x00007ffec04e0000 - 0x00007ffec04e8000 	C:\WINDOWS\System32\PSAPI.DLL
0x00007ffeb4850000 - 0x00007ffeb486e000 	C:\WINDOWS\SYSTEM32\dhcpcsvc6.DLL
0x00007ffeb4820000 - 0x00007ffeb4843000 	C:\WINDOWS\SYSTEM32\dhcpcsvc.DLL

JVMTI agents:
c:\Users\gabri\.vscode\extensions\redhat.java-1.50.0-win32-x64\lombok\lombok-1.18.39-4050.jar path:c:\Users\gabri\.vscode\extensions\redhat.java-1.50.0-win32-x64\jre\21.0.9-win32-x86_64\bin\instrument.dll, loaded, initialized, instrumentlib options:none

dbghelp: loaded successfully - version: 4.0.5 - missing functions: none
symbol engine: initialized successfully - sym options: 0x614 - pdb path: .;c:\Users\gabri\.vscode\extensions\redhat.java-1.50.0-win32-x64\jre\21.0.9-win32-x86_64\bin;C:\WINDOWS\SYSTEM32;C:\WINDOWS\WinSxS\amd64_microsoft.windows.common-controls_6595b64144ccf1df_6.0.26100.7309_none_3e05feeae336a044;c:\Users\gabri\.vscode\extensions\redhat.java-1.50.0-win32-x64\jre\21.0.9-win32-x86_64\bin\server;C:\Users\gabri\AppData\Roaming\Code\User\globalStorage\redhat.java\1.50.0\config_win\org.eclipse.equinox.launcher\org.eclipse.equinox.launcher.win32.win32.x86_64_1.2.1400.v20250801-0854;C:\Users\gabri\AppData\Local\Temp\jna-98110207

VM Arguments:
jvm_args: --add-modules=ALL-SYSTEM --add-opens=java.base/java.util=ALL-UNNAMED --add-opens=java.base/java.lang=ALL-UNNAMED --add-opens=java.base/sun.nio.fs=ALL-UNNAMED -Declipse.application=org.eclipse.jdt.ls.core.id1 -Dosgi.bundles.defaultStartLevel=4 -Declipse.product=org.eclipse.jdt.ls.core.product -Djava.import.generatesMetadataFilesAtProjectRoot=false -DDetectVMInstallationsJob.disabled=true -Dfile.encoding=utf8 -XX:+UseParallelGC -XX:GCTimeRatio=4 -XX:AdaptiveSizePolicyWeight=90 -Dsun.zip.disableMemoryMapping=true -Xmx2G -Xms100m -Xlog:disable -javaagent:c:\Users\gabri\.vscode\extensions\redhat.java-1.50.0-win32-x64\lombok\lombok-1.18.39-4050.jar -XX:+HeapDumpOnOutOfMemoryError -XX:HeapDumpPath=c:\Users\gabri\AppData\Roaming\Code\User\workspaceStorage\e14d0158649c4a8f8b96c9572e09e2af\redhat.java -Daether.dependencyCollector.impl=bf 
java_command: c:\Users\gabri\.vscode\extensions\redhat.java-1.50.0-win32-x64\server\plugins\org.eclipse.equinox.launcher_1.7.100.v20251111-0406.jar -configuration c:\Users\gabri\AppData\Roaming\Code\User\globalStorage\redhat.java\1.50.0\config_win -data c:\Users\gabri\AppData\Roaming\Code\User\workspaceStorage\e14d0158649c4a8f8b96c9572e09e2af\redhat.java\jdt_ws --pipe=\\.\pipe\lsp-0bedfd745c4b0884a17ddfa7e35515f2-sock
java_class_path (initial): c:\Users\gabri\.vscode\extensions\redhat.java-1.50.0-win32-x64\server\plugins\org.eclipse.equinox.launcher_1.7.100.v20251111-0406.jar
Launcher Type: SUN_STANDARD

[Global flags]
    uintx AdaptiveSizePolicyWeight                 = 90                                        {product} {command line}
     intx CICompilerCount                          = 4                                         {product} {ergonomic}
    uintx GCTimeRatio                              = 4                                         {product} {command line}
     bool HeapDumpOnOutOfMemoryError               = true                                   {manageable} {command line}
    ccstr HeapDumpPath                             = c:\Users\gabri\AppData\Roaming\Code\User\workspaceStorage\e14d0158649c4a8f8b96c9572e09e2af\redhat.java         {manageable} {command line}
   size_t InitialHeapSize                          = 104857600                                 {product} {command line}
   size_t MaxHeapSize                              = 2147483648                                {product} {command line}
   size_t MaxNewSize                               = 715653120                                 {product} {ergonomic}
   size_t MinHeapDeltaBytes                        = 524288                                    {product} {ergonomic}
   size_t MinHeapSize                              = 104857600                                 {product} {command line}
   size_t NewSize                                  = 34603008                                  {product} {ergonomic}
    uintx NonNMethodCodeHeapSize                   = 5839372                                {pd product} {ergonomic}
    uintx NonProfiledCodeHeapSize                  = 122909434                              {pd product} {ergonomic}
   size_t OldSize                                  = 70254592                                  {product} {ergonomic}
    uintx ProfiledCodeHeapSize                     = 122909434                              {pd product} {ergonomic}
    uintx ReservedCodeCacheSize                    = 251658240                              {pd product} {ergonomic}
     bool SegmentedCodeCache                       = true                                      {product} {ergonomic}
   size_t SoftMaxHeapSize                          = 2147483648                             {manageable} {ergonomic}
     bool UseCompressedOops                        = true                           {product lp64_product} {ergonomic}
     bool UseLargePagesIndividualAllocation        = false                                  {pd product} {ergonomic}
     bool UseParallelGC                            = true                                      {product} {command line}

Logging:
Log output configuration:
 #0: stdout all=off uptime,level,tags foldmultilines=false
 #1: stderr all=off uptime,level,tags foldmultilines=false

Release file:
JAVA_VERSION="21.0.9" 
MODULES="java.base java.compiler java.datatransfer java.xml java.prefs java.desktop java.instrument java.logging java.management java.security.sasl java.naming java.rmi java.management.rmi java.net.http java.scripting java.security.jgss java.transaction.xa java.sql java.sql.rowset java.xml.crypto java.se java.smartcardio jdk.accessibility jdk.internal.jvmstat jdk.attach jdk.charsets jdk.internal.opt jdk.zipfs jdk.compiler jdk.crypto.ec jdk.crypto.cryptoki jdk.crypto.mscapi jdk.dynalink jdk.internal.ed jdk.editpad jdk.hotspot.agent jdk.httpserver jdk.internal.le jdk.internal.vm.ci jdk.internal.vm.compiler jdk.internal.vm.compiler.management jdk.jartool jdk.javadoc jdk.jcmd jdk.management jdk.management.agent jdk.jconsole jdk.jdeps jdk.jdwp.agent jdk.jdi jdk.jfr jdk.jshell jdk.jsobject jdk.jstatd jdk.localedata jdk.management.jfr jdk.naming.dns jdk.naming.rmi jdk.net jdk.nio.mapmode jdk.random jdk.sctp jdk.security.auth jdk.security.jgss jdk.unsupported jdk.unsupported.desktop jdk.xml.dom" 

Environment Variables:
JAVA_HOME=C:\Program Files\Java\jdk-25_windows-x64_bin\jdk-25.0.1
PATH=C:\Program Files\Eclipse Adoptium\jdk-25.0.1.8-hotspot\bin;C:\Python314\Scripts\;C:\Python314\;C:\Program Files\Java\jdk-25_windows-x64_bin\jdk-25.0.1\bin;C:\WINDOWS\system32;C:\WINDOWS;C:\WINDOWS\System32\Wbem;C:\WINDOWS\System32\WindowsPowerShell\v1.0\;C:\WINDOWS\System32\OpenSSH\;C:\Program Files\NVIDIA Corporation\NVIDIA App\NvDLISR;C:\Program Files (x86)\NVIDIA Corporation\PhysX\Common;C:\Program Files\nodejs\;C:\ProgramData\chocolatey\bin;C:\Program Files\Git\cmd;C:\Program Files\MySQL\MySQL Shell 8.0\bin\;C:\Program Files\PostgreSQL\18\bin;C:\Users\gabri\AppData\Local\Microsoft\WindowsApps;D:\VsCode\Microsoft VS Code\bin;D:\IntellJi\IntelliJ IDEA Community Edition 2025.2.4\bin;C:\Users\gabri\AppData\Roaming\npm;
USERNAME=gabri
OS=Windows_NT
PROCESSOR_IDENTIFIER=Intel64 Family 6 Model 158 Stepping 10, GenuineIntel
TMP=C:\Users\gabri\AppData\Local\Temp
TEMP=C:\Users\gabri\AppData\Local\Temp




Periodic native trim disabled

---------------  S Y S T E M  ---------------

OS:
 Windows 11 , 64 bit Build 26100 (10.0.26100.7309)
OS uptime: 1 days 20:35 hours
Hyper-V role detected

CPU: total 8 (initial active 8) (4 cores per cpu, 2 threads per core) family 6 model 158 stepping 10 microcode 0xde, cx8, cmov, fxsr, ht, mmx, 3dnowpref, sse, sse2, sse3, ssse3, sse4.1, sse4.2, popcnt, lzcnt, tsc, tscinvbit, avx, avx2, aes, erms, clmul, bmi1, bmi2, adx, fma, vzeroupper, clflush, clflushopt, hv, rdtscp, f16c
Processor Information for the first 8 processors :
  Max Mhz: 2400, Current Mhz: 2400, Mhz Limit: 2400

Memory: 4k page, system-wide physical 16221M (3077M free)
TotalPageFile size 31340M (AvailPageFile size 5M)
current process WorkingSet (physical memory assigned to process): 280M, peak: 280M
current process commit charge ("private bytes"): 357M, peak: 368M

vm_info: OpenJDK 64-Bit Server VM (21.0.9+10-LTS) for windows-amd64 JRE (21.0.9+10-LTS), built on 2025-10-21T00:00:00Z by "admin" with unknown MS VC++:1942

END.
